Thu Dec 22 15:47:16 CST 2022
MaxEnt version 3.4.4
Checking header of /volumes/env/na_2.5min/BIOCLIM_1.asc
Checking header of /volumes/env/na_2.5min/BIOCLIM_12.asc
Checking header of /volumes/env/na_2.5min/BIOCLIM_17.asc
Checking header of /volumes/env/na_2.5min/BIOCLIM_7.asc
Checking header of /volumes/env/na_2.5min/GTOPO30_ELEVATION.asc
Checking header of /volumes/env/na_2.5min/GTOPO30_SLOPE_reduced.asc
Checking header of /volumes/env/na_2.5min/ISRICSOILGRIDS_new_average_coarsefragmentpercent_reduced.asc
Checking header of /volumes/env/na_2.5min/ISRICSOILGRIDS_new_average_phx10percent_reduced.asc
Checking header of /volumes/env/na_2.5min/ISRICSOILGRIDS_new_average_sandpercent_reduced.asc
Checking header of /volumes/env/na_2.5min/ISRICSOILGRIDS_new_average_soilorganiccarboncontent_reduced.asc
Checking header of /volumes/env/na_2.5min/LandCover_1_Needleleaf.asc
Checking header of /volumes/env/na_2.5min/LandCover_6_Herbaceous.asc
Checking header of /volumes/env/na_2.5min/mask.asc
Reading samples from Heuchera_richardsonii.csv
Read samples: max memory 12612272128, total allocated 792723456, free 772358856, used 20364600, increment 20364600
Extractor: max memory 12612272128, total allocated 792723456, free 763970256, used 28753200, increment 8388600
Extracting random background and sample data
Warning: Sample at -97.2642, 45.44182 in Heuchera_richardsonii.csv is missing some environmental data (e.g. ISRICSOILGRIDS_new_average_coarsefragmentpercent_reduced)
Warning: Skipping sample at -97.2642, 45.44182
Time since start: 5.143
256468 points with values for all grids
Adding samples to background in feature space
Command line used:  samplesfile=/volumes/output/heuchera_rfolk_na/heuchera_richardsonii/Heuchera_richardsonii.csv -e /volumes/env/na_2.5min -o /volumes/output/heuchera_rfolk_na/heuchera_richardsonii nowarnings nocache autorun -z togglelayertype=mask
Command line to repeat: java density.MaxEnt nowarnings noprefixes outputdirectory=/volumes/output/heuchera_rfolk_na/heuchera_richardsonii samplesfile=/volumes/output/heuchera_rfolk_na/heuchera_richardsonii/Heuchera_richardsonii.csv environmentallayers=/volumes/env/na_2.5min nowarnings autorun novisible nocache -t mask
Species: Heuchera_richardsonii
Layers: BIOCLIM_1 BIOCLIM_12 BIOCLIM_17 BIOCLIM_7 GTOPO30_ELEVATION GTOPO30_SLOPE_reduced ISRICSOILGRIDS_new_average_coarsefragmentpercent_reduced ISRICSOILGRIDS_new_average_phx10percent_reduced ISRICSOILGRIDS_new_average_sandpercent_reduced ISRICSOILGRIDS_new_average_soilorganiccarboncontent_reduced LandCover_1_Needleleaf LandCover_6_Herbaceous mask
Layertypes: Continuous Continuous Continuous Continuous Continuous Continuous Continuous Continuous Continuous Continuous Continuous Continuous Categorical
outputdirectory: /volumes/output/heuchera_rfolk_na/heuchera_richardsonii
samplesfile: /volumes/output/heuchera_rfolk_na/heuchera_richardsonii/Heuchera_richardsonii.csv
environmentallayers: /volumes/env/na_2.5min
warnings: false
autorun: true
visible: false
cache: false

getSamples: max memory 12612272128, total allocated 1142947840, free 574072376, used 568875464, increment 540122264
Making features
makeFeatures: max memory 12612272128, total allocated 1142947840, free 565078816, used 577869024, increment 8993560
Heuchera_richardsonii: 
Regularization values: linear/quadratic/product: 0.050, categorical: 0.250, threshold: 1.000, hinge: 0.500
252 samples
Density: max memory 12612272128, total allocated 1142947840, free 553102904, used 589844936, increment 11975912
linearPredictor: max memory 12612272128, total allocated 1142947840, free 553102904, used 589844936, increment 0
FeaturedSpace: max memory 12612272128, total allocated 1142947840, free 553102904, used 589844936, increment 0
Sequential: max memory 12612272128, total allocated 1142947840, free 553102904, used 589844936, increment 0
Initial loss: 9.234154550075438
Time since start: 8.2
500: time = 2.452000 loss = 8.210127
Resulting gain: 1.0240272316748058
Projecting...
Writing file /volumes/output/heuchera_rfolk_na/heuchera_richardsonii/Heuchera_richardsonii.asc
Time since start: 15.198
Writing /volumes/output/heuchera_rfolk_na/heuchera_richardsonii/plots/Heuchera_richardsonii.png
Time since start: 17.4
Ending
