Tue Dec 27 15:02:01 CST 2022
MaxEnt version 3.4.4
Checking header of /volumes/env/na_2.5min/BIOCLIM_1.asc
Checking header of /volumes/env/na_2.5min/BIOCLIM_12.asc
Checking header of /volumes/env/na_2.5min/BIOCLIM_17.asc
Checking header of /volumes/env/na_2.5min/BIOCLIM_7.asc
Checking header of /volumes/env/na_2.5min/GTOPO30_ELEVATION.asc
Checking header of /volumes/env/na_2.5min/GTOPO30_SLOPE_reduced.asc
Checking header of /volumes/env/na_2.5min/ISRICSOILGRIDS_new_average_coarsefragmentpercent_reduced.asc
Checking header of /volumes/env/na_2.5min/ISRICSOILGRIDS_new_average_phx10percent_reduced.asc
Checking header of /volumes/env/na_2.5min/ISRICSOILGRIDS_new_average_sandpercent_reduced.asc
Checking header of /volumes/env/na_2.5min/ISRICSOILGRIDS_new_average_soilorganiccarboncontent_reduced.asc
Checking header of /volumes/env/na_2.5min/LandCover_1_Needleleaf.asc
Checking header of /volumes/env/na_2.5min/LandCover_6_Herbaceous.asc
Checking header of /volumes/env/na_2.5min/mask.asc
Reading samples from Heuchera_brevistaminea.csv
Read samples: max memory 32178700288, total allocated 2118123520, free 2096418816, used 21704704, increment 21704704
Extractor: max memory 32178700288, total allocated 2118123520, free 2088030208, used 30093312, increment 8388608
Extracting random background and sample data
Time since start: 2.116
452 points with values for all grids
Adding samples to background in feature space
Command line used:  samplesfile=/volumes/output/heuchera_rfolk_2.5min_na/heuchera_brevistaminea/Heuchera_brevistaminea.csv -e /volumes/env/na_2.5min -o /volumes/output/heuchera_rfolk_2.5min_na/heuchera_brevistaminea nowarnings nocache autorun -z togglelayertype=mask
Command line to repeat: java density.MaxEnt nowarnings noprefixes outputdirectory=/volumes/output/heuchera_rfolk_2.5min_na/heuchera_brevistaminea samplesfile=/volumes/output/heuchera_rfolk_2.5min_na/heuchera_brevistaminea/Heuchera_brevistaminea.csv environmentallayers=/volumes/env/na_2.5min nowarnings autorun novisible nocache -t mask
Species: Heuchera_brevistaminea
Layers: BIOCLIM_1 BIOCLIM_12 BIOCLIM_17 BIOCLIM_7 GTOPO30_ELEVATION GTOPO30_SLOPE_reduced ISRICSOILGRIDS_new_average_coarsefragmentpercent_reduced ISRICSOILGRIDS_new_average_phx10percent_reduced ISRICSOILGRIDS_new_average_sandpercent_reduced ISRICSOILGRIDS_new_average_soilorganiccarboncontent_reduced LandCover_1_Needleleaf LandCover_6_Herbaceous mask
Layertypes: Continuous Continuous Continuous Continuous Continuous Continuous Continuous Continuous Continuous Continuous Continuous Continuous Categorical
outputdirectory: /volumes/output/heuchera_rfolk_2.5min_na/heuchera_brevistaminea
samplesfile: /volumes/output/heuchera_rfolk_2.5min_na/heuchera_brevistaminea/Heuchera_brevistaminea.csv
environmentallayers: /volumes/env/na_2.5min
warnings: false
autorun: true
visible: false
cache: false

getSamples: max memory 32178700288, total allocated 2118123520, free 1966251704, used 151871816, increment 121778504
Making features
makeFeatures: max memory 32178700288, total allocated 2118123520, free 1966251704, used 151871816, increment 0
Heuchera_brevistaminea: 
Regularization values: linear/quadratic/product: 1.000, categorical: 0.545, threshold: 1.930, hinge: 0.500
7 samples
Density: max memory 32178700288, total allocated 2118123520, free 1964156600, used 153966920, increment 2095104
linearPredictor: max memory 32178700288, total allocated 2118123520, free 1964156600, used 153966920, increment 0
FeaturedSpace: max memory 32178700288, total allocated 2118123520, free 1964156600, used 153966920, increment 0
Sequential: max memory 32178700288, total allocated 2118123520, free 1964156600, used 153966920, increment 0
Initial loss: 6.113682179832232
80: time = 0.013000 loss = 5.592785
Resulting gain: 0.5208971606569577
Projecting...
Writing file /volumes/output/heuchera_rfolk_2.5min_na/heuchera_brevistaminea/Heuchera_brevistaminea.asc
Time since start: 4.856
Writing /volumes/output/heuchera_rfolk_2.5min_na/heuchera_brevistaminea/plots/Heuchera_brevistaminea.png
Ending
