Thu Dec 22 15:50:06 CST 2022
MaxEnt version 3.4.4
Checking header of /volumes/env/na_2.5min/BIOCLIM_1.asc
Checking header of /volumes/env/na_2.5min/BIOCLIM_12.asc
Checking header of /volumes/env/na_2.5min/BIOCLIM_17.asc
Checking header of /volumes/env/na_2.5min/BIOCLIM_7.asc
Checking header of /volumes/env/na_2.5min/GTOPO30_ELEVATION.asc
Checking header of /volumes/env/na_2.5min/GTOPO30_SLOPE_reduced.asc
Checking header of /volumes/env/na_2.5min/ISRICSOILGRIDS_new_average_coarsefragmentpercent_reduced.asc
Checking header of /volumes/env/na_2.5min/ISRICSOILGRIDS_new_average_phx10percent_reduced.asc
Checking header of /volumes/env/na_2.5min/ISRICSOILGRIDS_new_average_sandpercent_reduced.asc
Checking header of /volumes/env/na_2.5min/ISRICSOILGRIDS_new_average_soilorganiccarboncontent_reduced.asc
Checking header of /volumes/env/na_2.5min/LandCover_1_Needleleaf.asc
Checking header of /volumes/env/na_2.5min/LandCover_6_Herbaceous.asc
Checking header of /volumes/env/na_2.5min/mask.asc
Reading samples from Heuchera_maxima.csv
Read samples: max memory 12612272128, total allocated 792723456, free 773701016, used 19022440, increment 19022440
Extractor: max memory 12612272128, total allocated 792723456, free 765312408, used 27411048, increment 8388608
Extracting random background and sample data
Warning: Sample at -119.5676, 34.046 in Heuchera_maxima.csv is missing some environmental data (e.g. BIOCLIM_1)
Warning: Skipping sample at -119.5676, 34.046
Warning: Sample at -120.0942, 34.0107 in Heuchera_maxima.csv is missing some environmental data (e.g. GTOPO30_SLOPE_reduced)
Warning: Skipping sample at -120.0942, 34.0107
Warning: Sample at -120.0885, 34.001 in Heuchera_maxima.csv is missing some environmental data (e.g. GTOPO30_SLOPE_reduced)
Warning: Skipping sample at -120.0885, 34.001
Warning: Sample at -119.998, 33.969 in Heuchera_maxima.csv is missing some environmental data (e.g. GTOPO30_SLOPE_reduced)
Warning: Skipping sample at -119.998, 33.969
Warning: Sample at -119.6995, 33.9913 in Heuchera_maxima.csv is missing some environmental data (e.g. GTOPO30_SLOPE_reduced)
Warning: Skipping sample at -119.6995, 33.9913
Time since start: 5.142
79 points with values for all grids
Adding samples to background in feature space
Command line used:  samplesfile=/volumes/output/heuchera_rfolk_na/heuchera_maxima/Heuchera_maxima.csv -e /volumes/env/na_2.5min -o /volumes/output/heuchera_rfolk_na/heuchera_maxima nowarnings nocache autorun -z togglelayertype=mask
Command line to repeat: java density.MaxEnt nowarnings noprefixes outputdirectory=/volumes/output/heuchera_rfolk_na/heuchera_maxima samplesfile=/volumes/output/heuchera_rfolk_na/heuchera_maxima/Heuchera_maxima.csv environmentallayers=/volumes/env/na_2.5min nowarnings autorun novisible nocache -t mask
Species: Heuchera_maxima
Layers: BIOCLIM_1 BIOCLIM_12 BIOCLIM_17 BIOCLIM_7 GTOPO30_ELEVATION GTOPO30_SLOPE_reduced ISRICSOILGRIDS_new_average_coarsefragmentpercent_reduced ISRICSOILGRIDS_new_average_phx10percent_reduced ISRICSOILGRIDS_new_average_sandpercent_reduced ISRICSOILGRIDS_new_average_soilorganiccarboncontent_reduced LandCover_1_Needleleaf LandCover_6_Herbaceous mask
Layertypes: Continuous Continuous Continuous Continuous Continuous Continuous Continuous Continuous Continuous Continuous Continuous Continuous Categorical
outputdirectory: /volumes/output/heuchera_rfolk_na/heuchera_maxima
samplesfile: /volumes/output/heuchera_rfolk_na/heuchera_maxima/Heuchera_maxima.csv
environmentallayers: /volumes/env/na_2.5min
warnings: false
autorun: true
visible: false
cache: false

getSamples: max memory 12612272128, total allocated 1142947840, free 697551120, used 445396720, increment 417985672
Making features
makeFeatures: max memory 12612272128, total allocated 1142947840, free 697551120, used 445396720, increment 0
Heuchera_maxima: 
Regularization values: linear/quadratic/product: 1.000, categorical: 0.530, threshold: 1.920, hinge: 0.500
8 samples
Density: max memory 12612272128, total allocated 1142947840, free 697549072, used 445398768, increment 2048
linearPredictor: max memory 12612272128, total allocated 1142947840, free 697549072, used 445398768, increment 0
FeaturedSpace: max memory 12612272128, total allocated 1142947840, free 697549072, used 445398768, increment 0
Sequential: max memory 12612272128, total allocated 1142947840, free 697549072, used 445398768, increment 0
Initial loss: 4.3694478524670215
80: time = 0.014000 loss = 3.320337
Resulting gain: 1.0491110047248204
Projecting...
Writing file /volumes/output/heuchera_rfolk_na/heuchera_maxima/Heuchera_maxima.asc
Time since start: 10.714
Writing /volumes/output/heuchera_rfolk_na/heuchera_maxima/plots/Heuchera_maxima.png
Ending
