Thu Dec 22 15:37:10 CST 2022
MaxEnt version 3.4.4
Checking header of /volumes/env/na_2.5min/BIOCLIM_1.asc
Checking header of /volumes/env/na_2.5min/BIOCLIM_12.asc
Checking header of /volumes/env/na_2.5min/BIOCLIM_17.asc
Checking header of /volumes/env/na_2.5min/BIOCLIM_7.asc
Checking header of /volumes/env/na_2.5min/GTOPO30_ELEVATION.asc
Checking header of /volumes/env/na_2.5min/GTOPO30_SLOPE_reduced.asc
Checking header of /volumes/env/na_2.5min/ISRICSOILGRIDS_new_average_coarsefragmentpercent_reduced.asc
Checking header of /volumes/env/na_2.5min/ISRICSOILGRIDS_new_average_phx10percent_reduced.asc
Checking header of /volumes/env/na_2.5min/ISRICSOILGRIDS_new_average_sandpercent_reduced.asc
Checking header of /volumes/env/na_2.5min/ISRICSOILGRIDS_new_average_soilorganiccarboncontent_reduced.asc
Checking header of /volumes/env/na_2.5min/LandCover_1_Needleleaf.asc
Checking header of /volumes/env/na_2.5min/LandCover_6_Herbaceous.asc
Checking header of /volumes/env/na_2.5min/mask.asc
Reading samples from Heuchera_wootonii.csv
Read samples: max memory 12612272128, total allocated 792723456, free 773701016, used 19022440, increment 19022440
Extractor: max memory 12612272128, total allocated 792723456, free 765312408, used 27411048, increment 8388608
Extracting random background and sample data
Time since start: 6.171
667 points with values for all grids
Adding samples to background in feature space
Command line used:  samplesfile=/volumes/output/heuchera_rfolk_na/heuchera_wootonii/Heuchera_wootonii.csv -e /volumes/env/na_2.5min -o /volumes/output/heuchera_rfolk_na/heuchera_wootonii nowarnings nocache autorun -z togglelayertype=mask
Command line to repeat: java density.MaxEnt nowarnings noprefixes outputdirectory=/volumes/output/heuchera_rfolk_na/heuchera_wootonii samplesfile=/volumes/output/heuchera_rfolk_na/heuchera_wootonii/Heuchera_wootonii.csv environmentallayers=/volumes/env/na_2.5min nowarnings autorun novisible nocache -t mask
Species: Heuchera_wootonii
Layers: BIOCLIM_1 BIOCLIM_12 BIOCLIM_17 BIOCLIM_7 GTOPO30_ELEVATION GTOPO30_SLOPE_reduced ISRICSOILGRIDS_new_average_coarsefragmentpercent_reduced ISRICSOILGRIDS_new_average_phx10percent_reduced ISRICSOILGRIDS_new_average_sandpercent_reduced ISRICSOILGRIDS_new_average_soilorganiccarboncontent_reduced LandCover_1_Needleleaf LandCover_6_Herbaceous mask
Layertypes: Continuous Continuous Continuous Continuous Continuous Continuous Continuous Continuous Continuous Continuous Continuous Continuous Categorical
outputdirectory: /volumes/output/heuchera_rfolk_na/heuchera_wootonii
samplesfile: /volumes/output/heuchera_rfolk_na/heuchera_wootonii/Heuchera_wootonii.csv
environmentallayers: /volumes/env/na_2.5min
warnings: false
autorun: true
visible: false
cache: false

getSamples: max memory 12612272128, total allocated 1142947840, free 669170472, used 473777368, increment 446366320
Making features
makeFeatures: max memory 12612272128, total allocated 1142947840, free 668123944, used 474823896, increment 1046528
Heuchera_wootonii: 
Regularization values: linear/quadratic/product: 0.500, categorical: 0.250, threshold: 1.830, hinge: 0.500
17 samples
Density: max memory 12612272128, total allocated 1142947840, free 667073320, used 475874520, increment 1050624
linearPredictor: max memory 12612272128, total allocated 1142947840, free 667073320, used 475874520, increment 0
FeaturedSpace: max memory 12612272128, total allocated 1142947840, free 667073320, used 475874520, increment 0
Sequential: max memory 12612272128, total allocated 1142947840, free 667073320, used 475874520, increment 0
Initial loss: 6.502790045915623
420: time = 0.444000 loss = 5.313987
Resulting gain: 1.1888034486246228
Time since start: 7.425
Projecting...
Writing file /volumes/output/heuchera_rfolk_na/heuchera_wootonii/Heuchera_wootonii.asc
Time since start: 13.459
Writing /volumes/output/heuchera_rfolk_na/heuchera_wootonii/plots/Heuchera_wootonii.png
Ending
