Mon Oct 31 19:36:43 GMT 2022
MaxEnt version 3.4.4
Checking header of /volumes/env/na_2.5min/BIOCLIM_1.asc
Checking header of /volumes/env/na_2.5min/BIOCLIM_12.asc
Checking header of /volumes/env/na_2.5min/BIOCLIM_17.asc
Checking header of /volumes/env/na_2.5min/BIOCLIM_7.asc
Checking header of /volumes/env/na_2.5min/GTOPO30_ELEVATION.asc
Checking header of /volumes/env/na_2.5min/GTOPO30_SLOPE_reduced.asc
Checking header of /volumes/env/na_2.5min/ISRICSOILGRIDS_new_average_coarsefragmentpercent_reduced.asc
Checking header of /volumes/env/na_2.5min/ISRICSOILGRIDS_new_average_phx10percent_reduced.asc
Checking header of /volumes/env/na_2.5min/ISRICSOILGRIDS_new_average_sandpercent_reduced.asc
Checking header of /volumes/env/na_2.5min/ISRICSOILGRIDS_new_average_soilorganiccarboncontent_reduced.asc
Checking header of /volumes/env/na_2.5min/LandCover_1_Needleleaf.asc
Checking header of /volumes/env/na_2.5min/LandCover_6_Herbaceous.asc
Checking header of /volumes/env/na_2.5min/mask.asc
Reading samples from Heuchera_richardsonii.csv
Read samples: max memory 32178700288, total allocated 2118123520, free 2096418816, used 21704704, increment 21704704
Extractor: max memory 32178700288, total allocated 2118123520, free 2083835904, used 34287616, increment 12582912
Extracting random background and sample data
Warning: Sample at -97.2642, 45.44182 in Heuchera_richardsonii.csv is missing some environmental data (e.g. ISRICSOILGRIDS_new_average_coarsefragmentpercent_reduced)
Warning: Skipping sample at -97.2642, 45.44182
Time since start: 2.486
1219428 points with values for all grids
Adding samples to background in feature space
Command line used:  samplesfile=/volumes/output/heuchera_rfolk_sdm/heuchera_richardsonii/Heuchera_richardsonii.csv -e /volumes/env/na_2.5min -o /volumes/output/heuchera_rfolk_sdm/heuchera_richardsonii nowarnings nocache autorun -z togglelayertype=mask
Command line to repeat: java density.MaxEnt nowarnings noprefixes outputdirectory=/volumes/output/heuchera_rfolk_sdm/heuchera_richardsonii samplesfile=/volumes/output/heuchera_rfolk_sdm/heuchera_richardsonii/Heuchera_richardsonii.csv environmentallayers=/volumes/env/na_2.5min nowarnings autorun novisible nocache -t mask
Species: Heuchera_richardsonii
Layers: BIOCLIM_1 BIOCLIM_12 BIOCLIM_17 BIOCLIM_7 GTOPO30_ELEVATION GTOPO30_SLOPE_reduced ISRICSOILGRIDS_new_average_coarsefragmentpercent_reduced ISRICSOILGRIDS_new_average_phx10percent_reduced ISRICSOILGRIDS_new_average_sandpercent_reduced ISRICSOILGRIDS_new_average_soilorganiccarboncontent_reduced LandCover_1_Needleleaf LandCover_6_Herbaceous mask
Layertypes: Continuous Continuous Continuous Continuous Continuous Continuous Continuous Continuous Continuous Continuous Continuous Continuous Categorical
outputdirectory: /volumes/output/heuchera_rfolk_sdm/heuchera_richardsonii
samplesfile: /volumes/output/heuchera_rfolk_sdm/heuchera_richardsonii/Heuchera_richardsonii.csv
environmentallayers: /volumes/env/na_2.5min
warnings: false
autorun: true
visible: false
cache: false

getSamples: max memory 32178700288, total allocated 2118123520, free 1953899176, used 164224344, increment 129936728
Making features
makeFeatures: max memory 32178700288, total allocated 2118123520, free 1945266544, used 172856976, increment 8632632
Heuchera_richardsonii: 
Regularization values: linear/quadratic/product: 0.050, categorical: 0.250, threshold: 1.000, hinge: 0.500
252 samples
Density: max memory 32178700288, total allocated 2118123520, free 1932927656, used 185195864, increment 12338888
linearPredictor: max memory 32178700288, total allocated 2118123520, free 1932927656, used 185195864, increment 0
Deactivating (mask=-9999.0)
FeaturedSpace: max memory 32178700288, total allocated 2118123520, free 1932927656, used 185195864, increment 0
Sequential: max memory 32178700288, total allocated 2118123520, free 1930830504, used 187293016, increment 2097152
Initial loss: 9.235130540783402
Time since start: 3.899
500: time = 1.177000 loss = 7.093327
Resulting gain: 2.141803968731022
Projecting...
Writing file /volumes/output/heuchera_rfolk_sdm/heuchera_richardsonii/Heuchera_richardsonii.asc
Time since start: 8.69
Writing /volumes/output/heuchera_rfolk_sdm/heuchera_richardsonii/plots/Heuchera_richardsonii.png
Ending
