Tue Dec 27 14:33:10 CST 2022
MaxEnt version 3.4.4
Checking header of /volumes/env/biotaphy_5min_global/ISRICSOILGRIDS_new_average_phx10percent_reduced.asc
Checking header of /volumes/env/biotaphy_5min_global/mask.asc
Reading samples from Peltoboykinia_watanabei.csv
Read samples: max memory 32178700288, total allocated 2118123520, free 2100613120, used 17510400, increment 17510400
Extractor: max memory 32178700288, total allocated 2118123520, free 2098513920, used 19609600, increment 2099200
Extracting random background and sample data
Time since start: 1.033
563 points with values for all grids
Adding samples to background in feature space
Command line used:  samplesfile=/volumes/output/heuchera_rfolk_5min_global/peltoboykinia_watanabei/Peltoboykinia_watanabei.csv -e /volumes/env/biotaphy_5min_global -o /volumes/output/heuchera_rfolk_5min_global/peltoboykinia_watanabei nowarnings nocache autorun -z togglelayertype=mask
Command line to repeat: java density.MaxEnt nowarnings noprefixes outputdirectory=/volumes/output/heuchera_rfolk_5min_global/peltoboykinia_watanabei samplesfile=/volumes/output/heuchera_rfolk_5min_global/peltoboykinia_watanabei/Peltoboykinia_watanabei.csv environmentallayers=/volumes/env/biotaphy_5min_global nowarnings autorun novisible nocache -t mask
Species: Peltoboykinia_watanabei
Layers: ISRICSOILGRIDS_new_average_phx10percent_reduced mask
Layertypes: Continuous Categorical
outputdirectory: /volumes/output/heuchera_rfolk_5min_global/peltoboykinia_watanabei
samplesfile: /volumes/output/heuchera_rfolk_5min_global/peltoboykinia_watanabei/Peltoboykinia_watanabei.csv
environmentallayers: /volumes/env/biotaphy_5min_global
warnings: false
autorun: true
visible: false
cache: false

getSamples: max memory 32178700288, total allocated 2118123520, free 918334208, used 1199789312, increment 1180179712
Making features
makeFeatures: max memory 32178700288, total allocated 2118123520, free 918334208, used 1199789312, increment 0
Peltoboykinia_watanabei: 
Regularization values: linear/quadratic/product: 0.629, categorical: 0.357, threshold: 1.860, hinge: 0.500
14 samples
Density: max memory 32178700288, total allocated 2118123520, free 918334208, used 1199789312, increment 0
linearPredictor: max memory 32178700288, total allocated 2118123520, free 918334208, used 1199789312, increment 0
FeaturedSpace: max memory 32178700288, total allocated 2118123520, free 918334208, used 1199789312, increment 0
Sequential: max memory 32178700288, total allocated 2118123520, free 918334208, used 1199789312, increment 0
Initial loss: 6.333279628139691
60: time = 0.010000 loss = 6.330837
Resulting gain: 0.0024426583641385946
Projecting...
Writing file /volumes/output/heuchera_rfolk_5min_global/peltoboykinia_watanabei/Peltoboykinia_watanabei.asc
Time since start: 2.819
Writing /volumes/output/heuchera_rfolk_5min_global/peltoboykinia_watanabei/plots/Peltoboykinia_watanabei.png
Ending
