Thu Dec 22 15:51:31 CST 2022
MaxEnt version 3.4.4
Checking header of /volumes/env/na_2.5min/BIOCLIM_1.asc
Checking header of /volumes/env/na_2.5min/BIOCLIM_12.asc
Checking header of /volumes/env/na_2.5min/BIOCLIM_17.asc
Checking header of /volumes/env/na_2.5min/BIOCLIM_7.asc
Checking header of /volumes/env/na_2.5min/GTOPO30_ELEVATION.asc
Checking header of /volumes/env/na_2.5min/GTOPO30_SLOPE_reduced.asc
Checking header of /volumes/env/na_2.5min/ISRICSOILGRIDS_new_average_coarsefragmentpercent_reduced.asc
Checking header of /volumes/env/na_2.5min/ISRICSOILGRIDS_new_average_phx10percent_reduced.asc
Checking header of /volumes/env/na_2.5min/ISRICSOILGRIDS_new_average_sandpercent_reduced.asc
Checking header of /volumes/env/na_2.5min/ISRICSOILGRIDS_new_average_soilorganiccarboncontent_reduced.asc
Checking header of /volumes/env/na_2.5min/LandCover_1_Needleleaf.asc
Checking header of /volumes/env/na_2.5min/LandCover_6_Herbaceous.asc
Checking header of /volumes/env/na_2.5min/mask.asc
Reading samples from Heuchera_villosa.csv
Read samples: max memory 12612272128, total allocated 792723456, free 773115904, used 19607552, increment 19607552
Extractor: max memory 12612272128, total allocated 792723456, free 764727296, used 27996160, increment 8388608
Extracting random background and sample data
Warning: Sample at -88.1936, 34.97639 in Heuchera_villosa.csv is missing some environmental data (e.g. ISRICSOILGRIDS_new_average_coarsefragmentpercent_reduced)
Warning: Skipping sample at -88.1936, 34.97639
Warning: Sample at -88.19361111, 34.97638889 in Heuchera_villosa.csv is missing some environmental data (e.g. ISRICSOILGRIDS_new_average_coarsefragmentpercent_reduced)
Warning: Skipping sample at -88.19361111, 34.97638889
Warning: Sample at -88.18065, 34.95964 in Heuchera_villosa.csv is missing some environmental data (e.g. ISRICSOILGRIDS_new_average_coarsefragmentpercent_reduced)
Warning: Skipping sample at -88.18065, 34.95964
Time since start: 6.288
30258 points with values for all grids
Adding samples to background in feature space
Command line used:  samplesfile=/volumes/output/heuchera_rfolk_na/heuchera_villosa/Heuchera_villosa.csv -e /volumes/env/na_2.5min -o /volumes/output/heuchera_rfolk_na/heuchera_villosa nowarnings nocache autorun -z togglelayertype=mask
Command line to repeat: java density.MaxEnt nowarnings noprefixes outputdirectory=/volumes/output/heuchera_rfolk_na/heuchera_villosa samplesfile=/volumes/output/heuchera_rfolk_na/heuchera_villosa/Heuchera_villosa.csv environmentallayers=/volumes/env/na_2.5min nowarnings autorun novisible nocache -t mask
Species: Heuchera_villosa
Layers: BIOCLIM_1 BIOCLIM_12 BIOCLIM_17 BIOCLIM_7 GTOPO30_ELEVATION GTOPO30_SLOPE_reduced ISRICSOILGRIDS_new_average_coarsefragmentpercent_reduced ISRICSOILGRIDS_new_average_phx10percent_reduced ISRICSOILGRIDS_new_average_sandpercent_reduced ISRICSOILGRIDS_new_average_soilorganiccarboncontent_reduced LandCover_1_Needleleaf LandCover_6_Herbaceous mask
Layertypes: Continuous Continuous Continuous Continuous Continuous Continuous Continuous Continuous Continuous Continuous Continuous Continuous Categorical
outputdirectory: /volumes/output/heuchera_rfolk_na/heuchera_villosa
samplesfile: /volumes/output/heuchera_rfolk_na/heuchera_villosa/Heuchera_villosa.csv
environmentallayers: /volumes/env/na_2.5min
warnings: false
autorun: true
visible: false
cache: false

getSamples: max memory 12612272128, total allocated 1168113664, free 1160723072, used 7390592, increment -20605568
Making features
makeFeatures: max memory 12612272128, total allocated 1168113664, free 1153787224, used 14326440, increment 6935848
Heuchera_villosa: 
Regularization values: linear/quadratic/product: 0.136, categorical: 0.250, threshold: 1.120, hinge: 0.500
88 samples
Density: max memory 12612272128, total allocated 1168113664, free 1142776136, used 25337528, increment 11011088
linearPredictor: max memory 12612272128, total allocated 1168113664, free 1142695616, used 25418048, increment 80520
FeaturedSpace: max memory 12612272128, total allocated 1168113664, free 1142695616, used 25418048, increment 0
Sequential: max memory 12612272128, total allocated 1168113664, free 1142695616, used 25418048, increment 0
Initial loss: 9.216620609933333
Time since start: 9.5
500: time = 2.510000 loss = 8.411620
Resulting gain: 0.8050001602841306
Time since start: 10.797
Projecting...
Writing file /volumes/output/heuchera_rfolk_na/heuchera_villosa/Heuchera_villosa.asc
Time since start: 16.508
Writing /volumes/output/heuchera_rfolk_na/heuchera_villosa/plots/Heuchera_villosa.png
Time since start: 18.079
Ending
