Tue Dec 27 15:02:07 CST 2022
MaxEnt version 3.4.4
Checking header of /volumes/env/na_2.5min/BIOCLIM_1.asc
Checking header of /volumes/env/na_2.5min/BIOCLIM_12.asc
Checking header of /volumes/env/na_2.5min/BIOCLIM_17.asc
Checking header of /volumes/env/na_2.5min/BIOCLIM_7.asc
Checking header of /volumes/env/na_2.5min/GTOPO30_ELEVATION.asc
Checking header of /volumes/env/na_2.5min/GTOPO30_SLOPE_reduced.asc
Checking header of /volumes/env/na_2.5min/ISRICSOILGRIDS_new_average_coarsefragmentpercent_reduced.asc
Checking header of /volumes/env/na_2.5min/ISRICSOILGRIDS_new_average_phx10percent_reduced.asc
Checking header of /volumes/env/na_2.5min/ISRICSOILGRIDS_new_average_sandpercent_reduced.asc
Checking header of /volumes/env/na_2.5min/ISRICSOILGRIDS_new_average_soilorganiccarboncontent_reduced.asc
Checking header of /volumes/env/na_2.5min/LandCover_1_Needleleaf.asc
Checking header of /volumes/env/na_2.5min/LandCover_6_Herbaceous.asc
Checking header of /volumes/env/na_2.5min/mask.asc
Reading samples from Conimitella_williamsii.csv
Read samples: max memory 32178700288, total allocated 2118123520, free 2096418816, used 21704704, increment 21704704
Extractor: max memory 32178700288, total allocated 2118123520, free 2090125312, used 27998208, increment 6293504
Extracting random background and sample data
Time since start: 2.134
18871 points with values for all grids
Adding samples to background in feature space
Command line used:  samplesfile=/volumes/output/heuchera_rfolk_2.5min_na/conimitella_williamsii/Conimitella_williamsii.csv -e /volumes/env/na_2.5min -o /volumes/output/heuchera_rfolk_2.5min_na/conimitella_williamsii nowarnings nocache autorun -z togglelayertype=mask
Command line to repeat: java density.MaxEnt nowarnings noprefixes outputdirectory=/volumes/output/heuchera_rfolk_2.5min_na/conimitella_williamsii samplesfile=/volumes/output/heuchera_rfolk_2.5min_na/conimitella_williamsii/Conimitella_williamsii.csv environmentallayers=/volumes/env/na_2.5min nowarnings autorun novisible nocache -t mask
Species: Conimitella_williamsii
Layers: BIOCLIM_1 BIOCLIM_12 BIOCLIM_17 BIOCLIM_7 GTOPO30_ELEVATION GTOPO30_SLOPE_reduced ISRICSOILGRIDS_new_average_coarsefragmentpercent_reduced ISRICSOILGRIDS_new_average_phx10percent_reduced ISRICSOILGRIDS_new_average_sandpercent_reduced ISRICSOILGRIDS_new_average_soilorganiccarboncontent_reduced LandCover_1_Needleleaf LandCover_6_Herbaceous mask
Layertypes: Continuous Continuous Continuous Continuous Continuous Continuous Continuous Continuous Continuous Continuous Continuous Continuous Categorical
outputdirectory: /volumes/output/heuchera_rfolk_2.5min_na/conimitella_williamsii
samplesfile: /volumes/output/heuchera_rfolk_2.5min_na/conimitella_williamsii/Conimitella_williamsii.csv
environmentallayers: /volumes/env/na_2.5min
warnings: false
autorun: true
visible: false
cache: false

getSamples: max memory 32178700288, total allocated 2118123520, free 1960319648, used 157803872, increment 129805664
Making features
makeFeatures: max memory 32178700288, total allocated 2118123520, free 1951867280, used 166256240, increment 8452368
Conimitella_williamsii: 
Regularization values: linear/quadratic/product: 0.224, categorical: 0.250, threshold: 1.610, hinge: 0.500
39 samples
Density: max memory 32178700288, total allocated 2118123520, free 1939362480, used 178761040, increment 12504800
linearPredictor: max memory 32178700288, total allocated 2118123520, free 1939362480, used 178761040, increment 0
FeaturedSpace: max memory 32178700288, total allocated 2118123520, free 1939362480, used 178761040, increment 0
Sequential: max memory 32178700288, total allocated 2118123520, free 1939362480, used 178761040, increment 0
Initial loss: 9.212138753917563
Time since start: 3.142
500: time = 0.794000 loss = 8.126772
Resulting gain: 1.0853665291847232
Projecting...
Writing file /volumes/output/heuchera_rfolk_2.5min_na/conimitella_williamsii/Conimitella_williamsii.asc
Time since start: 5.994
Writing /volumes/output/heuchera_rfolk_2.5min_na/conimitella_williamsii/plots/Conimitella_williamsii.png
Ending
