Tue Dec 27 14:30:16 CST 2022
MaxEnt version 3.4.4
Checking header of /volumes/env/biotaphy_5min_global/ISRICSOILGRIDS_new_average_phx10percent_reduced.asc
Checking header of /volumes/env/biotaphy_5min_global/mask.asc
Reading samples from Heuchera_wootonii.csv
Read samples: max memory 32178700288, total allocated 2118123520, free 2100613120, used 17510400, increment 17510400
Extractor: max memory 32178700288, total allocated 2118123520, free 2098513920, used 19609600, increment 2099200
Extracting random background and sample data
Time since start: 1.045
167 points with values for all grids
Adding samples to background in feature space
Command line used:  samplesfile=/volumes/output/heuchera_rfolk_5min_global/heuchera_wootonii/Heuchera_wootonii.csv -e /volumes/env/biotaphy_5min_global -o /volumes/output/heuchera_rfolk_5min_global/heuchera_wootonii nowarnings nocache autorun -z togglelayertype=mask
Command line to repeat: java density.MaxEnt nowarnings noprefixes outputdirectory=/volumes/output/heuchera_rfolk_5min_global/heuchera_wootonii samplesfile=/volumes/output/heuchera_rfolk_5min_global/heuchera_wootonii/Heuchera_wootonii.csv environmentallayers=/volumes/env/biotaphy_5min_global nowarnings autorun novisible nocache -t mask
Species: Heuchera_wootonii
Layers: ISRICSOILGRIDS_new_average_phx10percent_reduced mask
Layertypes: Continuous Categorical
outputdirectory: /volumes/output/heuchera_rfolk_5min_global/heuchera_wootonii
samplesfile: /volumes/output/heuchera_rfolk_5min_global/heuchera_wootonii/Heuchera_wootonii.csv
environmentallayers: /volumes/env/biotaphy_5min_global
warnings: false
autorun: true
visible: false
cache: false

getSamples: max memory 32178700288, total allocated 2118123520, free 918361856, used 1199761664, increment 1180152064
Making features
makeFeatures: max memory 32178700288, total allocated 2118123520, free 918361856, used 1199761664, increment 0
Heuchera_wootonii: 
Regularization values: linear/quadratic/product: 0.800, categorical: 0.500, threshold: 1.900, hinge: 0.500
10 samples
Density: max memory 32178700288, total allocated 2118123520, free 918361856, used 1199761664, increment 0
linearPredictor: max memory 32178700288, total allocated 2118123520, free 918361856, used 1199761664, increment 0
FeaturedSpace: max memory 32178700288, total allocated 2118123520, free 918361856, used 1199761664, increment 0
Sequential: max memory 32178700288, total allocated 2118123520, free 918361856, used 1199761664, increment 0
Initial loss: 5.117993812416755
60: time = 0.006000 loss = 4.792762
Resulting gain: 0.3252320473946053
Projecting...
Writing file /volumes/output/heuchera_rfolk_5min_global/heuchera_wootonii/Heuchera_wootonii.asc
Time since start: 2.84
Writing /volumes/output/heuchera_rfolk_5min_global/heuchera_wootonii/plots/Heuchera_wootonii.png
Ending
