Wed Dec 28 11:40:01 CST 2022
MaxEnt version 3.4.4
Checking header of /volumes/env/biotaphy_5min_global/ISRICSOILGRIDS_new_average_phx10percent_reduced.asc
Checking header of /volumes/env/biotaphy_5min_global/mask.asc
Reading samples from Heuchera_elegans.csv
Read samples: max memory 32178700288, total allocated 2118123520, free 2100613120, used 17510400, increment 17510400
Extractor: max memory 32178700288, total allocated 2118123520, free 2098513920, used 19609600, increment 2099200
Extracting random background and sample data
Time since start: 1.028
344 points with values for all grids
Adding samples to background in feature space
Command line used:  samplesfile=/volumes/output/heuchera_rfolk_5min_global/Heuchera_elegans/Heuchera_elegans.csv -e /volumes/env/biotaphy_5min_global -o /volumes/output/heuchera_rfolk_5min_global/Heuchera_elegans nowarnings nocache autorun -z togglelayertype=mask
Command line to repeat: java density.MaxEnt nowarnings noprefixes outputdirectory=/volumes/output/heuchera_rfolk_5min_global/Heuchera_elegans samplesfile=/volumes/output/heuchera_rfolk_5min_global/Heuchera_elegans/Heuchera_elegans.csv environmentallayers=/volumes/env/biotaphy_5min_global nowarnings autorun novisible nocache -t mask
Species: Heuchera_elegans
Layers: ISRICSOILGRIDS_new_average_phx10percent_reduced mask
Layertypes: Continuous Categorical
outputdirectory: /volumes/output/heuchera_rfolk_5min_global/Heuchera_elegans
samplesfile: /volumes/output/heuchera_rfolk_5min_global/Heuchera_elegans/Heuchera_elegans.csv
environmentallayers: /volumes/env/biotaphy_5min_global
warnings: false
autorun: true
visible: false
cache: false

getSamples: max memory 32178700288, total allocated 2118123520, free 920474816, used 1197648704, increment 1178039104
Making features
makeFeatures: max memory 32178700288, total allocated 2118123520, free 920474816, used 1197648704, increment 0
Heuchera_elegans: 
Regularization values: linear/quadratic/product: 0.346, categorical: 0.250, threshold: 1.750, hinge: 0.500
25 samples
Density: max memory 32178700288, total allocated 2118123520, free 920474816, used 1197648704, increment 0
linearPredictor: max memory 32178700288, total allocated 2118123520, free 920474816, used 1197648704, increment 0
FeaturedSpace: max memory 32178700288, total allocated 2118123520, free 920474816, used 1197648704, increment 0
Sequential: max memory 32178700288, total allocated 2118123520, free 920474816, used 1197648704, increment 0
Initial loss: 5.840641657373398
180: time = 0.023000 loss = 5.522232
Resulting gain: 0.3184095320817413
Projecting...
Writing file /volumes/output/heuchera_rfolk_5min_global/Heuchera_elegans/Heuchera_elegans.asc
Time since start: 2.825
Writing /volumes/output/heuchera_rfolk_5min_global/Heuchera_elegans/plots/Heuchera_elegans.png
Ending
