Wed Dec 28 11:39:18 CST 2022
MaxEnt version 3.4.4
Checking header of /volumes/env/biotaphy_5min_global/ISRICSOILGRIDS_new_average_phx10percent_reduced.asc
Checking header of /volumes/env/biotaphy_5min_global/mask.asc
Reading samples from Heuchera_missouriensis.csv
Read samples: max memory 32178700288, total allocated 2118123520, free 2100613120, used 17510400, increment 17510400
Extractor: max memory 32178700288, total allocated 2118123520, free 2098513920, used 19609600, increment 2099200
Extracting random background and sample data
Time since start: 1.032
2694 points with values for all grids
Adding samples to background in feature space
Command line used:  samplesfile=/volumes/output/heuchera_rfolk_5min_global/Heuchera_missouriensis/Heuchera_missouriensis.csv -e /volumes/env/biotaphy_5min_global -o /volumes/output/heuchera_rfolk_5min_global/Heuchera_missouriensis nowarnings nocache autorun -z togglelayertype=mask
Command line to repeat: java density.MaxEnt nowarnings noprefixes outputdirectory=/volumes/output/heuchera_rfolk_5min_global/Heuchera_missouriensis samplesfile=/volumes/output/heuchera_rfolk_5min_global/Heuchera_missouriensis/Heuchera_missouriensis.csv environmentallayers=/volumes/env/biotaphy_5min_global nowarnings autorun novisible nocache -t mask
Species: Heuchera_missouriensis
Layers: ISRICSOILGRIDS_new_average_phx10percent_reduced mask
Layertypes: Continuous Categorical
outputdirectory: /volumes/output/heuchera_rfolk_5min_global/Heuchera_missouriensis
samplesfile: /volumes/output/heuchera_rfolk_5min_global/Heuchera_missouriensis/Heuchera_missouriensis.csv
environmentallayers: /volumes/env/biotaphy_5min_global
warnings: false
autorun: true
visible: false
cache: false

getSamples: max memory 32178700288, total allocated 2118123520, free 918204808, used 1199918712, increment 1180309112
Making features
makeFeatures: max memory 32178700288, total allocated 2118123520, free 918204808, used 1199918712, increment 0
Heuchera_missouriensis: 
Regularization values: linear/quadratic/product: 0.404, categorical: 0.250, threshold: 1.780, hinge: 0.500
22 samples
Density: max memory 32178700288, total allocated 2118123520, free 918204808, used 1199918712, increment 0
linearPredictor: max memory 32178700288, total allocated 2118123520, free 918204808, used 1199918712, increment 0
FeaturedSpace: max memory 32178700288, total allocated 2118123520, free 918204808, used 1199918712, increment 0
Sequential: max memory 32178700288, total allocated 2118123520, free 918204808, used 1199918712, increment 0
Initial loss: 7.898782356970309
140: time = 0.064000 loss = 7.749975
Resulting gain: 0.14880687624458222
Projecting...
Writing file /volumes/output/heuchera_rfolk_5min_global/Heuchera_missouriensis/Heuchera_missouriensis.asc
Time since start: 2.881
Writing /volumes/output/heuchera_rfolk_5min_global/Heuchera_missouriensis/plots/Heuchera_missouriensis.png
Ending
