Thu Dec 22 15:41:16 CST 2022
MaxEnt version 3.4.4
Checking header of /volumes/env/na_2.5min/BIOCLIM_1.asc
Checking header of /volumes/env/na_2.5min/BIOCLIM_12.asc
Checking header of /volumes/env/na_2.5min/BIOCLIM_17.asc
Checking header of /volumes/env/na_2.5min/BIOCLIM_7.asc
Checking header of /volumes/env/na_2.5min/GTOPO30_ELEVATION.asc
Checking header of /volumes/env/na_2.5min/GTOPO30_SLOPE_reduced.asc
Checking header of /volumes/env/na_2.5min/ISRICSOILGRIDS_new_average_coarsefragmentpercent_reduced.asc
Checking header of /volumes/env/na_2.5min/ISRICSOILGRIDS_new_average_phx10percent_reduced.asc
Checking header of /volumes/env/na_2.5min/ISRICSOILGRIDS_new_average_sandpercent_reduced.asc
Checking header of /volumes/env/na_2.5min/ISRICSOILGRIDS_new_average_soilorganiccarboncontent_reduced.asc
Checking header of /volumes/env/na_2.5min/LandCover_1_Needleleaf.asc
Checking header of /volumes/env/na_2.5min/LandCover_6_Herbaceous.asc
Checking header of /volumes/env/na_2.5min/mask.asc
Reading samples from Heuchera_glomerulata.csv
Read samples: max memory 12612272128, total allocated 792723456, free 773701016, used 19022440, increment 19022440
Extractor: max memory 12612272128, total allocated 792723456, free 766067408, used 26656048, increment 7633608
Extracting random background and sample data
Time since start: 5.143
3987 points with values for all grids
Adding samples to background in feature space
Command line used:  samplesfile=/volumes/output/heuchera_rfolk_na/heuchera_glomerulata/Heuchera_glomerulata.csv -e /volumes/env/na_2.5min -o /volumes/output/heuchera_rfolk_na/heuchera_glomerulata nowarnings nocache autorun -z togglelayertype=mask
Command line to repeat: java density.MaxEnt nowarnings noprefixes outputdirectory=/volumes/output/heuchera_rfolk_na/heuchera_glomerulata samplesfile=/volumes/output/heuchera_rfolk_na/heuchera_glomerulata/Heuchera_glomerulata.csv environmentallayers=/volumes/env/na_2.5min nowarnings autorun novisible nocache -t mask
Species: Heuchera_glomerulata
Layers: BIOCLIM_1 BIOCLIM_12 BIOCLIM_17 BIOCLIM_7 GTOPO30_ELEVATION GTOPO30_SLOPE_reduced ISRICSOILGRIDS_new_average_coarsefragmentpercent_reduced ISRICSOILGRIDS_new_average_phx10percent_reduced ISRICSOILGRIDS_new_average_sandpercent_reduced ISRICSOILGRIDS_new_average_soilorganiccarboncontent_reduced LandCover_1_Needleleaf LandCover_6_Herbaceous mask
Layertypes: Continuous Continuous Continuous Continuous Continuous Continuous Continuous Continuous Continuous Continuous Continuous Continuous Categorical
outputdirectory: /volumes/output/heuchera_rfolk_na/heuchera_glomerulata
samplesfile: /volumes/output/heuchera_rfolk_na/heuchera_glomerulata/Heuchera_glomerulata.csv
environmentallayers: /volumes/env/na_2.5min
warnings: false
autorun: true
visible: false
cache: false

getSamples: max memory 12612272128, total allocated 1149239296, free 839441136, used 309798160, increment 283142112
Making features
makeFeatures: max memory 12612272128, total allocated 1149239296, free 836263496, used 312975800, increment 3177640
Heuchera_glomerulata: 
Regularization values: linear/quadratic/product: 0.227, categorical: 0.250, threshold: 1.620, hinge: 0.500
38 samples
Density: max memory 12612272128, total allocated 1149239296, free 831052528, used 318186768, increment 5210968
linearPredictor: max memory 12612272128, total allocated 1149239296, free 831052528, used 318186768, increment 0
FeaturedSpace: max memory 12612272128, total allocated 1149239296, free 831052528, used 318186768, increment 0
Sequential: max memory 12612272128, total allocated 1149239296, free 831052528, used 318186768, increment 0
Initial loss: 8.290794347381356
Time since start: 6.381
380: time = 1.032000 loss = 7.610610
Resulting gain: 0.6801843506159768
Projecting...
Writing file /volumes/output/heuchera_rfolk_na/heuchera_glomerulata/Heuchera_glomerulata.asc
Time since start: 12.01
Writing /volumes/output/heuchera_rfolk_na/heuchera_glomerulata/plots/Heuchera_glomerulata.png
Time since start: 13.042
Ending
