Thu Dec 22 15:48:54 CST 2022
MaxEnt version 3.4.4
Checking header of /volumes/env/na_2.5min/BIOCLIM_1.asc
Checking header of /volumes/env/na_2.5min/BIOCLIM_12.asc
Checking header of /volumes/env/na_2.5min/BIOCLIM_17.asc
Checking header of /volumes/env/na_2.5min/BIOCLIM_7.asc
Checking header of /volumes/env/na_2.5min/GTOPO30_ELEVATION.asc
Checking header of /volumes/env/na_2.5min/GTOPO30_SLOPE_reduced.asc
Checking header of /volumes/env/na_2.5min/ISRICSOILGRIDS_new_average_coarsefragmentpercent_reduced.asc
Checking header of /volumes/env/na_2.5min/ISRICSOILGRIDS_new_average_phx10percent_reduced.asc
Checking header of /volumes/env/na_2.5min/ISRICSOILGRIDS_new_average_sandpercent_reduced.asc
Checking header of /volumes/env/na_2.5min/ISRICSOILGRIDS_new_average_soilorganiccarboncontent_reduced.asc
Checking header of /volumes/env/na_2.5min/LandCover_1_Needleleaf.asc
Checking header of /volumes/env/na_2.5min/LandCover_6_Herbaceous.asc
Checking header of /volumes/env/na_2.5min/mask.asc
Reading samples from Heuchera_novomexicana.csv
Read samples: max memory 12612272128, total allocated 792723456, free 773664632, used 19058824, increment 19058824
Extractor: max memory 12612272128, total allocated 792723456, free 765312408, used 27411048, increment 8352224
Extracting random background and sample data
Time since start: 6.269
4359 points with values for all grids
Adding samples to background in feature space
Command line used:  samplesfile=/volumes/output/heuchera_rfolk_na/heuchera_novomexicana/Heuchera_novomexicana.csv -e /volumes/env/na_2.5min -o /volumes/output/heuchera_rfolk_na/heuchera_novomexicana nowarnings nocache autorun -z togglelayertype=mask
Command line to repeat: java density.MaxEnt nowarnings noprefixes outputdirectory=/volumes/output/heuchera_rfolk_na/heuchera_novomexicana samplesfile=/volumes/output/heuchera_rfolk_na/heuchera_novomexicana/Heuchera_novomexicana.csv environmentallayers=/volumes/env/na_2.5min nowarnings autorun novisible nocache -t mask
Species: Heuchera_novomexicana
Layers: BIOCLIM_1 BIOCLIM_12 BIOCLIM_17 BIOCLIM_7 GTOPO30_ELEVATION GTOPO30_SLOPE_reduced ISRICSOILGRIDS_new_average_coarsefragmentpercent_reduced ISRICSOILGRIDS_new_average_phx10percent_reduced ISRICSOILGRIDS_new_average_sandpercent_reduced ISRICSOILGRIDS_new_average_soilorganiccarboncontent_reduced LandCover_1_Needleleaf LandCover_6_Herbaceous mask
Layertypes: Continuous Continuous Continuous Continuous Continuous Continuous Continuous Continuous Continuous Continuous Continuous Continuous Categorical
outputdirectory: /volumes/output/heuchera_rfolk_na/heuchera_novomexicana
samplesfile: /volumes/output/heuchera_rfolk_na/heuchera_novomexicana/Heuchera_novomexicana.csv
environmentallayers: /volumes/env/na_2.5min
warnings: false
autorun: true
visible: false
cache: false

getSamples: max memory 12612272128, total allocated 1153433600, free 979985888, used 173447712, increment 146036664
Making features
makeFeatures: max memory 12612272128, total allocated 1153433600, free 976491168, used 176942432, increment 3494720
Heuchera_novomexicana: 
Regularization values: linear/quadratic/product: 0.269, categorical: 0.250, threshold: 1.710, hinge: 0.500
29 samples
Density: max memory 12612272128, total allocated 1153433600, free 971599288, used 181834312, increment 4891880
linearPredictor: max memory 12612272128, total allocated 1153433600, free 971599288, used 181834312, increment 0
FeaturedSpace: max memory 12612272128, total allocated 1153433600, free 971599288, used 181834312, increment 0
Sequential: max memory 12612272128, total allocated 1153433600, free 970535336, used 182898264, increment 1063952
Initial loss: 8.379997952238393
Time since start: 7.821
500: time = 1.289000 loss = 7.108678
Resulting gain: 1.2713196010526087
Projecting...
Writing file /volumes/output/heuchera_rfolk_na/heuchera_novomexicana/Heuchera_novomexicana.asc
Time since start: 13.566
Writing /volumes/output/heuchera_rfolk_na/heuchera_novomexicana/plots/Heuchera_novomexicana.png
Time since start: 14.752
Ending
