Tue Dec 27 14:30:22 CST 2022
MaxEnt version 3.4.4
Checking header of /volumes/env/biotaphy_5min_global/ISRICSOILGRIDS_new_average_phx10percent_reduced.asc
Checking header of /volumes/env/biotaphy_5min_global/mask.asc
Reading samples from Mitella_caulescens.csv
Read samples: max memory 32178700288, total allocated 2118123520, free 2100613120, used 17510400, increment 17510400
Extractor: max memory 32178700288, total allocated 2118123520, free 2098513920, used 19609600, increment 2099200
Extracting random background and sample data
Warning: Sample at -123.42944, 48.11833 in Mitella_caulescens.csv is missing some environmental data (e.g. ISRICSOILGRIDS_new_average_phx10percent_reduced)
Warning: Skipping sample at -123.42944, 48.11833
Warning: Sample at -124.1084, 44.1914 in Mitella_caulescens.csv is missing some environmental data (e.g. ISRICSOILGRIDS_new_average_phx10percent_reduced)
Warning: Skipping sample at -124.1084, 44.1914
Warning: Sample at -124.116, 41.6543 in Mitella_caulescens.csv is missing some environmental data (e.g. ISRICSOILGRIDS_new_average_phx10percent_reduced)
Warning: Skipping sample at -124.116, 41.6543
Time since start: 1.053
11713 points with values for all grids
Adding samples to background in feature space
Command line used:  samplesfile=/volumes/output/heuchera_rfolk_5min_global/mitella_caulescens/Mitella_caulescens.csv -e /volumes/env/biotaphy_5min_global -o /volumes/output/heuchera_rfolk_5min_global/mitella_caulescens nowarnings nocache autorun -z togglelayertype=mask
Command line to repeat: java density.MaxEnt nowarnings noprefixes outputdirectory=/volumes/output/heuchera_rfolk_5min_global/mitella_caulescens samplesfile=/volumes/output/heuchera_rfolk_5min_global/mitella_caulescens/Mitella_caulescens.csv environmentallayers=/volumes/env/biotaphy_5min_global nowarnings autorun novisible nocache -t mask
Species: Mitella_caulescens
Layers: ISRICSOILGRIDS_new_average_phx10percent_reduced mask
Layertypes: Continuous Categorical
outputdirectory: /volumes/output/heuchera_rfolk_5min_global/mitella_caulescens
samplesfile: /volumes/output/heuchera_rfolk_5min_global/mitella_caulescens/Mitella_caulescens.csv
environmentallayers: /volumes/env/biotaphy_5min_global
warnings: false
autorun: true
visible: false
cache: false

getSamples: max memory 32178700288, total allocated 2118123520, free 919718712, used 1198404808, increment 1178795208
Making features
makeFeatures: max memory 32178700288, total allocated 2118123520, free 917619512, used 1200504008, increment 2099200
Mitella_caulescens: 
Regularization values: linear/quadratic/product: 0.114, categorical: 0.250, threshold: 1.090, hinge: 0.500
91 samples
Density: max memory 32178700288, total allocated 2118123520, free 917619512, used 1200504008, increment 0
linearPredictor: max memory 32178700288, total allocated 2118123520, free 917619512, used 1200504008, increment 0
FeaturedSpace: max memory 32178700288, total allocated 2118123520, free 917619512, used 1200504008, increment 0
Sequential: max memory 32178700288, total allocated 2118123520, free 917619512, used 1200504008, increment 0
Initial loss: 9.210340371976184
300: time = 0.193000 loss = 8.722289
Resulting gain: 0.4880517631243908
Projecting...
Writing file /volumes/output/heuchera_rfolk_5min_global/mitella_caulescens/Mitella_caulescens.asc
Time since start: 3.071
Writing /volumes/output/heuchera_rfolk_5min_global/mitella_caulescens/plots/Mitella_caulescens.png
Ending
