Mon Oct 31 19:35:30 GMT 2022
MaxEnt version 3.4.4
Checking header of /volumes/env/na_2.5min/BIOCLIM_1.asc
Checking header of /volumes/env/na_2.5min/BIOCLIM_12.asc
Checking header of /volumes/env/na_2.5min/BIOCLIM_17.asc
Checking header of /volumes/env/na_2.5min/BIOCLIM_7.asc
Checking header of /volumes/env/na_2.5min/GTOPO30_ELEVATION.asc
Checking header of /volumes/env/na_2.5min/GTOPO30_SLOPE_reduced.asc
Checking header of /volumes/env/na_2.5min/ISRICSOILGRIDS_new_average_coarsefragmentpercent_reduced.asc
Checking header of /volumes/env/na_2.5min/ISRICSOILGRIDS_new_average_phx10percent_reduced.asc
Checking header of /volumes/env/na_2.5min/ISRICSOILGRIDS_new_average_sandpercent_reduced.asc
Checking header of /volumes/env/na_2.5min/ISRICSOILGRIDS_new_average_soilorganiccarboncontent_reduced.asc
Checking header of /volumes/env/na_2.5min/LandCover_1_Needleleaf.asc
Checking header of /volumes/env/na_2.5min/LandCover_6_Herbaceous.asc
Checking header of /volumes/env/na_2.5min/mask.asc
Reading samples from Heuchera_caespitosa.csv
Read samples: max memory 32178700288, total allocated 2118123520, free 2098513920, used 19609600, increment 19609600
Extractor: max memory 32178700288, total allocated 2118123520, free 2090125312, used 27998208, increment 8388608
Extracting random background and sample data
Time since start: 2.639
1219428 points with values for all grids
Adding samples to background in feature space
Command line used:  samplesfile=/volumes/output/heuchera_rfolk_sdm/heuchera_caespitosa/Heuchera_caespitosa.csv -e /volumes/env/na_2.5min -o /volumes/output/heuchera_rfolk_sdm/heuchera_caespitosa nowarnings nocache autorun -z togglelayertype=mask
Command line to repeat: java density.MaxEnt nowarnings noprefixes outputdirectory=/volumes/output/heuchera_rfolk_sdm/heuchera_caespitosa samplesfile=/volumes/output/heuchera_rfolk_sdm/heuchera_caespitosa/Heuchera_caespitosa.csv environmentallayers=/volumes/env/na_2.5min nowarnings autorun novisible nocache -t mask
Species: Heuchera_caespitosa
Layers: BIOCLIM_1 BIOCLIM_12 BIOCLIM_17 BIOCLIM_7 GTOPO30_ELEVATION GTOPO30_SLOPE_reduced ISRICSOILGRIDS_new_average_coarsefragmentpercent_reduced ISRICSOILGRIDS_new_average_phx10percent_reduced ISRICSOILGRIDS_new_average_sandpercent_reduced ISRICSOILGRIDS_new_average_soilorganiccarboncontent_reduced LandCover_1_Needleleaf LandCover_6_Herbaceous mask
Layertypes: Continuous Continuous Continuous Continuous Continuous Continuous Continuous Continuous Continuous Continuous Continuous Continuous Categorical
outputdirectory: /volumes/output/heuchera_rfolk_sdm/heuchera_caespitosa
samplesfile: /volumes/output/heuchera_rfolk_sdm/heuchera_caespitosa/Heuchera_caespitosa.csv
environmentallayers: /volumes/env/na_2.5min
warnings: false
autorun: true
visible: false
cache: false

getSamples: max memory 32178700288, total allocated 2118123520, free 1951964920, used 166158600, increment 138160392
Making features
makeFeatures: max memory 32178700288, total allocated 2118123520, free 1943498264, used 174625256, increment 8466656
Heuchera_caespitosa: 
Regularization values: linear/quadratic/product: 0.800, categorical: 0.500, threshold: 1.900, hinge: 0.500
10 samples
Density: max memory 32178700288, total allocated 2118123520, free 1943498264, used 174625256, increment 0
linearPredictor: max memory 32178700288, total allocated 2118123520, free 1943498264, used 174625256, increment 0
Deactivating (mask=-9999.0)
FeaturedSpace: max memory 32178700288, total allocated 2118123520, free 1943498264, used 174625256, increment 0
Sequential: max memory 32178700288, total allocated 2118123520, free 1943498264, used 174625256, increment 0
Initial loss: 9.211339872309265
120: time = 0.075000 loss = 3.258434
Resulting gain: 5.952905994084607
Projecting...
Writing file /volumes/output/heuchera_rfolk_sdm/heuchera_caespitosa/Heuchera_caespitosa.asc
Time since start: 6.723
Writing /volumes/output/heuchera_rfolk_sdm/heuchera_caespitosa/plots/Heuchera_caespitosa.png
Ending
