Tue Dec 27 14:29:37 CST 2022
MaxEnt version 3.4.4
Checking header of /volumes/env/biotaphy_5min_global/ISRICSOILGRIDS_new_average_phx10percent_reduced.asc
Checking header of /volumes/env/biotaphy_5min_global/mask.asc
Reading samples from Heuchera_parishii.csv
Read samples: max memory 32178700288, total allocated 2118123520, free 2100613120, used 17510400, increment 17510400
Extractor: max memory 32178700288, total allocated 2118123520, free 2098513920, used 19609600, increment 2099200
Extracting random background and sample data
Time since start: 1.037
115 points with values for all grids
Adding samples to background in feature space
Command line used:  samplesfile=/volumes/output/heuchera_rfolk_5min_global/heuchera_parishii/Heuchera_parishii.csv -e /volumes/env/biotaphy_5min_global -o /volumes/output/heuchera_rfolk_5min_global/heuchera_parishii nowarnings nocache autorun -z togglelayertype=mask
Command line to repeat: java density.MaxEnt nowarnings noprefixes outputdirectory=/volumes/output/heuchera_rfolk_5min_global/heuchera_parishii samplesfile=/volumes/output/heuchera_rfolk_5min_global/heuchera_parishii/Heuchera_parishii.csv environmentallayers=/volumes/env/biotaphy_5min_global nowarnings autorun novisible nocache -t mask
Species: Heuchera_parishii
Layers: ISRICSOILGRIDS_new_average_phx10percent_reduced mask
Layertypes: Continuous Categorical
outputdirectory: /volumes/output/heuchera_rfolk_5min_global/heuchera_parishii
samplesfile: /volumes/output/heuchera_rfolk_5min_global/heuchera_parishii/Heuchera_parishii.csv
environmentallayers: /volumes/env/biotaphy_5min_global
warnings: false
autorun: true
visible: false
cache: false

getSamples: max memory 32178700288, total allocated 2118123520, free 916273808, used 1201849712, increment 1182240112
Making features
makeFeatures: max memory 32178700288, total allocated 2118123520, free 916273808, used 1201849712, increment 0
Heuchera_parishii: 
Regularization values: linear/quadratic/product: 0.586, categorical: 0.321, threshold: 1.850, hinge: 0.500
15 samples
Density: max memory 32178700288, total allocated 2118123520, free 916271760, used 1201851760, increment 2048
linearPredictor: max memory 32178700288, total allocated 2118123520, free 916271760, used 1201851760, increment 0
FeaturedSpace: max memory 32178700288, total allocated 2118123520, free 916271760, used 1201851760, increment 0
Sequential: max memory 32178700288, total allocated 2118123520, free 916271760, used 1201851760, increment 0
Initial loss: 4.74493212836325
160: time = 0.018000 loss = 3.832707
Resulting gain: 0.9122247284943179
Projecting...
Writing file /volumes/output/heuchera_rfolk_5min_global/heuchera_parishii/Heuchera_parishii.asc
Time since start: 2.84
Writing /volumes/output/heuchera_rfolk_5min_global/heuchera_parishii/plots/Heuchera_parishii.png
Ending
