Wed Sep 14 16:24:49 CDT 2022
MaxEnt version 3.4.4
Checking header of /volumes/env/worldclim1.4/alt.mxe
Checking header of /volumes/env/worldclim1.4/alt.mxe
Checking header of /volumes/env/worldclim1.4/bio1.mxe
Checking header of /volumes/env/worldclim1.4/bio1.mxe
Checking header of /volumes/env/worldclim1.4/bio10.mxe
Checking header of /volumes/env/worldclim1.4/bio10.mxe
Checking header of /volumes/env/worldclim1.4/bio11.mxe
Checking header of /volumes/env/worldclim1.4/bio11.mxe
Checking header of /volumes/env/worldclim1.4/bio12.mxe
Checking header of /volumes/env/worldclim1.4/bio12.mxe
Checking header of /volumes/env/worldclim1.4/bio13.mxe
Checking header of /volumes/env/worldclim1.4/bio13.mxe
Checking header of /volumes/env/worldclim1.4/bio14.mxe
Checking header of /volumes/env/worldclim1.4/bio14.mxe
Checking header of /volumes/env/worldclim1.4/bio15.mxe
Checking header of /volumes/env/worldclim1.4/bio15.mxe
Checking header of /volumes/env/worldclim1.4/bio16.mxe
Checking header of /volumes/env/worldclim1.4/bio16.mxe
Checking header of /volumes/env/worldclim1.4/bio17.mxe
Checking header of /volumes/env/worldclim1.4/bio17.mxe
Checking header of /volumes/env/worldclim1.4/bio18.mxe
Checking header of /volumes/env/worldclim1.4/bio18.mxe
Checking header of /volumes/env/worldclim1.4/bio19.mxe
Checking header of /volumes/env/worldclim1.4/bio19.mxe
Checking header of /volumes/env/worldclim1.4/bio2.mxe
Checking header of /volumes/env/worldclim1.4/bio2.mxe
Checking header of /volumes/env/worldclim1.4/bio3.mxe
Checking header of /volumes/env/worldclim1.4/bio3.mxe
Checking header of /volumes/env/worldclim1.4/bio4.mxe
Checking header of /volumes/env/worldclim1.4/bio4.mxe
Checking header of /volumes/env/worldclim1.4/bio5.mxe
Checking header of /volumes/env/worldclim1.4/bio5.mxe
Checking header of /volumes/env/worldclim1.4/bio6.mxe
Checking header of /volumes/env/worldclim1.4/bio6.mxe
Checking header of /volumes/env/worldclim1.4/bio7.mxe
Checking header of /volumes/env/worldclim1.4/bio7.mxe
Checking header of /volumes/env/worldclim1.4/bio8.mxe
Checking header of /volumes/env/worldclim1.4/bio8.mxe
Checking header of /volumes/env/worldclim1.4/bio9.mxe
Checking header of /volumes/env/worldclim1.4/bio9.mxe
Checking header of /volumes/env/worldclim1.4/mask.asc
Reading samples from Heuchera rubescens alpicola.csv
Read samples: max memory 32178700288, total allocated 2118123520, free 2100613120, used 17510400, increment 17510400
Extractor: max memory 32178700288, total allocated 2118123520, free 2098513920, used 19609600, increment 2099200
Extracting random background and sample data
Warning: Sample at -24.0, 30.0 in Heuchera rubescens alpicola.csv is missing some environmental data (e.g. alt)
Warning: Skipping sample at -24.0, 30.0
Warning: Sample at -38.804861, 16.894194 in Heuchera rubescens alpicola.csv is missing some environmental data (e.g. alt)
Warning: Skipping sample at -38.804861, 16.894194
3231 points with values for all grids
Adding samples to background in feature space
Command line used:  samplesfile=/volumes/output/heuchera_sdm/Heuchera_rubescens_alpicola/Heuchera rubescens alpicola.csv -e /volumes/env/worldclim1.4 -o /volumes/output/heuchera_sdm/Heuchera_rubescens_alpicola nowarnings nocache autorun -z togglelayertype=mask
Command line to repeat: java density.MaxEnt nowarnings noprefixes outputdirectory=/volumes/output/heuchera_sdm/Heuchera_rubescens_alpicola "samplesfile=/volumes/output/heuchera_sdm/Heuchera_rubescens_alpicola/Heuchera rubescens alpicola.csv" environmentallayers=/volumes/env/worldclim1.4 nowarnings autorun novisible nocache -t mask
Species: Heuchera_rubescens_alpicola
Layers: alt alt bio1 bio1 bio10 bio10 bio11 bio11 bio12 bio12 bio13 bio13 bio14 bio14 bio15 bio15 bio16 bio16 bio17 bio17 bio18 bio18 bio19 bio19 bio2 bio2 bio3 bio3 bio4 bio4 bio5 bio5 bio6 bio6 bio7 bio7 bio8 bio8 bio9 bio9 mask
Layertypes: Continuous Continuous Continuous Continuous Continuous Continuous Continuous Continuous Continuous Continuous Continuous Continuous Continuous Continuous Continuous Continuous Continuous Continuous Continuous Continuous Continuous Continuous Continuous Continuous Continuous Continuous Continuous Continuous Continuous Continuous Continuous Continuous Continuous Continuous Continuous Continuous Continuous Continuous Continuous Continuous Categorical
outputdirectory: /volumes/output/heuchera_sdm/Heuchera_rubescens_alpicola
samplesfile: /volumes/output/heuchera_sdm/Heuchera_rubescens_alpicola/Heuchera rubescens alpicola.csv
environmentallayers: /volumes/env/worldclim1.4
warnings: false
autorun: true
visible: false
cache: false

getSamples: max memory 32178700288, total allocated 2118123520, free 1863625064, used 254498456, increment 234888856
Making features
Time since start: 1.079
makeFeatures: max memory 32178700288, total allocated 2118123520, free 1838461288, used 279662232, increment 25163776
Heuchera_rubescens_alpicola: 
Regularization values: linear/quadratic/product: 0.150, categorical: 0.250, threshold: 1.350, hinge: 0.500
65 samples
Density: max memory 32178700288, total allocated 2118123520, free 1823779176, used 294344344, increment 14682112
linearPredictor: max memory 32178700288, total allocated 2118123520, free 1823779176, used 294344344, increment 0
FeaturedSpace: max memory 32178700288, total allocated 2118123520, free 1823779176, used 294344344, increment 0
Sequential: max memory 32178700288, total allocated 2118123520, free 1823779176, used 294344344, increment 0
Initial loss: 8.080546965824498
Time since start: 2.9
500: time = 1.673000 loss = 6.170102
Resulting gain: 1.9104446731923401
Projecting...
Writing file /volumes/output/heuchera_sdm/Heuchera_rubescens_alpicola/Heuchera_rubescens_alpicola.asc
Time since start: 4.148
Writing /volumes/output/heuchera_sdm/Heuchera_rubescens_alpicola/plots/Heuchera_rubescens_alpicola.png
Ending
