Mon Oct 24 19:49:41 GMT 2022
MaxEnt version 3.4.4
Checking header of /volumes/env/na_2.5min/BIOCLIM_1.asc
Checking header of /volumes/env/na_2.5min/BIOCLIM_10.asc
Checking header of /volumes/env/na_2.5min/BIOCLIM_17.asc
Checking header of /volumes/env/na_2.5min/BIOCLIM_18.asc
Checking header of /volumes/env/na_2.5min/BIOCLIM_19.asc
Checking header of /volumes/env/na_2.5min/BIOCLIM_6.asc
Checking header of /volumes/env/na_2.5min/BIOCLIM_8.asc
Checking header of /volumes/env/na_2.5min/GTOPO30_ASPECT_reduced.asc
Checking header of /volumes/env/na_2.5min/GTOPO30_ELEVATION.asc
Checking header of /volumes/env/na_2.5min/GTOPO30_SLOPE_reduced.asc
Checking header of /volumes/env/na_2.5min/ISRICSOILGRIDS_new_average_coarsefragmentpercent_reduced.asc
Checking header of /volumes/env/na_2.5min/ISRICSOILGRIDS_new_average_siltpercent_reduced.asc
Checking header of /volumes/env/na_2.5min/ISRICSOILGRIDS_new_average_soilorganiccarboncontent_reduced.asc
Checking header of /volumes/env/na_2.5min/LandCover_4_Mixedtrees.asc
Checking header of /volumes/env/na_2.5min/LandCover_5_Shrubs.asc
Checking header of /volumes/env/na_2.5min/mask.asc
Reading samples from Heuchera_rubescens.csv
Read samples: max memory 32178700288, total allocated 2118123520, free 2094301648, used 23821872, increment 23821872
Extractor: max memory 32178700288, total allocated 2118123520, free 2085913040, used 32210480, increment 8388608
Extracting random background and sample data
Warning: Sample at -117.7103, 43.5103 in Heuchera_rubescens.csv is missing some environmental data (e.g. ISRICSOILGRIDS_new_average_siltpercent_reduced)
Warning: Skipping sample at -117.7103, 43.5103
Warning: Sample at -119.0367, 43.4804 in Heuchera_rubescens.csv is missing some environmental data (e.g. ISRICSOILGRIDS_new_average_siltpercent_reduced)
Warning: Skipping sample at -119.0367, 43.4804
Warning: Sample at -117.6972, 43.1318 in Heuchera_rubescens.csv is missing some environmental data (e.g. ISRICSOILGRIDS_new_average_siltpercent_reduced)
Warning: Skipping sample at -117.6972, 43.1318
Warning: Sample at -117.6654, 43.1408 in Heuchera_rubescens.csv is missing some environmental data (e.g. ISRICSOILGRIDS_new_average_siltpercent_reduced)
Warning: Skipping sample at -117.6654, 43.1408
Warning: Sample at -118.5963, 42.647 in Heuchera_rubescens.csv is missing some environmental data (e.g. ISRICSOILGRIDS_new_average_siltpercent_reduced)
Warning: Skipping sample at -118.5963, 42.647
Warning: Sample at -116.98327, 42.5915 in Heuchera_rubescens.csv is missing some environmental data (e.g. ISRICSOILGRIDS_new_average_siltpercent_reduced)
Warning: Skipping sample at -116.98327, 42.5915
Warning: Sample at -119.6555, 42.5493 in Heuchera_rubescens.csv is missing some environmental data (e.g. ISRICSOILGRIDS_new_average_siltpercent_reduced)
Warning: Skipping sample at -119.6555, 42.5493
Warning: Sample at -119.0849, 42.5703 in Heuchera_rubescens.csv is missing some environmental data (e.g. ISRICSOILGRIDS_new_average_siltpercent_reduced)
Warning: Skipping sample at -119.0849, 42.5703
Warning: Sample at -117.1631, 42.545 in Heuchera_rubescens.csv is missing some environmental data (e.g. ISRICSOILGRIDS_new_average_siltpercent_reduced)
Warning: Skipping sample at -117.1631, 42.545
Warning: Sample at -119.83333, 42.5 in Heuchera_rubescens.csv is missing some environmental data (e.g. ISRICSOILGRIDS_new_average_siltpercent_reduced)
Warning: Skipping sample at -119.83333, 42.5
Warning: Sample at -119.8333, 42.5 in Heuchera_rubescens.csv is missing some environmental data (e.g. ISRICSOILGRIDS_new_average_siltpercent_reduced)
Warning: Skipping sample at -119.8333, 42.5
Warning: Sample at -117.3433, 42.4433 in Heuchera_rubescens.csv is missing some environmental data (e.g. ISRICSOILGRIDS_new_average_siltpercent_reduced)
Warning: Skipping sample at -117.3433, 42.4433
Warning: Sample at -118.6129, 42.0419 in Heuchera_rubescens.csv is missing some environmental data (e.g. ISRICSOILGRIDS_new_average_siltpercent_reduced)
Warning: Skipping sample at -118.6129, 42.0419
Warning: Sample at -123.0167, 42.0255 in Heuchera_rubescens.csv is missing some environmental data (e.g. ISRICSOILGRIDS_new_average_siltpercent_reduced)
Warning: Skipping sample at -123.0167, 42.0255
Warning: Sample at -123.6550069, 41.92047526 in Heuchera_rubescens.csv is missing some environmental data (e.g. ISRICSOILGRIDS_new_average_siltpercent_reduced)
Warning: Skipping sample at -123.6550069, 41.92047526
Warning: Sample at -123.19167, 41.91667 in Heuchera_rubescens.csv is missing some environmental data (e.g. ISRICSOILGRIDS_new_average_siltpercent_reduced)
Warning: Skipping sample at -123.19167, 41.91667
Warning: Sample at -122.33139, 41.93778 in Heuchera_rubescens.csv is missing some environmental data (e.g. ISRICSOILGRIDS_new_average_siltpercent_reduced)
Warning: Skipping sample at -122.33139, 41.93778
Warning: Sample at -111.65577, 41.91715 in Heuchera_rubescens.csv is missing some environmental data (e.g. ISRICSOILGRIDS_new_average_siltpercent_reduced)
Warning: Skipping sample at -111.65577, 41.91715
Warning: Sample at -123.6123, 41.8685 in Heuchera_rubescens.csv is missing some environmental data (e.g. ISRICSOILGRIDS_new_average_siltpercent_reduced)
Warning: Skipping sample at -123.6123, 41.8685
Warning: Sample at -122.6055003, 41.80355636 in Heuchera_rubescens.csv is missing some environmental data (e.g. ISRICSOILGRIDS_new_average_siltpercent_reduced)
Warning: Skipping sample at -122.6055003, 41.80355636
Warning: Sample at -123.69333, 41.75556 in Heuchera_rubescens.csv is missing some environmental data (e.g. ISRICSOILGRIDS_new_average_siltpercent_reduced)
Warning: Skipping sample at -123.69333, 41.75556
Warning: Sample at -111.63085, 41.77901 in Heuchera_rubescens.csv is missing some environmental data (e.g. ISRICSOILGRIDS_new_average_siltpercent_reduced)
Warning: Skipping sample at -111.63085, 41.77901
Warning: Sample at -123.67472, 41.73861 in Heuchera_rubescens.csv is missing some environmental data (e.g. ISRICSOILGRIDS_new_average_siltpercent_reduced)
Warning: Skipping sample at -123.67472, 41.73861
Warning: Sample at -111.78352, 41.68833 in Heuchera_rubescens.csv is missing some environmental data (e.g. ISRICSOILGRIDS_new_average_siltpercent_reduced)
Warning: Skipping sample at -111.78352, 41.68833
Warning: Sample at -123.71094, 41.61147 in Heuchera_rubescens.csv is missing some environmental data (e.g. ISRICSOILGRIDS_new_average_siltpercent_reduced)
Warning: Skipping sample at -123.71094, 41.61147
Warning: Sample at -123.2342, 41.4169 in Heuchera_rubescens.csv is missing some environmental data (e.g. ISRICSOILGRIDS_new_average_siltpercent_reduced)
Warning: Skipping sample at -123.2342, 41.4169
Warning: Sample at -122.6353, 41.3341 in Heuchera_rubescens.csv is missing some environmental data (e.g. ISRICSOILGRIDS_new_average_siltpercent_reduced)
Warning: Skipping sample at -122.6353, 41.3341
Warning: Sample at -122.9438, 41.2957 in Heuchera_rubescens.csv is missing some environmental data (e.g. ISRICSOILGRIDS_new_average_siltpercent_reduced)
Warning: Skipping sample at -122.9438, 41.2957
Warning: Sample at -120.2474, 41.3175 in Heuchera_rubescens.csv is missing some environmental data (e.g. ISRICSOILGRIDS_new_average_siltpercent_reduced)
Warning: Skipping sample at -120.2474, 41.3175
Warning: Sample at -123.44556, 41.21722 in Heuchera_rubescens.csv is missing some environmental data (e.g. ISRICSOILGRIDS_new_average_siltpercent_reduced)
Warning: Skipping sample at -123.44556, 41.21722
Warning: Sample at -122.38417, 41.22417 in Heuchera_rubescens.csv is missing some environmental data (e.g. ISRICSOILGRIDS_new_average_siltpercent_reduced)
Warning: Skipping sample at -122.38417, 41.22417
Warning: Sample at -122.3842, 41.2284 in Heuchera_rubescens.csv is missing some environmental data (e.g. ISRICSOILGRIDS_new_average_siltpercent_reduced)
Warning: Skipping sample at -122.3842, 41.2284
Warning: Sample at -122.382826, 41.22697689 in Heuchera_rubescens.csv is missing some environmental data (e.g. ISRICSOILGRIDS_new_average_siltpercent_reduced)
Warning: Skipping sample at -122.382826, 41.22697689
Warning: Sample at -123.40986, 41.18278 in Heuchera_rubescens.csv is missing some environmental data (e.g. ISRICSOILGRIDS_new_average_siltpercent_reduced)
Warning: Skipping sample at -123.40986, 41.18278
Warning: Sample at -123.41283, 41.18958 in Heuchera_rubescens.csv is missing some environmental data (e.g. ISRICSOILGRIDS_new_average_siltpercent_reduced)
Warning: Skipping sample at -123.41283, 41.18958
Warning: Sample at -123.41508, 41.17203 in Heuchera_rubescens.csv is missing some environmental data (e.g. ISRICSOILGRIDS_new_average_siltpercent_reduced)
Warning: Skipping sample at -123.41508, 41.17203
Warning: Sample at -123.47839, 41.13469 in Heuchera_rubescens.csv is missing some environmental data (e.g. ISRICSOILGRIDS_new_average_siltpercent_reduced)
Warning: Skipping sample at -123.47839, 41.13469
Warning: Sample at -123.4819, 41.1058 in Heuchera_rubescens.csv is missing some environmental data (e.g. ISRICSOILGRIDS_new_average_siltpercent_reduced)
Warning: Skipping sample at -123.4819, 41.1058
Warning: Sample at -123.46572, 41.08544 in Heuchera_rubescens.csv is missing some environmental data (e.g. ISRICSOILGRIDS_new_average_siltpercent_reduced)
Warning: Skipping sample at -123.46572, 41.08544
Warning: Sample at -123.48061, 41.12392 in Heuchera_rubescens.csv is missing some environmental data (e.g. ISRICSOILGRIDS_new_average_siltpercent_reduced)
Warning: Skipping sample at -123.48061, 41.12392
Warning: Sample at -123.46497, 41.08375 in Heuchera_rubescens.csv is missing some environmental data (e.g. ISRICSOILGRIDS_new_average_siltpercent_reduced)
Warning: Skipping sample at -123.46497, 41.08375
Warning: Sample at -123.48994, 41.11317 in Heuchera_rubescens.csv is missing some environmental data (e.g. ISRICSOILGRIDS_new_average_siltpercent_reduced)
Warning: Skipping sample at -123.48994, 41.11317
Warning: Sample at -123.4621488, 41.06636985 in Heuchera_rubescens.csv is missing some environmental data (e.g. ISRICSOILGRIDS_new_average_siltpercent_reduced)
Warning: Skipping sample at -123.4621488, 41.06636985
Warning: Sample at -123.462, 41.08092 in Heuchera_rubescens.csv is missing some environmental data (e.g. ISRICSOILGRIDS_new_average_siltpercent_reduced)
Warning: Skipping sample at -123.462, 41.08092
Warning: Sample at -122.9858, 40.814 in Heuchera_rubescens.csv is missing some environmental data (e.g. ISRICSOILGRIDS_new_average_siltpercent_reduced)
Warning: Skipping sample at -122.9858, 40.814
Warning: Sample at -110.60846, 40.66194 in Heuchera_rubescens.csv is missing some environmental data (e.g. ISRICSOILGRIDS_new_average_siltpercent_reduced)
Warning: Skipping sample at -110.60846, 40.66194
Warning: Sample at -111.67194, 40.53111 in Heuchera_rubescens.csv is missing some environmental data (e.g. ISRICSOILGRIDS_new_average_siltpercent_reduced)
Warning: Skipping sample at -111.67194, 40.53111
Warning: Sample at -111.597222, 40.528333 in Heuchera_rubescens.csv is missing some environmental data (e.g. ISRICSOILGRIDS_new_average_siltpercent_reduced)
Warning: Skipping sample at -111.597222, 40.528333
Warning: Sample at -116.86, 40.39 in Heuchera_rubescens.csv is missing some environmental data (e.g. ISRICSOILGRIDS_new_average_siltpercent_reduced)
Warning: Skipping sample at -116.86, 40.39
Warning: Sample at -120.13936, 40.3706097 in Heuchera_rubescens.csv is missing some environmental data (e.g. ISRICSOILGRIDS_new_average_siltpercent_reduced)
Warning: Skipping sample at -120.13936, 40.3706097
Warning: Sample at -120.1205595, 40.37060986 in Heuchera_rubescens.csv is missing some environmental data (e.g. ISRICSOILGRIDS_new_average_siltpercent_reduced)
Warning: Skipping sample at -120.1205595, 40.37060986
Warning: Sample at -121.24, 40.05833 in Heuchera_rubescens.csv is missing some environmental data (e.g. ISRICSOILGRIDS_new_average_siltpercent_reduced)
Warning: Skipping sample at -121.24, 40.05833
Warning: Sample at -120.8875, 40.04472 in Heuchera_rubescens.csv is missing some environmental data (e.g. ISRICSOILGRIDS_new_average_siltpercent_reduced)
Warning: Skipping sample at -120.8875, 40.04472
Warning: Sample at -118.3656, 40.0611 in Heuchera_rubescens.csv is missing some environmental data (e.g. ISRICSOILGRIDS_new_average_siltpercent_reduced)
Warning: Skipping sample at -118.3656, 40.0611
Warning: Sample at -122.957, 39.9601 in Heuchera_rubescens.csv is missing some environmental data (e.g. ISRICSOILGRIDS_new_average_siltpercent_reduced)
Warning: Skipping sample at -122.957, 39.9601
Warning: Sample at -121.3606, 39.9922 in Heuchera_rubescens.csv is missing some environmental data (e.g. ISRICSOILGRIDS_new_average_siltpercent_reduced)
Warning: Skipping sample at -121.3606, 39.9922
Warning: Sample at -113.857222, 39.992499 in Heuchera_rubescens.csv is missing some environmental data (e.g. ISRICSOILGRIDS_new_average_siltpercent_reduced)
Warning: Skipping sample at -113.857222, 39.992499
Warning: Sample at -111.745555, 39.9125 in Heuchera_rubescens.csv is missing some environmental data (e.g. ISRICSOILGRIDS_new_average_siltpercent_reduced)
Warning: Skipping sample at -111.745555, 39.9125
Warning: Sample at -111.729444, 39.902777 in Heuchera_rubescens.csv is missing some environmental data (e.g. ISRICSOILGRIDS_new_average_siltpercent_reduced)
Warning: Skipping sample at -111.729444, 39.902777
Warning: Sample at -113.906111, 39.853333 in Heuchera_rubescens.csv is missing some environmental data (e.g. ISRICSOILGRIDS_new_average_siltpercent_reduced)
Warning: Skipping sample at -113.906111, 39.853333
Warning: Sample at -113.918889, 39.828333 in Heuchera_rubescens.csv is missing some environmental data (e.g. ISRICSOILGRIDS_new_average_siltpercent_reduced)
Warning: Skipping sample at -113.918889, 39.828333
Warning: Sample at -113.933337, 39.800003 in Heuchera_rubescens.csv is missing some environmental data (e.g. ISRICSOILGRIDS_new_average_siltpercent_reduced)
Warning: Skipping sample at -113.933337, 39.800003
Warning: Sample at -113.916944, 39.829166 in Heuchera_rubescens.csv is missing some environmental data (e.g. ISRICSOILGRIDS_new_average_siltpercent_reduced)
Warning: Skipping sample at -113.916944, 39.829166
Warning: Sample at -120.6727, 39.6992 in Heuchera_rubescens.csv is missing some environmental data (e.g. ISRICSOILGRIDS_new_average_siltpercent_reduced)
Warning: Skipping sample at -120.6727, 39.6992
Warning: Sample at -120.6372, 39.454 in Heuchera_rubescens.csv is missing some environmental data (e.g. ISRICSOILGRIDS_new_average_siltpercent_reduced)
Warning: Skipping sample at -120.6372, 39.454
Warning: Sample at -120.4729, 39.3857 in Heuchera_rubescens.csv is missing some environmental data (e.g. ISRICSOILGRIDS_new_average_siltpercent_reduced)
Warning: Skipping sample at -120.4729, 39.3857
Warning: Sample at -120.4886, 39.3558 in Heuchera_rubescens.csv is missing some environmental data (e.g. ISRICSOILGRIDS_new_average_siltpercent_reduced)
Warning: Skipping sample at -120.4886, 39.3558
Warning: Sample at -120.39808, 39.35639 in Heuchera_rubescens.csv is missing some environmental data (e.g. ISRICSOILGRIDS_new_average_siltpercent_reduced)
Warning: Skipping sample at -120.39808, 39.35639
Warning: Sample at -120.3489511, 39.36549576 in Heuchera_rubescens.csv is missing some environmental data (e.g. ISRICSOILGRIDS_new_average_siltpercent_reduced)
Warning: Skipping sample at -120.3489511, 39.36549576
Warning: Sample at -120.3214, 39.369 in Heuchera_rubescens.csv is missing some environmental data (e.g. ISRICSOILGRIDS_new_average_siltpercent_reduced)
Warning: Skipping sample at -120.3214, 39.369
Warning: Sample at -120.6843582, 39.30675413 in Heuchera_rubescens.csv is missing some environmental data (e.g. ISRICSOILGRIDS_new_average_siltpercent_reduced)
Warning: Skipping sample at -120.6843582, 39.30675413
Warning: Sample at -120.5590554, 39.31742495 in Heuchera_rubescens.csv is missing some environmental data (e.g. ISRICSOILGRIDS_new_average_siltpercent_reduced)
Warning: Skipping sample at -120.5590554, 39.31742495
Warning: Sample at -120.5469, 39.3017 in Heuchera_rubescens.csv is missing some environmental data (e.g. ISRICSOILGRIDS_new_average_siltpercent_reduced)
Warning: Skipping sample at -120.5469, 39.3017
Warning: Sample at -120.37889, 39.32333 in Heuchera_rubescens.csv is missing some environmental data (e.g. ISRICSOILGRIDS_new_average_siltpercent_reduced)
Warning: Skipping sample at -120.37889, 39.32333
Warning: Sample at -120.3787, 39.3225 in Heuchera_rubescens.csv is missing some environmental data (e.g. ISRICSOILGRIDS_new_average_siltpercent_reduced)
Warning: Skipping sample at -120.3787, 39.3225
Warning: Sample at -120.32685, 39.31867682 in Heuchera_rubescens.csv is missing some environmental data (e.g. ISRICSOILGRIDS_new_average_siltpercent_reduced)
Warning: Skipping sample at -120.32685, 39.31867682
Warning: Sample at -120.3226499, 39.31976683 in Heuchera_rubescens.csv is missing some environmental data (e.g. ISRICSOILGRIDS_new_average_siltpercent_reduced)
Warning: Skipping sample at -120.3226499, 39.31976683
Warning: Sample at -120.31667, 39.30833 in Heuchera_rubescens.csv is missing some environmental data (e.g. ISRICSOILGRIDS_new_average_siltpercent_reduced)
Warning: Skipping sample at -120.31667, 39.30833
Warning: Sample at -120.3208, 39.3142 in Heuchera_rubescens.csv is missing some environmental data (e.g. ISRICSOILGRIDS_new_average_siltpercent_reduced)
Warning: Skipping sample at -120.3208, 39.3142
Warning: Sample at -120.32611, 39.31333 in Heuchera_rubescens.csv is missing some environmental data (e.g. ISRICSOILGRIDS_new_average_siltpercent_reduced)
Warning: Skipping sample at -120.32611, 39.31333
Warning: Sample at -120.3275, 39.3192 in Heuchera_rubescens.csv is missing some environmental data (e.g. ISRICSOILGRIDS_new_average_siltpercent_reduced)
Warning: Skipping sample at -120.3275, 39.3192
Warning: Sample at -120.30702, 39.29302 in Heuchera_rubescens.csv is missing some environmental data (e.g. ISRICSOILGRIDS_new_average_siltpercent_reduced)
Warning: Skipping sample at -120.30702, 39.29302
Warning: Sample at -120.3216, 39.3159 in Heuchera_rubescens.csv is missing some environmental data (e.g. ISRICSOILGRIDS_new_average_siltpercent_reduced)
Warning: Skipping sample at -120.3216, 39.3159
Warning: Sample at -120.31667, 39.31833 in Heuchera_rubescens.csv is missing some environmental data (e.g. ISRICSOILGRIDS_new_average_siltpercent_reduced)
Warning: Skipping sample at -120.31667, 39.31833
Warning: Sample at -120.2672087, 39.3297371 in Heuchera_rubescens.csv is missing some environmental data (e.g. ISRICSOILGRIDS_new_average_siltpercent_reduced)
Warning: Skipping sample at -120.2672087, 39.3297371
Warning: Sample at -120.6528567, 39.25172543 in Heuchera_rubescens.csv is missing some environmental data (e.g. ISRICSOILGRIDS_new_average_siltpercent_reduced)
Warning: Skipping sample at -120.6528567, 39.25172543
Warning: Sample at -120.4473523, 39.28062655 in Heuchera_rubescens.csv is missing some environmental data (e.g. ISRICSOILGRIDS_new_average_siltpercent_reduced)
Warning: Skipping sample at -120.4473523, 39.28062655
Warning: Sample at -120.3572, 39.2511 in Heuchera_rubescens.csv is missing some environmental data (e.g. ISRICSOILGRIDS_new_average_siltpercent_reduced)
Warning: Skipping sample at -120.3572, 39.2511
Warning: Sample at -120.2975, 39.2587 in Heuchera_rubescens.csv is missing some environmental data (e.g. ISRICSOILGRIDS_new_average_siltpercent_reduced)
Warning: Skipping sample at -120.2975, 39.2587
Warning: Sample at -120.22704, 39.25687 in Heuchera_rubescens.csv is missing some environmental data (e.g. ISRICSOILGRIDS_new_average_siltpercent_reduced)
Warning: Skipping sample at -120.22704, 39.25687
Warning: Sample at -112.183337, 39.283337 in Heuchera_rubescens.csv is missing some environmental data (e.g. ISRICSOILGRIDS_new_average_siltpercent_reduced)
Warning: Skipping sample at -112.183337, 39.283337
Warning: Sample at -120.2088, 39.18873 in Heuchera_rubescens.csv is missing some environmental data (e.g. ISRICSOILGRIDS_new_average_siltpercent_reduced)
Warning: Skipping sample at -120.2088, 39.18873
Warning: Sample at -120.36622, 39.14981 in Heuchera_rubescens.csv is missing some environmental data (e.g. ISRICSOILGRIDS_new_average_siltpercent_reduced)
Warning: Skipping sample at -120.36622, 39.14981
Warning: Sample at -120.00981, 38.98403 in Heuchera_rubescens.csv is missing some environmental data (e.g. GTOPO30_ASPECT_reduced)
Warning: Skipping sample at -120.00981, 38.98403
Warning: Sample at -120.1193901, 38.94459564 in Heuchera_rubescens.csv is missing some environmental data (e.g. ISRICSOILGRIDS_new_average_siltpercent_reduced)
Warning: Skipping sample at -120.1193901, 38.94459564
Warning: Sample at -120.1094, 38.9488 in Heuchera_rubescens.csv is missing some environmental data (e.g. ISRICSOILGRIDS_new_average_siltpercent_reduced)
Warning: Skipping sample at -120.1094, 38.9488
Warning: Sample at -120.1073, 38.9429 in Heuchera_rubescens.csv is missing some environmental data (e.g. ISRICSOILGRIDS_new_average_siltpercent_reduced)
Warning: Skipping sample at -120.1073, 38.9429
Warning: Sample at -120.1063399, 38.95118561 in Heuchera_rubescens.csv is missing some environmental data (e.g. ISRICSOILGRIDS_new_average_siltpercent_reduced)
Warning: Skipping sample at -120.1063399, 38.95118561
Warning: Sample at -120.0517382, 38.92523655 in Heuchera_rubescens.csv is missing some environmental data (e.g. ISRICSOILGRIDS_new_average_siltpercent_reduced)
Warning: Skipping sample at -120.0517382, 38.92523655
Warning: Sample at -120.15, 38.90056 in Heuchera_rubescens.csv is missing some environmental data (e.g. ISRICSOILGRIDS_new_average_siltpercent_reduced)
Warning: Skipping sample at -120.15, 38.90056
Warning: Sample at -120.0927886, 38.87731716 in Heuchera_rubescens.csv is missing some environmental data (e.g. ISRICSOILGRIDS_new_average_siltpercent_reduced)
Warning: Skipping sample at -120.0927886, 38.87731716
Warning: Sample at -120.0627382, 38.90175692 in Heuchera_rubescens.csv is missing some environmental data (e.g. ISRICSOILGRIDS_new_average_siltpercent_reduced)
Warning: Skipping sample at -120.0627382, 38.90175692
Warning: Sample at -120.1323692, 38.85533727 in Heuchera_rubescens.csv is missing some environmental data (e.g. ISRICSOILGRIDS_new_average_siltpercent_reduced)
Warning: Skipping sample at -120.1323692, 38.85533727
Warning: Sample at -120.1119588, 38.86062733 in Heuchera_rubescens.csv is missing some environmental data (e.g. ISRICSOILGRIDS_new_average_siltpercent_reduced)
Warning: Skipping sample at -120.1119588, 38.86062733
Warning: Sample at -120.0678, 38.8624 in Heuchera_rubescens.csv is missing some environmental data (e.g. ISRICSOILGRIDS_new_average_siltpercent_reduced)
Warning: Skipping sample at -120.0678, 38.8624
Warning: Sample at -120.0832982, 38.86626745 in Heuchera_rubescens.csv is missing some environmental data (e.g. ISRICSOILGRIDS_new_average_siltpercent_reduced)
Warning: Skipping sample at -120.0832982, 38.86626745
Warning: Sample at -120.07444, 38.84278 in Heuchera_rubescens.csv is missing some environmental data (e.g. ISRICSOILGRIDS_new_average_siltpercent_reduced)
Warning: Skipping sample at -120.07444, 38.84278
Warning: Sample at -120.07194, 38.85667 in Heuchera_rubescens.csv is missing some environmental data (e.g. ISRICSOILGRIDS_new_average_siltpercent_reduced)
Warning: Skipping sample at -120.07194, 38.85667
Warning: Sample at -120.1016, 38.8329 in Heuchera_rubescens.csv is missing some environmental data (e.g. ISRICSOILGRIDS_new_average_siltpercent_reduced)
Warning: Skipping sample at -120.1016, 38.8329
Warning: Sample at -120.1016, 38.8332 in Heuchera_rubescens.csv is missing some environmental data (e.g. ISRICSOILGRIDS_new_average_siltpercent_reduced)
Warning: Skipping sample at -120.1016, 38.8332
Warning: Sample at -120.0437566, 38.8187787 in Heuchera_rubescens.csv is missing some environmental data (e.g. ISRICSOILGRIDS_new_average_siltpercent_reduced)
Warning: Skipping sample at -120.0437566, 38.8187787
Warning: Sample at -120.0212, 38.7936 in Heuchera_rubescens.csv is missing some environmental data (e.g. ISRICSOILGRIDS_new_average_siltpercent_reduced)
Warning: Skipping sample at -120.0212, 38.7936
Warning: Sample at -119.83972, 38.76806 in Heuchera_rubescens.csv is missing some environmental data (e.g. ISRICSOILGRIDS_new_average_siltpercent_reduced)
Warning: Skipping sample at -119.83972, 38.76806
Warning: Sample at -120.47009, 38.73742 in Heuchera_rubescens.csv is missing some environmental data (e.g. ISRICSOILGRIDS_new_average_siltpercent_reduced)
Warning: Skipping sample at -120.47009, 38.73742
Warning: Sample at -119.977, 38.7214 in Heuchera_rubescens.csv is missing some environmental data (e.g. ISRICSOILGRIDS_new_average_siltpercent_reduced)
Warning: Skipping sample at -119.977, 38.7214
Warning: Sample at -119.9809341, 38.73368088 in Heuchera_rubescens.csv is missing some environmental data (e.g. ISRICSOILGRIDS_new_average_siltpercent_reduced)
Warning: Skipping sample at -119.9809341, 38.73368088
Warning: Sample at -120.05462, 38.70437 in Heuchera_rubescens.csv is missing some environmental data (e.g. ISRICSOILGRIDS_new_average_siltpercent_reduced)
Warning: Skipping sample at -120.05462, 38.70437
Warning: Sample at -120.0546, 38.7044 in Heuchera_rubescens.csv is missing some environmental data (e.g. ISRICSOILGRIDS_new_average_siltpercent_reduced)
Warning: Skipping sample at -120.0546, 38.7044
Warning: Sample at -119.9875, 38.69389 in Heuchera_rubescens.csv is missing some environmental data (e.g. ISRICSOILGRIDS_new_average_siltpercent_reduced)
Warning: Skipping sample at -119.9875, 38.69389
Warning: Sample at -119.985, 38.6794 in Heuchera_rubescens.csv is missing some environmental data (e.g. ISRICSOILGRIDS_new_average_siltpercent_reduced)
Warning: Skipping sample at -119.985, 38.6794
Warning: Sample at -119.985, 38.67937 in Heuchera_rubescens.csv is missing some environmental data (e.g. ISRICSOILGRIDS_new_average_siltpercent_reduced)
Warning: Skipping sample at -119.985, 38.67937
Warning: Sample at -119.9875, 38.6939 in Heuchera_rubescens.csv is missing some environmental data (e.g. ISRICSOILGRIDS_new_average_siltpercent_reduced)
Warning: Skipping sample at -119.9875, 38.6939
Warning: Sample at -119.708827, 38.685334 in Heuchera_rubescens.csv is missing some environmental data (e.g. ISRICSOILGRIDS_new_average_siltpercent_reduced)
Warning: Skipping sample at -119.708827, 38.685334
Warning: Sample at -120.03965, 38.66371 in Heuchera_rubescens.csv is missing some environmental data (e.g. ISRICSOILGRIDS_new_average_siltpercent_reduced)
Warning: Skipping sample at -120.03965, 38.66371
Warning: Sample at -120.0003, 38.6636 in Heuchera_rubescens.csv is missing some environmental data (e.g. ISRICSOILGRIDS_new_average_siltpercent_reduced)
Warning: Skipping sample at -120.0003, 38.6636
Warning: Sample at -120.0396, 38.6637 in Heuchera_rubescens.csv is missing some environmental data (e.g. ISRICSOILGRIDS_new_average_siltpercent_reduced)
Warning: Skipping sample at -120.0396, 38.6637
Warning: Sample at -120.00028, 38.66361 in Heuchera_rubescens.csv is missing some environmental data (e.g. ISRICSOILGRIDS_new_average_siltpercent_reduced)
Warning: Skipping sample at -120.00028, 38.66361
Warning: Sample at -119.9655, 38.6649 in Heuchera_rubescens.csv is missing some environmental data (e.g. ISRICSOILGRIDS_new_average_siltpercent_reduced)
Warning: Skipping sample at -119.9655, 38.6649
Warning: Sample at -119.96551, 38.66485 in Heuchera_rubescens.csv is missing some environmental data (e.g. ISRICSOILGRIDS_new_average_siltpercent_reduced)
Warning: Skipping sample at -119.96551, 38.66485
Warning: Sample at -119.5197, 38.5674 in Heuchera_rubescens.csv is missing some environmental data (e.g. ISRICSOILGRIDS_new_average_siltpercent_reduced)
Warning: Skipping sample at -119.5197, 38.5674
Warning: Sample at -108.64617, 38.58238 in Heuchera_rubescens.csv is missing some environmental data (e.g. ISRICSOILGRIDS_new_average_siltpercent_reduced)
Warning: Skipping sample at -108.64617, 38.58238
Warning: Sample at -112.23, 38.4492 in Heuchera_rubescens.csv is missing some environmental data (e.g. ISRICSOILGRIDS_new_average_siltpercent_reduced)
Warning: Skipping sample at -112.23, 38.4492
Warning: Sample at -119.7429039, 38.38203985 in Heuchera_rubescens.csv is missing some environmental data (e.g. ISRICSOILGRIDS_new_average_siltpercent_reduced)
Warning: Skipping sample at -119.7429039, 38.38203985
Warning: Sample at -119.8514561, 38.35290959 in Heuchera_rubescens.csv is missing some environmental data (e.g. ISRICSOILGRIDS_new_average_siltpercent_reduced)
Warning: Skipping sample at -119.8514561, 38.35290959
Warning: Sample at -119.83278, 38.34111 in Heuchera_rubescens.csv is missing some environmental data (e.g. ISRICSOILGRIDS_new_average_siltpercent_reduced)
Warning: Skipping sample at -119.83278, 38.34111
Warning: Sample at -119.1871, 38.3705 in Heuchera_rubescens.csv is missing some environmental data (e.g. ISRICSOILGRIDS_new_average_siltpercent_reduced)
Warning: Skipping sample at -119.1871, 38.3705
Warning: Sample at -119.7486232, 38.31323121 in Heuchera_rubescens.csv is missing some environmental data (e.g. ISRICSOILGRIDS_new_average_siltpercent_reduced)
Warning: Skipping sample at -119.7486232, 38.31323121
Warning: Sample at -119.63417, 38.32833 in Heuchera_rubescens.csv is missing some environmental data (e.g. ISRICSOILGRIDS_new_average_siltpercent_reduced)
Warning: Skipping sample at -119.63417, 38.32833
Warning: Sample at -119.5754191, 38.31245259 in Heuchera_rubescens.csv is missing some environmental data (e.g. ISRICSOILGRIDS_new_average_siltpercent_reduced)
Warning: Skipping sample at -119.5754191, 38.31245259
Warning: Sample at -119.7332224, 38.280962 in Heuchera_rubescens.csv is missing some environmental data (e.g. ISRICSOILGRIDS_new_average_siltpercent_reduced)
Warning: Skipping sample at -119.7332224, 38.280962
Warning: Sample at -119.4378, 38.1408 in Heuchera_rubescens.csv is missing some environmental data (e.g. ISRICSOILGRIDS_new_average_siltpercent_reduced)
Warning: Skipping sample at -119.4378, 38.1408
Warning: Sample at -119.3793123, 38.13835772 in Heuchera_rubescens.csv is missing some environmental data (e.g. ISRICSOILGRIDS_new_average_siltpercent_reduced)
Warning: Skipping sample at -119.3793123, 38.13835772
Warning: Sample at -119.35071, 38.0659 in Heuchera_rubescens.csv is missing some environmental data (e.g. ISRICSOILGRIDS_new_average_siltpercent_reduced)
Warning: Skipping sample at -119.35071, 38.0659
Warning: Sample at -119.2948294, 38.06735986 in Heuchera_rubescens.csv is missing some environmental data (e.g. ISRICSOILGRIDS_new_average_siltpercent_reduced)
Warning: Skipping sample at -119.2948294, 38.06735986
Warning: Sample at -119.46, 38.01528 in Heuchera_rubescens.csv is missing some environmental data (e.g. ISRICSOILGRIDS_new_average_siltpercent_reduced)
Warning: Skipping sample at -119.46, 38.01528
Warning: Sample at -119.2441077, 38.02686111 in Heuchera_rubescens.csv is missing some environmental data (e.g. ISRICSOILGRIDS_new_average_siltpercent_reduced)
Warning: Skipping sample at -119.2441077, 38.02686111
Warning: Sample at -119.2985, 37.9624 in Heuchera_rubescens.csv is missing some environmental data (e.g. ISRICSOILGRIDS_new_average_siltpercent_reduced)
Warning: Skipping sample at -119.2985, 37.9624
Warning: Sample at -119.3175, 37.9716 in Heuchera_rubescens.csv is missing some environmental data (e.g. ISRICSOILGRIDS_new_average_siltpercent_reduced)
Warning: Skipping sample at -119.3175, 37.9716
Warning: Sample at -119.2613, 37.9783 in Heuchera_rubescens.csv is missing some environmental data (e.g. ISRICSOILGRIDS_new_average_siltpercent_reduced)
Warning: Skipping sample at -119.2613, 37.9783
Warning: Sample at -119.3393088, 37.9354623 in Heuchera_rubescens.csv is missing some environmental data (e.g. ISRICSOILGRIDS_new_average_siltpercent_reduced)
Warning: Skipping sample at -119.3393088, 37.9354623
Warning: Sample at -119.3300086, 37.93506238 in Heuchera_rubescens.csv is missing some environmental data (e.g. ISRICSOILGRIDS_new_average_siltpercent_reduced)
Warning: Skipping sample at -119.3300086, 37.93506238
Warning: Sample at -119.32657, 37.93396 in Heuchera_rubescens.csv is missing some environmental data (e.g. ISRICSOILGRIDS_new_average_siltpercent_reduced)
Warning: Skipping sample at -119.32657, 37.93396
Warning: Sample at -119.25144, 37.93342 in Heuchera_rubescens.csv is missing some environmental data (e.g. ISRICSOILGRIDS_new_average_siltpercent_reduced)
Warning: Skipping sample at -119.25144, 37.93342
Warning: Sample at -119.2579, 37.9376 in Heuchera_rubescens.csv is missing some environmental data (e.g. ISRICSOILGRIDS_new_average_siltpercent_reduced)
Warning: Skipping sample at -119.2579, 37.9376
Warning: Sample at -119.25306, 37.93503 in Heuchera_rubescens.csv is missing some environmental data (e.g. ISRICSOILGRIDS_new_average_siltpercent_reduced)
Warning: Skipping sample at -119.25306, 37.93503
Warning: Sample at -119.26, 37.947 in Heuchera_rubescens.csv is missing some environmental data (e.g. ISRICSOILGRIDS_new_average_siltpercent_reduced)
Warning: Skipping sample at -119.26, 37.947
Warning: Sample at -119.2901, 37.9532 in Heuchera_rubescens.csv is missing some environmental data (e.g. ISRICSOILGRIDS_new_average_siltpercent_reduced)
Warning: Skipping sample at -119.2901, 37.9532
Warning: Sample at -119.2495, 37.9383 in Heuchera_rubescens.csv is missing some environmental data (e.g. ISRICSOILGRIDS_new_average_siltpercent_reduced)
Warning: Skipping sample at -119.2495, 37.9383
Warning: Sample at -119.3398, 37.8895 in Heuchera_rubescens.csv is missing some environmental data (e.g. ISRICSOILGRIDS_new_average_siltpercent_reduced)
Warning: Skipping sample at -119.3398, 37.8895
Warning: Sample at -119.3458484, 37.88456333 in Heuchera_rubescens.csv is missing some environmental data (e.g. ISRICSOILGRIDS_new_average_siltpercent_reduced)
Warning: Skipping sample at -119.3458484, 37.88456333
Warning: Sample at -119.253, 37.9095 in Heuchera_rubescens.csv is missing some environmental data (e.g. ISRICSOILGRIDS_new_average_siltpercent_reduced)
Warning: Skipping sample at -119.253, 37.9095
Warning: Sample at -119.6243, 37.8511 in Heuchera_rubescens.csv is missing some environmental data (e.g. ISRICSOILGRIDS_new_average_siltpercent_reduced)
Warning: Skipping sample at -119.6243, 37.8511
Warning: Sample at -119.1883044, 37.86556496 in Heuchera_rubescens.csv is missing some environmental data (e.g. ISRICSOILGRIDS_new_average_siltpercent_reduced)
Warning: Skipping sample at -119.1883044, 37.86556496
Warning: Sample at -112.5922, 37.8516 in Heuchera_rubescens.csv is missing some environmental data (e.g. ISRICSOILGRIDS_new_average_siltpercent_reduced)
Warning: Skipping sample at -112.5922, 37.8516
Warning: Sample at -119.4581, 37.8296 in Heuchera_rubescens.csv is missing some environmental data (e.g. ISRICSOILGRIDS_new_average_siltpercent_reduced)
Warning: Skipping sample at -119.4581, 37.8296
Warning: Sample at -111.512735, 37.805236 in Heuchera_rubescens.csv is missing some environmental data (e.g. ISRICSOILGRIDS_new_average_siltpercent_reduced)
Warning: Skipping sample at -111.512735, 37.805236
Warning: Sample at -111.52, 37.83 in Heuchera_rubescens.csv is missing some environmental data (e.g. ISRICSOILGRIDS_new_average_siltpercent_reduced)
Warning: Skipping sample at -111.52, 37.83
Warning: Sample at -119.5332, 37.7866 in Heuchera_rubescens.csv is missing some environmental data (e.g. ISRICSOILGRIDS_new_average_siltpercent_reduced)
Warning: Skipping sample at -119.5332, 37.7866
Warning: Sample at -119.249, 37.7611 in Heuchera_rubescens.csv is missing some environmental data (e.g. ISRICSOILGRIDS_new_average_siltpercent_reduced)
Warning: Skipping sample at -119.249, 37.7611
Warning: Sample at -118.5601887, 37.7885714 in Heuchera_rubescens.csv is missing some environmental data (e.g. ISRICSOILGRIDS_new_average_siltpercent_reduced)
Warning: Skipping sample at -118.5601887, 37.7885714
Warning: Sample at -111.5, 37.754167 in Heuchera_rubescens.csv is missing some environmental data (e.g. ISRICSOILGRIDS_new_average_siltpercent_reduced)
Warning: Skipping sample at -111.5, 37.754167
Warning: Sample at -119.5907124, 37.74486444 in Heuchera_rubescens.csv is missing some environmental data (e.g. ISRICSOILGRIDS_new_average_siltpercent_reduced)
Warning: Skipping sample at -119.5907124, 37.74486444
Warning: Sample at -119.6116, 37.7264 in Heuchera_rubescens.csv is missing some environmental data (e.g. ISRICSOILGRIDS_new_average_siltpercent_reduced)
Warning: Skipping sample at -119.6116, 37.7264
Warning: Sample at -119.5797, 37.7116 in Heuchera_rubescens.csv is missing some environmental data (e.g. ISRICSOILGRIDS_new_average_siltpercent_reduced)
Warning: Skipping sample at -119.5797, 37.7116
Warning: Sample at -119.5314, 37.7257 in Heuchera_rubescens.csv is missing some environmental data (e.g. ISRICSOILGRIDS_new_average_siltpercent_reduced)
Warning: Skipping sample at -119.5314, 37.7257
Warning: Sample at -119.46, 37.74 in Heuchera_rubescens.csv is missing some environmental data (e.g. ISRICSOILGRIDS_new_average_siltpercent_reduced)
Warning: Skipping sample at -119.46, 37.74
Warning: Sample at -119.409, 37.74 in Heuchera_rubescens.csv is missing some environmental data (e.g. ISRICSOILGRIDS_new_average_siltpercent_reduced)
Warning: Skipping sample at -119.409, 37.74
Warning: Sample at -119.2706, 37.7394 in Heuchera_rubescens.csv is missing some environmental data (e.g. ISRICSOILGRIDS_new_average_siltpercent_reduced)
Warning: Skipping sample at -119.2706, 37.7394
Warning: Sample at -119.1075, 37.7453 in Heuchera_rubescens.csv is missing some environmental data (e.g. ISRICSOILGRIDS_new_average_siltpercent_reduced)
Warning: Skipping sample at -119.1075, 37.7453
Warning: Sample at -118.2278, 37.6667 in Heuchera_rubescens.csv is missing some environmental data (e.g. ISRICSOILGRIDS_new_average_siltpercent_reduced)
Warning: Skipping sample at -118.2278, 37.6667
Warning: Sample at -119.08639, 37.62528 in Heuchera_rubescens.csv is missing some environmental data (e.g. ISRICSOILGRIDS_new_average_siltpercent_reduced)
Warning: Skipping sample at -119.08639, 37.62528
Warning: Sample at -119.03111, 37.63444 in Heuchera_rubescens.csv is missing some environmental data (e.g. ISRICSOILGRIDS_new_average_siltpercent_reduced)
Warning: Skipping sample at -119.03111, 37.63444
Warning: Sample at -118.99789, 37.62572 in Heuchera_rubescens.csv is missing some environmental data (e.g. ISRICSOILGRIDS_new_average_siltpercent_reduced)
Warning: Skipping sample at -118.99789, 37.62572
Warning: Sample at -118.99694, 37.63083 in Heuchera_rubescens.csv is missing some environmental data (e.g. ISRICSOILGRIDS_new_average_siltpercent_reduced)
Warning: Skipping sample at -118.99694, 37.63083
Warning: Sample at -119.0866589, 37.61075123 in Heuchera_rubescens.csv is missing some environmental data (e.g. ISRICSOILGRIDS_new_average_siltpercent_reduced)
Warning: Skipping sample at -119.0866589, 37.61075123
Warning: Sample at -119.0072, 37.5922 in Heuchera_rubescens.csv is missing some environmental data (e.g. ISRICSOILGRIDS_new_average_siltpercent_reduced)
Warning: Skipping sample at -119.0072, 37.5922
Warning: Sample at -118.8666934, 37.5838735 in Heuchera_rubescens.csv is missing some environmental data (e.g. ISRICSOILGRIDS_new_average_siltpercent_reduced)
Warning: Skipping sample at -118.8666934, 37.5838735
Warning: Sample at -118.9643, 37.5606 in Heuchera_rubescens.csv is missing some environmental data (e.g. ISRICSOILGRIDS_new_average_siltpercent_reduced)
Warning: Skipping sample at -118.9643, 37.5606
Warning: Sample at -118.88, 37.55167 in Heuchera_rubescens.csv is missing some environmental data (e.g. ISRICSOILGRIDS_new_average_siltpercent_reduced)
Warning: Skipping sample at -118.88, 37.55167
Warning: Sample at -118.86667, 37.55 in Heuchera_rubescens.csv is missing some environmental data (e.g. ISRICSOILGRIDS_new_average_siltpercent_reduced)
Warning: Skipping sample at -118.86667, 37.55
Warning: Sample at -118.8647, 37.5454 in Heuchera_rubescens.csv is missing some environmental data (e.g. ISRICSOILGRIDS_new_average_siltpercent_reduced)
Warning: Skipping sample at -118.8647, 37.5454
Warning: Sample at -118.8724, 37.5557 in Heuchera_rubescens.csv is missing some environmental data (e.g. ISRICSOILGRIDS_new_average_siltpercent_reduced)
Warning: Skipping sample at -118.8724, 37.5557
Warning: Sample at -119.50027, 37.51695 in Heuchera_rubescens.csv is missing some environmental data (e.g. ISRICSOILGRIDS_new_average_siltpercent_reduced)
Warning: Skipping sample at -119.50027, 37.51695
Warning: Sample at -118.8612, 37.5411 in Heuchera_rubescens.csv is missing some environmental data (e.g. ISRICSOILGRIDS_new_average_siltpercent_reduced)
Warning: Skipping sample at -118.8612, 37.5411
Warning: Sample at -118.1035748, 37.52948044 in Heuchera_rubescens.csv is missing some environmental data (e.g. ISRICSOILGRIDS_new_average_siltpercent_reduced)
Warning: Skipping sample at -118.1035748, 37.52948044
Warning: Sample at -118.724, 37.4739 in Heuchera_rubescens.csv is missing some environmental data (e.g. ISRICSOILGRIDS_new_average_siltpercent_reduced)
Warning: Skipping sample at -118.724, 37.4739
Warning: Sample at -118.1393, 37.4976 in Heuchera_rubescens.csv is missing some environmental data (e.g. ISRICSOILGRIDS_new_average_siltpercent_reduced)
Warning: Skipping sample at -118.1393, 37.4976
Warning: Sample at -118.7467, 37.4359 in Heuchera_rubescens.csv is missing some environmental data (e.g. ISRICSOILGRIDS_new_average_siltpercent_reduced)
Warning: Skipping sample at -118.7467, 37.4359
Warning: Sample at -118.7466, 37.4358 in Heuchera_rubescens.csv is missing some environmental data (e.g. ISRICSOILGRIDS_new_average_siltpercent_reduced)
Warning: Skipping sample at -118.7466, 37.4358
Warning: Sample at -118.1098, 37.4354 in Heuchera_rubescens.csv is missing some environmental data (e.g. ISRICSOILGRIDS_new_average_siltpercent_reduced)
Warning: Skipping sample at -118.1098, 37.4354
Warning: Sample at -118.0714, 37.4298 in Heuchera_rubescens.csv is missing some environmental data (e.g. ISRICSOILGRIDS_new_average_siltpercent_reduced)
Warning: Skipping sample at -118.0714, 37.4298
Warning: Sample at -118.7704, 37.4148 in Heuchera_rubescens.csv is missing some environmental data (e.g. ISRICSOILGRIDS_new_average_siltpercent_reduced)
Warning: Skipping sample at -118.7704, 37.4148
Warning: Sample at -118.7735, 37.4149 in Heuchera_rubescens.csv is missing some environmental data (e.g. ISRICSOILGRIDS_new_average_siltpercent_reduced)
Warning: Skipping sample at -118.7735, 37.4149
Warning: Sample at -118.2219, 37.4009 in Heuchera_rubescens.csv is missing some environmental data (e.g. ISRICSOILGRIDS_new_average_siltpercent_reduced)
Warning: Skipping sample at -118.2219, 37.4009
Warning: Sample at -118.8612, 37.3507 in Heuchera_rubescens.csv is missing some environmental data (e.g. ISRICSOILGRIDS_new_average_siltpercent_reduced)
Warning: Skipping sample at -118.8612, 37.3507
Warning: Sample at -118.83203, 37.35832 in Heuchera_rubescens.csv is missing some environmental data (e.g. ISRICSOILGRIDS_new_average_siltpercent_reduced)
Warning: Skipping sample at -118.83203, 37.35832
Warning: Sample at -118.68777, 37.36158 in Heuchera_rubescens.csv is missing some environmental data (e.g. ISRICSOILGRIDS_new_average_siltpercent_reduced)
Warning: Skipping sample at -118.68777, 37.36158
Warning: Sample at -118.6877865, 37.3545799 in Heuchera_rubescens.csv is missing some environmental data (e.g. ISRICSOILGRIDS_new_average_siltpercent_reduced)
Warning: Skipping sample at -118.6877865, 37.3545799
Warning: Sample at -118.1404, 37.3659 in Heuchera_rubescens.csv is missing some environmental data (e.g. ISRICSOILGRIDS_new_average_siltpercent_reduced)
Warning: Skipping sample at -118.1404, 37.3659
Warning: Sample at -119.0779949, 37.29467828 in Heuchera_rubescens.csv is missing some environmental data (e.g. ISRICSOILGRIDS_new_average_siltpercent_reduced)
Warning: Skipping sample at -119.0779949, 37.29467828
Warning: Sample at -119.06222, 37.32028 in Heuchera_rubescens.csv is missing some environmental data (e.g. ISRICSOILGRIDS_new_average_siltpercent_reduced)
Warning: Skipping sample at -119.06222, 37.32028
Warning: Sample at -118.8592101, 37.3144695 in Heuchera_rubescens.csv is missing some environmental data (e.g. ISRICSOILGRIDS_new_average_siltpercent_reduced)
Warning: Skipping sample at -118.8592101, 37.3144695
Warning: Sample at -118.8065, 37.3088 in Heuchera_rubescens.csv is missing some environmental data (e.g. ISRICSOILGRIDS_new_average_siltpercent_reduced)
Warning: Skipping sample at -118.8065, 37.3088
Warning: Sample at -118.232, 37.297 in Heuchera_rubescens.csv is missing some environmental data (e.g. ISRICSOILGRIDS_new_average_siltpercent_reduced)
Warning: Skipping sample at -118.232, 37.297
Warning: Sample at -118.234, 37.2929 in Heuchera_rubescens.csv is missing some environmental data (e.g. ISRICSOILGRIDS_new_average_siltpercent_reduced)
Warning: Skipping sample at -118.234, 37.2929
Warning: Sample at -118.23405, 37.29287 in Heuchera_rubescens.csv is missing some environmental data (e.g. ISRICSOILGRIDS_new_average_siltpercent_reduced)
Warning: Skipping sample at -118.23405, 37.29287
Warning: Sample at -118.1585, 37.3204 in Heuchera_rubescens.csv is missing some environmental data (e.g. ISRICSOILGRIDS_new_average_siltpercent_reduced)
Warning: Skipping sample at -118.1585, 37.3204
Warning: Sample at -119.1756471, 37.28434777 in Heuchera_rubescens.csv is missing some environmental data (e.g. ISRICSOILGRIDS_new_average_siltpercent_reduced)
Warning: Skipping sample at -119.1756471, 37.28434777
Warning: Sample at -118.96111, 37.28306 in Heuchera_rubescens.csv is missing some environmental data (e.g. ISRICSOILGRIDS_new_average_siltpercent_reduced)
Warning: Skipping sample at -118.96111, 37.28306
Warning: Sample at -118.7786, 37.2664 in Heuchera_rubescens.csv is missing some environmental data (e.g. ISRICSOILGRIDS_new_average_siltpercent_reduced)
Warning: Skipping sample at -118.7786, 37.2664
Warning: Sample at -118.705966, 37.27401156 in Heuchera_rubescens.csv is missing some environmental data (e.g. ISRICSOILGRIDS_new_average_siltpercent_reduced)
Warning: Skipping sample at -118.705966, 37.27401156
Warning: Sample at -118.1586728, 37.25488609 in Heuchera_rubescens.csv is missing some environmental data (e.g. ISRICSOILGRIDS_new_average_siltpercent_reduced)
Warning: Skipping sample at -118.1586728, 37.25488609
Warning: Sample at -118.1507, 37.2594 in Heuchera_rubescens.csv is missing some environmental data (e.g. ISRICSOILGRIDS_new_average_siltpercent_reduced)
Warning: Skipping sample at -118.1507, 37.2594
Warning: Sample at -119.236988, 37.23613838 in Heuchera_rubescens.csv is missing some environmental data (e.g. ISRICSOILGRIDS_new_average_siltpercent_reduced)
Warning: Skipping sample at -119.236988, 37.23613838
Warning: Sample at -118.6344937, 37.21988331 in Heuchera_rubescens.csv is missing some environmental data (e.g. ISRICSOILGRIDS_new_average_siltpercent_reduced)
Warning: Skipping sample at -118.6344937, 37.21988331
Warning: Sample at -118.60333, 37.23139 in Heuchera_rubescens.csv is missing some environmental data (e.g. ISRICSOILGRIDS_new_average_siltpercent_reduced)
Warning: Skipping sample at -118.60333, 37.23139
Warning: Sample at -118.60352, 37.23152 in Heuchera_rubescens.csv is missing some environmental data (e.g. ISRICSOILGRIDS_new_average_siltpercent_reduced)
Warning: Skipping sample at -118.60352, 37.23152
Warning: Sample at -118.606, 37.217 in Heuchera_rubescens.csv is missing some environmental data (e.g. ISRICSOILGRIDS_new_average_siltpercent_reduced)
Warning: Skipping sample at -118.606, 37.217
Warning: Sample at -118.56722, 37.24639 in Heuchera_rubescens.csv is missing some environmental data (e.g. ISRICSOILGRIDS_new_average_siltpercent_reduced)
Warning: Skipping sample at -118.56722, 37.24639
Warning: Sample at -118.1916735, 37.24388609 in Heuchera_rubescens.csv is missing some environmental data (e.g. ISRICSOILGRIDS_new_average_siltpercent_reduced)
Warning: Skipping sample at -118.1916735, 37.24388609
Warning: Sample at -118.15678, 37.24569 in Heuchera_rubescens.csv is missing some environmental data (e.g. ISRICSOILGRIDS_new_average_siltpercent_reduced)
Warning: Skipping sample at -118.15678, 37.24569
Warning: Sample at -119.05056, 37.18167 in Heuchera_rubescens.csv is missing some environmental data (e.g. ISRICSOILGRIDS_new_average_siltpercent_reduced)
Warning: Skipping sample at -119.05056, 37.18167
Warning: Sample at -118.6946, 37.1672 in Heuchera_rubescens.csv is missing some environmental data (e.g. ISRICSOILGRIDS_new_average_siltpercent_reduced)
Warning: Skipping sample at -118.6946, 37.1672
Warning: Sample at -118.7032748, 37.1841236 in Heuchera_rubescens.csv is missing some environmental data (e.g. ISRICSOILGRIDS_new_average_siltpercent_reduced)
Warning: Skipping sample at -118.7032748, 37.1841236
Warning: Sample at -118.63563, 37.17562 in Heuchera_rubescens.csv is missing some environmental data (e.g. ISRICSOILGRIDS_new_average_siltpercent_reduced)
Warning: Skipping sample at -118.63563, 37.17562
Warning: Sample at -118.5726818, 37.18788449 in Heuchera_rubescens.csv is missing some environmental data (e.g. ISRICSOILGRIDS_new_average_siltpercent_reduced)
Warning: Skipping sample at -118.5726818, 37.18788449
Warning: Sample at -118.85043, 37.15057 in Heuchera_rubescens.csv is missing some environmental data (e.g. ISRICSOILGRIDS_new_average_siltpercent_reduced)
Warning: Skipping sample at -118.85043, 37.15057
Warning: Sample at -118.8496, 37.1517 in Heuchera_rubescens.csv is missing some environmental data (e.g. ISRICSOILGRIDS_new_average_siltpercent_reduced)
Warning: Skipping sample at -118.8496, 37.1517
Warning: Sample at -118.72722, 37.10139 in Heuchera_rubescens.csv is missing some environmental data (e.g. ISRICSOILGRIDS_new_average_siltpercent_reduced)
Warning: Skipping sample at -118.72722, 37.10139
Warning: Sample at -118.491, 37.1241 in Heuchera_rubescens.csv is missing some environmental data (e.g. ISRICSOILGRIDS_new_average_siltpercent_reduced)
Warning: Skipping sample at -118.491, 37.1241
Warning: Sample at -118.49463, 37.12297 in Heuchera_rubescens.csv is missing some environmental data (e.g. ISRICSOILGRIDS_new_average_siltpercent_reduced)
Warning: Skipping sample at -118.49463, 37.12297
Warning: Sample at -118.44978, 37.10673 in Heuchera_rubescens.csv is missing some environmental data (e.g. ISRICSOILGRIDS_new_average_siltpercent_reduced)
Warning: Skipping sample at -118.44978, 37.10673
Warning: Sample at -118.44587, 37.10708 in Heuchera_rubescens.csv is missing some environmental data (e.g. ISRICSOILGRIDS_new_average_siltpercent_reduced)
Warning: Skipping sample at -118.44587, 37.10708
Warning: Sample at -118.44586, 37.10708 in Heuchera_rubescens.csv is missing some environmental data (e.g. ISRICSOILGRIDS_new_average_siltpercent_reduced)
Warning: Skipping sample at -118.44586, 37.10708
Warning: Sample at -117.96583, 37.09106 in Heuchera_rubescens.csv is missing some environmental data (e.g. ISRICSOILGRIDS_new_average_siltpercent_reduced)
Warning: Skipping sample at -117.96583, 37.09106
Warning: Sample at -118.58122, 37.00388 in Heuchera_rubescens.csv is missing some environmental data (e.g. ISRICSOILGRIDS_new_average_siltpercent_reduced)
Warning: Skipping sample at -118.58122, 37.00388
Warning: Sample at -118.77944, 36.91 in Heuchera_rubescens.csv is missing some environmental data (e.g. ISRICSOILGRIDS_new_average_siltpercent_reduced)
Warning: Skipping sample at -118.77944, 36.91
Warning: Sample at -118.3754, 36.9099 in Heuchera_rubescens.csv is missing some environmental data (e.g. ISRICSOILGRIDS_new_average_siltpercent_reduced)
Warning: Skipping sample at -118.3754, 36.9099
Warning: Sample at -118.312, 36.909 in Heuchera_rubescens.csv is missing some environmental data (e.g. ISRICSOILGRIDS_new_average_siltpercent_reduced)
Warning: Skipping sample at -118.312, 36.909
Warning: Sample at -118.7465, 36.8577 in Heuchera_rubescens.csv is missing some environmental data (e.g. ISRICSOILGRIDS_new_average_siltpercent_reduced)
Warning: Skipping sample at -118.7465, 36.8577
Warning: Sample at -118.6208, 36.8626 in Heuchera_rubescens.csv is missing some environmental data (e.g. ISRICSOILGRIDS_new_average_siltpercent_reduced)
Warning: Skipping sample at -118.6208, 36.8626
Warning: Sample at -118.3725, 36.84472 in Heuchera_rubescens.csv is missing some environmental data (e.g. ISRICSOILGRIDS_new_average_siltpercent_reduced)
Warning: Skipping sample at -118.3725, 36.84472
Warning: Sample at -118.25, 36.86667 in Heuchera_rubescens.csv is missing some environmental data (e.g. ISRICSOILGRIDS_new_average_siltpercent_reduced)
Warning: Skipping sample at -118.25, 36.86667
Warning: Sample at -118.81556, 36.80722 in Heuchera_rubescens.csv is missing some environmental data (e.g. ISRICSOILGRIDS_new_average_siltpercent_reduced)
Warning: Skipping sample at -118.81556, 36.80722
Warning: Sample at -118.83278, 36.81139 in Heuchera_rubescens.csv is missing some environmental data (e.g. ISRICSOILGRIDS_new_average_siltpercent_reduced)
Warning: Skipping sample at -118.83278, 36.81139
Warning: Sample at -118.5487, 36.8134 in Heuchera_rubescens.csv is missing some environmental data (e.g. ISRICSOILGRIDS_new_average_siltpercent_reduced)
Warning: Skipping sample at -118.5487, 36.8134
Warning: Sample at -118.37333, 36.8 in Heuchera_rubescens.csv is missing some environmental data (e.g. ISRICSOILGRIDS_new_average_siltpercent_reduced)
Warning: Skipping sample at -118.37333, 36.8
Warning: Sample at -118.43665, 36.75229 in Heuchera_rubescens.csv is missing some environmental data (e.g. ISRICSOILGRIDS_new_average_siltpercent_reduced)
Warning: Skipping sample at -118.43665, 36.75229
Warning: Sample at -118.3592, 36.7702 in Heuchera_rubescens.csv is missing some environmental data (e.g. ISRICSOILGRIDS_new_average_siltpercent_reduced)
Warning: Skipping sample at -118.3592, 36.7702
Warning: Sample at -118.342, 36.7736 in Heuchera_rubescens.csv is missing some environmental data (e.g. ISRICSOILGRIDS_new_average_siltpercent_reduced)
Warning: Skipping sample at -118.342, 36.7736
Warning: Sample at -118.31703, 36.77642 in Heuchera_rubescens.csv is missing some environmental data (e.g. ISRICSOILGRIDS_new_average_siltpercent_reduced)
Warning: Skipping sample at -118.31703, 36.77642
Warning: Sample at -118.31694, 36.77639 in Heuchera_rubescens.csv is missing some environmental data (e.g. ISRICSOILGRIDS_new_average_siltpercent_reduced)
Warning: Skipping sample at -118.31694, 36.77639
Warning: Sample at -118.2861, 36.7628 in Heuchera_rubescens.csv is missing some environmental data (e.g. ISRICSOILGRIDS_new_average_siltpercent_reduced)
Warning: Skipping sample at -118.2861, 36.7628
Warning: Sample at -118.6953884, 36.64322612 in Heuchera_rubescens.csv is missing some environmental data (e.g. ISRICSOILGRIDS_new_average_siltpercent_reduced)
Warning: Skipping sample at -118.6953884, 36.64322612
Warning: Sample at -118.4737, 36.6585 in Heuchera_rubescens.csv is missing some environmental data (e.g. ISRICSOILGRIDS_new_average_siltpercent_reduced)
Warning: Skipping sample at -118.4737, 36.6585
Warning: Sample at -118.7282, 36.6053 in Heuchera_rubescens.csv is missing some environmental data (e.g. ISRICSOILGRIDS_new_average_siltpercent_reduced)
Warning: Skipping sample at -118.7282, 36.6053
Warning: Sample at -118.69, 36.61 in Heuchera_rubescens.csv is missing some environmental data (e.g. ISRICSOILGRIDS_new_average_siltpercent_reduced)
Warning: Skipping sample at -118.69, 36.61
Warning: Sample at -118.694548, 36.61133687 in Heuchera_rubescens.csv is missing some environmental data (e.g. ISRICSOILGRIDS_new_average_siltpercent_reduced)
Warning: Skipping sample at -118.694548, 36.61133687
Warning: Sample at -118.5753, 36.5989 in Heuchera_rubescens.csv is missing some environmental data (e.g. ISRICSOILGRIDS_new_average_siltpercent_reduced)
Warning: Skipping sample at -118.5753, 36.5989
Warning: Sample at -118.7503087, 36.56238762 in Heuchera_rubescens.csv is missing some environmental data (e.g. ISRICSOILGRIDS_new_average_siltpercent_reduced)
Warning: Skipping sample at -118.7503087, 36.56238762
Warning: Sample at -118.6536367, 36.57821796 in Heuchera_rubescens.csv is missing some environmental data (e.g. ISRICSOILGRIDS_new_average_siltpercent_reduced)
Warning: Skipping sample at -118.6536367, 36.57821796
Warning: Sample at -118.5922151, 36.56772866 in Heuchera_rubescens.csv is missing some environmental data (e.g. ISRICSOILGRIDS_new_average_siltpercent_reduced)
Warning: Skipping sample at -118.5922151, 36.56772866
Warning: Sample at -118.2592, 36.5713 in Heuchera_rubescens.csv is missing some environmental data (e.g. ISRICSOILGRIDS_new_average_siltpercent_reduced)
Warning: Skipping sample at -118.2592, 36.5713
Warning: Sample at -118.27222, 36.575 in Heuchera_rubescens.csv is missing some environmental data (e.g. ISRICSOILGRIDS_new_average_siltpercent_reduced)
Warning: Skipping sample at -118.27222, 36.575
Warning: Sample at -118.282, 36.5626 in Heuchera_rubescens.csv is missing some environmental data (e.g. ISRICSOILGRIDS_new_average_siltpercent_reduced)
Warning: Skipping sample at -118.282, 36.5626
Warning: Sample at -118.2575, 36.5714 in Heuchera_rubescens.csv is missing some environmental data (e.g. ISRICSOILGRIDS_new_average_siltpercent_reduced)
Warning: Skipping sample at -118.2575, 36.5714
Warning: Sample at -118.3626291, 36.50885176 in Heuchera_rubescens.csv is missing some environmental data (e.g. ISRICSOILGRIDS_new_average_siltpercent_reduced)
Warning: Skipping sample at -118.3626291, 36.50885176
Warning: Sample at -118.272, 36.5296 in Heuchera_rubescens.csv is missing some environmental data (e.g. ISRICSOILGRIDS_new_average_siltpercent_reduced)
Warning: Skipping sample at -118.272, 36.5296
Warning: Sample at -118.279517, 36.50102255 in Heuchera_rubescens.csv is missing some environmental data (e.g. ISRICSOILGRIDS_new_average_siltpercent_reduced)
Warning: Skipping sample at -118.279517, 36.50102255
Warning: Sample at -118.21667, 36.5 in Heuchera_rubescens.csv is missing some environmental data (e.g. ISRICSOILGRIDS_new_average_siltpercent_reduced)
Warning: Skipping sample at -118.21667, 36.5
Warning: Sample at -118.2243, 36.4992 in Heuchera_rubescens.csv is missing some environmental data (e.g. ISRICSOILGRIDS_new_average_siltpercent_reduced)
Warning: Skipping sample at -118.2243, 36.4992
Warning: Sample at -118.12, 36.47333 in Heuchera_rubescens.csv is missing some environmental data (e.g. ISRICSOILGRIDS_new_average_siltpercent_reduced)
Warning: Skipping sample at -118.12, 36.47333
Warning: Sample at -118.6038, 36.4433 in Heuchera_rubescens.csv is missing some environmental data (e.g. ISRICSOILGRIDS_new_average_siltpercent_reduced)
Warning: Skipping sample at -118.6038, 36.4433
Warning: Sample at -118.6008, 36.4271 in Heuchera_rubescens.csv is missing some environmental data (e.g. ISRICSOILGRIDS_new_average_siltpercent_reduced)
Warning: Skipping sample at -118.6008, 36.4271
Warning: Sample at -118.5968537, 36.43221185 in Heuchera_rubescens.csv is missing some environmental data (e.g. ISRICSOILGRIDS_new_average_siltpercent_reduced)
Warning: Skipping sample at -118.5968537, 36.43221185
Warning: Sample at -118.5937238, 36.45072143 in Heuchera_rubescens.csv is missing some environmental data (e.g. ISRICSOILGRIDS_new_average_siltpercent_reduced)
Warning: Skipping sample at -118.5937238, 36.45072143
Warning: Sample at -118.5904333, 36.41041242 in Heuchera_rubescens.csv is missing some environmental data (e.g. ISRICSOILGRIDS_new_average_siltpercent_reduced)
Warning: Skipping sample at -118.5904333, 36.41041242
Warning: Sample at -118.5581, 36.4162 in Heuchera_rubescens.csv is missing some environmental data (e.g. ISRICSOILGRIDS_new_average_siltpercent_reduced)
Warning: Skipping sample at -118.5581, 36.4162
Warning: Sample at -118.5715327, 36.39926283 in Heuchera_rubescens.csv is missing some environmental data (e.g. ISRICSOILGRIDS_new_average_siltpercent_reduced)
Warning: Skipping sample at -118.5715327, 36.39926283
Warning: Sample at -118.3723477, 36.36381515 in Heuchera_rubescens.csv is missing some environmental data (e.g. ISRICSOILGRIDS_new_average_siltpercent_reduced)
Warning: Skipping sample at -118.3723477, 36.36381515
Warning: Sample at -118.11667, 36.28333 in Heuchera_rubescens.csv is missing some environmental data (e.g. ISRICSOILGRIDS_new_average_siltpercent_reduced)
Warning: Skipping sample at -118.11667, 36.28333
Warning: Sample at -115.68638, 36.26888 in Heuchera_rubescens.csv is missing some environmental data (e.g. ISRICSOILGRIDS_new_average_siltpercent_reduced)
Warning: Skipping sample at -115.68638, 36.26888
Warning: Sample at -115.67113, 36.27237 in Heuchera_rubescens.csv is missing some environmental data (e.g. ISRICSOILGRIDS_new_average_siltpercent_reduced)
Warning: Skipping sample at -115.67113, 36.27237
Warning: Sample at -118.0681, 36.2369 in Heuchera_rubescens.csv is missing some environmental data (e.g. ISRICSOILGRIDS_new_average_siltpercent_reduced)
Warning: Skipping sample at -118.0681, 36.2369
Warning: Sample at -117.0995, 36.215 in Heuchera_rubescens.csv is missing some environmental data (e.g. ISRICSOILGRIDS_new_average_siltpercent_reduced)
Warning: Skipping sample at -117.0995, 36.215
Warning: Sample at -117.0737, 36.2352 in Heuchera_rubescens.csv is missing some environmental data (e.g. ISRICSOILGRIDS_new_average_siltpercent_reduced)
Warning: Skipping sample at -117.0737, 36.2352
Warning: Sample at -117.076, 36.2337 in Heuchera_rubescens.csv is missing some environmental data (e.g. ISRICSOILGRIDS_new_average_siltpercent_reduced)
Warning: Skipping sample at -117.076, 36.2337
Warning: Sample at -117.0705, 36.2355 in Heuchera_rubescens.csv is missing some environmental data (e.g. ISRICSOILGRIDS_new_average_siltpercent_reduced)
Warning: Skipping sample at -117.0705, 36.2355
Warning: Sample at -117.089, 36.18 in Heuchera_rubescens.csv is missing some environmental data (e.g. ISRICSOILGRIDS_new_average_siltpercent_reduced)
Warning: Skipping sample at -117.089, 36.18
Warning: Sample at -117.08917, 36.18139 in Heuchera_rubescens.csv is missing some environmental data (e.g. ISRICSOILGRIDS_new_average_siltpercent_reduced)
Warning: Skipping sample at -117.08917, 36.18139
Warning: Sample at -117.0878, 36.1958 in Heuchera_rubescens.csv is missing some environmental data (e.g. ISRICSOILGRIDS_new_average_siltpercent_reduced)
Warning: Skipping sample at -117.0878, 36.1958
Warning: Sample at -117.0892, 36.1752 in Heuchera_rubescens.csv is missing some environmental data (e.g. ISRICSOILGRIDS_new_average_siltpercent_reduced)
Warning: Skipping sample at -117.0892, 36.1752
Warning: Sample at -117.0892, 36.1712 in Heuchera_rubescens.csv is missing some environmental data (e.g. ISRICSOILGRIDS_new_average_siltpercent_reduced)
Warning: Skipping sample at -117.0892, 36.1712
Warning: Sample at -117.09046, 36.17433 in Heuchera_rubescens.csv is missing some environmental data (e.g. ISRICSOILGRIDS_new_average_siltpercent_reduced)
Warning: Skipping sample at -117.09046, 36.17433
Warning: Sample at -117.0893, 36.181 in Heuchera_rubescens.csv is missing some environmental data (e.g. ISRICSOILGRIDS_new_average_siltpercent_reduced)
Warning: Skipping sample at -117.0893, 36.181
Warning: Sample at -117.0849, 36.1799 in Heuchera_rubescens.csv is missing some environmental data (e.g. ISRICSOILGRIDS_new_average_siltpercent_reduced)
Warning: Skipping sample at -117.0849, 36.1799
Warning: Sample at -115.49525, 36.1444 in Heuchera_rubescens.csv is missing some environmental data (e.g. ISRICSOILGRIDS_new_average_siltpercent_reduced)
Warning: Skipping sample at -115.49525, 36.1444
Warning: Sample at -118.57083, 36.10833 in Heuchera_rubescens.csv is missing some environmental data (e.g. ISRICSOILGRIDS_new_average_siltpercent_reduced)
Warning: Skipping sample at -118.57083, 36.10833
Warning: Sample at -118.56667, 36.06944 in Heuchera_rubescens.csv is missing some environmental data (e.g. ISRICSOILGRIDS_new_average_siltpercent_reduced)
Warning: Skipping sample at -118.56667, 36.06944
Warning: Sample at -118.35, 36.06667 in Heuchera_rubescens.csv is missing some environmental data (e.g. ISRICSOILGRIDS_new_average_siltpercent_reduced)
Warning: Skipping sample at -118.35, 36.06667
Warning: Sample at -118.5346361, 35.88081577 in Heuchera_rubescens.csv is missing some environmental data (e.g. ISRICSOILGRIDS_new_average_siltpercent_reduced)
Warning: Skipping sample at -118.5346361, 35.88081577
Warning: Sample at -118.16667, 35.9125 in Heuchera_rubescens.csv is missing some environmental data (e.g. ISRICSOILGRIDS_new_average_siltpercent_reduced)
Warning: Skipping sample at -118.16667, 35.9125
Warning: Sample at -118.5025, 35.8528 in Heuchera_rubescens.csv is missing some environmental data (e.g. ISRICSOILGRIDS_new_average_siltpercent_reduced)
Warning: Skipping sample at -118.5025, 35.8528
Warning: Sample at -118.16167, 35.84417 in Heuchera_rubescens.csv is missing some environmental data (e.g. ISRICSOILGRIDS_new_average_siltpercent_reduced)
Warning: Skipping sample at -118.16167, 35.84417
Warning: Sample at -118.00833, 35.84167 in Heuchera_rubescens.csv is missing some environmental data (e.g. ISRICSOILGRIDS_new_average_siltpercent_reduced)
Warning: Skipping sample at -118.00833, 35.84167
Warning: Sample at -118.04167, 35.79722 in Heuchera_rubescens.csv is missing some environmental data (e.g. ISRICSOILGRIDS_new_average_siltpercent_reduced)
Warning: Skipping sample at -118.04167, 35.79722
Warning: Sample at -118.0375, 35.79722 in Heuchera_rubescens.csv is missing some environmental data (e.g. ISRICSOILGRIDS_new_average_siltpercent_reduced)
Warning: Skipping sample at -118.0375, 35.79722
Warning: Sample at -118.0415, 35.8313 in Heuchera_rubescens.csv is missing some environmental data (e.g. ISRICSOILGRIDS_new_average_siltpercent_reduced)
Warning: Skipping sample at -118.0415, 35.8313
Warning: Sample at -118.275, 35.77083 in Heuchera_rubescens.csv is missing some environmental data (e.g. ISRICSOILGRIDS_new_average_siltpercent_reduced)
Warning: Skipping sample at -118.275, 35.77083
Warning: Sample at -118.00417, 35.78333 in Heuchera_rubescens.csv is missing some environmental data (e.g. ISRICSOILGRIDS_new_average_siltpercent_reduced)
Warning: Skipping sample at -118.00417, 35.78333
Warning: Sample at -115.964, 35.772 in Heuchera_rubescens.csv is missing some environmental data (e.g. ISRICSOILGRIDS_new_average_siltpercent_reduced)
Warning: Skipping sample at -115.964, 35.772
Warning: Sample at -115.963, 35.7717 in Heuchera_rubescens.csv is missing some environmental data (e.g. ISRICSOILGRIDS_new_average_siltpercent_reduced)
Warning: Skipping sample at -115.963, 35.7717
Warning: Sample at -115.911, 35.7511 in Heuchera_rubescens.csv is missing some environmental data (e.g. ISRICSOILGRIDS_new_average_siltpercent_reduced)
Warning: Skipping sample at -115.911, 35.7511
Warning: Sample at -117.99611, 35.73831 in Heuchera_rubescens.csv is missing some environmental data (e.g. ISRICSOILGRIDS_new_average_siltpercent_reduced)
Warning: Skipping sample at -117.99611, 35.73831
Warning: Sample at -117.996752, 35.73822324 in Heuchera_rubescens.csv is missing some environmental data (e.g. ISRICSOILGRIDS_new_average_siltpercent_reduced)
Warning: Skipping sample at -117.996752, 35.73822324
Warning: Sample at -117.9961, 35.7383 in Heuchera_rubescens.csv is missing some environmental data (e.g. ISRICSOILGRIDS_new_average_siltpercent_reduced)
Warning: Skipping sample at -117.9961, 35.7383
Warning: Sample at -115.9162, 35.7272 in Heuchera_rubescens.csv is missing some environmental data (e.g. ISRICSOILGRIDS_new_average_siltpercent_reduced)
Warning: Skipping sample at -115.9162, 35.7272
Warning: Sample at -115.9157, 35.726 in Heuchera_rubescens.csv is missing some environmental data (e.g. ISRICSOILGRIDS_new_average_siltpercent_reduced)
Warning: Skipping sample at -115.9157, 35.726
Warning: Sample at -115.8989, 35.7477 in Heuchera_rubescens.csv is missing some environmental data (e.g. ISRICSOILGRIDS_new_average_siltpercent_reduced)
Warning: Skipping sample at -115.8989, 35.7477
Warning: Sample at -115.5697, 35.5948 in Heuchera_rubescens.csv is missing some environmental data (e.g. ISRICSOILGRIDS_new_average_siltpercent_reduced)
Warning: Skipping sample at -115.5697, 35.5948
Warning: Sample at -118.41667, 35.575 in Heuchera_rubescens.csv is missing some environmental data (e.g. ISRICSOILGRIDS_new_average_siltpercent_reduced)
Warning: Skipping sample at -118.41667, 35.575
Warning: Sample at -115.5975, 35.5455 in Heuchera_rubescens.csv is missing some environmental data (e.g. ISRICSOILGRIDS_new_average_siltpercent_reduced)
Warning: Skipping sample at -115.5975, 35.5455
Warning: Sample at -115.5677598, 35.55038421 in Heuchera_rubescens.csv is missing some environmental data (e.g. ISRICSOILGRIDS_new_average_siltpercent_reduced)
Warning: Skipping sample at -115.5677598, 35.55038421
Warning: Sample at -115.5804, 35.5435 in Heuchera_rubescens.csv is missing some environmental data (e.g. ISRICSOILGRIDS_new_average_siltpercent_reduced)
Warning: Skipping sample at -115.5804, 35.5435
Warning: Sample at -115.59306, 35.51333 in Heuchera_rubescens.csv is missing some environmental data (e.g. ISRICSOILGRIDS_new_average_siltpercent_reduced)
Warning: Skipping sample at -115.59306, 35.51333
Warning: Sample at -115.5902, 35.5394 in Heuchera_rubescens.csv is missing some environmental data (e.g. ISRICSOILGRIDS_new_average_siltpercent_reduced)
Warning: Skipping sample at -115.5902, 35.5394
Warning: Sample at -115.5889, 35.5252 in Heuchera_rubescens.csv is missing some environmental data (e.g. ISRICSOILGRIDS_new_average_siltpercent_reduced)
Warning: Skipping sample at -115.5889, 35.5252
Warning: Sample at -115.58917, 35.54139 in Heuchera_rubescens.csv is missing some environmental data (e.g. ISRICSOILGRIDS_new_average_siltpercent_reduced)
Warning: Skipping sample at -115.58917, 35.54139
Warning: Sample at -115.5879, 35.5319 in Heuchera_rubescens.csv is missing some environmental data (e.g. ISRICSOILGRIDS_new_average_siltpercent_reduced)
Warning: Skipping sample at -115.5879, 35.5319
Warning: Sample at -115.5881, 35.525 in Heuchera_rubescens.csv is missing some environmental data (e.g. ISRICSOILGRIDS_new_average_siltpercent_reduced)
Warning: Skipping sample at -115.5881, 35.525
Warning: Sample at -115.588, 35.525 in Heuchera_rubescens.csv is missing some environmental data (e.g. ISRICSOILGRIDS_new_average_siltpercent_reduced)
Warning: Skipping sample at -115.588, 35.525
Warning: Sample at -115.5896, 35.5361 in Heuchera_rubescens.csv is missing some environmental data (e.g. ISRICSOILGRIDS_new_average_siltpercent_reduced)
Warning: Skipping sample at -115.5896, 35.5361
Warning: Sample at -115.59222, 35.53417 in Heuchera_rubescens.csv is missing some environmental data (e.g. ISRICSOILGRIDS_new_average_siltpercent_reduced)
Warning: Skipping sample at -115.59222, 35.53417
Warning: Sample at -115.5884, 35.5343 in Heuchera_rubescens.csv is missing some environmental data (e.g. ISRICSOILGRIDS_new_average_siltpercent_reduced)
Warning: Skipping sample at -115.5884, 35.5343
Warning: Sample at -115.5882, 35.5324 in Heuchera_rubescens.csv is missing some environmental data (e.g. ISRICSOILGRIDS_new_average_siltpercent_reduced)
Warning: Skipping sample at -115.5882, 35.5324
Warning: Sample at -115.5886, 35.5271 in Heuchera_rubescens.csv is missing some environmental data (e.g. ISRICSOILGRIDS_new_average_siltpercent_reduced)
Warning: Skipping sample at -115.5886, 35.5271
Warning: Sample at -115.5856, 35.5261 in Heuchera_rubescens.csv is missing some environmental data (e.g. ISRICSOILGRIDS_new_average_siltpercent_reduced)
Warning: Skipping sample at -115.5856, 35.5261
Warning: Sample at -115.56667, 35.53333 in Heuchera_rubescens.csv is missing some environmental data (e.g. ISRICSOILGRIDS_new_average_siltpercent_reduced)
Warning: Skipping sample at -115.56667, 35.53333
Warning: Sample at -115.5761, 35.5335 in Heuchera_rubescens.csv is missing some environmental data (e.g. ISRICSOILGRIDS_new_average_siltpercent_reduced)
Warning: Skipping sample at -115.5761, 35.5335
Warning: Sample at -115.58209, 35.53072 in Heuchera_rubescens.csv is missing some environmental data (e.g. ISRICSOILGRIDS_new_average_siltpercent_reduced)
Warning: Skipping sample at -115.58209, 35.53072
Warning: Sample at -118.3596, 35.4799 in Heuchera_rubescens.csv is missing some environmental data (e.g. ISRICSOILGRIDS_new_average_siltpercent_reduced)
Warning: Skipping sample at -118.3596, 35.4799
Warning: Sample at -115.32639, 35.25639 in Heuchera_rubescens.csv is missing some environmental data (e.g. ISRICSOILGRIDS_new_average_siltpercent_reduced)
Warning: Skipping sample at -115.32639, 35.25639
Warning: Sample at -115.3041, 35.2644 in Heuchera_rubescens.csv is missing some environmental data (e.g. ISRICSOILGRIDS_new_average_siltpercent_reduced)
Warning: Skipping sample at -115.3041, 35.2644
Warning: Sample at -115.31472, 35.28639 in Heuchera_rubescens.csv is missing some environmental data (e.g. ISRICSOILGRIDS_new_average_siltpercent_reduced)
Warning: Skipping sample at -115.31472, 35.28639
Warning: Sample at -115.32873, 35.25108 in Heuchera_rubescens.csv is missing some environmental data (e.g. ISRICSOILGRIDS_new_average_siltpercent_reduced)
Warning: Skipping sample at -115.32873, 35.25108
Warning: Sample at -115.3061, 35.2647 in Heuchera_rubescens.csv is missing some environmental data (e.g. ISRICSOILGRIDS_new_average_siltpercent_reduced)
Warning: Skipping sample at -115.3061, 35.2647
Warning: Sample at -115.3012, 35.2511 in Heuchera_rubescens.csv is missing some environmental data (e.g. ISRICSOILGRIDS_new_average_siltpercent_reduced)
Warning: Skipping sample at -115.3012, 35.2511
Warning: Sample at -115.3049, 35.2646 in Heuchera_rubescens.csv is missing some environmental data (e.g. ISRICSOILGRIDS_new_average_siltpercent_reduced)
Warning: Skipping sample at -115.3049, 35.2646
Warning: Sample at -115.30473, 35.26416 in Heuchera_rubescens.csv is missing some environmental data (e.g. ISRICSOILGRIDS_new_average_siltpercent_reduced)
Warning: Skipping sample at -115.30473, 35.26416
Warning: Sample at -115.3287, 35.2509 in Heuchera_rubescens.csv is missing some environmental data (e.g. ISRICSOILGRIDS_new_average_siltpercent_reduced)
Warning: Skipping sample at -115.3287, 35.2509
Warning: Sample at -115.308, 35.2654 in Heuchera_rubescens.csv is missing some environmental data (e.g. ISRICSOILGRIDS_new_average_siltpercent_reduced)
Warning: Skipping sample at -115.308, 35.2654
Warning: Sample at -115.284, 35.2606 in Heuchera_rubescens.csv is missing some environmental data (e.g. ISRICSOILGRIDS_new_average_siltpercent_reduced)
Warning: Skipping sample at -115.284, 35.2606
Warning: Sample at -115.3989, 35.2214 in Heuchera_rubescens.csv is missing some environmental data (e.g. ISRICSOILGRIDS_new_average_siltpercent_reduced)
Warning: Skipping sample at -115.3989, 35.2214
Warning: Sample at -115.3991, 35.2214 in Heuchera_rubescens.csv is missing some environmental data (e.g. ISRICSOILGRIDS_new_average_siltpercent_reduced)
Warning: Skipping sample at -115.3991, 35.2214
Warning: Sample at -115.2975, 35.2464 in Heuchera_rubescens.csv is missing some environmental data (e.g. ISRICSOILGRIDS_new_average_siltpercent_reduced)
Warning: Skipping sample at -115.2975, 35.2464
Warning: Sample at -115.30028, 35.23694 in Heuchera_rubescens.csv is missing some environmental data (e.g. ISRICSOILGRIDS_new_average_siltpercent_reduced)
Warning: Skipping sample at -115.30028, 35.23694
Warning: Sample at -115.2505822, 35.24995468 in Heuchera_rubescens.csv is missing some environmental data (e.g. ISRICSOILGRIDS_new_average_siltpercent_reduced)
Warning: Skipping sample at -115.2505822, 35.24995468
Warning: Sample at -115.5103, 34.9636 in Heuchera_rubescens.csv is missing some environmental data (e.g. ISRICSOILGRIDS_new_average_siltpercent_reduced)
Warning: Skipping sample at -115.5103, 34.9636
Warning: Sample at -115.5045, 34.9805 in Heuchera_rubescens.csv is missing some environmental data (e.g. ISRICSOILGRIDS_new_average_siltpercent_reduced)
Warning: Skipping sample at -115.5045, 34.9805
Warning: Sample at -115.5194, 34.9932 in Heuchera_rubescens.csv is missing some environmental data (e.g. ISRICSOILGRIDS_new_average_siltpercent_reduced)
Warning: Skipping sample at -115.5194, 34.9932
Warning: Sample at -115.5153, 34.948 in Heuchera_rubescens.csv is missing some environmental data (e.g. ISRICSOILGRIDS_new_average_siltpercent_reduced)
Warning: Skipping sample at -115.5153, 34.948
Warning: Sample at -115.54, 34.956 in Heuchera_rubescens.csv is missing some environmental data (e.g. ISRICSOILGRIDS_new_average_siltpercent_reduced)
Warning: Skipping sample at -115.54, 34.956
Warning: Sample at -115.525, 34.9517 in Heuchera_rubescens.csv is missing some environmental data (e.g. ISRICSOILGRIDS_new_average_siltpercent_reduced)
Warning: Skipping sample at -115.525, 34.9517
Warning: Sample at -115.523, 34.942 in Heuchera_rubescens.csv is missing some environmental data (e.g. ISRICSOILGRIDS_new_average_siltpercent_reduced)
Warning: Skipping sample at -115.523, 34.942
Warning: Sample at -115.5286, 34.9488 in Heuchera_rubescens.csv is missing some environmental data (e.g. ISRICSOILGRIDS_new_average_siltpercent_reduced)
Warning: Skipping sample at -115.5286, 34.9488
Warning: Sample at -115.5288, 34.9487 in Heuchera_rubescens.csv is missing some environmental data (e.g. ISRICSOILGRIDS_new_average_siltpercent_reduced)
Warning: Skipping sample at -115.5288, 34.9487
Warning: Sample at -115.5234, 34.9394 in Heuchera_rubescens.csv is missing some environmental data (e.g. ISRICSOILGRIDS_new_average_siltpercent_reduced)
Warning: Skipping sample at -115.5234, 34.9394
Warning: Sample at -117.9141, 34.3462 in Heuchera_rubescens.csv is missing some environmental data (e.g. ISRICSOILGRIDS_new_average_siltpercent_reduced)
Warning: Skipping sample at -117.9141, 34.3462
Warning: Sample at -117.6514, 34.287 in Heuchera_rubescens.csv is missing some environmental data (e.g. ISRICSOILGRIDS_new_average_siltpercent_reduced)
Warning: Skipping sample at -117.6514, 34.287
Warning: Sample at -117.646, 34.2891 in Heuchera_rubescens.csv is missing some environmental data (e.g. ISRICSOILGRIDS_new_average_siltpercent_reduced)
Warning: Skipping sample at -117.646, 34.2891
Warning: Sample at -117.6416, 34.2521 in Heuchera_rubescens.csv is missing some environmental data (e.g. ISRICSOILGRIDS_new_average_siltpercent_reduced)
Warning: Skipping sample at -117.6416, 34.2521
Warning: Sample at -118.0616, 34.2238 in Heuchera_rubescens.csv is missing some environmental data (e.g. ISRICSOILGRIDS_new_average_siltpercent_reduced)
Warning: Skipping sample at -118.0616, 34.2238
Warning: Sample at -116.85, 34.16667 in Heuchera_rubescens.csv is missing some environmental data (e.g. ISRICSOILGRIDS_new_average_siltpercent_reduced)
Warning: Skipping sample at -116.85, 34.16667
Warning: Sample at -116.77753, 34.16736 in Heuchera_rubescens.csv is missing some environmental data (e.g. ISRICSOILGRIDS_new_average_siltpercent_reduced)
Warning: Skipping sample at -116.77753, 34.16736
Warning: Sample at -116.97219, 34.15863 in Heuchera_rubescens.csv is missing some environmental data (e.g. ISRICSOILGRIDS_new_average_siltpercent_reduced)
Warning: Skipping sample at -116.97219, 34.15863
Warning: Sample at -116.94139, 34.15806 in Heuchera_rubescens.csv is missing some environmental data (e.g. ISRICSOILGRIDS_new_average_siltpercent_reduced)
Warning: Skipping sample at -116.94139, 34.15806
Warning: Sample at -116.84278, 34.12972 in Heuchera_rubescens.csv is missing some environmental data (e.g. ISRICSOILGRIDS_new_average_siltpercent_reduced)
Warning: Skipping sample at -116.84278, 34.12972
Warning: Sample at -116.8504, 34.1526 in Heuchera_rubescens.csv is missing some environmental data (e.g. ISRICSOILGRIDS_new_average_siltpercent_reduced)
Warning: Skipping sample at -116.8504, 34.1526
Warning: Sample at -116.845, 34.1273 in Heuchera_rubescens.csv is missing some environmental data (e.g. ISRICSOILGRIDS_new_average_siltpercent_reduced)
Warning: Skipping sample at -116.845, 34.1273
Warning: Sample at -116.8548, 34.15 in Heuchera_rubescens.csv is missing some environmental data (e.g. ISRICSOILGRIDS_new_average_siltpercent_reduced)
Warning: Skipping sample at -116.8548, 34.15
Warning: Sample at -116.82389, 34.09889 in Heuchera_rubescens.csv is missing some environmental data (e.g. ISRICSOILGRIDS_new_average_siltpercent_reduced)
Warning: Skipping sample at -116.82389, 34.09889
Warning: Sample at -116.8282, 34.1001 in Heuchera_rubescens.csv is missing some environmental data (e.g. ISRICSOILGRIDS_new_average_siltpercent_reduced)
Warning: Skipping sample at -116.8282, 34.1001
Warning: Sample at -116.8279, 34.1001 in Heuchera_rubescens.csv is missing some environmental data (e.g. ISRICSOILGRIDS_new_average_siltpercent_reduced)
Warning: Skipping sample at -116.8279, 34.1001
Warning: Sample at -116.9055, 34.0791 in Heuchera_rubescens.csv is missing some environmental data (e.g. ISRICSOILGRIDS_new_average_siltpercent_reduced)
Warning: Skipping sample at -116.9055, 34.0791
Warning: Sample at -116.3339261, 34.06664904 in Heuchera_rubescens.csv is missing some environmental data (e.g. ISRICSOILGRIDS_new_average_siltpercent_reduced)
Warning: Skipping sample at -116.3339261, 34.06664904
Warning: Sample at -116.7064, 33.7632 in Heuchera_rubescens.csv is missing some environmental data (e.g. ISRICSOILGRIDS_new_average_siltpercent_reduced)
Warning: Skipping sample at -116.7064, 33.7632
Warning: Sample at -116.6767, 33.7559 in Heuchera_rubescens.csv is missing some environmental data (e.g. ISRICSOILGRIDS_new_average_siltpercent_reduced)
Warning: Skipping sample at -116.6767, 33.7559
Warning: Sample at -116.67333, 33.75694 in Heuchera_rubescens.csv is missing some environmental data (e.g. ISRICSOILGRIDS_new_average_siltpercent_reduced)
Warning: Skipping sample at -116.67333, 33.75694
Warning: Sample at -116.67151, 33.75473 in Heuchera_rubescens.csv is missing some environmental data (e.g. ISRICSOILGRIDS_new_average_siltpercent_reduced)
Warning: Skipping sample at -116.67151, 33.75473
Warning: Sample at -116.74579, 33.72957 in Heuchera_rubescens.csv is missing some environmental data (e.g. ISRICSOILGRIDS_new_average_siltpercent_reduced)
Warning: Skipping sample at -116.74579, 33.72957
Warning: Sample at -116.80505, 33.327 in Heuchera_rubescens.csv is missing some environmental data (e.g. ISRICSOILGRIDS_new_average_siltpercent_reduced)
Warning: Skipping sample at -116.80505, 33.327
Warning: Sample at -116.57974, 33.31504 in Heuchera_rubescens.csv is missing some environmental data (e.g. ISRICSOILGRIDS_new_average_siltpercent_reduced)
Warning: Skipping sample at -116.57974, 33.31504
Warning: Sample at -116.5797, 33.315 in Heuchera_rubescens.csv is missing some environmental data (e.g. ISRICSOILGRIDS_new_average_siltpercent_reduced)
Warning: Skipping sample at -116.5797, 33.315
Warning: Sample at -116.6064, 32.9467 in Heuchera_rubescens.csv is missing some environmental data (e.g. ISRICSOILGRIDS_new_average_siltpercent_reduced)
Warning: Skipping sample at -116.6064, 32.9467
Warning: Sample at -116.60667, 32.94917 in Heuchera_rubescens.csv is missing some environmental data (e.g. ISRICSOILGRIDS_new_average_siltpercent_reduced)
Warning: Skipping sample at -116.60667, 32.94917
Warning: Sample at -116.606, 32.9467 in Heuchera_rubescens.csv is missing some environmental data (e.g. ISRICSOILGRIDS_new_average_siltpercent_reduced)
Warning: Skipping sample at -116.606, 32.9467
Warning: Sample at -116.60697, 32.94699 in Heuchera_rubescens.csv is missing some environmental data (e.g. ISRICSOILGRIDS_new_average_siltpercent_reduced)
Warning: Skipping sample at -116.60697, 32.94699
Warning: Sample at -116.52043, 32.93242 in Heuchera_rubescens.csv is missing some environmental data (e.g. ISRICSOILGRIDS_new_average_siltpercent_reduced)
Warning: Skipping sample at -116.52043, 32.93242
Warning: Sample at -116.49047, 32.90852 in Heuchera_rubescens.csv is missing some environmental data (e.g. ISRICSOILGRIDS_new_average_siltpercent_reduced)
Warning: Skipping sample at -116.49047, 32.90852
Warning: Sample at -116.49722, 32.84222 in Heuchera_rubescens.csv is missing some environmental data (e.g. ISRICSOILGRIDS_new_average_siltpercent_reduced)
Warning: Skipping sample at -116.49722, 32.84222
Warning: Sample at -116.481, 32.8433 in Heuchera_rubescens.csv is missing some environmental data (e.g. ISRICSOILGRIDS_new_average_siltpercent_reduced)
Warning: Skipping sample at -116.481, 32.8433
Warning: Sample at -115.906496, 32.047465 in Heuchera_rubescens.csv is missing some environmental data (e.g. ISRICSOILGRIDS_new_average_siltpercent_reduced)
Warning: Skipping sample at -115.906496, 32.047465
Warning: Sample at -116.066667, 31.233333 in Heuchera_rubescens.csv is missing some environmental data (e.g. ISRICSOILGRIDS_new_average_siltpercent_reduced)
Warning: Skipping sample at -116.066667, 31.233333
Warning: Sample at -115.466667, 31.05 in Heuchera_rubescens.csv is missing some environmental data (e.g. ISRICSOILGRIDS_new_average_siltpercent_reduced)
Warning: Skipping sample at -115.466667, 31.05
Warning: Sample at -115.46368, 31.043967 in Heuchera_rubescens.csv is missing some environmental data (e.g. ISRICSOILGRIDS_new_average_siltpercent_reduced)
Warning: Skipping sample at -115.46368, 31.043967
Warning: Sample at -115.45, 31.033333 in Heuchera_rubescens.csv is missing some environmental data (e.g. ISRICSOILGRIDS_new_average_siltpercent_reduced)
Warning: Skipping sample at -115.45, 31.033333
Warning: Sample at -115.45, 31.03333 in Heuchera_rubescens.csv is missing some environmental data (e.g. ISRICSOILGRIDS_new_average_siltpercent_reduced)
Warning: Skipping sample at -115.45, 31.03333
Warning: Sample at -115.566667, 30.983333 in Heuchera_rubescens.csv is missing some environmental data (e.g. ISRICSOILGRIDS_new_average_siltpercent_reduced)
Warning: Skipping sample at -115.566667, 30.983333
Warning: Sample at -115.433333, 30.983333 in Heuchera_rubescens.csv is missing some environmental data (e.g. ISRICSOILGRIDS_new_average_siltpercent_reduced)
Warning: Skipping sample at -115.433333, 30.983333
Warning: Sample at -115.416667, 30.95 in Heuchera_rubescens.csv is missing some environmental data (e.g. ISRICSOILGRIDS_new_average_siltpercent_reduced)
Warning: Skipping sample at -115.416667, 30.95
Warning: Sample at -113.566667, 28.55 in Heuchera_rubescens.csv is missing some environmental data (e.g. ISRICSOILGRIDS_new_average_siltpercent_reduced)
Warning: Skipping sample at -113.566667, 28.55
Warning: Sample at -112.6, 27.5 in Heuchera_rubescens.csv is missing some environmental data (e.g. ISRICSOILGRIDS_new_average_siltpercent_reduced)
Warning: Skipping sample at -112.6, 27.5
Time since start: 1.772
0 points with values for all grids
No background points with data in all layers
java.lang.Exception
	at density.Utils.logError(Utils.java:218)
	at density.Utils.popupError(Utils.java:224)
	at density.Runner.popupError(Runner.java:107)
	at density.Runner.start(Runner.java:328)
	at density.MaxEnt.main(MaxEnt.java:59)
Ending
