Thu Dec 22 15:45:16 CST 2022
MaxEnt version 3.4.4
Checking header of /volumes/env/na_2.5min/BIOCLIM_1.asc
Checking header of /volumes/env/na_2.5min/BIOCLIM_12.asc
Checking header of /volumes/env/na_2.5min/BIOCLIM_17.asc
Checking header of /volumes/env/na_2.5min/BIOCLIM_7.asc
Checking header of /volumes/env/na_2.5min/GTOPO30_ELEVATION.asc
Checking header of /volumes/env/na_2.5min/GTOPO30_SLOPE_reduced.asc
Checking header of /volumes/env/na_2.5min/ISRICSOILGRIDS_new_average_coarsefragmentpercent_reduced.asc
Checking header of /volumes/env/na_2.5min/ISRICSOILGRIDS_new_average_phx10percent_reduced.asc
Checking header of /volumes/env/na_2.5min/ISRICSOILGRIDS_new_average_sandpercent_reduced.asc
Checking header of /volumes/env/na_2.5min/ISRICSOILGRIDS_new_average_soilorganiccarboncontent_reduced.asc
Checking header of /volumes/env/na_2.5min/LandCover_1_Needleleaf.asc
Checking header of /volumes/env/na_2.5min/LandCover_6_Herbaceous.asc
Checking header of /volumes/env/na_2.5min/mask.asc
Reading samples from Heuchera_bracteata.csv
Read samples: max memory 12612272128, total allocated 792723456, free 773115904, used 19607552, increment 19607552
Extractor: max memory 12612272128, total allocated 792723456, free 766067400, used 26656056, increment 7048504
Extracting random background and sample data
Time since start: 6.166
1878 points with values for all grids
Adding samples to background in feature space
Command line used:  samplesfile=/volumes/output/heuchera_rfolk_na/heuchera_bracteata/Heuchera_bracteata.csv -e /volumes/env/na_2.5min -o /volumes/output/heuchera_rfolk_na/heuchera_bracteata nowarnings nocache autorun -z togglelayertype=mask
Command line to repeat: java density.MaxEnt nowarnings noprefixes outputdirectory=/volumes/output/heuchera_rfolk_na/heuchera_bracteata samplesfile=/volumes/output/heuchera_rfolk_na/heuchera_bracteata/Heuchera_bracteata.csv environmentallayers=/volumes/env/na_2.5min nowarnings autorun novisible nocache -t mask
Species: Heuchera_bracteata
Layers: BIOCLIM_1 BIOCLIM_12 BIOCLIM_17 BIOCLIM_7 GTOPO30_ELEVATION GTOPO30_SLOPE_reduced ISRICSOILGRIDS_new_average_coarsefragmentpercent_reduced ISRICSOILGRIDS_new_average_phx10percent_reduced ISRICSOILGRIDS_new_average_sandpercent_reduced ISRICSOILGRIDS_new_average_soilorganiccarboncontent_reduced LandCover_1_Needleleaf LandCover_6_Herbaceous mask
Layertypes: Continuous Continuous Continuous Continuous Continuous Continuous Continuous Continuous Continuous Continuous Continuous Continuous Categorical
outputdirectory: /volumes/output/heuchera_rfolk_na/heuchera_bracteata
samplesfile: /volumes/output/heuchera_rfolk_na/heuchera_bracteata/Heuchera_bracteata.csv
environmentallayers: /volumes/env/na_2.5min
warnings: false
autorun: true
visible: false
cache: false

getSamples: max memory 12612272128, total allocated 960495616, free 889144776, used 71350840, increment 44694784
Making features
makeFeatures: max memory 12612272128, total allocated 960495616, free 886001096, used 74494520, increment 3143680
Heuchera_bracteata: 
Regularization values: linear/quadratic/product: 0.181, categorical: 0.250, threshold: 1.460, hinge: 0.500
54 samples
Density: max memory 12612272128, total allocated 960495616, free 883903944, used 76591672, increment 2097152
linearPredictor: max memory 12612272128, total allocated 960495616, free 883903944, used 76591672, increment 0
FeaturedSpace: max memory 12612272128, total allocated 960495616, free 883903944, used 76591672, increment 0
Sequential: max memory 12612272128, total allocated 960495616, free 883903944, used 76591672, increment 0
Initial loss: 7.537962659768208
480: time = 0.722000 loss = 6.775145
Resulting gain: 0.7628176721211668
Time since start: 7.853
Projecting...
Writing file /volumes/output/heuchera_rfolk_na/heuchera_bracteata/Heuchera_bracteata.asc
Time since start: 13.798
Writing /volumes/output/heuchera_rfolk_na/heuchera_bracteata/plots/Heuchera_bracteata.png
Ending
