Tue Dec 27 15:02:15 CST 2022
MaxEnt version 3.4.4
Checking header of /volumes/env/na_2.5min/BIOCLIM_1.asc
Checking header of /volumes/env/na_2.5min/BIOCLIM_12.asc
Checking header of /volumes/env/na_2.5min/BIOCLIM_17.asc
Checking header of /volumes/env/na_2.5min/BIOCLIM_7.asc
Checking header of /volumes/env/na_2.5min/GTOPO30_ELEVATION.asc
Checking header of /volumes/env/na_2.5min/GTOPO30_SLOPE_reduced.asc
Checking header of /volumes/env/na_2.5min/ISRICSOILGRIDS_new_average_coarsefragmentpercent_reduced.asc
Checking header of /volumes/env/na_2.5min/ISRICSOILGRIDS_new_average_phx10percent_reduced.asc
Checking header of /volumes/env/na_2.5min/ISRICSOILGRIDS_new_average_sandpercent_reduced.asc
Checking header of /volumes/env/na_2.5min/ISRICSOILGRIDS_new_average_soilorganiccarboncontent_reduced.asc
Checking header of /volumes/env/na_2.5min/LandCover_1_Needleleaf.asc
Checking header of /volumes/env/na_2.5min/LandCover_6_Herbaceous.asc
Checking header of /volumes/env/na_2.5min/mask.asc
Reading samples from Heuchera_merriamii.csv
Read samples: max memory 32178700288, total allocated 2118123520, free 2094319616, used 23803904, increment 23803904
Extractor: max memory 32178700288, total allocated 2118123520, free 2088030208, used 30093312, increment 6289408
Extracting random background and sample data
Time since start: 2.107
2090 points with values for all grids
Adding samples to background in feature space
Command line used:  samplesfile=/volumes/output/heuchera_rfolk_2.5min_na/heuchera_merriamii/Heuchera_merriamii.csv -e /volumes/env/na_2.5min -o /volumes/output/heuchera_rfolk_2.5min_na/heuchera_merriamii nowarnings nocache autorun -z togglelayertype=mask
Command line to repeat: java density.MaxEnt nowarnings noprefixes outputdirectory=/volumes/output/heuchera_rfolk_2.5min_na/heuchera_merriamii samplesfile=/volumes/output/heuchera_rfolk_2.5min_na/heuchera_merriamii/Heuchera_merriamii.csv environmentallayers=/volumes/env/na_2.5min nowarnings autorun novisible nocache -t mask
Species: Heuchera_merriamii
Layers: BIOCLIM_1 BIOCLIM_12 BIOCLIM_17 BIOCLIM_7 GTOPO30_ELEVATION GTOPO30_SLOPE_reduced ISRICSOILGRIDS_new_average_coarsefragmentpercent_reduced ISRICSOILGRIDS_new_average_phx10percent_reduced ISRICSOILGRIDS_new_average_sandpercent_reduced ISRICSOILGRIDS_new_average_soilorganiccarboncontent_reduced LandCover_1_Needleleaf LandCover_6_Herbaceous mask
Layertypes: Continuous Continuous Continuous Continuous Continuous Continuous Continuous Continuous Continuous Continuous Continuous Continuous Categorical
outputdirectory: /volumes/output/heuchera_rfolk_2.5min_na/heuchera_merriamii
samplesfile: /volumes/output/heuchera_rfolk_2.5min_na/heuchera_merriamii/Heuchera_merriamii.csv
environmentallayers: /volumes/env/na_2.5min
warnings: false
autorun: true
visible: false
cache: false

getSamples: max memory 32178700288, total allocated 2118123520, free 1966022040, used 152101480, increment 122008168
Making features
makeFeatures: max memory 32178700288, total allocated 2118123520, free 1961813048, used 156310472, increment 4208992
Heuchera_merriamii: 
Regularization values: linear/quadratic/product: 0.244, categorical: 0.250, threshold: 1.680, hinge: 0.500
32 samples
Density: max memory 32178700288, total allocated 2118123520, free 1959732632, used 158390888, increment 2080416
linearPredictor: max memory 32178700288, total allocated 2118123520, free 1959732632, used 158390888, increment 0
FeaturedSpace: max memory 32178700288, total allocated 2118123520, free 1959732632, used 158390888, increment 0
Sequential: max memory 32178700288, total allocated 2118123520, free 1959732632, used 158390888, increment 0
Initial loss: 7.644919344958857
380: time = 0.243000 loss = 6.479867
Resulting gain: 1.165051911112239
Time since start: 3.187
Projecting...
Writing file /volumes/output/heuchera_rfolk_2.5min_na/heuchera_merriamii/Heuchera_merriamii.asc
Time since start: 5.214
Writing /volumes/output/heuchera_rfolk_2.5min_na/heuchera_merriamii/plots/Heuchera_merriamii.png
Ending
