Tue Dec 27 15:03:42 CST 2022
MaxEnt version 3.4.4
Checking header of /volumes/env/na_2.5min/BIOCLIM_1.asc
Checking header of /volumes/env/na_2.5min/BIOCLIM_12.asc
Checking header of /volumes/env/na_2.5min/BIOCLIM_17.asc
Checking header of /volumes/env/na_2.5min/BIOCLIM_7.asc
Checking header of /volumes/env/na_2.5min/GTOPO30_ELEVATION.asc
Checking header of /volumes/env/na_2.5min/GTOPO30_SLOPE_reduced.asc
Checking header of /volumes/env/na_2.5min/ISRICSOILGRIDS_new_average_coarsefragmentpercent_reduced.asc
Checking header of /volumes/env/na_2.5min/ISRICSOILGRIDS_new_average_phx10percent_reduced.asc
Checking header of /volumes/env/na_2.5min/ISRICSOILGRIDS_new_average_sandpercent_reduced.asc
Checking header of /volumes/env/na_2.5min/ISRICSOILGRIDS_new_average_soilorganiccarboncontent_reduced.asc
Checking header of /volumes/env/na_2.5min/LandCover_1_Needleleaf.asc
Checking header of /volumes/env/na_2.5min/LandCover_6_Herbaceous.asc
Checking header of /volumes/env/na_2.5min/mask.asc
Reading samples from Tolmiea_diplomenziesii.csv
Read samples: max memory 32178700288, total allocated 2118123520, free 2094319616, used 23803904, increment 23803904
Extractor: max memory 32178700288, total allocated 2118123520, free 2085931008, used 32192512, increment 8388608
Extracting random background and sample data
Warning: Sample at -124.3875, 40.47916667 in Tolmiea_diplomenziesii.csv is missing some environmental data (e.g. BIOCLIM_1)
Warning: Skipping sample at -124.3875, 40.47916667
Warning: Sample at -123.8041667, 39.32916667 in Tolmiea_diplomenziesii.csv is missing some environmental data (e.g. BIOCLIM_1)
Warning: Skipping sample at -123.8041667, 39.32916667
Warning: Sample at -123.7958333, 39.30416667 in Tolmiea_diplomenziesii.csv is missing some environmental data (e.g. BIOCLIM_1)
Warning: Skipping sample at -123.7958333, 39.30416667
Time since start: 2.131
5775 points with values for all grids
Adding samples to background in feature space
Command line used:  samplesfile=/volumes/output/heuchera_rfolk_2.5min_na/tolmiea_diplomenziesii/Tolmiea_diplomenziesii.csv -e /volumes/env/na_2.5min -o /volumes/output/heuchera_rfolk_2.5min_na/tolmiea_diplomenziesii nowarnings nocache autorun -z togglelayertype=mask
Command line to repeat: java density.MaxEnt nowarnings noprefixes outputdirectory=/volumes/output/heuchera_rfolk_2.5min_na/tolmiea_diplomenziesii samplesfile=/volumes/output/heuchera_rfolk_2.5min_na/tolmiea_diplomenziesii/Tolmiea_diplomenziesii.csv environmentallayers=/volumes/env/na_2.5min nowarnings autorun novisible nocache -t mask
Species: Tolmiea_diplomenziesii
Layers: BIOCLIM_1 BIOCLIM_12 BIOCLIM_17 BIOCLIM_7 GTOPO30_ELEVATION GTOPO30_SLOPE_reduced ISRICSOILGRIDS_new_average_coarsefragmentpercent_reduced ISRICSOILGRIDS_new_average_phx10percent_reduced ISRICSOILGRIDS_new_average_sandpercent_reduced ISRICSOILGRIDS_new_average_soilorganiccarboncontent_reduced LandCover_1_Needleleaf LandCover_6_Herbaceous mask
Layertypes: Continuous Continuous Continuous Continuous Continuous Continuous Continuous Continuous Continuous Continuous Continuous Continuous Categorical
outputdirectory: /volumes/output/heuchera_rfolk_2.5min_na/tolmiea_diplomenziesii
samplesfile: /volumes/output/heuchera_rfolk_2.5min_na/tolmiea_diplomenziesii/Tolmiea_diplomenziesii.csv
environmentallayers: /volumes/env/na_2.5min
warnings: false
autorun: true
visible: false
cache: false

getSamples: max memory 32178700288, total allocated 2118123520, free 1965276424, used 152847096, increment 120654584
Making features
makeFeatures: max memory 32178700288, total allocated 2118123520, free 1959834288, used 158289232, increment 5442136
Tolmiea_diplomenziesii: 
Regularization values: linear/quadratic/product: 0.156, categorical: 0.250, threshold: 1.370, hinge: 0.500
63 samples
Density: max memory 32178700288, total allocated 2118123520, free 1952693512, used 165430008, increment 7140776
linearPredictor: max memory 32178700288, total allocated 2118123520, free 1952693512, used 165430008, increment 0
FeaturedSpace: max memory 32178700288, total allocated 2118123520, free 1952693512, used 165430008, increment 0
Sequential: max memory 32178700288, total allocated 2118123520, free 1952693512, used 165430008, increment 0
Initial loss: 8.661293535389994
500: time = 0.607000 loss = 8.200849
Resulting gain: 0.4604443059359724
Time since start: 3.643
Projecting...
Writing file /volumes/output/heuchera_rfolk_2.5min_na/tolmiea_diplomenziesii/Tolmiea_diplomenziesii.asc
Time since start: 5.762
Writing /volumes/output/heuchera_rfolk_2.5min_na/tolmiea_diplomenziesii/plots/Tolmiea_diplomenziesii.png
Ending
