Tue Dec 27 14:32:31 CST 2022
MaxEnt version 3.4.4
Checking header of /volumes/env/biotaphy_5min_global/ISRICSOILGRIDS_new_average_phx10percent_reduced.asc
Checking header of /volumes/env/biotaphy_5min_global/mask.asc
Reading samples from Heuchera_abramsii.csv
Read samples: max memory 32178700288, total allocated 2118123520, free 2100613120, used 17510400, increment 17510400
Extractor: max memory 32178700288, total allocated 2118123520, free 2098513920, used 19609600, increment 2099200
Extracting random background and sample data
Time since start: 1.018
74 points with values for all grids
Adding samples to background in feature space
Command line used:  samplesfile=/volumes/output/heuchera_rfolk_5min_global/heuchera_abramsii/Heuchera_abramsii.csv -e /volumes/env/biotaphy_5min_global -o /volumes/output/heuchera_rfolk_5min_global/heuchera_abramsii nowarnings nocache autorun -z togglelayertype=mask
Command line to repeat: java density.MaxEnt nowarnings noprefixes outputdirectory=/volumes/output/heuchera_rfolk_5min_global/heuchera_abramsii samplesfile=/volumes/output/heuchera_rfolk_5min_global/heuchera_abramsii/Heuchera_abramsii.csv environmentallayers=/volumes/env/biotaphy_5min_global nowarnings autorun novisible nocache -t mask
Species: Heuchera_abramsii
Layers: ISRICSOILGRIDS_new_average_phx10percent_reduced mask
Layertypes: Continuous Categorical
outputdirectory: /volumes/output/heuchera_rfolk_5min_global/heuchera_abramsii
samplesfile: /volumes/output/heuchera_rfolk_5min_global/heuchera_abramsii/Heuchera_abramsii.csv
environmentallayers: /volumes/env/biotaphy_5min_global
warnings: false
autorun: true
visible: false
cache: false

getSamples: max memory 32178700288, total allocated 2118123520, free 918379248, used 1199744272, increment 1180134672
Making features
makeFeatures: max memory 32178700288, total allocated 2118123520, free 918379248, used 1199744272, increment 0
Heuchera_abramsii: 
Regularization values: linear/quadratic/product: 1.000, categorical: 0.635, threshold: 1.990, hinge: 0.500
1 samples
Density: max memory 32178700288, total allocated 2118123520, free 918379248, used 1199744272, increment 0
linearPredictor: max memory 32178700288, total allocated 2118123520, free 918379248, used 1199744272, increment 0
FeaturedSpace: max memory 32178700288, total allocated 2118123520, free 918379248, used 1199744272, increment 0
Sequential: max memory 32178700288, total allocated 2118123520, free 918379248, used 1199744272, increment 0
Initial loss: 4.30406509320417
20: time = 0.001000 loss = 4.304065
Resulting gain: 0.0
Leaving out Fixed cumulative value 5 from threshold table, as uninitialized
Leaving out Fixed cumulative value 10 from threshold table, as uninitialized
Leaving out Equate entropy of thresholded and original distributions from threshold table, as uninitialized
Projecting...
Writing file /volumes/output/heuchera_rfolk_5min_global/heuchera_abramsii/Heuchera_abramsii.asc
Time since start: 2.77
Writing /volumes/output/heuchera_rfolk_5min_global/heuchera_abramsii/plots/Heuchera_abramsii.png
Ending
