Fri Oct 21 20:03:26 GMT 2022
MaxEnt version 3.4.4
Checking header of /volumes/env/worldclim1.4/alt.mxe
Checking header of /volumes/env/worldclim1.4/alt.mxe
Checking header of /volumes/env/worldclim1.4/bio1.mxe
Checking header of /volumes/env/worldclim1.4/bio1.mxe
Checking header of /volumes/env/worldclim1.4/bio10.mxe
Checking header of /volumes/env/worldclim1.4/bio10.mxe
Checking header of /volumes/env/worldclim1.4/bio11.mxe
Checking header of /volumes/env/worldclim1.4/bio11.mxe
Checking header of /volumes/env/worldclim1.4/bio12.mxe
Checking header of /volumes/env/worldclim1.4/bio12.mxe
Checking header of /volumes/env/worldclim1.4/bio13.mxe
Checking header of /volumes/env/worldclim1.4/bio13.mxe
Checking header of /volumes/env/worldclim1.4/bio14.mxe
Checking header of /volumes/env/worldclim1.4/bio14.mxe
Checking header of /volumes/env/worldclim1.4/bio15.mxe
Checking header of /volumes/env/worldclim1.4/bio15.mxe
Checking header of /volumes/env/worldclim1.4/bio16.mxe
Checking header of /volumes/env/worldclim1.4/bio16.mxe
Checking header of /volumes/env/worldclim1.4/bio17.mxe
Checking header of /volumes/env/worldclim1.4/bio17.mxe
Checking header of /volumes/env/worldclim1.4/bio18.mxe
Checking header of /volumes/env/worldclim1.4/bio18.mxe
Checking header of /volumes/env/worldclim1.4/bio19.mxe
Checking header of /volumes/env/worldclim1.4/bio19.mxe
Checking header of /volumes/env/worldclim1.4/bio2.mxe
Checking header of /volumes/env/worldclim1.4/bio2.mxe
Checking header of /volumes/env/worldclim1.4/bio3.mxe
Checking header of /volumes/env/worldclim1.4/bio3.mxe
Checking header of /volumes/env/worldclim1.4/bio4.mxe
Checking header of /volumes/env/worldclim1.4/bio4.mxe
Checking header of /volumes/env/worldclim1.4/bio5.mxe
Checking header of /volumes/env/worldclim1.4/bio5.mxe
Checking header of /volumes/env/worldclim1.4/bio6.mxe
Checking header of /volumes/env/worldclim1.4/bio6.mxe
Checking header of /volumes/env/worldclim1.4/bio7.mxe
Checking header of /volumes/env/worldclim1.4/bio7.mxe
Checking header of /volumes/env/worldclim1.4/bio8.mxe
Checking header of /volumes/env/worldclim1.4/bio8.mxe
Checking header of /volumes/env/worldclim1.4/bio9.mxe
Checking header of /volumes/env/worldclim1.4/bio9.mxe
Checking header of /volumes/env/worldclim1.4/mask.asc
Reading samples from Telesonix_jamesii.csv
Read samples: max memory 32178700288, total allocated 2118123520, free 2102708224, used 15415296, increment 15415296
Extractor: max memory 32178700288, total allocated 2118123520, free 2100613120, used 17510400, increment 2095104
Extracting random background and sample data
748 points with values for all grids
Adding samples to background in feature space
Command line used:  samplesfile=/volumes/output/heuchera_rfolk/telesonix_jamesii/Telesonix_jamesii.csv -e /volumes/env/worldclim1.4 -o /volumes/output/heuchera_rfolk/telesonix_jamesii nowarnings nocache autorun -z togglelayertype=mask
Command line to repeat: java density.MaxEnt nowarnings noprefixes outputdirectory=/volumes/output/heuchera_rfolk/telesonix_jamesii samplesfile=/volumes/output/heuchera_rfolk/telesonix_jamesii/Telesonix_jamesii.csv environmentallayers=/volumes/env/worldclim1.4 nowarnings autorun novisible nocache -t mask
Species: Telesonix_jamesii
Layers: alt alt bio1 bio1 bio10 bio10 bio11 bio11 bio12 bio12 bio13 bio13 bio14 bio14 bio15 bio15 bio16 bio16 bio17 bio17 bio18 bio18 bio19 bio19 bio2 bio2 bio3 bio3 bio4 bio4 bio5 bio5 bio6 bio6 bio7 bio7 bio8 bio8 bio9 bio9 mask
Layertypes: Continuous Continuous Continuous Continuous Continuous Continuous Continuous Continuous Continuous Continuous Continuous Continuous Continuous Continuous Continuous Continuous Continuous Continuous Continuous Continuous Continuous Continuous Continuous Continuous Continuous Continuous Continuous Continuous Continuous Continuous Continuous Continuous Continuous Continuous Continuous Continuous Continuous Continuous Continuous Continuous Categorical
outputdirectory: /volumes/output/heuchera_rfolk/telesonix_jamesii
samplesfile: /volumes/output/heuchera_rfolk/telesonix_jamesii/Telesonix_jamesii.csv
environmentallayers: /volumes/env/worldclim1.4
warnings: false
autorun: true
visible: false
cache: false

getSamples: max memory 32178700288, total allocated 2118123520, free 1867938480, used 250185040, increment 232674640
Making features
Time since start: 1.03
makeFeatures: max memory 32178700288, total allocated 2118123520, free 1861641024, used 256482496, increment 6297456
Telesonix_jamesii: 
Regularization values: linear/quadratic/product: 0.714, categorical: 0.429, threshold: 1.880, hinge: 0.500
12 samples
Density: max memory 32178700288, total allocated 2118123520, free 1859549872, used 258573648, increment 2091152
linearPredictor: max memory 32178700288, total allocated 2118123520, free 1859549872, used 258573648, increment 0
FeaturedSpace: max memory 32178700288, total allocated 2118123520, free 1859549872, used 258573648, increment 0
Sequential: max memory 32178700288, total allocated 2118123520, free 1859549872, used 258573648, increment 0
Initial loss: 6.617402977974478
160: time = 0.034000 loss = 6.010381
Resulting gain: 0.6070218912299348
Projecting...
Writing file /volumes/output/heuchera_rfolk/telesonix_jamesii/Telesonix_jamesii.asc
Writing /volumes/output/heuchera_rfolk/telesonix_jamesii/plots/Telesonix_jamesii.png
Time since start: 2.179
Ending
