Wed Sep 14 16:27:26 CDT 2022
MaxEnt version 3.4.4
Checking header of /volumes/env/worldclim1.4/alt.mxe
Checking header of /volumes/env/worldclim1.4/alt.mxe
Checking header of /volumes/env/worldclim1.4/bio1.mxe
Checking header of /volumes/env/worldclim1.4/bio1.mxe
Checking header of /volumes/env/worldclim1.4/bio10.mxe
Checking header of /volumes/env/worldclim1.4/bio10.mxe
Checking header of /volumes/env/worldclim1.4/bio11.mxe
Checking header of /volumes/env/worldclim1.4/bio11.mxe
Checking header of /volumes/env/worldclim1.4/bio12.mxe
Checking header of /volumes/env/worldclim1.4/bio12.mxe
Checking header of /volumes/env/worldclim1.4/bio13.mxe
Checking header of /volumes/env/worldclim1.4/bio13.mxe
Checking header of /volumes/env/worldclim1.4/bio14.mxe
Checking header of /volumes/env/worldclim1.4/bio14.mxe
Checking header of /volumes/env/worldclim1.4/bio15.mxe
Checking header of /volumes/env/worldclim1.4/bio15.mxe
Checking header of /volumes/env/worldclim1.4/bio16.mxe
Checking header of /volumes/env/worldclim1.4/bio16.mxe
Checking header of /volumes/env/worldclim1.4/bio17.mxe
Checking header of /volumes/env/worldclim1.4/bio17.mxe
Checking header of /volumes/env/worldclim1.4/bio18.mxe
Checking header of /volumes/env/worldclim1.4/bio18.mxe
Checking header of /volumes/env/worldclim1.4/bio19.mxe
Checking header of /volumes/env/worldclim1.4/bio19.mxe
Checking header of /volumes/env/worldclim1.4/bio2.mxe
Checking header of /volumes/env/worldclim1.4/bio2.mxe
Checking header of /volumes/env/worldclim1.4/bio3.mxe
Checking header of /volumes/env/worldclim1.4/bio3.mxe
Checking header of /volumes/env/worldclim1.4/bio4.mxe
Checking header of /volumes/env/worldclim1.4/bio4.mxe
Checking header of /volumes/env/worldclim1.4/bio5.mxe
Checking header of /volumes/env/worldclim1.4/bio5.mxe
Checking header of /volumes/env/worldclim1.4/bio6.mxe
Checking header of /volumes/env/worldclim1.4/bio6.mxe
Checking header of /volumes/env/worldclim1.4/bio7.mxe
Checking header of /volumes/env/worldclim1.4/bio7.mxe
Checking header of /volumes/env/worldclim1.4/bio8.mxe
Checking header of /volumes/env/worldclim1.4/bio8.mxe
Checking header of /volumes/env/worldclim1.4/bio9.mxe
Checking header of /volumes/env/worldclim1.4/bio9.mxe
Checking header of /volumes/env/worldclim1.4/mask.asc
Reading samples from Heuchera parviflora saurensis.csv
Read samples: max memory 32178700288, total allocated 2118123520, free 2104807424, used 13316096, increment 13316096
Extractor: max memory 32178700288, total allocated 2118123520, free 2102708224, used 15415296, increment 2099200
Extracting random background and sample data
99 points with values for all grids
Adding samples to background in feature space
Command line used:  samplesfile=/volumes/output/heuchera_sdm/Heuchera_parviflora_saurensis/Heuchera parviflora saurensis.csv -e /volumes/env/worldclim1.4 -o /volumes/output/heuchera_sdm/Heuchera_parviflora_saurensis nowarnings nocache autorun -z togglelayertype=mask
Command line to repeat: java density.MaxEnt nowarnings noprefixes outputdirectory=/volumes/output/heuchera_sdm/Heuchera_parviflora_saurensis "samplesfile=/volumes/output/heuchera_sdm/Heuchera_parviflora_saurensis/Heuchera parviflora saurensis.csv" environmentallayers=/volumes/env/worldclim1.4 nowarnings autorun novisible nocache -t mask
Species: Heuchera_parviflora_saurensis
Layers: alt alt bio1 bio1 bio10 bio10 bio11 bio11 bio12 bio12 bio13 bio13 bio14 bio14 bio15 bio15 bio16 bio16 bio17 bio17 bio18 bio18 bio19 bio19 bio2 bio2 bio3 bio3 bio4 bio4 bio5 bio5 bio6 bio6 bio7 bio7 bio8 bio8 bio9 bio9 mask
Layertypes: Continuous Continuous Continuous Continuous Continuous Continuous Continuous Continuous Continuous Continuous Continuous Continuous Continuous Continuous Continuous Continuous Continuous Continuous Continuous Continuous Continuous Continuous Continuous Continuous Continuous Continuous Continuous Continuous Continuous Continuous Continuous Continuous Continuous Continuous Continuous Continuous Continuous Continuous Continuous Continuous Categorical
outputdirectory: /volumes/output/heuchera_sdm/Heuchera_parviflora_saurensis
samplesfile: /volumes/output/heuchera_sdm/Heuchera_parviflora_saurensis/Heuchera parviflora saurensis.csv
environmentallayers: /volumes/env/worldclim1.4
warnings: false
autorun: true
visible: false
cache: false

getSamples: max memory 32178700288, total allocated 2118123520, free 1874306960, used 243816560, increment 228401264
Making features
makeFeatures: max memory 32178700288, total allocated 2118123520, free 1872209808, used 245913712, increment 2097152
Heuchera_parviflora_saurensis: 
Regularization values: linear/quadratic/product: 1.000, categorical: 0.575, threshold: 1.950, hinge: 0.500
5 samples
Density: max memory 32178700288, total allocated 2118123520, free 1872209808, used 245913712, increment 0
linearPredictor: max memory 32178700288, total allocated 2118123520, free 1872209808, used 245913712, increment 0
FeaturedSpace: max memory 32178700288, total allocated 2118123520, free 1872209808, used 245913712, increment 0
Sequential: max memory 32178700288, total allocated 2118123520, free 1872209808, used 245913712, increment 0
Initial loss: 4.59511985013459
80: time = 0.008000 loss = 4.495087
Resulting gain: 0.10003319850061754
Time since start: 1.708
Projecting...
Writing file /volumes/output/heuchera_sdm/Heuchera_parviflora_saurensis/Heuchera_parviflora_saurensis.asc
Writing /volumes/output/heuchera_sdm/Heuchera_parviflora_saurensis/plots/Heuchera_parviflora_saurensis.png
Ending
