Wed Dec 28 11:39:40 CST 2022
MaxEnt version 3.4.4
Checking header of /volumes/env/biotaphy_5min_global/ISRICSOILGRIDS_new_average_phx10percent_reduced.asc
Checking header of /volumes/env/biotaphy_5min_global/mask.asc
Reading samples from Brewerimitella_ovalis.csv
Read samples: max memory 32178700288, total allocated 2118123520, free 2100613120, used 17510400, increment 17510400
Extractor: max memory 32178700288, total allocated 2118123520, free 2098513920, used 19609600, increment 2099200
Extracting random background and sample data
Warning: Sample at -124.20056, 41.61115 in Brewerimitella_ovalis.csv is missing some environmental data (e.g. ISRICSOILGRIDS_new_average_phx10percent_reduced)
Warning: Skipping sample at -124.20056, 41.61115
Time since start: 1.032
3893 points with values for all grids
Adding samples to background in feature space
Command line used:  samplesfile=/volumes/output/heuchera_rfolk_5min_global/Brewerimitella_ovalis/Brewerimitella_ovalis.csv -e /volumes/env/biotaphy_5min_global -o /volumes/output/heuchera_rfolk_5min_global/Brewerimitella_ovalis nowarnings nocache autorun -z togglelayertype=mask
Command line to repeat: java density.MaxEnt nowarnings noprefixes outputdirectory=/volumes/output/heuchera_rfolk_5min_global/Brewerimitella_ovalis samplesfile=/volumes/output/heuchera_rfolk_5min_global/Brewerimitella_ovalis/Brewerimitella_ovalis.csv environmentallayers=/volumes/env/biotaphy_5min_global nowarnings autorun novisible nocache -t mask
Species: Brewerimitella_ovalis
Layers: ISRICSOILGRIDS_new_average_phx10percent_reduced mask
Layertypes: Continuous Categorical
outputdirectory: /volumes/output/heuchera_rfolk_5min_global/Brewerimitella_ovalis
samplesfile: /volumes/output/heuchera_rfolk_5min_global/Brewerimitella_ovalis/Brewerimitella_ovalis.csv
environmentallayers: /volumes/env/biotaphy_5min_global
warnings: false
autorun: true
visible: false
cache: false

getSamples: max memory 32178700288, total allocated 2118123520, free 920176728, used 1197946792, increment 1178337192
Making features
makeFeatures: max memory 32178700288, total allocated 2118123520, free 920176728, used 1197946792, increment 0
Brewerimitella_ovalis: 
Regularization values: linear/quadratic/product: 0.071, categorical: 0.250, threshold: 1.030, hinge: 0.500
97 samples
Density: max memory 32178700288, total allocated 2118123520, free 920176728, used 1197946792, increment 0
linearPredictor: max memory 32178700288, total allocated 2118123520, free 920176728, used 1197946792, increment 0
FeaturedSpace: max memory 32178700288, total allocated 2118123520, free 920176728, used 1197946792, increment 0
Sequential: max memory 32178700288, total allocated 2118123520, free 920176728, used 1197946792, increment 0
Initial loss: 8.266935347610456
120: time = 0.081000 loss = 8.176402
Resulting gain: 0.09053285928819221
Projecting...
Writing file /volumes/output/heuchera_rfolk_5min_global/Brewerimitella_ovalis/Brewerimitella_ovalis.asc
Time since start: 2.893
Writing /volumes/output/heuchera_rfolk_5min_global/Brewerimitella_ovalis/plots/Brewerimitella_ovalis.png
Ending
