Wed Sep 14 16:24:25 CDT 2022
MaxEnt version 3.4.4
Checking header of /volumes/env/worldclim1.4/alt.mxe
Checking header of /volumes/env/worldclim1.4/alt.mxe
Checking header of /volumes/env/worldclim1.4/bio1.mxe
Checking header of /volumes/env/worldclim1.4/bio1.mxe
Checking header of /volumes/env/worldclim1.4/bio10.mxe
Checking header of /volumes/env/worldclim1.4/bio10.mxe
Checking header of /volumes/env/worldclim1.4/bio11.mxe
Checking header of /volumes/env/worldclim1.4/bio11.mxe
Checking header of /volumes/env/worldclim1.4/bio12.mxe
Checking header of /volumes/env/worldclim1.4/bio12.mxe
Checking header of /volumes/env/worldclim1.4/bio13.mxe
Checking header of /volumes/env/worldclim1.4/bio13.mxe
Checking header of /volumes/env/worldclim1.4/bio14.mxe
Checking header of /volumes/env/worldclim1.4/bio14.mxe
Checking header of /volumes/env/worldclim1.4/bio15.mxe
Checking header of /volumes/env/worldclim1.4/bio15.mxe
Checking header of /volumes/env/worldclim1.4/bio16.mxe
Checking header of /volumes/env/worldclim1.4/bio16.mxe
Checking header of /volumes/env/worldclim1.4/bio17.mxe
Checking header of /volumes/env/worldclim1.4/bio17.mxe
Checking header of /volumes/env/worldclim1.4/bio18.mxe
Checking header of /volumes/env/worldclim1.4/bio18.mxe
Checking header of /volumes/env/worldclim1.4/bio19.mxe
Checking header of /volumes/env/worldclim1.4/bio19.mxe
Checking header of /volumes/env/worldclim1.4/bio2.mxe
Checking header of /volumes/env/worldclim1.4/bio2.mxe
Checking header of /volumes/env/worldclim1.4/bio3.mxe
Checking header of /volumes/env/worldclim1.4/bio3.mxe
Checking header of /volumes/env/worldclim1.4/bio4.mxe
Checking header of /volumes/env/worldclim1.4/bio4.mxe
Checking header of /volumes/env/worldclim1.4/bio5.mxe
Checking header of /volumes/env/worldclim1.4/bio5.mxe
Checking header of /volumes/env/worldclim1.4/bio6.mxe
Checking header of /volumes/env/worldclim1.4/bio6.mxe
Checking header of /volumes/env/worldclim1.4/bio7.mxe
Checking header of /volumes/env/worldclim1.4/bio7.mxe
Checking header of /volumes/env/worldclim1.4/bio8.mxe
Checking header of /volumes/env/worldclim1.4/bio8.mxe
Checking header of /volumes/env/worldclim1.4/bio9.mxe
Checking header of /volumes/env/worldclim1.4/bio9.mxe
Checking header of /volumes/env/worldclim1.4/mask.asc
Reading samples from Heuchera parviflora.csv
Read samples: max memory 32178700288, total allocated 2118123520, free 2100613120, used 17510400, increment 17510400
Extractor: max memory 32178700288, total allocated 2118123520, free 2096418816, used 21704704, increment 4194304
Extracting random background and sample data
12086 points with values for all grids
Adding samples to background in feature space
Command line used:  samplesfile=/volumes/output/heuchera_sdm/Heuchera_parviflora/Heuchera parviflora.csv -e /volumes/env/worldclim1.4 -o /volumes/output/heuchera_sdm/Heuchera_parviflora nowarnings nocache autorun -z togglelayertype=mask
Command line to repeat: java density.MaxEnt nowarnings noprefixes outputdirectory=/volumes/output/heuchera_sdm/Heuchera_parviflora "samplesfile=/volumes/output/heuchera_sdm/Heuchera_parviflora/Heuchera parviflora.csv" environmentallayers=/volumes/env/worldclim1.4 nowarnings autorun novisible nocache -t mask
Species: Heuchera_parviflora
Layers: alt alt bio1 bio1 bio10 bio10 bio11 bio11 bio12 bio12 bio13 bio13 bio14 bio14 bio15 bio15 bio16 bio16 bio17 bio17 bio18 bio18 bio19 bio19 bio2 bio2 bio3 bio3 bio4 bio4 bio5 bio5 bio6 bio6 bio7 bio7 bio8 bio8 bio9 bio9 mask
Layertypes: Continuous Continuous Continuous Continuous Continuous Continuous Continuous Continuous Continuous Continuous Continuous Continuous Continuous Continuous Continuous Continuous Continuous Continuous Continuous Continuous Continuous Continuous Continuous Continuous Continuous Continuous Continuous Continuous Continuous Continuous Continuous Continuous Continuous Continuous Continuous Continuous Continuous Continuous Continuous Continuous Categorical
outputdirectory: /volumes/output/heuchera_sdm/Heuchera_parviflora
samplesfile: /volumes/output/heuchera_sdm/Heuchera_parviflora/Heuchera parviflora.csv
environmentallayers: /volumes/env/worldclim1.4
warnings: false
autorun: true
visible: false
cache: false

getSamples: max memory 32178700288, total allocated 2118123520, free 1855187464, used 262936056, increment 241231352
Time since start: 1.007
Making features
makeFeatures: max memory 32178700288, total allocated 2118123520, free 1785901264, used 332222256, increment 69286200
Heuchera_parviflora: 
Regularization values: linear/quadratic/product: 0.050, categorical: 0.250, threshold: 1.000, hinge: 0.500
161 samples
Density: max memory 32178700288, total allocated 2118123520, free 1741941256, used 376182264, increment 43960008
linearPredictor: max memory 32178700288, total allocated 2118123520, free 1741941256, used 376182264, increment 0
FeaturedSpace: max memory 32178700288, total allocated 2118123520, free 1741941256, used 376182264, increment 0
Sequential: max memory 32178700288, total allocated 2118123520, free 1741941256, used 376182264, increment 0
Initial loss: 9.212438170058329
Time since start: 7.418
500: time = 5.466000 loss = 8.046541
Resulting gain: 1.165896858858595
Time since start: 8.501
Projecting...
Writing file /volumes/output/heuchera_sdm/Heuchera_parviflora/Heuchera_parviflora.asc
Writing /volumes/output/heuchera_sdm/Heuchera_parviflora/plots/Heuchera_parviflora.png
Time since start: 12.942
Ending
