Thu Dec 22 15:39:09 CST 2022
MaxEnt version 3.4.4
Checking header of /volumes/env/na_2.5min/BIOCLIM_1.asc
Checking header of /volumes/env/na_2.5min/BIOCLIM_12.asc
Checking header of /volumes/env/na_2.5min/BIOCLIM_17.asc
Checking header of /volumes/env/na_2.5min/BIOCLIM_7.asc
Checking header of /volumes/env/na_2.5min/GTOPO30_ELEVATION.asc
Checking header of /volumes/env/na_2.5min/GTOPO30_SLOPE_reduced.asc
Checking header of /volumes/env/na_2.5min/ISRICSOILGRIDS_new_average_coarsefragmentpercent_reduced.asc
Checking header of /volumes/env/na_2.5min/ISRICSOILGRIDS_new_average_phx10percent_reduced.asc
Checking header of /volumes/env/na_2.5min/ISRICSOILGRIDS_new_average_sandpercent_reduced.asc
Checking header of /volumes/env/na_2.5min/ISRICSOILGRIDS_new_average_soilorganiccarboncontent_reduced.asc
Checking header of /volumes/env/na_2.5min/LandCover_1_Needleleaf.asc
Checking header of /volumes/env/na_2.5min/LandCover_6_Herbaceous.asc
Checking header of /volumes/env/na_2.5min/mask.asc
Reading samples from Heuchera_versicolor.csv
Read samples: max memory 12612272128, total allocated 792723456, free 772358856, used 20364600, increment 20364600
Extractor: max memory 12612272128, total allocated 792723456, free 763970248, used 28753208, increment 8388608
Extracting random background and sample data
Time since start: 5.126
57543 points with values for all grids
Adding samples to background in feature space
Command line used:  samplesfile=/volumes/output/heuchera_rfolk_na/heuchera_versicolor/Heuchera_versicolor.csv -e /volumes/env/na_2.5min -o /volumes/output/heuchera_rfolk_na/heuchera_versicolor nowarnings nocache autorun -z togglelayertype=mask
Command line to repeat: java density.MaxEnt nowarnings noprefixes outputdirectory=/volumes/output/heuchera_rfolk_na/heuchera_versicolor samplesfile=/volumes/output/heuchera_rfolk_na/heuchera_versicolor/Heuchera_versicolor.csv environmentallayers=/volumes/env/na_2.5min nowarnings autorun novisible nocache -t mask
Species: Heuchera_versicolor
Layers: BIOCLIM_1 BIOCLIM_12 BIOCLIM_17 BIOCLIM_7 GTOPO30_ELEVATION GTOPO30_SLOPE_reduced ISRICSOILGRIDS_new_average_coarsefragmentpercent_reduced ISRICSOILGRIDS_new_average_phx10percent_reduced ISRICSOILGRIDS_new_average_sandpercent_reduced ISRICSOILGRIDS_new_average_soilorganiccarboncontent_reduced LandCover_1_Needleleaf LandCover_6_Herbaceous mask
Layertypes: Continuous Continuous Continuous Continuous Continuous Continuous Continuous Continuous Continuous Continuous Continuous Continuous Categorical
outputdirectory: /volumes/output/heuchera_rfolk_na/heuchera_versicolor
samplesfile: /volumes/output/heuchera_rfolk_na/heuchera_versicolor/Heuchera_versicolor.csv
environmentallayers: /volumes/env/na_2.5min
warnings: false
autorun: true
visible: false
cache: false

getSamples: max memory 12612272128, total allocated 1142947840, free 806833104, used 336114736, increment 307361528
Making features
makeFeatures: max memory 12612272128, total allocated 1142947840, free 799478240, used 343469600, increment 7354864
Heuchera_versicolor: 
Regularization values: linear/quadratic/product: 0.050, categorical: 0.250, threshold: 1.000, hinge: 0.500
154 samples
Density: max memory 12612272128, total allocated 1142947840, free 787877696, used 355070144, increment 11600544
linearPredictor: max memory 12612272128, total allocated 1142947840, free 786829120, used 356118720, increment 1048576
FeaturedSpace: max memory 12612272128, total allocated 1142947840, free 786829120, used 356118720, increment 0
Sequential: max memory 12612272128, total allocated 1142947840, free 786829120, used 356118720, increment 0
Initial loss: 9.223059144383958
Time since start: 7.83
500: time = 2.203000 loss = 7.588486
Resulting gain: 1.6345727898657287
Projecting...
Writing file /volumes/output/heuchera_rfolk_na/heuchera_versicolor/Heuchera_versicolor.asc
Time since start: 13.794
Writing /volumes/output/heuchera_rfolk_na/heuchera_versicolor/plots/Heuchera_versicolor.png
Time since start: 15.667
Ending
