Wed Dec 28 11:36:25 CST 2022
MaxEnt version 3.4.4
Checking header of /volumes/env/biotaphy_5min_global/ISRICSOILGRIDS_new_average_phx10percent_reduced.asc
Checking header of /volumes/env/biotaphy_5min_global/mask.asc
Reading samples from Heuchera_puberula.csv
Read samples: max memory 32178700288, total allocated 2118123520, free 2100613120, used 17510400, increment 17510400
Extractor: max memory 32178700288, total allocated 2118123520, free 2098513920, used 19609600, increment 2099200
Extracting random background and sample data
Time since start: 1.028
1089 points with values for all grids
Adding samples to background in feature space
Command line used:  samplesfile=/volumes/output/heuchera_rfolk_5min_global/Heuchera_puberula/Heuchera_puberula.csv -e /volumes/env/biotaphy_5min_global -o /volumes/output/heuchera_rfolk_5min_global/Heuchera_puberula nowarnings nocache autorun -z togglelayertype=mask
Command line to repeat: java density.MaxEnt nowarnings noprefixes outputdirectory=/volumes/output/heuchera_rfolk_5min_global/Heuchera_puberula samplesfile=/volumes/output/heuchera_rfolk_5min_global/Heuchera_puberula/Heuchera_puberula.csv environmentallayers=/volumes/env/biotaphy_5min_global nowarnings autorun novisible nocache -t mask
Species: Heuchera_puberula
Layers: ISRICSOILGRIDS_new_average_phx10percent_reduced mask
Layertypes: Continuous Categorical
outputdirectory: /volumes/output/heuchera_rfolk_5min_global/Heuchera_puberula
samplesfile: /volumes/output/heuchera_rfolk_5min_global/Heuchera_puberula/Heuchera_puberula.csv
environmentallayers: /volumes/env/biotaphy_5min_global
warnings: false
autorun: true
visible: false
cache: false

getSamples: max memory 32178700288, total allocated 2118123520, free 918284824, used 1199838696, increment 1180229096
Making features
makeFeatures: max memory 32178700288, total allocated 2118123520, free 918284824, used 1199838696, increment 0
Heuchera_puberula: 
Regularization values: linear/quadratic/product: 0.236, categorical: 0.250, threshold: 1.650, hinge: 0.500
35 samples
Density: max memory 32178700288, total allocated 2118123520, free 918284824, used 1199838696, increment 0
linearPredictor: max memory 32178700288, total allocated 2118123520, free 918284824, used 1199838696, increment 0
FeaturedSpace: max memory 32178700288, total allocated 2118123520, free 918284824, used 1199838696, increment 0
Sequential: max memory 32178700288, total allocated 2118123520, free 918284824, used 1199838696, increment 0
Initial loss: 6.9930151229329605
140: time = 0.037000 loss = 6.967940
Resulting gain: 0.025075592427501014
Projecting...
Writing file /volumes/output/heuchera_rfolk_5min_global/Heuchera_puberula/Heuchera_puberula.asc
Time since start: 2.832
Writing /volumes/output/heuchera_rfolk_5min_global/Heuchera_puberula/plots/Heuchera_puberula.png
Ending
