Thu Dec 22 15:47:42 CST 2022
MaxEnt version 3.4.4
Checking header of /volumes/env/na_2.5min/BIOCLIM_1.asc
Checking header of /volumes/env/na_2.5min/BIOCLIM_12.asc
Checking header of /volumes/env/na_2.5min/BIOCLIM_17.asc
Checking header of /volumes/env/na_2.5min/BIOCLIM_7.asc
Checking header of /volumes/env/na_2.5min/GTOPO30_ELEVATION.asc
Checking header of /volumes/env/na_2.5min/GTOPO30_SLOPE_reduced.asc
Checking header of /volumes/env/na_2.5min/ISRICSOILGRIDS_new_average_coarsefragmentpercent_reduced.asc
Checking header of /volumes/env/na_2.5min/ISRICSOILGRIDS_new_average_phx10percent_reduced.asc
Checking header of /volumes/env/na_2.5min/ISRICSOILGRIDS_new_average_sandpercent_reduced.asc
Checking header of /volumes/env/na_2.5min/ISRICSOILGRIDS_new_average_soilorganiccarboncontent_reduced.asc
Checking header of /volumes/env/na_2.5min/LandCover_1_Needleleaf.asc
Checking header of /volumes/env/na_2.5min/LandCover_6_Herbaceous.asc
Checking header of /volumes/env/na_2.5min/mask.asc
Reading samples from Heuchera_pilosissima.csv
Read samples: max memory 12612272128, total allocated 792723456, free 773684648, used 19038808, increment 19038808
Extractor: max memory 12612272128, total allocated 792723456, free 765312408, used 27411048, increment 8372240
Extracting random background and sample data
Warning: Sample at -123.9831, 45.1069 in Heuchera_pilosissima.csv is missing some environmental data (e.g. GTOPO30_SLOPE_reduced)
Warning: Skipping sample at -123.9831, 45.1069
Warning: Sample at -124.0036, 45.0569 in Heuchera_pilosissima.csv is missing some environmental data (e.g. BIOCLIM_1)
Warning: Skipping sample at -124.0036, 45.0569
Warning: Sample at -124.0042, 45.0472 in Heuchera_pilosissima.csv is missing some environmental data (e.g. BIOCLIM_1)
Warning: Skipping sample at -124.0042, 45.0472
Warning: Sample at -124.0636, 44.7614 in Heuchera_pilosissima.csv is missing some environmental data (e.g. GTOPO30_SLOPE_reduced)
Warning: Skipping sample at -124.0636, 44.7614
Warning: Sample at -124.0703, 44.7328 in Heuchera_pilosissima.csv is missing some environmental data (e.g. BIOCLIM_1)
Warning: Skipping sample at -124.0703, 44.7328
Warning: Sample at -124.1139, 44.2872 in Heuchera_pilosissima.csv is missing some environmental data (e.g. GTOPO30_SLOPE_reduced)
Warning: Skipping sample at -124.1139, 44.2872
Warning: Sample at -124.509, 42.74 in Heuchera_pilosissima.csv is missing some environmental data (e.g. BIOCLIM_1)
Warning: Skipping sample at -124.509, 42.74
Warning: Sample at -123.803622, 39.42425558 in Heuchera_pilosissima.csv is missing some environmental data (e.g. GTOPO30_SLOPE_reduced)
Warning: Skipping sample at -123.803622, 39.42425558
Warning: Sample at -123.807682, 39.41833566 in Heuchera_pilosissima.csv is missing some environmental data (e.g. GTOPO30_SLOPE_reduced)
Warning: Skipping sample at -123.807682, 39.41833566
Warning: Sample at -123.81896, 39.37642 in Heuchera_pilosissima.csv is missing some environmental data (e.g. GTOPO30_SLOPE_reduced)
Warning: Skipping sample at -123.81896, 39.37642
Warning: Sample at -123.7984701, 39.30719787 in Heuchera_pilosissima.csv is missing some environmental data (e.g. BIOCLIM_1)
Warning: Skipping sample at -123.7984701, 39.30719787
Warning: Sample at -123.79361, 39.30222 in Heuchera_pilosissima.csv is missing some environmental data (e.g. BIOCLIM_1)
Warning: Skipping sample at -123.79361, 39.30222
Warning: Sample at -123.7283334, 38.94688557 in Heuchera_pilosissima.csv is missing some environmental data (e.g. BIOCLIM_1)
Warning: Skipping sample at -123.7283334, 38.94688557
Warning: Sample at -123.7378237, 38.95380535 in Heuchera_pilosissima.csv is missing some environmental data (e.g. BIOCLIM_1)
Warning: Skipping sample at -123.7378237, 38.95380535
Warning: Sample at -123.5151, 38.7498 in Heuchera_pilosissima.csv is missing some environmental data (e.g. BIOCLIM_1)
Warning: Skipping sample at -123.5151, 38.7498
Warning: Sample at -123.33574, 38.58112 in Heuchera_pilosissima.csv is missing some environmental data (e.g. BIOCLIM_1)
Warning: Skipping sample at -123.33574, 38.58112
Warning: Sample at -123.2631971, 38.52617811 in Heuchera_pilosissima.csv is missing some environmental data (e.g. BIOCLIM_1)
Warning: Skipping sample at -123.2631971, 38.52617811
Warning: Sample at -123.0183, 38.3184 in Heuchera_pilosissima.csv is missing some environmental data (e.g. GTOPO30_SLOPE_reduced)
Warning: Skipping sample at -123.0183, 38.3184
Warning: Sample at -123.01011, 38.33332 in Heuchera_pilosissima.csv is missing some environmental data (e.g. GTOPO30_SLOPE_reduced)
Warning: Skipping sample at -123.01011, 38.33332
Warning: Sample at -123.02432, 38.32299 in Heuchera_pilosissima.csv is missing some environmental data (e.g. GTOPO30_SLOPE_reduced)
Warning: Skipping sample at -123.02432, 38.32299
Warning: Sample at -121.9468515, 36.52157404 in Heuchera_pilosissima.csv is missing some environmental data (e.g. GTOPO30_SLOPE_reduced)
Warning: Skipping sample at -121.9468515, 36.52157404
Warning: Sample at -121.9287509, 36.50287464 in Heuchera_pilosissima.csv is missing some environmental data (e.g. GTOPO30_SLOPE_reduced)
Warning: Skipping sample at -121.9287509, 36.50287464
Warning: Sample at -121.9421, 36.5156 in Heuchera_pilosissima.csv is missing some environmental data (e.g. GTOPO30_SLOPE_reduced)
Warning: Skipping sample at -121.9421, 36.5156
Warning: Sample at -121.9306, 36.4849 in Heuchera_pilosissima.csv is missing some environmental data (e.g. BIOCLIM_1)
Warning: Skipping sample at -121.9306, 36.4849
Warning: Sample at -121.94083, 36.49361 in Heuchera_pilosissima.csv is missing some environmental data (e.g. BIOCLIM_1)
Warning: Skipping sample at -121.94083, 36.49361
Warning: Sample at -121.9235, 36.4557 in Heuchera_pilosissima.csv is missing some environmental data (e.g. BIOCLIM_1)
Warning: Skipping sample at -121.9235, 36.4557
Warning: Sample at -121.898, 36.373 in Heuchera_pilosissima.csv is missing some environmental data (e.g. GTOPO30_SLOPE_reduced)
Warning: Skipping sample at -121.898, 36.373
Warning: Sample at -121.88306, 36.36 in Heuchera_pilosissima.csv is missing some environmental data (e.g. GTOPO30_SLOPE_reduced)
Warning: Skipping sample at -121.88306, 36.36
Warning: Sample at -121.8994, 36.3052 in Heuchera_pilosissima.csv is missing some environmental data (e.g. GTOPO30_SLOPE_reduced)
Warning: Skipping sample at -121.8994, 36.3052
Warning: Sample at -121.4867347, 35.98449094 in Heuchera_pilosissima.csv is missing some environmental data (e.g. GTOPO30_SLOPE_reduced)
Warning: Skipping sample at -121.4867347, 35.98449094
Warning: Sample at -120.8682, 35.3712 in Heuchera_pilosissima.csv is missing some environmental data (e.g. BIOCLIM_1)
Warning: Skipping sample at -120.8682, 35.3712
Time since start: 5.046
5611 points with values for all grids
Adding samples to background in feature space
Command line used:  samplesfile=/volumes/output/heuchera_rfolk_na/heuchera_pilosissima/Heuchera_pilosissima.csv -e /volumes/env/na_2.5min -o /volumes/output/heuchera_rfolk_na/heuchera_pilosissima nowarnings nocache autorun -z togglelayertype=mask
Command line to repeat: java density.MaxEnt nowarnings noprefixes outputdirectory=/volumes/output/heuchera_rfolk_na/heuchera_pilosissima samplesfile=/volumes/output/heuchera_rfolk_na/heuchera_pilosissima/Heuchera_pilosissima.csv environmentallayers=/volumes/env/na_2.5min nowarnings autorun novisible nocache -t mask
Species: Heuchera_pilosissima
Layers: BIOCLIM_1 BIOCLIM_12 BIOCLIM_17 BIOCLIM_7 GTOPO30_ELEVATION GTOPO30_SLOPE_reduced ISRICSOILGRIDS_new_average_coarsefragmentpercent_reduced ISRICSOILGRIDS_new_average_phx10percent_reduced ISRICSOILGRIDS_new_average_sandpercent_reduced ISRICSOILGRIDS_new_average_soilorganiccarboncontent_reduced LandCover_1_Needleleaf LandCover_6_Herbaceous mask
Layertypes: Continuous Continuous Continuous Continuous Continuous Continuous Continuous Continuous Continuous Continuous Continuous Continuous Categorical
outputdirectory: /volumes/output/heuchera_rfolk_na/heuchera_pilosissima
samplesfile: /volumes/output/heuchera_rfolk_na/heuchera_pilosissima/Heuchera_pilosissima.csv
environmentallayers: /volumes/env/na_2.5min
warnings: false
autorun: true
visible: false
cache: false

getSamples: max memory 12612272128, total allocated 1153433600, free 630445760, used 522987840, increment 495576792
Making features
makeFeatures: max memory 12612272128, total allocated 1153433600, free 625204928, used 528228672, increment 5240832
Heuchera_pilosissima: 
Regularization values: linear/quadratic/product: 0.586, categorical: 0.321, threshold: 1.850, hinge: 0.500
15 samples
Density: max memory 12612272128, total allocated 1153433600, free 617862848, used 535570752, increment 7342080
linearPredictor: max memory 12612272128, total allocated 1153433600, free 617862848, used 535570752, increment 0
FeaturedSpace: max memory 12612272128, total allocated 1153433600, free 617862848, used 535570752, increment 0
Sequential: max memory 12612272128, total allocated 1153433600, free 617862848, used 535570752, increment 0
Initial loss: 8.632484235750972
Time since start: 6.815
500: time = 1.484000 loss = 6.637110
Resulting gain: 1.9953744946716023
Projecting...
Writing file /volumes/output/heuchera_rfolk_na/heuchera_pilosissima/Heuchera_pilosissima.asc
Time since start: 12.395
Writing /volumes/output/heuchera_rfolk_na/heuchera_pilosissima/plots/Heuchera_pilosissima.png
Ending
