Thu Dec 22 16:10:25 CST 2022
MaxEnt version 3.4.4
Checking header of /volumes/env/worldclim1.4/alt.mxe
Checking header of /volumes/env/worldclim1.4/alt.mxe
Checking header of /volumes/env/worldclim1.4/bio1.mxe
Checking header of /volumes/env/worldclim1.4/bio1.mxe
Checking header of /volumes/env/worldclim1.4/bio10.mxe
Checking header of /volumes/env/worldclim1.4/bio10.mxe
Checking header of /volumes/env/worldclim1.4/bio11.mxe
Checking header of /volumes/env/worldclim1.4/bio11.mxe
Checking header of /volumes/env/worldclim1.4/bio12.mxe
Checking header of /volumes/env/worldclim1.4/bio12.mxe
Checking header of /volumes/env/worldclim1.4/bio13.mxe
Checking header of /volumes/env/worldclim1.4/bio13.mxe
Checking header of /volumes/env/worldclim1.4/bio14.mxe
Checking header of /volumes/env/worldclim1.4/bio14.mxe
Checking header of /volumes/env/worldclim1.4/bio15.mxe
Checking header of /volumes/env/worldclim1.4/bio15.mxe
Checking header of /volumes/env/worldclim1.4/bio16.mxe
Checking header of /volumes/env/worldclim1.4/bio16.mxe
Checking header of /volumes/env/worldclim1.4/bio17.mxe
Checking header of /volumes/env/worldclim1.4/bio17.mxe
Checking header of /volumes/env/worldclim1.4/bio18.mxe
Checking header of /volumes/env/worldclim1.4/bio18.mxe
Checking header of /volumes/env/worldclim1.4/bio19.mxe
Checking header of /volumes/env/worldclim1.4/bio19.mxe
Checking header of /volumes/env/worldclim1.4/bio2.mxe
Checking header of /volumes/env/worldclim1.4/bio2.mxe
Checking header of /volumes/env/worldclim1.4/bio3.mxe
Checking header of /volumes/env/worldclim1.4/bio3.mxe
Checking header of /volumes/env/worldclim1.4/bio4.mxe
Checking header of /volumes/env/worldclim1.4/bio4.mxe
Checking header of /volumes/env/worldclim1.4/bio5.mxe
Checking header of /volumes/env/worldclim1.4/bio5.mxe
Checking header of /volumes/env/worldclim1.4/bio6.mxe
Checking header of /volumes/env/worldclim1.4/bio6.mxe
Checking header of /volumes/env/worldclim1.4/bio7.mxe
Checking header of /volumes/env/worldclim1.4/bio7.mxe
Checking header of /volumes/env/worldclim1.4/bio8.mxe
Checking header of /volumes/env/worldclim1.4/bio8.mxe
Checking header of /volumes/env/worldclim1.4/bio9.mxe
Checking header of /volumes/env/worldclim1.4/bio9.mxe
Checking header of /volumes/env/worldclim1.4/mask.asc
Reading samples from Heuchera_novomexicana.csv
Read samples: max memory 12612272128, total allocated 792723456, free 779985856, used 12737600, increment 12737600
Extractor: max memory 12612272128, total allocated 792723456, free 778650320, used 14073136, increment 1335536
Extracting random background and sample data
Time since start: 2.406
275 points with values for all grids
Adding samples to background in feature space
Command line used:  samplesfile=/volumes/output/heuchera_rfolk_global/heuchera_novomexicana/Heuchera_novomexicana.csv -e /volumes/env/worldclim1.4 -o /volumes/output/heuchera_rfolk_global/heuchera_novomexicana nowarnings nocache autorun -z togglelayertype=mask
Command line to repeat: java density.MaxEnt nowarnings noprefixes outputdirectory=/volumes/output/heuchera_rfolk_global/heuchera_novomexicana samplesfile=/volumes/output/heuchera_rfolk_global/heuchera_novomexicana/Heuchera_novomexicana.csv environmentallayers=/volumes/env/worldclim1.4 nowarnings autorun novisible nocache -t mask
Species: Heuchera_novomexicana
Layers: alt alt bio1 bio1 bio10 bio10 bio11 bio11 bio12 bio12 bio13 bio13 bio14 bio14 bio15 bio15 bio16 bio16 bio17 bio17 bio18 bio18 bio19 bio19 bio2 bio2 bio3 bio3 bio4 bio4 bio5 bio5 bio6 bio6 bio7 bio7 bio8 bio8 bio9 bio9 mask
Layertypes: Continuous Continuous Continuous Continuous Continuous Continuous Continuous Continuous Continuous Continuous Continuous Continuous Continuous Continuous Continuous Continuous Continuous Continuous Continuous Continuous Continuous Continuous Continuous Continuous Continuous Continuous Continuous Continuous Continuous Continuous Continuous Continuous Continuous Continuous Continuous Continuous Continuous Continuous Continuous Continuous Categorical
outputdirectory: /volumes/output/heuchera_rfolk_global/heuchera_novomexicana
samplesfile: /volumes/output/heuchera_rfolk_global/heuchera_novomexicana/Heuchera_novomexicana.csv
environmentallayers: /volumes/env/worldclim1.4
warnings: false
autorun: true
visible: false
cache: false

getSamples: max memory 12612272128, total allocated 792723456, free 482834128, used 309889328, increment 295816192
Making features
makeFeatures: max memory 12612272128, total allocated 792723456, free 479690448, used 313033008, increment 3143680
Heuchera_novomexicana: 
Regularization values: linear/quadratic/product: 0.462, categorical: 0.250, threshold: 1.810, hinge: 0.500
19 samples
Density: max memory 12612272128, total allocated 792723456, free 477593296, used 315130160, increment 2097152
linearPredictor: max memory 12612272128, total allocated 792723456, free 477593296, used 315130160, increment 0
FeaturedSpace: max memory 12612272128, total allocated 792723456, free 477593296, used 315130160, increment 0
Sequential: max memory 12612272128, total allocated 792723456, free 477593296, used 315130160, increment 0
Initial loss: 5.616771097666572
480: time = 0.692000 loss = 4.864247
Resulting gain: 0.7525240633284032
Time since start: 3.885
Projecting...
Writing file /volumes/output/heuchera_rfolk_global/heuchera_novomexicana/Heuchera_novomexicana.asc
Time since start: 4.992
Writing /volumes/output/heuchera_rfolk_global/heuchera_novomexicana/plots/Heuchera_novomexicana.png
Ending
