Wed Oct 26 16:48:10 GMT 2022
MaxEnt version 3.4.4
Checking header of /volumes/env/worldclim1.4/alt.mxe
Checking header of /volumes/env/worldclim1.4/alt.mxe
Checking header of /volumes/env/worldclim1.4/bio1.mxe
Checking header of /volumes/env/worldclim1.4/bio1.mxe
Checking header of /volumes/env/worldclim1.4/bio10.mxe
Checking header of /volumes/env/worldclim1.4/bio10.mxe
Checking header of /volumes/env/worldclim1.4/bio11.mxe
Checking header of /volumes/env/worldclim1.4/bio11.mxe
Checking header of /volumes/env/worldclim1.4/bio12.mxe
Checking header of /volumes/env/worldclim1.4/bio12.mxe
Checking header of /volumes/env/worldclim1.4/bio13.mxe
Checking header of /volumes/env/worldclim1.4/bio13.mxe
Checking header of /volumes/env/worldclim1.4/bio14.mxe
Checking header of /volumes/env/worldclim1.4/bio14.mxe
Checking header of /volumes/env/worldclim1.4/bio15.mxe
Checking header of /volumes/env/worldclim1.4/bio15.mxe
Checking header of /volumes/env/worldclim1.4/bio16.mxe
Checking header of /volumes/env/worldclim1.4/bio16.mxe
Checking header of /volumes/env/worldclim1.4/bio17.mxe
Checking header of /volumes/env/worldclim1.4/bio17.mxe
Checking header of /volumes/env/worldclim1.4/bio18.mxe
Checking header of /volumes/env/worldclim1.4/bio18.mxe
Checking header of /volumes/env/worldclim1.4/bio19.mxe
Checking header of /volumes/env/worldclim1.4/bio19.mxe
Checking header of /volumes/env/worldclim1.4/bio2.mxe
Checking header of /volumes/env/worldclim1.4/bio2.mxe
Checking header of /volumes/env/worldclim1.4/bio3.mxe
Checking header of /volumes/env/worldclim1.4/bio3.mxe
Checking header of /volumes/env/worldclim1.4/bio4.mxe
Checking header of /volumes/env/worldclim1.4/bio4.mxe
Checking header of /volumes/env/worldclim1.4/bio5.mxe
Checking header of /volumes/env/worldclim1.4/bio5.mxe
Checking header of /volumes/env/worldclim1.4/bio6.mxe
Checking header of /volumes/env/worldclim1.4/bio6.mxe
Checking header of /volumes/env/worldclim1.4/bio7.mxe
Checking header of /volumes/env/worldclim1.4/bio7.mxe
Checking header of /volumes/env/worldclim1.4/bio8.mxe
Checking header of /volumes/env/worldclim1.4/bio8.mxe
Checking header of /volumes/env/worldclim1.4/bio9.mxe
Checking header of /volumes/env/worldclim1.4/bio9.mxe
Checking header of /volumes/env/worldclim1.4/mask.asc
Reading samples from Heuchera_brevistaminea.csv
Read samples: max memory 522190848, total allocated 33554432, free 22479368, used 11075064, increment 11075064
Extractor: max memory 522190848, total allocated 33554432, free 21430288, used 12124144, increment 1049080
Extracting random background and sample data
29 points with values for all grids
Adding samples to background in feature space
Command line used:  samplesfile=/volumes/output/heuchera_rfolk_sdm/heuchera_brevistaminea/Heuchera_brevistaminea.csv -e /volumes/env/worldclim1.4 -o /volumes/output/heuchera_rfolk_sdm/heuchera_brevistaminea nowarnings nocache autorun -z togglelayertype=mask
Command line to repeat: java density.MaxEnt nowarnings noprefixes outputdirectory=/volumes/output/heuchera_rfolk_sdm/heuchera_brevistaminea samplesfile=/volumes/output/heuchera_rfolk_sdm/heuchera_brevistaminea/Heuchera_brevistaminea.csv environmentallayers=/volumes/env/worldclim1.4 nowarnings autorun novisible nocache -t mask
Species: Heuchera_brevistaminea
Layers: alt alt bio1 bio1 bio10 bio10 bio11 bio11 bio12 bio12 bio13 bio13 bio14 bio14 bio15 bio15 bio16 bio16 bio17 bio17 bio18 bio18 bio19 bio19 bio2 bio2 bio3 bio3 bio4 bio4 bio5 bio5 bio6 bio6 bio7 bio7 bio8 bio8 bio9 bio9 mask
Layertypes: Continuous Continuous Continuous Continuous Continuous Continuous Continuous Continuous Continuous Continuous Continuous Continuous Continuous Continuous Continuous Continuous Continuous Continuous Continuous Continuous Continuous Continuous Continuous Continuous Continuous Continuous Continuous Continuous Continuous Continuous Continuous Continuous Continuous Continuous Continuous Continuous Continuous Continuous Continuous Continuous Categorical
outputdirectory: /volumes/output/heuchera_rfolk_sdm/heuchera_brevistaminea
samplesfile: /volumes/output/heuchera_rfolk_sdm/heuchera_brevistaminea/Heuchera_brevistaminea.csv
environmentallayers: /volumes/env/worldclim1.4
warnings: false
autorun: true
visible: false
cache: false

getSamples: max memory 522190848, total allocated 33554432, free 16796576, used 16757856, increment 4633712
Making features
makeFeatures: max memory 522190848, total allocated 33554432, free 15623936, used 17930496, increment 1172640
Heuchera_brevistaminea: 
Regularization values: linear/quadratic/product: 1.000, categorical: 0.620, threshold: 1.980, hinge: 0.500
2 samples
Density: max memory 522190848, total allocated 33554432, free 15623936, used 17930496, increment 0
linearPredictor: max memory 522190848, total allocated 33554432, free 15623936, used 17930496, increment 0
FeaturedSpace: max memory 522190848, total allocated 33554432, free 15623936, used 17930496, increment 0
Sequential: max memory 522190848, total allocated 33554432, free 15454968, used 18099464, increment 168968
Initial loss: 3.367295829986474
100: time = 0.007000 loss = 2.523856
Resulting gain: 0.8434397162559799
Time since start: 1.004
Projecting...
Writing file /volumes/output/heuchera_rfolk_sdm/heuchera_brevistaminea/Heuchera_brevistaminea.asc
Writing /volumes/output/heuchera_rfolk_sdm/heuchera_brevistaminea/plots/Heuchera_brevistaminea.png
Ending
