Tue Dec 27 15:07:48 CST 2022
MaxEnt version 3.4.4
Checking header of /volumes/env/na_2.5min/BIOCLIM_1.asc
Checking header of /volumes/env/na_2.5min/BIOCLIM_12.asc
Checking header of /volumes/env/na_2.5min/BIOCLIM_17.asc
Checking header of /volumes/env/na_2.5min/BIOCLIM_7.asc
Checking header of /volumes/env/na_2.5min/GTOPO30_ELEVATION.asc
Checking header of /volumes/env/na_2.5min/GTOPO30_SLOPE_reduced.asc
Checking header of /volumes/env/na_2.5min/ISRICSOILGRIDS_new_average_coarsefragmentpercent_reduced.asc
Checking header of /volumes/env/na_2.5min/ISRICSOILGRIDS_new_average_phx10percent_reduced.asc
Checking header of /volumes/env/na_2.5min/ISRICSOILGRIDS_new_average_sandpercent_reduced.asc
Checking header of /volumes/env/na_2.5min/ISRICSOILGRIDS_new_average_soilorganiccarboncontent_reduced.asc
Checking header of /volumes/env/na_2.5min/LandCover_1_Needleleaf.asc
Checking header of /volumes/env/na_2.5min/LandCover_6_Herbaceous.asc
Checking header of /volumes/env/na_2.5min/mask.asc
Reading samples from Heuchera_glomerulata.csv
Read samples: max memory 32178700288, total allocated 2118123520, free 2096418816, used 21704704, increment 21704704
Extractor: max memory 32178700288, total allocated 2118123520, free 2090125312, used 27998208, increment 6293504
Extracting random background and sample data
Time since start: 2.106
3987 points with values for all grids
Adding samples to background in feature space
Command line used:  samplesfile=/volumes/output/heuchera_rfolk_2.5min_na/heuchera_glomerulata/Heuchera_glomerulata.csv -e /volumes/env/na_2.5min -o /volumes/output/heuchera_rfolk_2.5min_na/heuchera_glomerulata nowarnings nocache autorun -z togglelayertype=mask
Command line to repeat: java density.MaxEnt nowarnings noprefixes outputdirectory=/volumes/output/heuchera_rfolk_2.5min_na/heuchera_glomerulata samplesfile=/volumes/output/heuchera_rfolk_2.5min_na/heuchera_glomerulata/Heuchera_glomerulata.csv environmentallayers=/volumes/env/na_2.5min nowarnings autorun novisible nocache -t mask
Species: Heuchera_glomerulata
Layers: BIOCLIM_1 BIOCLIM_12 BIOCLIM_17 BIOCLIM_7 GTOPO30_ELEVATION GTOPO30_SLOPE_reduced ISRICSOILGRIDS_new_average_coarsefragmentpercent_reduced ISRICSOILGRIDS_new_average_phx10percent_reduced ISRICSOILGRIDS_new_average_sandpercent_reduced ISRICSOILGRIDS_new_average_soilorganiccarboncontent_reduced LandCover_1_Needleleaf LandCover_6_Herbaceous mask
Layertypes: Continuous Continuous Continuous Continuous Continuous Continuous Continuous Continuous Continuous Continuous Continuous Continuous Categorical
outputdirectory: /volumes/output/heuchera_rfolk_2.5min_na/heuchera_glomerulata
samplesfile: /volumes/output/heuchera_rfolk_2.5min_na/heuchera_glomerulata/Heuchera_glomerulata.csv
environmentallayers: /volumes/env/na_2.5min
warnings: false
autorun: true
visible: false
cache: false

getSamples: max memory 32178700288, total allocated 2118123520, free 1967776968, used 150346552, increment 122348344
Making features
makeFeatures: max memory 32178700288, total allocated 2118123520, free 1965677768, used 152445752, increment 2099200
Heuchera_glomerulata: 
Regularization values: linear/quadratic/product: 0.227, categorical: 0.250, threshold: 1.620, hinge: 0.500
38 samples
Density: max memory 32178700288, total allocated 2118123520, free 1961481400, used 156642120, increment 4196368
linearPredictor: max memory 32178700288, total allocated 2118123520, free 1961481400, used 156642120, increment 0
FeaturedSpace: max memory 32178700288, total allocated 2118123520, free 1961481400, used 156642120, increment 0
Sequential: max memory 32178700288, total allocated 2118123520, free 1959388360, used 158735160, increment 2093040
Initial loss: 8.290794347381356
380: time = 0.285000 loss = 7.610610
Resulting gain: 0.6801843506159768
Time since start: 3.244
Projecting...
Writing file /volumes/output/heuchera_rfolk_2.5min_na/heuchera_glomerulata/Heuchera_glomerulata.asc
Time since start: 5.322
Writing /volumes/output/heuchera_rfolk_2.5min_na/heuchera_glomerulata/plots/Heuchera_glomerulata.png
Ending
