Thu Dec 22 15:38:33 CST 2022
MaxEnt version 3.4.4
Checking header of /volumes/env/na_2.5min/BIOCLIM_1.asc
Checking header of /volumes/env/na_2.5min/BIOCLIM_12.asc
Checking header of /volumes/env/na_2.5min/BIOCLIM_17.asc
Checking header of /volumes/env/na_2.5min/BIOCLIM_7.asc
Checking header of /volumes/env/na_2.5min/GTOPO30_ELEVATION.asc
Checking header of /volumes/env/na_2.5min/GTOPO30_SLOPE_reduced.asc
Checking header of /volumes/env/na_2.5min/ISRICSOILGRIDS_new_average_coarsefragmentpercent_reduced.asc
Checking header of /volumes/env/na_2.5min/ISRICSOILGRIDS_new_average_phx10percent_reduced.asc
Checking header of /volumes/env/na_2.5min/ISRICSOILGRIDS_new_average_sandpercent_reduced.asc
Checking header of /volumes/env/na_2.5min/ISRICSOILGRIDS_new_average_soilorganiccarboncontent_reduced.asc
Checking header of /volumes/env/na_2.5min/LandCover_1_Needleleaf.asc
Checking header of /volumes/env/na_2.5min/LandCover_6_Herbaceous.asc
Checking header of /volumes/env/na_2.5min/mask.asc
Reading samples from Heuchera_caroliniana.csv
Read samples: max memory 12612272128, total allocated 792723456, free 773701016, used 19022440, increment 19022440
Extractor: max memory 12612272128, total allocated 792723456, free 766824448, used 25899008, increment 6876568
Extracting random background and sample data
Time since start: 5.137
4204 points with values for all grids
Adding samples to background in feature space
Command line used:  samplesfile=/volumes/output/heuchera_rfolk_na/heuchera_caroliniana/Heuchera_caroliniana.csv -e /volumes/env/na_2.5min -o /volumes/output/heuchera_rfolk_na/heuchera_caroliniana nowarnings nocache autorun -z togglelayertype=mask
Command line to repeat: java density.MaxEnt nowarnings noprefixes outputdirectory=/volumes/output/heuchera_rfolk_na/heuchera_caroliniana samplesfile=/volumes/output/heuchera_rfolk_na/heuchera_caroliniana/Heuchera_caroliniana.csv environmentallayers=/volumes/env/na_2.5min nowarnings autorun novisible nocache -t mask
Species: Heuchera_caroliniana
Layers: BIOCLIM_1 BIOCLIM_12 BIOCLIM_17 BIOCLIM_7 GTOPO30_ELEVATION GTOPO30_SLOPE_reduced ISRICSOILGRIDS_new_average_coarsefragmentpercent_reduced ISRICSOILGRIDS_new_average_phx10percent_reduced ISRICSOILGRIDS_new_average_sandpercent_reduced ISRICSOILGRIDS_new_average_soilorganiccarboncontent_reduced LandCover_1_Needleleaf LandCover_6_Herbaceous mask
Layertypes: Continuous Continuous Continuous Continuous Continuous Continuous Continuous Continuous Continuous Continuous Continuous Continuous Categorical
outputdirectory: /volumes/output/heuchera_rfolk_na/heuchera_caroliniana
samplesfile: /volumes/output/heuchera_rfolk_na/heuchera_caroliniana/Heuchera_caroliniana.csv
environmentallayers: /volumes/env/na_2.5min
warnings: false
autorun: true
visible: false
cache: false

getSamples: max memory 12612272128, total allocated 1155530752, free 842599072, used 312931680, increment 287032672
Making features
makeFeatures: max memory 12612272128, total allocated 1155530752, free 839158048, used 316372704, increment 3441024
Heuchera_caroliniana: 
Regularization values: linear/quadratic/product: 0.308, categorical: 0.250, threshold: 1.730, hinge: 0.500
27 samples
Density: max memory 12612272128, total allocated 1155530752, free 834210464, used 321320288, increment 4947584
linearPredictor: max memory 12612272128, total allocated 1155530752, free 834210464, used 321320288, increment 0
FeaturedSpace: max memory 12612272128, total allocated 1155530752, free 834210464, used 321320288, increment 0
Sequential: max memory 12612272128, total allocated 1155530752, free 833163936, used 322366816, increment 1046528
Initial loss: 8.343791731996841
Time since start: 6.362
460: time = 1.013000 loss = 7.940704
Resulting gain: 0.40308810212765334
Projecting...
Writing file /volumes/output/heuchera_rfolk_na/heuchera_caroliniana/Heuchera_caroliniana.asc
Time since start: 11.941
Writing /volumes/output/heuchera_rfolk_na/heuchera_caroliniana/plots/Heuchera_caroliniana.png
Ending
