Tue Dec 27 15:07:31 CST 2022
MaxEnt version 3.4.4
Checking header of /volumes/env/na_2.5min/BIOCLIM_1.asc
Checking header of /volumes/env/na_2.5min/BIOCLIM_12.asc
Checking header of /volumes/env/na_2.5min/BIOCLIM_17.asc
Checking header of /volumes/env/na_2.5min/BIOCLIM_7.asc
Checking header of /volumes/env/na_2.5min/GTOPO30_ELEVATION.asc
Checking header of /volumes/env/na_2.5min/GTOPO30_SLOPE_reduced.asc
Checking header of /volumes/env/na_2.5min/ISRICSOILGRIDS_new_average_coarsefragmentpercent_reduced.asc
Checking header of /volumes/env/na_2.5min/ISRICSOILGRIDS_new_average_phx10percent_reduced.asc
Checking header of /volumes/env/na_2.5min/ISRICSOILGRIDS_new_average_sandpercent_reduced.asc
Checking header of /volumes/env/na_2.5min/ISRICSOILGRIDS_new_average_soilorganiccarboncontent_reduced.asc
Checking header of /volumes/env/na_2.5min/LandCover_1_Needleleaf.asc
Checking header of /volumes/env/na_2.5min/LandCover_6_Herbaceous.asc
Checking header of /volumes/env/na_2.5min/mask.asc
Reading samples from Mitella_furusei.csv
Read samples: max memory 32178700288, total allocated 2118123520, free 2096418816, used 21704704, increment 21704704
Warning: Sample at 136.7, 35.5 in Mitella_furusei.csv is outside the bounding box of environmental data, skipping
Warning: Sample at 137.9, 35.3 in Mitella_furusei.csv is outside the bounding box of environmental data, skipping
Warning: Sample at 134.652778, 35.001111 in Mitella_furusei.csv is outside the bounding box of environmental data, skipping
Warning: Sample at 136.5, 35.6 in Mitella_furusei.csv is outside the bounding box of environmental data, skipping
Warning: Sample at 135.7, 33.7 in Mitella_furusei.csv is outside the bounding box of environmental data, skipping
Warning: Sample at 137.454406, 34.985707 in Mitella_furusei.csv is outside the bounding box of environmental data, skipping
Warning: Sample at 135.9, 34.5 in Mitella_furusei.csv is outside the bounding box of environmental data, skipping
Warning: Sample at 136.5, 35.4 in Mitella_furusei.csv is outside the bounding box of environmental data, skipping
Warning: Sample at 135.4, 35.3 in Mitella_furusei.csv is outside the bounding box of environmental data, skipping
Warning: Sample at 135.867, 34.6667 in Mitella_furusei.csv is outside the bounding box of environmental data, skipping
Warning: Sample at 137.3, 34.9 in Mitella_furusei.csv is outside the bounding box of environmental data, skipping
Warning: Sample at 136.3, 35.5 in Mitella_furusei.csv is outside the bounding box of environmental data, skipping
Warning: Sample at 136.3, 35.0 in Mitella_furusei.csv is outside the bounding box of environmental data, skipping
Warning: Sample at 135.95116, 34.49162 in Mitella_furusei.csv is outside the bounding box of environmental data, skipping
Warning: Sample at 137.1, 35.6 in Mitella_furusei.csv is outside the bounding box of environmental data, skipping
Warning: Sample at 136.0, 35.6 in Mitella_furusei.csv is outside the bounding box of environmental data, skipping
Warning: Sample at 134.2, 35.5 in Mitella_furusei.csv is outside the bounding box of environmental data, skipping
Warning: Sample at 136.9, 35.6 in Mitella_furusei.csv is outside the bounding box of environmental data, skipping
Warning: Sample at 135.8, 35.1 in Mitella_furusei.csv is outside the bounding box of environmental data, skipping
Warning: Sample at 137.8, 35.2 in Mitella_furusei.csv is outside the bounding box of environmental data, skipping
Warning: Sample at 135.7, 35.0 in Mitella_furusei.csv is outside the bounding box of environmental data, skipping
Warning: Sample at 137.9, 35.5 in Mitella_furusei.csv is outside the bounding box of environmental data, skipping
Warning: Sample at 138.1, 35.483333 in Mitella_furusei.csv is outside the bounding box of environmental data, skipping
Warning: Sample at 134.0, 35.1 in Mitella_furusei.csv is outside the bounding box of environmental data, skipping
Warning: Sample at 135.7, 35.3 in Mitella_furusei.csv is outside the bounding box of environmental data, skipping
Warning: Sample at 135.84549, 34.6846 in Mitella_furusei.csv is outside the bounding box of environmental data, skipping
Warning: Sample at 131.5, 34.2 in Mitella_furusei.csv is outside the bounding box of environmental data, skipping
Warning: Sample at 135.2, 35.2 in Mitella_furusei.csv is outside the bounding box of environmental data, skipping
Warning: Sample at 135.79846, 34.40693 in Mitella_furusei.csv is outside the bounding box of environmental data, skipping
Warning: Sample at 135.5, 35.0 in Mitella_furusei.csv is outside the bounding box of environmental data, skipping
Warning: Sample at 137.8, 35.3 in Mitella_furusei.csv is outside the bounding box of environmental data, skipping
Warning: Sample at 136.2, 34.5 in Mitella_furusei.csv is outside the bounding box of environmental data, skipping
Warning: Sample at 134.933, 35.2667 in Mitella_furusei.csv is outside the bounding box of environmental data, skipping
Warning: Sample at 134.93333, 35.26667 in Mitella_furusei.csv is outside the bounding box of environmental data, skipping
Warning: Sample at 135.3, 35.4 in Mitella_furusei.csv is outside the bounding box of environmental data, skipping
Warning: Sample at 135.0, 35.7 in Mitella_furusei.csv is outside the bounding box of environmental data, skipping
Warning: Sample at 132.333333, 34.416667 in Mitella_furusei.csv is outside the bounding box of environmental data, skipping
Warning: Sample at 135.2, 35.3 in Mitella_furusei.csv is outside the bounding box of environmental data, skipping
Warning: Sample at 137.29768, 34.86419 in Mitella_furusei.csv is outside the bounding box of environmental data, skipping
Warning: Sample at 135.8, 34.9 in Mitella_furusei.csv is outside the bounding box of environmental data, skipping
Warning: Sample at 137.9, 35.6 in Mitella_furusei.csv is outside the bounding box of environmental data, skipping
Warning: Sample at 132.1, 34.5 in Mitella_furusei.csv is outside the bounding box of environmental data, skipping
Warning: Sample at 136.7, 35.6 in Mitella_furusei.csv is outside the bounding box of environmental data, skipping
Warning: Sample at 135.6, 35.1 in Mitella_furusei.csv is outside the bounding box of environmental data, skipping
Warning: Sample at 136.8, 35.4 in Mitella_furusei.csv is outside the bounding box of environmental data, skipping
Warning: Sample at 135.0, 35.3 in Mitella_furusei.csv is outside the bounding box of environmental data, skipping
Warning: Sample at 137.0, 35.5 in Mitella_furusei.csv is outside the bounding box of environmental data, skipping
Warning: Sample at 137.633333, 36.883333 in Mitella_furusei.csv is outside the bounding box of environmental data, skipping
Warning: Sample at 135.86667, 34.66667 in Mitella_furusei.csv is outside the bounding box of environmental data, skipping
Warning: Sample at 137.6, 35.5 in Mitella_furusei.csv is outside the bounding box of environmental data, skipping
Warning: Sample at 135.10625, 35.6125 in Mitella_furusei.csv is outside the bounding box of environmental data, skipping
Warning: Sample at 135.4, 35.4 in Mitella_furusei.csv is outside the bounding box of environmental data, skipping
Warning: Sample at 135.2, 34.8 in Mitella_furusei.csv is outside the bounding box of environmental data, skipping
Warning: Sample at 135.9, 34.4 in Mitella_furusei.csv is outside the bounding box of environmental data, skipping
Warning: Sample at 135.798, 34.4069 in Mitella_furusei.csv is outside the bounding box of environmental data, skipping
Warning: Sample at 135.845, 34.6846 in Mitella_furusei.csv is outside the bounding box of environmental data, skipping
Warning: Sample at 134.64301, 34.9908 in Mitella_furusei.csv is outside the bounding box of environmental data, skipping
Warning: Sample at 135.6, 34.2 in Mitella_furusei.csv is outside the bounding box of environmental data, skipping
Warning: Sample at 131.6, 34.3 in Mitella_furusei.csv is outside the bounding box of environmental data, skipping
Warning: Sample at 136.9, 35.7 in Mitella_furusei.csv is outside the bounding box of environmental data, skipping
Warning: Sample at 135.8, 35.2 in Mitella_furusei.csv is outside the bounding box of environmental data, skipping
Warning: Sample at 135.7, 35.1 in Mitella_furusei.csv is outside the bounding box of environmental data, skipping
Warning: Sample at 131.4, 34.4 in Mitella_furusei.csv is outside the bounding box of environmental data, skipping
Warning: Sample at 135.1275, 35.031389 in Mitella_furusei.csv is outside the bounding box of environmental data, skipping
Warning: Sample at 136.0, 35.5 in Mitella_furusei.csv is outside the bounding box of environmental data, skipping
Warning: Sample at 130.1, 33.0 in Mitella_furusei.csv is outside the bounding box of environmental data, skipping
Warning: Sample at 137.8, 35.1 in Mitella_furusei.csv is outside the bounding box of environmental data, skipping
Warning: Sample at 135.8, 35.0 in Mitella_furusei.csv is outside the bounding box of environmental data, skipping
Warning: Sample at 137.6, 34.9 in Mitella_furusei.csv is outside the bounding box of environmental data, skipping
Warning: Sample at 135.6, 34.4 in Mitella_furusei.csv is outside the bounding box of environmental data, skipping
Warning: Sample at 135.4, 34.9 in Mitella_furusei.csv is outside the bounding box of environmental data, skipping
Warning: Sample at 135.6, 34.9 in Mitella_furusei.csv is outside the bounding box of environmental data, skipping
Warning: Sample at 135.25, 35.1333 in Mitella_furusei.csv is outside the bounding box of environmental data, skipping
Warning: Sample at 135.917, 34.6567 in Mitella_furusei.csv is outside the bounding box of environmental data, skipping
Warning: Sample at 137.15, 36.5 in Mitella_furusei.csv is outside the bounding box of environmental data, skipping
Warning: Sample at 136.6, 35.6 in Mitella_furusei.csv is outside the bounding box of environmental data, skipping
Warning: Sample at 136.6, 35.1 in Mitella_furusei.csv is outside the bounding box of environmental data, skipping
Warning: Sample at 135.25, 35.13333 in Mitella_furusei.csv is outside the bounding box of environmental data, skipping
Warning: Sample at 137.433333, 36.6 in Mitella_furusei.csv is outside the bounding box of environmental data, skipping
Warning: Sample at 136.1, 33.9 in Mitella_furusei.csv is outside the bounding box of environmental data, skipping
Warning: Sample at 135.466, 35.3117 in Mitella_furusei.csv is outside the bounding box of environmental data, skipping
Warning: Sample at 135.3, 35.2 in Mitella_furusei.csv is outside the bounding box of environmental data, skipping
Warning: Sample at 135.2, 35.6 in Mitella_furusei.csv is outside the bounding box of environmental data, skipping
Warning: Sample at 135.5, 35.4 in Mitella_furusei.csv is outside the bounding box of environmental data, skipping
Warning: Sample at 137.4, 34.9 in Mitella_furusei.csv is outside the bounding box of environmental data, skipping
Warning: Sample at 135.1475, 35.038333 in Mitella_furusei.csv is outside the bounding box of environmental data, skipping
Warning: Sample at 132.8, 35.1 in Mitella_furusei.csv is outside the bounding box of environmental data, skipping
Warning: Sample at 137.5, 35.6 in Mitella_furusei.csv is outside the bounding box of environmental data, skipping
Warning: Sample at 135.67387, 34.60636 in Mitella_furusei.csv is outside the bounding box of environmental data, skipping
Warning: Sample at 135.91664, 34.65667 in Mitella_furusei.csv is outside the bounding box of environmental data, skipping
Warning: Sample at 135.674, 34.6064 in Mitella_furusei.csv is outside the bounding box of environmental data, skipping
Warning: Sample at 137.167143, 35.205901 in Mitella_furusei.csv is outside the bounding box of environmental data, skipping
Warning: Sample at 136.1, 35.6 in Mitella_furusei.csv is outside the bounding box of environmental data, skipping
Warning: Sample at 137.2, 35.6 in Mitella_furusei.csv is outside the bounding box of environmental data, skipping
Warning: Sample at 136.5, 35.7 in Mitella_furusei.csv is outside the bounding box of environmental data, skipping
Extractor: max memory 32178700288, total allocated 2118123520, free 2090125312, used 27998208, increment 6293504
Extracting random background and sample data
Time since start: 2.105
0 points with values for all grids
No background points with data in all layers
java.lang.Exception
	at density.Utils.logError(Utils.java:218)
	at density.Utils.popupError(Utils.java:224)
	at density.Runner.popupError(Runner.java:107)
	at density.Runner.start(Runner.java:328)
	at density.MaxEnt.main(MaxEnt.java:59)
Ending
