Tue Dec 27 14:27:19 CST 2022
MaxEnt version 3.4.4
Checking header of /volumes/env/biotaphy_5min_global/ISRICSOILGRIDS_new_average_phx10percent_reduced.asc
Checking header of /volumes/env/biotaphy_5min_global/mask.asc
Reading samples from Heuchera_caroliniana.csv
Read samples: max memory 32178700288, total allocated 2118123520, free 2100613120, used 17510400, increment 17510400
Extractor: max memory 32178700288, total allocated 2118123520, free 2098513920, used 19609600, increment 2099200
Extracting random background and sample data
Time since start: 1.014
1054 points with values for all grids
Adding samples to background in feature space
Command line used:  samplesfile=/volumes/output/heuchera_rfolk_5min_global/heuchera_caroliniana/Heuchera_caroliniana.csv -e /volumes/env/biotaphy_5min_global -o /volumes/output/heuchera_rfolk_5min_global/heuchera_caroliniana nowarnings nocache autorun -z togglelayertype=mask
Command line to repeat: java density.MaxEnt nowarnings noprefixes outputdirectory=/volumes/output/heuchera_rfolk_5min_global/heuchera_caroliniana samplesfile=/volumes/output/heuchera_rfolk_5min_global/heuchera_caroliniana/Heuchera_caroliniana.csv environmentallayers=/volumes/env/biotaphy_5min_global nowarnings autorun novisible nocache -t mask
Species: Heuchera_caroliniana
Layers: ISRICSOILGRIDS_new_average_phx10percent_reduced mask
Layertypes: Continuous Categorical
outputdirectory: /volumes/output/heuchera_rfolk_5min_global/heuchera_caroliniana
samplesfile: /volumes/output/heuchera_rfolk_5min_global/heuchera_caroliniana/Heuchera_caroliniana.csv
environmentallayers: /volumes/env/biotaphy_5min_global
warnings: false
autorun: true
visible: false
cache: false

getSamples: max memory 32178700288, total allocated 2118123520, free 918300776, used 1199822744, increment 1180213144
Making features
makeFeatures: max memory 32178700288, total allocated 2118123520, free 918300776, used 1199822744, increment 0
Heuchera_caroliniana: 
Regularization values: linear/quadratic/product: 0.346, categorical: 0.250, threshold: 1.750, hinge: 0.500
25 samples
Density: max memory 32178700288, total allocated 2118123520, free 918300776, used 1199822744, increment 0
linearPredictor: max memory 32178700288, total allocated 2118123520, free 918300776, used 1199822744, increment 0
FeaturedSpace: max memory 32178700288, total allocated 2118123520, free 918300776, used 1199822744, increment 0
Sequential: max memory 32178700288, total allocated 2118123520, free 918300776, used 1199822744, increment 0
Initial loss: 6.960347729101308
20: time = 0.001000 loss = 6.960348
Resulting gain: 0.0
Leaving out Fixed cumulative value 1 from threshold table, as uninitialized
Leaving out Fixed cumulative value 5 from threshold table, as uninitialized
Leaving out Fixed cumulative value 10 from threshold table, as uninitialized
Projecting...
Writing file /volumes/output/heuchera_rfolk_5min_global/heuchera_caroliniana/Heuchera_caroliniana.asc
Time since start: 2.827
Writing /volumes/output/heuchera_rfolk_5min_global/heuchera_caroliniana/plots/Heuchera_caroliniana.png
Ending
