Wed Sep 14 16:23:07 CDT 2022
MaxEnt version 3.4.4
Checking header of /volumes/env/worldclim1.4/alt.mxe
Checking header of /volumes/env/worldclim1.4/alt.mxe
Checking header of /volumes/env/worldclim1.4/bio1.mxe
Checking header of /volumes/env/worldclim1.4/bio1.mxe
Checking header of /volumes/env/worldclim1.4/bio10.mxe
Checking header of /volumes/env/worldclim1.4/bio10.mxe
Checking header of /volumes/env/worldclim1.4/bio11.mxe
Checking header of /volumes/env/worldclim1.4/bio11.mxe
Checking header of /volumes/env/worldclim1.4/bio12.mxe
Checking header of /volumes/env/worldclim1.4/bio12.mxe
Checking header of /volumes/env/worldclim1.4/bio13.mxe
Checking header of /volumes/env/worldclim1.4/bio13.mxe
Checking header of /volumes/env/worldclim1.4/bio14.mxe
Checking header of /volumes/env/worldclim1.4/bio14.mxe
Checking header of /volumes/env/worldclim1.4/bio15.mxe
Checking header of /volumes/env/worldclim1.4/bio15.mxe
Checking header of /volumes/env/worldclim1.4/bio16.mxe
Checking header of /volumes/env/worldclim1.4/bio16.mxe
Checking header of /volumes/env/worldclim1.4/bio17.mxe
Checking header of /volumes/env/worldclim1.4/bio17.mxe
Checking header of /volumes/env/worldclim1.4/bio18.mxe
Checking header of /volumes/env/worldclim1.4/bio18.mxe
Checking header of /volumes/env/worldclim1.4/bio19.mxe
Checking header of /volumes/env/worldclim1.4/bio19.mxe
Checking header of /volumes/env/worldclim1.4/bio2.mxe
Checking header of /volumes/env/worldclim1.4/bio2.mxe
Checking header of /volumes/env/worldclim1.4/bio3.mxe
Checking header of /volumes/env/worldclim1.4/bio3.mxe
Checking header of /volumes/env/worldclim1.4/bio4.mxe
Checking header of /volumes/env/worldclim1.4/bio4.mxe
Checking header of /volumes/env/worldclim1.4/bio5.mxe
Checking header of /volumes/env/worldclim1.4/bio5.mxe
Checking header of /volumes/env/worldclim1.4/bio6.mxe
Checking header of /volumes/env/worldclim1.4/bio6.mxe
Checking header of /volumes/env/worldclim1.4/bio7.mxe
Checking header of /volumes/env/worldclim1.4/bio7.mxe
Checking header of /volumes/env/worldclim1.4/bio8.mxe
Checking header of /volumes/env/worldclim1.4/bio8.mxe
Checking header of /volumes/env/worldclim1.4/bio9.mxe
Checking header of /volumes/env/worldclim1.4/bio9.mxe
Checking header of /volumes/env/worldclim1.4/mask.asc
Reading samples from Heuchera parvifolia utahensis.csv
Read samples: max memory 32178700288, total allocated 2118123520, free 2102708656, used 15414864, increment 15414864
Extractor: max memory 32178700288, total allocated 2118123520, free 2100613120, used 17510400, increment 2095536
Extracting random background and sample data
Warning: Sample at -38.804639, 16.898139 in Heuchera parvifolia utahensis.csv is missing some environmental data (e.g. alt)
Warning: Skipping sample at -38.804639, 16.898139
3375 points with values for all grids
Adding samples to background in feature space
Command line used:  samplesfile=/volumes/output/heuchera_sdm/Heuchera_parvifolia_utahensis/Heuchera parvifolia utahensis.csv -e /volumes/env/worldclim1.4 -o /volumes/output/heuchera_sdm/Heuchera_parvifolia_utahensis nowarnings nocache autorun -z togglelayertype=mask
Command line to repeat: java density.MaxEnt nowarnings noprefixes outputdirectory=/volumes/output/heuchera_sdm/Heuchera_parvifolia_utahensis "samplesfile=/volumes/output/heuchera_sdm/Heuchera_parvifolia_utahensis/Heuchera parvifolia utahensis.csv" environmentallayers=/volumes/env/worldclim1.4 nowarnings autorun novisible nocache -t mask
Species: Heuchera_parvifolia_utahensis
Layers: alt alt bio1 bio1 bio10 bio10 bio11 bio11 bio12 bio12 bio13 bio13 bio14 bio14 bio15 bio15 bio16 bio16 bio17 bio17 bio18 bio18 bio19 bio19 bio2 bio2 bio3 bio3 bio4 bio4 bio5 bio5 bio6 bio6 bio7 bio7 bio8 bio8 bio9 bio9 mask
Layertypes: Continuous Continuous Continuous Continuous Continuous Continuous Continuous Continuous Continuous Continuous Continuous Continuous Continuous Continuous Continuous Continuous Continuous Continuous Continuous Continuous Continuous Continuous Continuous Continuous Continuous Continuous Continuous Continuous Continuous Continuous Continuous Continuous Continuous Continuous Continuous Continuous Continuous Continuous Continuous Continuous Categorical
outputdirectory: /volumes/output/heuchera_sdm/Heuchera_parvifolia_utahensis
samplesfile: /volumes/output/heuchera_sdm/Heuchera_parvifolia_utahensis/Heuchera parvifolia utahensis.csv
environmentallayers: /volumes/env/worldclim1.4
warnings: false
autorun: true
visible: false
cache: false

getSamples: max memory 32178700288, total allocated 2118123520, free 1867929776, used 250193744, increment 232683344
Making features
Time since start: 1.04
makeFeatures: max memory 32178700288, total allocated 2118123520, free 1842766000, used 275357520, increment 25163776
Heuchera_parvifolia_utahensis: 
Regularization values: linear/quadratic/product: 0.181, categorical: 0.250, threshold: 1.460, hinge: 0.500
54 samples
Density: max memory 32178700288, total allocated 2118123520, free 1825988784, used 292134736, increment 16777216
linearPredictor: max memory 32178700288, total allocated 2118123520, free 1825988784, used 292134736, increment 0
FeaturedSpace: max memory 32178700288, total allocated 2118123520, free 1825988784, used 292134736, increment 0
Sequential: max memory 32178700288, total allocated 2118123520, free 1825988784, used 292134736, increment 0
Initial loss: 8.12415060330663
Time since start: 2.588
500: time = 1.410000 loss = 7.276949
Resulting gain: 0.8472014683475573
Projecting...
Writing file /volumes/output/heuchera_sdm/Heuchera_parvifolia_utahensis/Heuchera_parvifolia_utahensis.asc
Time since start: 3.823
Writing /volumes/output/heuchera_sdm/Heuchera_parvifolia_utahensis/plots/Heuchera_parvifolia_utahensis.png
Ending
