Thu Dec 22 15:41:02 CST 2022
MaxEnt version 3.4.4
Checking header of /volumes/env/na_2.5min/BIOCLIM_1.asc
Checking header of /volumes/env/na_2.5min/BIOCLIM_12.asc
Checking header of /volumes/env/na_2.5min/BIOCLIM_17.asc
Checking header of /volumes/env/na_2.5min/BIOCLIM_7.asc
Checking header of /volumes/env/na_2.5min/GTOPO30_ELEVATION.asc
Checking header of /volumes/env/na_2.5min/GTOPO30_SLOPE_reduced.asc
Checking header of /volumes/env/na_2.5min/ISRICSOILGRIDS_new_average_coarsefragmentpercent_reduced.asc
Checking header of /volumes/env/na_2.5min/ISRICSOILGRIDS_new_average_phx10percent_reduced.asc
Checking header of /volumes/env/na_2.5min/ISRICSOILGRIDS_new_average_sandpercent_reduced.asc
Checking header of /volumes/env/na_2.5min/ISRICSOILGRIDS_new_average_soilorganiccarboncontent_reduced.asc
Checking header of /volumes/env/na_2.5min/LandCover_1_Needleleaf.asc
Checking header of /volumes/env/na_2.5min/LandCover_6_Herbaceous.asc
Checking header of /volumes/env/na_2.5min/mask.asc
Reading samples from Bensoniella_oregona.csv
Read samples: max memory 12612272128, total allocated 792723456, free 773701024, used 19022432, increment 19022432
Extractor: max memory 12612272128, total allocated 792723456, free 766067408, used 26656048, increment 7633616
Extracting random background and sample data
Time since start: 5.227
1790 points with values for all grids
Adding samples to background in feature space
Command line used:  samplesfile=/volumes/output/heuchera_rfolk_na/bensoniella_oregona/Bensoniella_oregona.csv -e /volumes/env/na_2.5min -o /volumes/output/heuchera_rfolk_na/bensoniella_oregona nowarnings nocache autorun -z togglelayertype=mask
Command line to repeat: java density.MaxEnt nowarnings noprefixes outputdirectory=/volumes/output/heuchera_rfolk_na/bensoniella_oregona samplesfile=/volumes/output/heuchera_rfolk_na/bensoniella_oregona/Bensoniella_oregona.csv environmentallayers=/volumes/env/na_2.5min nowarnings autorun novisible nocache -t mask
Species: Bensoniella_oregona
Layers: BIOCLIM_1 BIOCLIM_12 BIOCLIM_17 BIOCLIM_7 GTOPO30_ELEVATION GTOPO30_SLOPE_reduced ISRICSOILGRIDS_new_average_coarsefragmentpercent_reduced ISRICSOILGRIDS_new_average_phx10percent_reduced ISRICSOILGRIDS_new_average_sandpercent_reduced ISRICSOILGRIDS_new_average_soilorganiccarboncontent_reduced LandCover_1_Needleleaf LandCover_6_Herbaceous mask
Layertypes: Continuous Continuous Continuous Continuous Continuous Continuous Continuous Continuous Continuous Continuous Continuous Continuous Categorical
outputdirectory: /volumes/output/heuchera_rfolk_na/bensoniella_oregona
samplesfile: /volumes/output/heuchera_rfolk_na/bensoniella_oregona/Bensoniella_oregona.csv
environmentallayers: /volumes/env/na_2.5min
warnings: false
autorun: true
visible: false
cache: false

getSamples: max memory 12612272128, total allocated 1142947840, free 579845368, used 563102472, increment 536446424
Making features
makeFeatures: max memory 12612272128, total allocated 1142947840, free 577748216, used 565199624, increment 2097152
Bensoniella_oregona: 
Regularization values: linear/quadratic/product: 0.543, categorical: 0.286, threshold: 1.840, hinge: 0.500
16 samples
Density: max memory 12612272128, total allocated 1142947840, free 575651064, used 567296776, increment 2097152
linearPredictor: max memory 12612272128, total allocated 1142947840, free 575651064, used 567296776, increment 0
FeaturedSpace: max memory 12612272128, total allocated 1142947840, free 575651064, used 567296776, increment 0
Sequential: max memory 12612272128, total allocated 1142947840, free 575651064, used 567296776, increment 0
Initial loss: 7.489970898834801
500: time = 0.595000 loss = 5.852592
Resulting gain: 1.6373793171700939
Time since start: 6.592
Projecting...
Writing file /volumes/output/heuchera_rfolk_na/bensoniella_oregona/Bensoniella_oregona.asc
Time since start: 11.71
Writing /volumes/output/heuchera_rfolk_na/bensoniella_oregona/plots/Bensoniella_oregona.png
Ending
