Tue Dec 27 14:29:04 CST 2022
MaxEnt version 3.4.4
Checking header of /volumes/env/biotaphy_5min_global/ISRICSOILGRIDS_new_average_phx10percent_reduced.asc
Checking header of /volumes/env/biotaphy_5min_global/mask.asc
Reading samples from Tolmiea_diplomenziesii.csv
Read samples: max memory 32178700288, total allocated 2118123520, free 2100613120, used 17510400, increment 17510400
Extractor: max memory 32178700288, total allocated 2118123520, free 2098513920, used 19609600, increment 2099200
Extracting random background and sample data
Warning: Sample at -124.2041667, 41.94583333 in Tolmiea_diplomenziesii.csv is missing some environmental data (e.g. ISRICSOILGRIDS_new_average_phx10percent_reduced)
Warning: Skipping sample at -124.2041667, 41.94583333
Time since start: 1.038
1471 points with values for all grids
Adding samples to background in feature space
Command line used:  samplesfile=/volumes/output/heuchera_rfolk_5min_global/tolmiea_diplomenziesii/Tolmiea_diplomenziesii.csv -e /volumes/env/biotaphy_5min_global -o /volumes/output/heuchera_rfolk_5min_global/tolmiea_diplomenziesii nowarnings nocache autorun -z togglelayertype=mask
Command line to repeat: java density.MaxEnt nowarnings noprefixes outputdirectory=/volumes/output/heuchera_rfolk_5min_global/tolmiea_diplomenziesii samplesfile=/volumes/output/heuchera_rfolk_5min_global/tolmiea_diplomenziesii/Tolmiea_diplomenziesii.csv environmentallayers=/volumes/env/biotaphy_5min_global nowarnings autorun novisible nocache -t mask
Species: Tolmiea_diplomenziesii
Layers: ISRICSOILGRIDS_new_average_phx10percent_reduced mask
Layertypes: Continuous Categorical
outputdirectory: /volumes/output/heuchera_rfolk_5min_global/tolmiea_diplomenziesii
samplesfile: /volumes/output/heuchera_rfolk_5min_global/tolmiea_diplomenziesii/Tolmiea_diplomenziesii.csv
environmentallayers: /volumes/env/biotaphy_5min_global
warnings: false
autorun: true
visible: false
cache: false

getSamples: max memory 32178700288, total allocated 2118123520, free 920322208, used 1197801312, increment 1178191712
Making features
makeFeatures: max memory 32178700288, total allocated 2118123520, free 920322208, used 1197801312, increment 0
Tolmiea_diplomenziesii: 
Regularization values: linear/quadratic/product: 0.161, categorical: 0.250, threshold: 1.390, hinge: 0.500
61 samples
Density: max memory 32178700288, total allocated 2118123520, free 920322208, used 1197801312, increment 0
linearPredictor: max memory 32178700288, total allocated 2118123520, free 920322208, used 1197801312, increment 0
FeaturedSpace: max memory 32178700288, total allocated 2118123520, free 920322208, used 1197801312, increment 0
Sequential: max memory 32178700288, total allocated 2118123520, free 920322208, used 1197801312, increment 0
Initial loss: 7.293697720601438
80: time = 0.039000 loss = 7.230353
Resulting gain: 0.06334431727860679
Projecting...
Writing file /volumes/output/heuchera_rfolk_5min_global/tolmiea_diplomenziesii/Tolmiea_diplomenziesii.asc
Time since start: 2.853
Writing /volumes/output/heuchera_rfolk_5min_global/tolmiea_diplomenziesii/plots/Tolmiea_diplomenziesii.png
Ending
