Tue Dec 27 14:28:52 CST 2022
MaxEnt version 3.4.4
Checking header of /volumes/env/biotaphy_5min_global/ISRICSOILGRIDS_new_average_phx10percent_reduced.asc
Checking header of /volumes/env/biotaphy_5min_global/mask.asc
Reading samples from Mitella_nuda.csv
Read samples: max memory 32178700288, total allocated 2118123520, free 2100613120, used 17510400, increment 17510400
Extractor: max memory 32178700288, total allocated 2118123520, free 2094319616, used 23803904, increment 6293504
Extracting random background and sample data
Warning: Sample at -123.33333, 59.91667 in Mitella_nuda.csv is missing some environmental data (e.g. ISRICSOILGRIDS_new_average_phx10percent_reduced)
Warning: Skipping sample at -123.33333, 59.91667
Warning: Sample at -94.18724, 58.78115 in Mitella_nuda.csv is missing some environmental data (e.g. ISRICSOILGRIDS_new_average_phx10percent_reduced)
Warning: Skipping sample at -94.18724, 58.78115
Warning: Sample at -57.16167, 51.415 in Mitella_nuda.csv is missing some environmental data (e.g. ISRICSOILGRIDS_new_average_phx10percent_reduced)
Warning: Skipping sample at -57.16167, 51.415
Warning: Sample at -57.16167, 51.42444 in Mitella_nuda.csv is missing some environmental data (e.g. ISRICSOILGRIDS_new_average_phx10percent_reduced)
Warning: Skipping sample at -57.16167, 51.42444
Warning: Sample at -57.13972, 51.39083 in Mitella_nuda.csv is missing some environmental data (e.g. ISRICSOILGRIDS_new_average_phx10percent_reduced)
Warning: Skipping sample at -57.13972, 51.39083
Warning: Sample at -57.19944, 51.41444 in Mitella_nuda.csv is missing some environmental data (e.g. ISRICSOILGRIDS_new_average_phx10percent_reduced)
Warning: Skipping sample at -57.19944, 51.41444
Warning: Sample at -57.11944, 51.42694 in Mitella_nuda.csv is missing some environmental data (e.g. ISRICSOILGRIDS_new_average_phx10percent_reduced)
Warning: Skipping sample at -57.11944, 51.42694
Warning: Sample at -57.1325, 51.42639 in Mitella_nuda.csv is missing some environmental data (e.g. ISRICSOILGRIDS_new_average_phx10percent_reduced)
Warning: Skipping sample at -57.1325, 51.42639
Warning: Sample at -96.83355842, 51.16657556 in Mitella_nuda.csv is missing some environmental data (e.g. ISRICSOILGRIDS_new_average_phx10percent_reduced)
Warning: Skipping sample at -96.83355842, 51.16657556
Warning: Sample at -73.74972, 50.77861 in Mitella_nuda.csv is missing some environmental data (e.g. ISRICSOILGRIDS_new_average_phx10percent_reduced)
Warning: Skipping sample at -73.74972, 50.77861
Warning: Sample at -96.56321478, 50.70190393 in Mitella_nuda.csv is missing some environmental data (e.g. ISRICSOILGRIDS_new_average_phx10percent_reduced)
Warning: Skipping sample at -96.56321478, 50.70190393
Warning: Sample at -73.85, 50.45 in Mitella_nuda.csv is missing some environmental data (e.g. ISRICSOILGRIDS_new_average_phx10percent_reduced)
Warning: Skipping sample at -73.85, 50.45
Warning: Sample at -64.12444, 50.21083 in Mitella_nuda.csv is missing some environmental data (e.g. ISRICSOILGRIDS_new_average_phx10percent_reduced)
Warning: Skipping sample at -64.12444, 50.21083
Warning: Sample at -63.3, 49.31667 in Mitella_nuda.csv is missing some environmental data (e.g. ISRICSOILGRIDS_new_average_phx10percent_reduced)
Warning: Skipping sample at -63.3, 49.31667
Warning: Sample at -66.48333, 49.11666 in Mitella_nuda.csv is missing some environmental data (e.g. ISRICSOILGRIDS_new_average_phx10percent_reduced)
Warning: Skipping sample at -66.48333, 49.11666
Warning: Sample at -86.29217, 48.59083 in Mitella_nuda.csv is missing some environmental data (e.g. ISRICSOILGRIDS_new_average_phx10percent_reduced)
Warning: Skipping sample at -86.29217, 48.59083
Warning: Sample at -68.58333, 48.45 in Mitella_nuda.csv is missing some environmental data (e.g. ISRICSOILGRIDS_new_average_phx10percent_reduced)
Warning: Skipping sample at -68.58333, 48.45
Warning: Sample at -68.56667, 48.46667 in Mitella_nuda.csv is missing some environmental data (e.g. ISRICSOILGRIDS_new_average_phx10percent_reduced)
Warning: Skipping sample at -68.56667, 48.46667
Warning: Sample at -64.16667, 48.5 in Mitella_nuda.csv is missing some environmental data (e.g. ISRICSOILGRIDS_new_average_phx10percent_reduced)
Warning: Skipping sample at -64.16667, 48.5
Warning: Sample at -64.15804, 48.50158 in Mitella_nuda.csv is missing some environmental data (e.g. ISRICSOILGRIDS_new_average_phx10percent_reduced)
Warning: Skipping sample at -64.15804, 48.50158
Warning: Sample at -68.80777, 48.36861 in Mitella_nuda.csv is missing some environmental data (e.g. ISRICSOILGRIDS_new_average_phx10percent_reduced)
Warning: Skipping sample at -68.80777, 48.36861
Warning: Sample at -68.72917, 48.37722 in Mitella_nuda.csv is missing some environmental data (e.g. ISRICSOILGRIDS_new_average_phx10percent_reduced)
Warning: Skipping sample at -68.72917, 48.37722
Warning: Sample at -69.66611, 45.64388 in Mitella_nuda.csv is missing some environmental data (e.g. ISRICSOILGRIDS_new_average_phx10percent_reduced)
Warning: Skipping sample at -69.66611, 45.64388
Time since start: 1.038
121050 points with values for all grids
Adding samples to background in feature space
Command line used:  samplesfile=/volumes/output/heuchera_rfolk_5min_global/mitella_nuda/Mitella_nuda.csv -e /volumes/env/biotaphy_5min_global -o /volumes/output/heuchera_rfolk_5min_global/mitella_nuda nowarnings nocache autorun -z togglelayertype=mask
Command line to repeat: java density.MaxEnt nowarnings noprefixes outputdirectory=/volumes/output/heuchera_rfolk_5min_global/mitella_nuda samplesfile=/volumes/output/heuchera_rfolk_5min_global/mitella_nuda/Mitella_nuda.csv environmentallayers=/volumes/env/biotaphy_5min_global nowarnings autorun novisible nocache -t mask
Species: Mitella_nuda
Layers: ISRICSOILGRIDS_new_average_phx10percent_reduced mask
Layertypes: Continuous Categorical
outputdirectory: /volumes/output/heuchera_rfolk_5min_global/mitella_nuda
samplesfile: /volumes/output/heuchera_rfolk_5min_global/mitella_nuda/Mitella_nuda.csv
environmentallayers: /volumes/env/biotaphy_5min_global
warnings: false
autorun: true
visible: false
cache: false

getSamples: max memory 32178700288, total allocated 2118123520, free 913370576, used 1204752944, increment 1180949040
Making features
makeFeatures: max memory 32178700288, total allocated 2118123520, free 911275472, used 1206848048, increment 2095104
Mitella_nuda: 
Regularization values: linear/quadratic/product: 0.050, categorical: 0.250, threshold: 1.000, hinge: 0.500
224 samples
Density: max memory 32178700288, total allocated 2118123520, free 909098304, used 1209025216, increment 2177168
linearPredictor: max memory 32178700288, total allocated 2118123520, free 909098304, used 1209025216, increment 0
FeaturedSpace: max memory 32178700288, total allocated 2118123520, free 909098304, used 1209025216, increment 0
Sequential: max memory 32178700288, total allocated 2118123520, free 909098304, used 1209025216, increment 0
Initial loss: 9.210340371976184
160: time = 0.130000 loss = 9.164936
Resulting gain: 0.04540426277457499
Projecting...
Writing file /volumes/output/heuchera_rfolk_5min_global/mitella_nuda/Mitella_nuda.asc
Time since start: 3.116
Writing /volumes/output/heuchera_rfolk_5min_global/mitella_nuda/plots/Mitella_nuda.png
Ending
