Mon Oct 24 19:49:29 GMT 2022
MaxEnt version 3.4.4
Checking header of /volumes/env/na_2.5min/BIOCLIM_1.asc
Checking header of /volumes/env/na_2.5min/BIOCLIM_10.asc
Checking header of /volumes/env/na_2.5min/BIOCLIM_17.asc
Checking header of /volumes/env/na_2.5min/BIOCLIM_18.asc
Checking header of /volumes/env/na_2.5min/BIOCLIM_19.asc
Checking header of /volumes/env/na_2.5min/BIOCLIM_6.asc
Checking header of /volumes/env/na_2.5min/BIOCLIM_8.asc
Checking header of /volumes/env/na_2.5min/GTOPO30_ASPECT_reduced.asc
Checking header of /volumes/env/na_2.5min/GTOPO30_ELEVATION.asc
Checking header of /volumes/env/na_2.5min/GTOPO30_SLOPE_reduced.asc
Checking header of /volumes/env/na_2.5min/ISRICSOILGRIDS_new_average_coarsefragmentpercent_reduced.asc
Checking header of /volumes/env/na_2.5min/ISRICSOILGRIDS_new_average_siltpercent_reduced.asc
Checking header of /volumes/env/na_2.5min/ISRICSOILGRIDS_new_average_soilorganiccarboncontent_reduced.asc
Checking header of /volumes/env/na_2.5min/LandCover_4_Mixedtrees.asc
Checking header of /volumes/env/na_2.5min/LandCover_5_Shrubs.asc
Checking header of /volumes/env/na_2.5min/mask.asc
Reading samples from Heuchera_alba.csv
Read samples: max memory 32178700288, total allocated 2118123520, free 2096418816, used 21704704, increment 21704704
Extractor: max memory 32178700288, total allocated 2118123520, free 2090125312, used 27998208, increment 6293504
Extracting random background and sample data
Warning: Sample at -78.30135667, 40.02438667 in Heuchera_alba.csv is missing some environmental data (e.g. ISRICSOILGRIDS_new_average_siltpercent_reduced)
Warning: Skipping sample at -78.30135667, 40.02438667
Warning: Sample at -78.396954, 39.531205 in Heuchera_alba.csv is missing some environmental data (e.g. ISRICSOILGRIDS_new_average_siltpercent_reduced)
Warning: Skipping sample at -78.396954, 39.531205
Warning: Sample at -79.156905, 39.383779 in Heuchera_alba.csv is missing some environmental data (e.g. ISRICSOILGRIDS_new_average_siltpercent_reduced)
Warning: Skipping sample at -79.156905, 39.383779
Warning: Sample at -78.734779, 39.395243 in Heuchera_alba.csv is missing some environmental data (e.g. ISRICSOILGRIDS_new_average_siltpercent_reduced)
Warning: Skipping sample at -78.734779, 39.395243
Warning: Sample at -79.07992182, 39.004845 in Heuchera_alba.csv is missing some environmental data (e.g. ISRICSOILGRIDS_new_average_siltpercent_reduced)
Warning: Skipping sample at -79.07992182, 39.004845
Warning: Sample at -79.202538, 38.98761 in Heuchera_alba.csv is missing some environmental data (e.g. ISRICSOILGRIDS_new_average_siltpercent_reduced)
Warning: Skipping sample at -79.202538, 38.98761
Warning: Sample at -79.276913, 38.917228 in Heuchera_alba.csv is missing some environmental data (e.g. ISRICSOILGRIDS_new_average_siltpercent_reduced)
Warning: Skipping sample at -79.276913, 38.917228
Warning: Sample at -79.467308, 38.874203 in Heuchera_alba.csv is missing some environmental data (e.g. ISRICSOILGRIDS_new_average_siltpercent_reduced)
Warning: Skipping sample at -79.467308, 38.874203
Warning: Sample at -79.270874, 38.847334 in Heuchera_alba.csv is missing some environmental data (e.g. ISRICSOILGRIDS_new_average_siltpercent_reduced)
Warning: Skipping sample at -79.270874, 38.847334
Warning: Sample at -79.77936229, 38.741448 in Heuchera_alba.csv is missing some environmental data (e.g. ISRICSOILGRIDS_new_average_siltpercent_reduced)
Warning: Skipping sample at -79.77936229, 38.741448
Warning: Sample at -79.532828, 38.699836 in Heuchera_alba.csv is missing some environmental data (e.g. ISRICSOILGRIDS_new_average_siltpercent_reduced)
Warning: Skipping sample at -79.532828, 38.699836
Warning: Sample at -79.18181, 38.594238 in Heuchera_alba.csv is missing some environmental data (e.g. ISRICSOILGRIDS_new_average_siltpercent_reduced)
Warning: Skipping sample at -79.18181, 38.594238
Warning: Sample at -79.5336594, 38.5537286 in Heuchera_alba.csv is missing some environmental data (e.g. ISRICSOILGRIDS_new_average_siltpercent_reduced)
Warning: Skipping sample at -79.5336594, 38.5537286
Warning: Sample at -79.495325, 38.563451 in Heuchera_alba.csv is missing some environmental data (e.g. ISRICSOILGRIDS_new_average_siltpercent_reduced)
Warning: Skipping sample at -79.495325, 38.563451
Warning: Sample at -79.17176653, 38.568551 in Heuchera_alba.csv is missing some environmental data (e.g. ISRICSOILGRIDS_new_average_siltpercent_reduced)
Warning: Skipping sample at -79.17176653, 38.568551
Warning: Sample at -79.17392799, 38.570226 in Heuchera_alba.csv is missing some environmental data (e.g. ISRICSOILGRIDS_new_average_siltpercent_reduced)
Warning: Skipping sample at -79.17392799, 38.570226
Warning: Sample at -79.60164, 38.500107 in Heuchera_alba.csv is missing some environmental data (e.g. ISRICSOILGRIDS_new_average_siltpercent_reduced)
Warning: Skipping sample at -79.60164, 38.500107
Warning: Sample at -79.24476594, 38.46296 in Heuchera_alba.csv is missing some environmental data (e.g. ISRICSOILGRIDS_new_average_siltpercent_reduced)
Warning: Skipping sample at -79.24476594, 38.46296
Warning: Sample at -79.315872, 38.399154 in Heuchera_alba.csv is missing some environmental data (e.g. ISRICSOILGRIDS_new_average_siltpercent_reduced)
Warning: Skipping sample at -79.315872, 38.399154
Warning: Sample at -79.583016, 38.335642 in Heuchera_alba.csv is missing some environmental data (e.g. ISRICSOILGRIDS_new_average_siltpercent_reduced)
Warning: Skipping sample at -79.583016, 38.335642
Warning: Sample at -79.21121, 38.355764 in Heuchera_alba.csv is missing some environmental data (e.g. ISRICSOILGRIDS_new_average_siltpercent_reduced)
Warning: Skipping sample at -79.21121, 38.355764
Time since start: 1.872
0 points with values for all grids
No background points with data in all layers
java.lang.Exception
	at density.Utils.logError(Utils.java:218)
	at density.Utils.popupError(Utils.java:224)
	at density.Runner.popupError(Runner.java:107)
	at density.Runner.start(Runner.java:328)
	at density.MaxEnt.main(MaxEnt.java:59)
Ending
