Thu Dec 22 16:14:06 CST 2022
MaxEnt version 3.4.4
Checking header of /volumes/env/worldclim1.4/alt.mxe
Checking header of /volumes/env/worldclim1.4/alt.mxe
Checking header of /volumes/env/worldclim1.4/bio1.mxe
Checking header of /volumes/env/worldclim1.4/bio1.mxe
Checking header of /volumes/env/worldclim1.4/bio10.mxe
Checking header of /volumes/env/worldclim1.4/bio10.mxe
Checking header of /volumes/env/worldclim1.4/bio11.mxe
Checking header of /volumes/env/worldclim1.4/bio11.mxe
Checking header of /volumes/env/worldclim1.4/bio12.mxe
Checking header of /volumes/env/worldclim1.4/bio12.mxe
Checking header of /volumes/env/worldclim1.4/bio13.mxe
Checking header of /volumes/env/worldclim1.4/bio13.mxe
Checking header of /volumes/env/worldclim1.4/bio14.mxe
Checking header of /volumes/env/worldclim1.4/bio14.mxe
Checking header of /volumes/env/worldclim1.4/bio15.mxe
Checking header of /volumes/env/worldclim1.4/bio15.mxe
Checking header of /volumes/env/worldclim1.4/bio16.mxe
Checking header of /volumes/env/worldclim1.4/bio16.mxe
Checking header of /volumes/env/worldclim1.4/bio17.mxe
Checking header of /volumes/env/worldclim1.4/bio17.mxe
Checking header of /volumes/env/worldclim1.4/bio18.mxe
Checking header of /volumes/env/worldclim1.4/bio18.mxe
Checking header of /volumes/env/worldclim1.4/bio19.mxe
Checking header of /volumes/env/worldclim1.4/bio19.mxe
Checking header of /volumes/env/worldclim1.4/bio2.mxe
Checking header of /volumes/env/worldclim1.4/bio2.mxe
Checking header of /volumes/env/worldclim1.4/bio3.mxe
Checking header of /volumes/env/worldclim1.4/bio3.mxe
Checking header of /volumes/env/worldclim1.4/bio4.mxe
Checking header of /volumes/env/worldclim1.4/bio4.mxe
Checking header of /volumes/env/worldclim1.4/bio5.mxe
Checking header of /volumes/env/worldclim1.4/bio5.mxe
Checking header of /volumes/env/worldclim1.4/bio6.mxe
Checking header of /volumes/env/worldclim1.4/bio6.mxe
Checking header of /volumes/env/worldclim1.4/bio7.mxe
Checking header of /volumes/env/worldclim1.4/bio7.mxe
Checking header of /volumes/env/worldclim1.4/bio8.mxe
Checking header of /volumes/env/worldclim1.4/bio8.mxe
Checking header of /volumes/env/worldclim1.4/bio9.mxe
Checking header of /volumes/env/worldclim1.4/bio9.mxe
Checking header of /volumes/env/worldclim1.4/mask.asc
Reading samples from Lithophragma_parviflorum.csv
Read samples: max memory 12612272128, total allocated 792723456, free 778650312, used 14073144, increment 14073144
Extractor: max memory 12612272128, total allocated 792723456, free 775789512, used 16933944, increment 2860800
Extracting random background and sample data
Time since start: 2.125
7941 points with values for all grids
Adding samples to background in feature space
Command line used:  samplesfile=/volumes/output/heuchera_rfolk_global/lithophragma_parviflorum/Lithophragma_parviflorum.csv -e /volumes/env/worldclim1.4 -o /volumes/output/heuchera_rfolk_global/lithophragma_parviflorum nowarnings nocache autorun -z togglelayertype=mask
Command line to repeat: java density.MaxEnt nowarnings noprefixes outputdirectory=/volumes/output/heuchera_rfolk_global/lithophragma_parviflorum samplesfile=/volumes/output/heuchera_rfolk_global/lithophragma_parviflorum/Lithophragma_parviflorum.csv environmentallayers=/volumes/env/worldclim1.4 nowarnings autorun novisible nocache -t mask
Species: Lithophragma_parviflorum
Layers: alt alt bio1 bio1 bio10 bio10 bio11 bio11 bio12 bio12 bio13 bio13 bio14 bio14 bio15 bio15 bio16 bio16 bio17 bio17 bio18 bio18 bio19 bio19 bio2 bio2 bio3 bio3 bio4 bio4 bio5 bio5 bio6 bio6 bio7 bio7 bio8 bio8 bio9 bio9 mask
Layertypes: Continuous Continuous Continuous Continuous Continuous Continuous Continuous Continuous Continuous Continuous Continuous Continuous Continuous Continuous Continuous Continuous Continuous Continuous Continuous Continuous Continuous Continuous Continuous Continuous Continuous Continuous Continuous Continuous Continuous Continuous Continuous Continuous Continuous Continuous Continuous Continuous Continuous Continuous Continuous Continuous Categorical
outputdirectory: /volumes/output/heuchera_rfolk_global/lithophragma_parviflorum
samplesfile: /volumes/output/heuchera_rfolk_global/lithophragma_parviflorum/Lithophragma_parviflorum.csv
environmentallayers: /volumes/env/worldclim1.4
warnings: false
autorun: true
visible: false
cache: false

getSamples: max memory 12612272128, total allocated 792723456, free 472133184, used 320590272, increment 303656328
Making features
makeFeatures: max memory 12612272128, total allocated 792723456, free 416211312, used 376512144, increment 55921872
Lithophragma_parviflorum: 
Regularization values: linear/quadratic/product: 0.050, categorical: 0.250, threshold: 1.000, hinge: 0.500
Time since start: 3.39
195 samples
Density: max memory 12612272128, total allocated 792723456, free 381955648, used 410767808, increment 34255664
linearPredictor: max memory 12612272128, total allocated 792723456, free 381955648, used 410767808, increment 0
FeaturedSpace: max memory 12612272128, total allocated 792723456, free 381955648, used 410767808, increment 0
Sequential: max memory 12612272128, total allocated 792723456, free 381955648, used 410767808, increment 0
Initial loss: 8.97979449089521
Time since start: 15.849
500: time = 12.082000 loss = 8.107031
Resulting gain: 0.8727635148083213
Time since start: 17.269
Projecting...
Writing file /volumes/output/heuchera_rfolk_global/lithophragma_parviflorum/Lithophragma_parviflorum.asc
Time since start: 18.498
Writing /volumes/output/heuchera_rfolk_global/lithophragma_parviflorum/plots/Lithophragma_parviflorum.png
Time since start: 24.669
Ending
