Tue Dec 27 15:07:55 CST 2022
MaxEnt version 3.4.4
Checking header of /volumes/env/na_2.5min/BIOCLIM_1.asc
Checking header of /volumes/env/na_2.5min/BIOCLIM_12.asc
Checking header of /volumes/env/na_2.5min/BIOCLIM_17.asc
Checking header of /volumes/env/na_2.5min/BIOCLIM_7.asc
Checking header of /volumes/env/na_2.5min/GTOPO30_ELEVATION.asc
Checking header of /volumes/env/na_2.5min/GTOPO30_SLOPE_reduced.asc
Checking header of /volumes/env/na_2.5min/ISRICSOILGRIDS_new_average_coarsefragmentpercent_reduced.asc
Checking header of /volumes/env/na_2.5min/ISRICSOILGRIDS_new_average_phx10percent_reduced.asc
Checking header of /volumes/env/na_2.5min/ISRICSOILGRIDS_new_average_sandpercent_reduced.asc
Checking header of /volumes/env/na_2.5min/ISRICSOILGRIDS_new_average_soilorganiccarboncontent_reduced.asc
Checking header of /volumes/env/na_2.5min/LandCover_1_Needleleaf.asc
Checking header of /volumes/env/na_2.5min/LandCover_6_Herbaceous.asc
Checking header of /volumes/env/na_2.5min/mask.asc
Reading samples from Mitella_ovalis.csv
Read samples: max memory 32178700288, total allocated 2118123520, free 2094319616, used 23803904, increment 23803904
Extractor: max memory 32178700288, total allocated 2118123520, free 2085931008, used 32192512, increment 8388608
Extracting random background and sample data
Warning: Sample at -125.93333, 49.3 in Mitella_ovalis.csv is missing some environmental data (e.g. GTOPO30_SLOPE_reduced)
Warning: Skipping sample at -125.93333, 49.3
Warning: Sample at -123.95, 49.2 in Mitella_ovalis.csv is missing some environmental data (e.g. GTOPO30_SLOPE_reduced)
Warning: Skipping sample at -123.95, 49.2
Warning: Sample at -124.26667, 48.48333 in Mitella_ovalis.csv is missing some environmental data (e.g. BIOCLIM_1)
Warning: Skipping sample at -124.26667, 48.48333
Warning: Sample at -122.176, 45.5553 in Mitella_ovalis.csv is missing some environmental data (e.g. ISRICSOILGRIDS_new_average_coarsefragmentpercent_reduced)
Warning: Skipping sample at -122.176, 45.5553
Warning: Sample at -124.0667, 44.8083 in Mitella_ovalis.csv is missing some environmental data (e.g. BIOCLIM_1)
Warning: Skipping sample at -124.0667, 44.8083
Warning: Sample at -124.0564, 44.7206 in Mitella_ovalis.csv is missing some environmental data (e.g. BIOCLIM_1)
Warning: Skipping sample at -124.0564, 44.7206
Warning: Sample at -124.0675, 44.4269 in Mitella_ovalis.csv is missing some environmental data (e.g. BIOCLIM_1)
Warning: Skipping sample at -124.0675, 44.4269
Warning: Sample at -124.2168, 43.4564 in Mitella_ovalis.csv is missing some environmental data (e.g. BIOCLIM_1)
Warning: Skipping sample at -124.2168, 43.4564
Warning: Sample at -124.3472, 43.3456 in Mitella_ovalis.csv is missing some environmental data (e.g. BIOCLIM_1)
Warning: Skipping sample at -124.3472, 43.3456
Warning: Sample at -124.3289, 43.3403 in Mitella_ovalis.csv is missing some environmental data (e.g. GTOPO30_SLOPE_reduced)
Warning: Skipping sample at -124.3289, 43.3403
Warning: Sample at -124.4961, 42.7458 in Mitella_ovalis.csv is missing some environmental data (e.g. BIOCLIM_1)
Warning: Skipping sample at -124.4961, 42.7458
Warning: Sample at -124.20056, 41.61115 in Mitella_ovalis.csv is missing some environmental data (e.g. BIOCLIM_1)
Warning: Skipping sample at -124.20056, 41.61115
Warning: Sample at -123.803622, 39.42425558 in Mitella_ovalis.csv is missing some environmental data (e.g. GTOPO30_SLOPE_reduced)
Warning: Skipping sample at -123.803622, 39.42425558
Time since start: 2.132
15157 points with values for all grids
Adding samples to background in feature space
Command line used:  samplesfile=/volumes/output/heuchera_rfolk_2.5min_na/mitella_ovalis/Mitella_ovalis.csv -e /volumes/env/na_2.5min -o /volumes/output/heuchera_rfolk_2.5min_na/mitella_ovalis nowarnings nocache autorun -z togglelayertype=mask
Command line to repeat: java density.MaxEnt nowarnings noprefixes outputdirectory=/volumes/output/heuchera_rfolk_2.5min_na/mitella_ovalis samplesfile=/volumes/output/heuchera_rfolk_2.5min_na/mitella_ovalis/Mitella_ovalis.csv environmentallayers=/volumes/env/na_2.5min nowarnings autorun novisible nocache -t mask
Species: Mitella_ovalis
Layers: BIOCLIM_1 BIOCLIM_12 BIOCLIM_17 BIOCLIM_7 GTOPO30_ELEVATION GTOPO30_SLOPE_reduced ISRICSOILGRIDS_new_average_coarsefragmentpercent_reduced ISRICSOILGRIDS_new_average_phx10percent_reduced ISRICSOILGRIDS_new_average_sandpercent_reduced ISRICSOILGRIDS_new_average_soilorganiccarboncontent_reduced LandCover_1_Needleleaf LandCover_6_Herbaceous mask
Layertypes: Continuous Continuous Continuous Continuous Continuous Continuous Continuous Continuous Continuous Continuous Continuous Continuous Categorical
outputdirectory: /volumes/output/heuchera_rfolk_2.5min_na/mitella_ovalis
samplesfile: /volumes/output/heuchera_rfolk_2.5min_na/mitella_ovalis/Mitella_ovalis.csv
environmentallayers: /volumes/env/na_2.5min
warnings: false
autorun: true
visible: false
cache: false

getSamples: max memory 32178700288, total allocated 2118123520, free 1960270744, used 157852776, increment 125660264
Making features
makeFeatures: max memory 32178700288, total allocated 2118123520, free 1951803944, used 166319576, increment 8466800
Mitella_ovalis: 
Regularization values: linear/quadratic/product: 0.086, categorical: 0.250, threshold: 1.050, hinge: 0.500
95 samples
Density: max memory 32178700288, total allocated 2118123520, free 1939260760, used 178862760, increment 12543184
linearPredictor: max memory 32178700288, total allocated 2118123520, free 1939260760, used 178862760, increment 0
FeaturedSpace: max memory 32178700288, total allocated 2118123520, free 1939260760, used 178862760, increment 0
Sequential: max memory 32178700288, total allocated 2118123520, free 1939260760, used 178862760, increment 0
Initial loss: 9.213136459278184
Time since start: 3.384
500: time = 1.032000 loss = 8.698298
Resulting gain: 0.5148380618198072
Projecting...
Writing file /volumes/output/heuchera_rfolk_2.5min_na/mitella_ovalis/Mitella_ovalis.asc
Time since start: 6.323
Writing /volumes/output/heuchera_rfolk_2.5min_na/mitella_ovalis/plots/Mitella_ovalis.png
Ending
