Thu Dec 22 15:46:57 CST 2022
MaxEnt version 3.4.4
Checking header of /volumes/env/na_2.5min/BIOCLIM_1.asc
Checking header of /volumes/env/na_2.5min/BIOCLIM_12.asc
Checking header of /volumes/env/na_2.5min/BIOCLIM_17.asc
Checking header of /volumes/env/na_2.5min/BIOCLIM_7.asc
Checking header of /volumes/env/na_2.5min/GTOPO30_ELEVATION.asc
Checking header of /volumes/env/na_2.5min/GTOPO30_SLOPE_reduced.asc
Checking header of /volumes/env/na_2.5min/ISRICSOILGRIDS_new_average_coarsefragmentpercent_reduced.asc
Checking header of /volumes/env/na_2.5min/ISRICSOILGRIDS_new_average_phx10percent_reduced.asc
Checking header of /volumes/env/na_2.5min/ISRICSOILGRIDS_new_average_sandpercent_reduced.asc
Checking header of /volumes/env/na_2.5min/ISRICSOILGRIDS_new_average_soilorganiccarboncontent_reduced.asc
Checking header of /volumes/env/na_2.5min/LandCover_1_Needleleaf.asc
Checking header of /volumes/env/na_2.5min/LandCover_6_Herbaceous.asc
Checking header of /volumes/env/na_2.5min/mask.asc
Reading samples from Heuchera_elegans.csv
Read samples: max memory 12612272128, total allocated 792723456, free 773115904, used 19607552, increment 19607552
Extractor: max memory 12612272128, total allocated 792723456, free 766067408, used 26656048, increment 7048496
Extracting random background and sample data
Time since start: 6.226
1343 points with values for all grids
Adding samples to background in feature space
Command line used:  samplesfile=/volumes/output/heuchera_rfolk_na/heuchera_elegans/Heuchera_elegans.csv -e /volumes/env/na_2.5min -o /volumes/output/heuchera_rfolk_na/heuchera_elegans nowarnings nocache autorun -z togglelayertype=mask
Command line to repeat: java density.MaxEnt nowarnings noprefixes outputdirectory=/volumes/output/heuchera_rfolk_na/heuchera_elegans samplesfile=/volumes/output/heuchera_rfolk_na/heuchera_elegans/Heuchera_elegans.csv environmentallayers=/volumes/env/na_2.5min nowarnings autorun novisible nocache -t mask
Species: Heuchera_elegans
Layers: BIOCLIM_1 BIOCLIM_12 BIOCLIM_17 BIOCLIM_7 GTOPO30_ELEVATION GTOPO30_SLOPE_reduced ISRICSOILGRIDS_new_average_coarsefragmentpercent_reduced ISRICSOILGRIDS_new_average_phx10percent_reduced ISRICSOILGRIDS_new_average_sandpercent_reduced ISRICSOILGRIDS_new_average_soilorganiccarboncontent_reduced LandCover_1_Needleleaf LandCover_6_Herbaceous mask
Layertypes: Continuous Continuous Continuous Continuous Continuous Continuous Continuous Continuous Continuous Continuous Continuous Continuous Categorical
outputdirectory: /volumes/output/heuchera_rfolk_na/heuchera_elegans
samplesfile: /volumes/output/heuchera_rfolk_na/heuchera_elegans/Heuchera_elegans.csv
environmentallayers: /volumes/env/na_2.5min
warnings: false
autorun: true
visible: false
cache: false

getSamples: max memory 12612272128, total allocated 1176502272, free 614505192, used 561997080, increment 535341032
Making features
makeFeatures: max memory 12612272128, total allocated 1176502272, free 611361512, used 565140760, increment 3143680
Heuchera_elegans: 
Regularization values: linear/quadratic/product: 0.233, categorical: 0.250, threshold: 1.640, hinge: 0.500
36 samples
Density: max memory 12612272128, total allocated 1176502272, free 609264360, used 567237912, increment 2097152
linearPredictor: max memory 12612272128, total allocated 1176502272, free 609264360, used 567237912, increment 0
FeaturedSpace: max memory 12612272128, total allocated 1176502272, free 609264360, used 567237912, increment 0
Sequential: max memory 12612272128, total allocated 1176502272, free 609264360, used 567237912, increment 0
Initial loss: 7.202661196523238
500: time = 0.662000 loss = 5.402163
Resulting gain: 1.800498323934268
Time since start: 7.719
Projecting...
Writing file /volumes/output/heuchera_rfolk_na/heuchera_elegans/Heuchera_elegans.asc
Time since start: 13.946
Writing /volumes/output/heuchera_rfolk_na/heuchera_elegans/plots/Heuchera_elegans.png
Ending
