Tue Dec 27 14:31:50 CST 2022
MaxEnt version 3.4.4
Checking header of /volumes/env/biotaphy_5min_global/ISRICSOILGRIDS_new_average_phx10percent_reduced.asc
Checking header of /volumes/env/biotaphy_5min_global/mask.asc
Reading samples from Mitella_diphylla.csv
Read samples: max memory 32178700288, total allocated 2118123520, free 2098513920, used 19609600, increment 19609600
Extractor: max memory 32178700288, total allocated 2118123520, free 2094319616, used 23803904, increment 4194304
Extracting random background and sample data
Warning: Sample at -71.35, 46.75 in Mitella_diphylla.csv is missing some environmental data (e.g. ISRICSOILGRIDS_new_average_phx10percent_reduced)
Warning: Skipping sample at -71.35, 46.75
Warning: Sample at -78.95, 43.85 in Mitella_diphylla.csv is missing some environmental data (e.g. ISRICSOILGRIDS_new_average_phx10percent_reduced)
Warning: Skipping sample at -78.95, 43.85
Warning: Sample at -87.68245, 42.18787 in Mitella_diphylla.csv is missing some environmental data (e.g. ISRICSOILGRIDS_new_average_phx10percent_reduced)
Warning: Skipping sample at -87.68245, 42.18787
Warning: Sample at -87.75, 42.1333 in Mitella_diphylla.csv is missing some environmental data (e.g. ISRICSOILGRIDS_new_average_phx10percent_reduced)
Warning: Skipping sample at -87.75, 42.1333
Warning: Sample at -87.6833, 42.0333 in Mitella_diphylla.csv is missing some environmental data (e.g. ISRICSOILGRIDS_new_average_phx10percent_reduced)
Warning: Skipping sample at -87.6833, 42.0333
Time since start: 1.046
30601 points with values for all grids
Adding samples to background in feature space
Command line used:  samplesfile=/volumes/output/heuchera_rfolk_5min_global/mitella_diphylla/Mitella_diphylla.csv -e /volumes/env/biotaphy_5min_global -o /volumes/output/heuchera_rfolk_5min_global/mitella_diphylla nowarnings nocache autorun -z togglelayertype=mask
Command line to repeat: java density.MaxEnt nowarnings noprefixes outputdirectory=/volumes/output/heuchera_rfolk_5min_global/mitella_diphylla samplesfile=/volumes/output/heuchera_rfolk_5min_global/mitella_diphylla/Mitella_diphylla.csv environmentallayers=/volumes/env/biotaphy_5min_global nowarnings autorun novisible nocache -t mask
Species: Mitella_diphylla
Layers: ISRICSOILGRIDS_new_average_phx10percent_reduced mask
Layertypes: Continuous Categorical
outputdirectory: /volumes/output/heuchera_rfolk_5min_global/mitella_diphylla
samplesfile: /volumes/output/heuchera_rfolk_5min_global/mitella_diphylla/Mitella_diphylla.csv
environmentallayers: /volumes/env/biotaphy_5min_global
warnings: false
autorun: true
visible: false
cache: false

getSamples: max memory 32178700288, total allocated 2118123520, free 911278536, used 1206844984, increment 1183041080
Making features
makeFeatures: max memory 32178700288, total allocated 2118123520, free 911196472, used 1206927048, increment 82064
Mitella_diphylla: 
Regularization values: linear/quadratic/product: 0.050, categorical: 0.250, threshold: 1.000, hinge: 0.500
247 samples
Density: max memory 32178700288, total allocated 2118123520, free 909099320, used 1209024200, increment 2097152
linearPredictor: max memory 32178700288, total allocated 2118123520, free 909099320, used 1209024200, increment 0
FeaturedSpace: max memory 32178700288, total allocated 2118123520, free 909099320, used 1209024200, increment 0
Sequential: max memory 32178700288, total allocated 2118123520, free 909099320, used 1209024200, increment 0
Initial loss: 9.210340371976184
120: time = 0.121000 loss = 9.208537
Resulting gain: 0.001803286149250738
Projecting...
Writing file /volumes/output/heuchera_rfolk_5min_global/mitella_diphylla/Mitella_diphylla.asc
Time since start: 3.021
Writing /volumes/output/heuchera_rfolk_5min_global/mitella_diphylla/plots/Mitella_diphylla.png
Ending
