Thu Dec 22 15:53:08 CST 2022
MaxEnt version 3.4.4
Checking header of /volumes/env/na_2.5min/BIOCLIM_1.asc
Checking header of /volumes/env/na_2.5min/BIOCLIM_12.asc
Checking header of /volumes/env/na_2.5min/BIOCLIM_17.asc
Checking header of /volumes/env/na_2.5min/BIOCLIM_7.asc
Checking header of /volumes/env/na_2.5min/GTOPO30_ELEVATION.asc
Checking header of /volumes/env/na_2.5min/GTOPO30_SLOPE_reduced.asc
Checking header of /volumes/env/na_2.5min/ISRICSOILGRIDS_new_average_coarsefragmentpercent_reduced.asc
Checking header of /volumes/env/na_2.5min/ISRICSOILGRIDS_new_average_phx10percent_reduced.asc
Checking header of /volumes/env/na_2.5min/ISRICSOILGRIDS_new_average_sandpercent_reduced.asc
Checking header of /volumes/env/na_2.5min/ISRICSOILGRIDS_new_average_soilorganiccarboncontent_reduced.asc
Checking header of /volumes/env/na_2.5min/LandCover_1_Needleleaf.asc
Checking header of /volumes/env/na_2.5min/LandCover_6_Herbaceous.asc
Checking header of /volumes/env/na_2.5min/mask.asc
Reading samples from Heuchera_alba.csv
Read samples: max memory 12612272128, total allocated 792723456, free 773701016, used 19022440, increment 19022440
Extractor: max memory 12612272128, total allocated 792723456, free 766067408, used 26656048, increment 7633608
Extracting random background and sample data
Time since start: 5.137
2355 points with values for all grids
Adding samples to background in feature space
Command line used:  samplesfile=/volumes/output/heuchera_rfolk_na/heuchera_alba/Heuchera_alba.csv -e /volumes/env/na_2.5min -o /volumes/output/heuchera_rfolk_na/heuchera_alba nowarnings nocache autorun -z togglelayertype=mask
Command line to repeat: java density.MaxEnt nowarnings noprefixes outputdirectory=/volumes/output/heuchera_rfolk_na/heuchera_alba samplesfile=/volumes/output/heuchera_rfolk_na/heuchera_alba/Heuchera_alba.csv environmentallayers=/volumes/env/na_2.5min nowarnings autorun novisible nocache -t mask
Species: Heuchera_alba
Layers: BIOCLIM_1 BIOCLIM_12 BIOCLIM_17 BIOCLIM_7 GTOPO30_ELEVATION GTOPO30_SLOPE_reduced ISRICSOILGRIDS_new_average_coarsefragmentpercent_reduced ISRICSOILGRIDS_new_average_phx10percent_reduced ISRICSOILGRIDS_new_average_sandpercent_reduced ISRICSOILGRIDS_new_average_soilorganiccarboncontent_reduced LandCover_1_Needleleaf LandCover_6_Herbaceous mask
Layertypes: Continuous Continuous Continuous Continuous Continuous Continuous Continuous Continuous Continuous Continuous Continuous Continuous Categorical
outputdirectory: /volumes/output/heuchera_rfolk_na/heuchera_alba
samplesfile: /volumes/output/heuchera_rfolk_na/heuchera_alba/Heuchera_alba.csv
environmentallayers: /volumes/env/na_2.5min
warnings: false
autorun: true
visible: false
cache: false

getSamples: max memory 12612272128, total allocated 1168113664, free 1158585656, used 9528008, increment -17128040
Making features
makeFeatures: max memory 12612272128, total allocated 1168113664, free 1156488504, used 11625160, increment 2097152
Heuchera_alba: 
Regularization values: linear/quadratic/product: 0.442, categorical: 0.250, threshold: 1.800, hinge: 0.500
20 samples
Density: max memory 12612272128, total allocated 1168113664, free 1153340728, used 14772936, increment 3147776
linearPredictor: max memory 12612272128, total allocated 1168113664, free 1153340728, used 14772936, increment 0
FeaturedSpace: max memory 12612272128, total allocated 1168113664, free 1153340728, used 14772936, increment 0
Sequential: max memory 12612272128, total allocated 1168113664, free 1153340728, used 14772936, increment 0
Initial loss: 7.764296006450518
Time since start: 6.261
440: time = 0.975000 loss = 6.893407
Resulting gain: 0.8708890118991413
Projecting...
Writing file /volumes/output/heuchera_rfolk_na/heuchera_alba/Heuchera_alba.asc
Time since start: 11.79
Writing /volumes/output/heuchera_rfolk_na/heuchera_alba/plots/Heuchera_alba.png
Ending
