Tue Dec 27 15:01:08 CST 2022
MaxEnt version 3.4.4
Checking header of /volumes/env/na_2.5min/BIOCLIM_1.asc
Checking header of /volumes/env/na_2.5min/BIOCLIM_12.asc
Checking header of /volumes/env/na_2.5min/BIOCLIM_17.asc
Checking header of /volumes/env/na_2.5min/BIOCLIM_7.asc
Checking header of /volumes/env/na_2.5min/GTOPO30_ELEVATION.asc
Checking header of /volumes/env/na_2.5min/GTOPO30_SLOPE_reduced.asc
Checking header of /volumes/env/na_2.5min/ISRICSOILGRIDS_new_average_coarsefragmentpercent_reduced.asc
Checking header of /volumes/env/na_2.5min/ISRICSOILGRIDS_new_average_phx10percent_reduced.asc
Checking header of /volumes/env/na_2.5min/ISRICSOILGRIDS_new_average_sandpercent_reduced.asc
Checking header of /volumes/env/na_2.5min/ISRICSOILGRIDS_new_average_soilorganiccarboncontent_reduced.asc
Checking header of /volumes/env/na_2.5min/LandCover_1_Needleleaf.asc
Checking header of /volumes/env/na_2.5min/LandCover_6_Herbaceous.asc
Checking header of /volumes/env/na_2.5min/mask.asc
Reading samples from Mitella_breweri.csv
Read samples: max memory 32178700288, total allocated 2118123520, free 2094319616, used 23803904, increment 23803904
Extractor: max memory 32178700288, total allocated 2118123520, free 2081736704, used 36386816, increment 12582912
Extracting random background and sample data
Warning: Sample at -123.25081, 49.25408 in Mitella_breweri.csv is missing some environmental data (e.g. BIOCLIM_1)
Warning: Skipping sample at -123.25081, 49.25408
Warning: Sample at -123.15, 49.25 in Mitella_breweri.csv is missing some environmental data (e.g. GTOPO30_SLOPE_reduced)
Warning: Skipping sample at -123.15, 49.25
Warning: Sample at -124.675, 48.26667 in Mitella_breweri.csv is missing some environmental data (e.g. BIOCLIM_1)
Warning: Skipping sample at -124.675, 48.26667
Time since start: 2.083
67553 points with values for all grids
Adding samples to background in feature space
Command line used:  samplesfile=/volumes/output/heuchera_rfolk_2.5min_na/mitella_breweri/Mitella_breweri.csv -e /volumes/env/na_2.5min -o /volumes/output/heuchera_rfolk_2.5min_na/mitella_breweri nowarnings nocache autorun -z togglelayertype=mask
Command line to repeat: java density.MaxEnt nowarnings noprefixes outputdirectory=/volumes/output/heuchera_rfolk_2.5min_na/mitella_breweri samplesfile=/volumes/output/heuchera_rfolk_2.5min_na/mitella_breweri/Mitella_breweri.csv environmentallayers=/volumes/env/na_2.5min nowarnings autorun novisible nocache -t mask
Species: Mitella_breweri
Layers: BIOCLIM_1 BIOCLIM_12 BIOCLIM_17 BIOCLIM_7 GTOPO30_ELEVATION GTOPO30_SLOPE_reduced ISRICSOILGRIDS_new_average_coarsefragmentpercent_reduced ISRICSOILGRIDS_new_average_phx10percent_reduced ISRICSOILGRIDS_new_average_sandpercent_reduced ISRICSOILGRIDS_new_average_soilorganiccarboncontent_reduced LandCover_1_Needleleaf LandCover_6_Herbaceous mask
Layertypes: Continuous Continuous Continuous Continuous Continuous Continuous Continuous Continuous Continuous Continuous Continuous Continuous Categorical
outputdirectory: /volumes/output/heuchera_rfolk_2.5min_na/mitella_breweri
samplesfile: /volumes/output/heuchera_rfolk_2.5min_na/mitella_breweri/Mitella_breweri.csv
environmentallayers: /volumes/env/na_2.5min
warnings: false
autorun: true
visible: false
cache: false

getSamples: max memory 32178700288, total allocated 2118123520, free 1953822816, used 164300704, increment 127913888
Making features
makeFeatures: max memory 32178700288, total allocated 2118123520, free 1943941664, used 174181856, increment 9881152
Mitella_breweri: 
Regularization values: linear/quadratic/product: 0.050, categorical: 0.250, threshold: 1.000, hinge: 0.500
229 samples
Density: max memory 32178700288, total allocated 2118123520, free 1930754144, used 187369376, increment 13187520
linearPredictor: max memory 32178700288, total allocated 2118123520, free 1930754144, used 187369376, increment 0
FeaturedSpace: max memory 32178700288, total allocated 2118123520, free 1930754144, used 187369376, increment 0
Sequential: max memory 32178700288, total allocated 2118123520, free 1930754144, used 187369376, increment 0
Initial loss: 9.229750765496005
Time since start: 3.373
500: time = 1.078000 loss = 7.666703
Resulting gain: 1.563047375787864
Projecting...
Writing file /volumes/output/heuchera_rfolk_2.5min_na/mitella_breweri/Mitella_breweri.asc
Time since start: 6.27
Writing /volumes/output/heuchera_rfolk_2.5min_na/mitella_breweri/plots/Mitella_breweri.png
Ending
