Mon Oct 31 19:35:11 GMT 2022
MaxEnt version 3.4.4
Checking header of /volumes/env/na_2.5min/BIOCLIM_1.asc
Checking header of /volumes/env/na_2.5min/BIOCLIM_12.asc
Checking header of /volumes/env/na_2.5min/BIOCLIM_17.asc
Checking header of /volumes/env/na_2.5min/BIOCLIM_7.asc
Checking header of /volumes/env/na_2.5min/GTOPO30_ELEVATION.asc
Checking header of /volumes/env/na_2.5min/GTOPO30_SLOPE_reduced.asc
Checking header of /volumes/env/na_2.5min/ISRICSOILGRIDS_new_average_coarsefragmentpercent_reduced.asc
Checking header of /volumes/env/na_2.5min/ISRICSOILGRIDS_new_average_phx10percent_reduced.asc
Checking header of /volumes/env/na_2.5min/ISRICSOILGRIDS_new_average_sandpercent_reduced.asc
Checking header of /volumes/env/na_2.5min/ISRICSOILGRIDS_new_average_soilorganiccarboncontent_reduced.asc
Checking header of /volumes/env/na_2.5min/LandCover_1_Needleleaf.asc
Checking header of /volumes/env/na_2.5min/LandCover_6_Herbaceous.asc
Checking header of /volumes/env/na_2.5min/mask.asc
Reading samples from Heuchera_wootonii.csv
Read samples: max memory 32178700288, total allocated 2118123520, free 2096418816, used 21704704, increment 21704704
Extractor: max memory 32178700288, total allocated 2118123520, free 2088030208, used 30093312, increment 8388608
Extracting random background and sample data
Time since start: 2.523
1219428 points with values for all grids
Adding samples to background in feature space
Command line used:  samplesfile=/volumes/output/heuchera_rfolk_sdm/heuchera_wootonii/Heuchera_wootonii.csv -e /volumes/env/na_2.5min -o /volumes/output/heuchera_rfolk_sdm/heuchera_wootonii nowarnings nocache autorun -z togglelayertype=mask
Command line to repeat: java density.MaxEnt nowarnings noprefixes outputdirectory=/volumes/output/heuchera_rfolk_sdm/heuchera_wootonii samplesfile=/volumes/output/heuchera_rfolk_sdm/heuchera_wootonii/Heuchera_wootonii.csv environmentallayers=/volumes/env/na_2.5min nowarnings autorun novisible nocache -t mask
Species: Heuchera_wootonii
Layers: BIOCLIM_1 BIOCLIM_12 BIOCLIM_17 BIOCLIM_7 GTOPO30_ELEVATION GTOPO30_SLOPE_reduced ISRICSOILGRIDS_new_average_coarsefragmentpercent_reduced ISRICSOILGRIDS_new_average_phx10percent_reduced ISRICSOILGRIDS_new_average_sandpercent_reduced ISRICSOILGRIDS_new_average_soilorganiccarboncontent_reduced LandCover_1_Needleleaf LandCover_6_Herbaceous mask
Layertypes: Continuous Continuous Continuous Continuous Continuous Continuous Continuous Continuous Continuous Continuous Continuous Continuous Categorical
outputdirectory: /volumes/output/heuchera_rfolk_sdm/heuchera_wootonii
samplesfile: /volumes/output/heuchera_rfolk_sdm/heuchera_wootonii/Heuchera_wootonii.csv
environmentallayers: /volumes/env/na_2.5min
warnings: false
autorun: true
visible: false
cache: false

getSamples: max memory 32178700288, total allocated 2118123520, free 1954028560, used 164094960, increment 134001648
Making features
makeFeatures: max memory 32178700288, total allocated 2118123520, free 1945639952, used 172483568, increment 8388608
Heuchera_wootonii: 
Regularization values: linear/quadratic/product: 0.500, categorical: 0.250, threshold: 1.830, hinge: 0.500
17 samples
Density: max memory 32178700288, total allocated 2118123520, free 1935152144, used 182971376, increment 10487808
linearPredictor: max memory 32178700288, total allocated 2118123520, free 1935152144, used 182971376, increment 0
Deactivating (mask=-9999.0)
FeaturedSpace: max memory 32178700288, total allocated 2118123520, free 1935152144, used 182971376, increment 0
Sequential: max memory 32178700288, total allocated 2118123520, free 1935152144, used 182971376, increment 0
Initial loss: 9.212038928611765
140: time = 0.283000 loss = 3.369265
Resulting gain: 5.842774089294052
Projecting...
Writing file /volumes/output/heuchera_rfolk_sdm/heuchera_wootonii/Heuchera_wootonii.asc
Time since start: 6.96
Writing /volumes/output/heuchera_rfolk_sdm/heuchera_wootonii/plots/Heuchera_wootonii.png
Ending
