Thu Dec 22 15:46:34 CST 2022
MaxEnt version 3.4.4
Checking header of /volumes/env/na_2.5min/BIOCLIM_1.asc
Checking header of /volumes/env/na_2.5min/BIOCLIM_12.asc
Checking header of /volumes/env/na_2.5min/BIOCLIM_17.asc
Checking header of /volumes/env/na_2.5min/BIOCLIM_7.asc
Checking header of /volumes/env/na_2.5min/GTOPO30_ELEVATION.asc
Checking header of /volumes/env/na_2.5min/GTOPO30_SLOPE_reduced.asc
Checking header of /volumes/env/na_2.5min/ISRICSOILGRIDS_new_average_coarsefragmentpercent_reduced.asc
Checking header of /volumes/env/na_2.5min/ISRICSOILGRIDS_new_average_phx10percent_reduced.asc
Checking header of /volumes/env/na_2.5min/ISRICSOILGRIDS_new_average_sandpercent_reduced.asc
Checking header of /volumes/env/na_2.5min/ISRICSOILGRIDS_new_average_soilorganiccarboncontent_reduced.asc
Checking header of /volumes/env/na_2.5min/LandCover_1_Needleleaf.asc
Checking header of /volumes/env/na_2.5min/LandCover_6_Herbaceous.asc
Checking header of /volumes/env/na_2.5min/mask.asc
Reading samples from Tellima_grandiflora.csv
Read samples: max memory 12612272128, total allocated 792723456, free 771018752, used 21704704, increment 21704704
Extractor: max memory 12612272128, total allocated 792723456, free 761873104, used 30850352, increment 9145648
Extracting random background and sample data
Warning: Sample at -146.26, 61.11 in Tellima_grandiflora.csv is missing some environmental data (e.g. BIOCLIM_1)
Warning: Skipping sample at -146.26, 61.11
Warning: Sample at -149.43, 60.1 in Tellima_grandiflora.csv is missing some environmental data (e.g. GTOPO30_SLOPE_reduced)
Warning: Skipping sample at -149.43, 60.1
Warning: Sample at -149.45, 60.1 in Tellima_grandiflora.csv is missing some environmental data (e.g. GTOPO30_SLOPE_reduced)
Warning: Skipping sample at -149.45, 60.1
Warning: Sample at -141.4858, 60.1039 in Tellima_grandiflora.csv is missing some environmental data (e.g. GTOPO30_SLOPE_reduced)
Warning: Skipping sample at -141.4858, 60.1039
Warning: Sample at -144.38, 59.93 in Tellima_grandiflora.csv is missing some environmental data (e.g. GTOPO30_SLOPE_reduced)
Warning: Skipping sample at -144.38, 59.93
Warning: Sample at -151.33, 59.55 in Tellima_grandiflora.csv is missing some environmental data (e.g. BIOCLIM_1)
Warning: Skipping sample at -151.33, 59.55
Warning: Sample at -138.93, 59.43 in Tellima_grandiflora.csv is missing some environmental data (e.g. ISRICSOILGRIDS_new_average_coarsefragmentpercent_reduced)
Warning: Skipping sample at -138.93, 59.43
Warning: Sample at -136.33, 58.63 in Tellima_grandiflora.csv is missing some environmental data (e.g. GTOPO30_SLOPE_reduced)
Warning: Skipping sample at -136.33, 58.63
Warning: Sample at -153.77, 58.62 in Tellima_grandiflora.csv is missing some environmental data (e.g. BIOCLIM_1)
Warning: Skipping sample at -153.77, 58.62
Warning: Sample at -152.66667, 58.42778 in Tellima_grandiflora.csv is missing some environmental data (e.g. BIOCLIM_1)
Warning: Skipping sample at -152.66667, 58.42778
Warning: Sample at -153.53333, 57.78333 in Tellima_grandiflora.csv is missing some environmental data (e.g. BIOCLIM_1)
Warning: Skipping sample at -153.53333, 57.78333
Warning: Sample at -154.037, 57.644 in Tellima_grandiflora.csv is missing some environmental data (e.g. GTOPO30_SLOPE_reduced)
Warning: Skipping sample at -154.037, 57.644
Warning: Sample at -153.07417, 57.17223 in Tellima_grandiflora.csv is missing some environmental data (e.g. GTOPO30_SLOPE_reduced)
Warning: Skipping sample at -153.07417, 57.17223
Warning: Sample at -154.3433, 57.0702 in Tellima_grandiflora.csv is missing some environmental data (e.g. GTOPO30_SLOPE_reduced)
Warning: Skipping sample at -154.3433, 57.0702
Warning: Sample at -134.38, 56.71 in Tellima_grandiflora.csv is missing some environmental data (e.g. GTOPO30_SLOPE_reduced)
Warning: Skipping sample at -134.38, 56.71
Warning: Sample at -158.5, 56.33 in Tellima_grandiflora.csv is missing some environmental data (e.g. GTOPO30_SLOPE_reduced)
Warning: Skipping sample at -158.5, 56.33
Warning: Sample at -134.32, 55.92 in Tellima_grandiflora.csv is missing some environmental data (e.g. BIOCLIM_1)
Warning: Skipping sample at -134.32, 55.92
Warning: Sample at -131.65, 55.33 in Tellima_grandiflora.csv is missing some environmental data (e.g. GTOPO30_SLOPE_reduced)
Warning: Skipping sample at -131.65, 55.33
Warning: Sample at -133.25, 55.18 in Tellima_grandiflora.csv is missing some environmental data (e.g. BIOCLIM_1)
Warning: Skipping sample at -133.25, 55.18
Warning: Sample at -123.3, 49.51667 in Tellima_grandiflora.csv is missing some environmental data (e.g. GTOPO30_SLOPE_reduced)
Warning: Skipping sample at -123.3, 49.51667
Warning: Sample at -123.25, 49.33333 in Tellima_grandiflora.csv is missing some environmental data (e.g. BIOCLIM_1)
Warning: Skipping sample at -123.25, 49.33333
Warning: Sample at -123.13333, 49.3 in Tellima_grandiflora.csv is missing some environmental data (e.g. GTOPO30_SLOPE_reduced)
Warning: Skipping sample at -123.13333, 49.3
Warning: Sample at -123.25, 49.25 in Tellima_grandiflora.csv is missing some environmental data (e.g. BIOCLIM_1)
Warning: Skipping sample at -123.25, 49.25
Warning: Sample at -123.26667, 49.28333 in Tellima_grandiflora.csv is missing some environmental data (e.g. BIOCLIM_1)
Warning: Skipping sample at -123.26667, 49.28333
Warning: Sample at -123.16667, 49.25 in Tellima_grandiflora.csv is missing some environmental data (e.g. GTOPO30_SLOPE_reduced)
Warning: Skipping sample at -123.16667, 49.25
Warning: Sample at -123.16667, 49.26667 in Tellima_grandiflora.csv is missing some environmental data (e.g. GTOPO30_SLOPE_reduced)
Warning: Skipping sample at -123.16667, 49.26667
Warning: Sample at -123.2, 49.26667 in Tellima_grandiflora.csv is missing some environmental data (e.g. GTOPO30_SLOPE_reduced)
Warning: Skipping sample at -123.2, 49.26667
Warning: Sample at -123.15, 49.25 in Tellima_grandiflora.csv is missing some environmental data (e.g. GTOPO30_SLOPE_reduced)
Warning: Skipping sample at -123.15, 49.25
Warning: Sample at -123.15, 49.28333 in Tellima_grandiflora.csv is missing some environmental data (e.g. GTOPO30_SLOPE_reduced)
Warning: Skipping sample at -123.15, 49.28333
Warning: Sample at -123.05, 48.98333 in Tellima_grandiflora.csv is missing some environmental data (e.g. GTOPO30_SLOPE_reduced)
Warning: Skipping sample at -123.05, 48.98333
Warning: Sample at -123.48332, 48.93249 in Tellima_grandiflora.csv is missing some environmental data (e.g. GTOPO30_SLOPE_reduced)
Warning: Skipping sample at -123.48332, 48.93249
Warning: Sample at -123.48298, 48.9331 in Tellima_grandiflora.csv is missing some environmental data (e.g. GTOPO30_SLOPE_reduced)
Warning: Skipping sample at -123.48298, 48.9331
Warning: Sample at -123.34488, 48.87002 in Tellima_grandiflora.csv is missing some environmental data (e.g. BIOCLIM_1)
Warning: Skipping sample at -123.34488, 48.87002
Warning: Sample at -123.36667, 48.76667 in Tellima_grandiflora.csv is missing some environmental data (e.g. BIOCLIM_1)
Warning: Skipping sample at -123.36667, 48.76667
Warning: Sample at -123.21667, 48.75 in Tellima_grandiflora.csv is missing some environmental data (e.g. BIOCLIM_1)
Warning: Skipping sample at -123.21667, 48.75
Warning: Sample at -123.21667, 48.76667 in Tellima_grandiflora.csv is missing some environmental data (e.g. BIOCLIM_1)
Warning: Skipping sample at -123.21667, 48.76667
Warning: Sample at -122.91997, 48.75472 in Tellima_grandiflora.csv is missing some environmental data (e.g. BIOCLIM_1)
Warning: Skipping sample at -122.91997, 48.75472
Warning: Sample at -122.84196, 48.74791 in Tellima_grandiflora.csv is missing some environmental data (e.g. BIOCLIM_1)
Warning: Skipping sample at -122.84196, 48.74791
Warning: Sample at -123.21056, 48.67472 in Tellima_grandiflora.csv is missing some environmental data (e.g. GTOPO30_SLOPE_reduced)
Warning: Skipping sample at -123.21056, 48.67472
Warning: Sample at -123.28333, 48.63333 in Tellima_grandiflora.csv is missing some environmental data (e.g. BIOCLIM_1)
Warning: Skipping sample at -123.28333, 48.63333
Warning: Sample at -123.1729, 48.66315 in Tellima_grandiflora.csv is missing some environmental data (e.g. BIOCLIM_1)
Warning: Skipping sample at -123.1729, 48.66315
Warning: Sample at -122.75284, 48.61003 in Tellima_grandiflora.csv is missing some environmental data (e.g. BIOCLIM_1)
Warning: Skipping sample at -122.75284, 48.61003
Warning: Sample at -122.614, 48.6129 in Tellima_grandiflora.csv is missing some environmental data (e.g. BIOCLIM_1)
Warning: Skipping sample at -122.614, 48.6129
Warning: Sample at -122.55555, 48.53528 in Tellima_grandiflora.csv is missing some environmental data (e.g. BIOCLIM_1)
Warning: Skipping sample at -122.55555, 48.53528
Warning: Sample at -122.96278, 48.45028 in Tellima_grandiflora.csv is missing some environmental data (e.g. BIOCLIM_1)
Warning: Skipping sample at -122.96278, 48.45028
Warning: Sample at -122.89444, 48.42222 in Tellima_grandiflora.csv is missing some environmental data (e.g. BIOCLIM_1)
Warning: Skipping sample at -122.89444, 48.42222
Warning: Sample at -122.7175, 48.19694 in Tellima_grandiflora.csv is missing some environmental data (e.g. BIOCLIM_1)
Warning: Skipping sample at -122.7175, 48.19694
Warning: Sample at -122.6775, 48.16444 in Tellima_grandiflora.csv is missing some environmental data (e.g. BIOCLIM_1)
Warning: Skipping sample at -122.6775, 48.16444
Warning: Sample at -122.7877, 48.07642 in Tellima_grandiflora.csv is missing some environmental data (e.g. GTOPO30_SLOPE_reduced)
Warning: Skipping sample at -122.7877, 48.07642
Warning: Sample at -122.76954, 48.05785 in Tellima_grandiflora.csv is missing some environmental data (e.g. GTOPO30_SLOPE_reduced)
Warning: Skipping sample at -122.76954, 48.05785
Warning: Sample at -122.34349, 47.83762 in Tellima_grandiflora.csv is missing some environmental data (e.g. BIOCLIM_1)
Warning: Skipping sample at -122.34349, 47.83762
Warning: Sample at -122.37611, 47.81083 in Tellima_grandiflora.csv is missing some environmental data (e.g. BIOCLIM_1)
Warning: Skipping sample at -122.37611, 47.81083
Warning: Sample at -122.42169, 47.66267 in Tellima_grandiflora.csv is missing some environmental data (e.g. BIOCLIM_1)
Warning: Skipping sample at -122.42169, 47.66267
Warning: Sample at -122.41781, 47.6613 in Tellima_grandiflora.csv is missing some environmental data (e.g. BIOCLIM_1)
Warning: Skipping sample at -122.41781, 47.6613
Warning: Sample at -122.40861, 47.57639 in Tellima_grandiflora.csv is missing some environmental data (e.g. GTOPO30_SLOPE_reduced)
Warning: Skipping sample at -122.40861, 47.57639
Warning: Sample at -122.40179, 47.57578 in Tellima_grandiflora.csv is missing some environmental data (e.g. GTOPO30_SLOPE_reduced)
Warning: Skipping sample at -122.40179, 47.57578
Warning: Sample at -122.39703, 47.57398 in Tellima_grandiflora.csv is missing some environmental data (e.g. GTOPO30_SLOPE_reduced)
Warning: Skipping sample at -122.39703, 47.57398
Warning: Sample at -122.39954, 47.57421 in Tellima_grandiflora.csv is missing some environmental data (e.g. GTOPO30_SLOPE_reduced)
Warning: Skipping sample at -122.39954, 47.57421
Warning: Sample at -122.40295, 47.57102 in Tellima_grandiflora.csv is missing some environmental data (e.g. GTOPO30_SLOPE_reduced)
Warning: Skipping sample at -122.40295, 47.57102
Warning: Sample at -122.38111, 47.45056 in Tellima_grandiflora.csv is missing some environmental data (e.g. BIOCLIM_1)
Warning: Skipping sample at -122.38111, 47.45056
Warning: Sample at -123.66906, 46.26742 in Tellima_grandiflora.csv is missing some environmental data (e.g. BIOCLIM_1)
Warning: Skipping sample at -123.66906, 46.26742
Warning: Sample at -123.81624, 46.1814 in Tellima_grandiflora.csv is missing some environmental data (e.g. GTOPO30_SLOPE_reduced)
Warning: Skipping sample at -123.81624, 46.1814
Warning: Sample at -123.81375, 46.18116 in Tellima_grandiflora.csv is missing some environmental data (e.g. GTOPO30_SLOPE_reduced)
Warning: Skipping sample at -123.81375, 46.18116
Warning: Sample at -123.82509, 46.17721 in Tellima_grandiflora.csv is missing some environmental data (e.g. GTOPO30_SLOPE_reduced)
Warning: Skipping sample at -123.82509, 46.17721
Warning: Sample at -123.9422, 45.57 in Tellima_grandiflora.csv is missing some environmental data (e.g. BIOCLIM_1)
Warning: Skipping sample at -123.9422, 45.57
Warning: Sample at -122.176, 45.5553 in Tellima_grandiflora.csv is missing some environmental data (e.g. ISRICSOILGRIDS_new_average_coarsefragmentpercent_reduced)
Warning: Skipping sample at -122.176, 45.5553
Warning: Sample at -122.1742, 45.5592 in Tellima_grandiflora.csv is missing some environmental data (e.g. ISRICSOILGRIDS_new_average_coarsefragmentpercent_reduced)
Warning: Skipping sample at -122.1742, 45.5592
Warning: Sample at -123.9831, 45.1069 in Tellima_grandiflora.csv is missing some environmental data (e.g. GTOPO30_SLOPE_reduced)
Warning: Skipping sample at -123.9831, 45.1069
Warning: Sample at -124.0667, 44.8083 in Tellima_grandiflora.csv is missing some environmental data (e.g. BIOCLIM_1)
Warning: Skipping sample at -124.0667, 44.8083
Warning: Sample at -124.0675, 44.4269 in Tellima_grandiflora.csv is missing some environmental data (e.g. BIOCLIM_1)
Warning: Skipping sample at -124.0675, 44.4269
Warning: Sample at -124.0913, 44.3133 in Tellima_grandiflora.csv is missing some environmental data (e.g. GTOPO30_SLOPE_reduced)
Warning: Skipping sample at -124.0913, 44.3133
Warning: Sample at -124.0926, 44.2856 in Tellima_grandiflora.csv is missing some environmental data (e.g. GTOPO30_SLOPE_reduced)
Warning: Skipping sample at -124.0926, 44.2856
Warning: Sample at -124.1264, 44.1389 in Tellima_grandiflora.csv is missing some environmental data (e.g. BIOCLIM_1)
Warning: Skipping sample at -124.1264, 44.1389
Warning: Sample at -123.96167, 39.95361 in Tellima_grandiflora.csv is missing some environmental data (e.g. BIOCLIM_1)
Warning: Skipping sample at -123.96167, 39.95361
Warning: Sample at -122.96667, 38.25083 in Tellima_grandiflora.csv is missing some environmental data (e.g. GTOPO30_SLOPE_reduced)
Warning: Skipping sample at -122.96667, 38.25083
Warning: Sample at -123.000794, 37.99983149 in Tellima_grandiflora.csv is missing some environmental data (e.g. BIOCLIM_1)
Warning: Skipping sample at -123.000794, 37.99983149
Warning: Sample at -122.56202, 37.87495 in Tellima_grandiflora.csv is missing some environmental data (e.g. GTOPO30_SLOPE_reduced)
Warning: Skipping sample at -122.56202, 37.87495
Warning: Sample at -122.48638, 37.83375 in Tellima_grandiflora.csv is missing some environmental data (e.g. GTOPO30_SLOPE_reduced)
Warning: Skipping sample at -122.48638, 37.83375
Warning: Sample at -122.48822, 37.83731 in Tellima_grandiflora.csv is missing some environmental data (e.g. GTOPO30_SLOPE_reduced)
Warning: Skipping sample at -122.48822, 37.83731
Warning: Sample at -122.4961, 37.82859 in Tellima_grandiflora.csv is missing some environmental data (e.g. BIOCLIM_1)
Warning: Skipping sample at -122.4961, 37.82859
Time since start: 6.177
96158 points with values for all grids
Adding samples to background in feature space
Command line used:  samplesfile=/volumes/output/heuchera_rfolk_na/tellima_grandiflora/Tellima_grandiflora.csv -e /volumes/env/na_2.5min -o /volumes/output/heuchera_rfolk_na/tellima_grandiflora nowarnings nocache autorun -z togglelayertype=mask
Command line to repeat: java density.MaxEnt nowarnings noprefixes outputdirectory=/volumes/output/heuchera_rfolk_na/tellima_grandiflora samplesfile=/volumes/output/heuchera_rfolk_na/tellima_grandiflora/Tellima_grandiflora.csv environmentallayers=/volumes/env/na_2.5min nowarnings autorun novisible nocache -t mask
Species: Tellima_grandiflora
Layers: BIOCLIM_1 BIOCLIM_12 BIOCLIM_17 BIOCLIM_7 GTOPO30_ELEVATION GTOPO30_SLOPE_reduced ISRICSOILGRIDS_new_average_coarsefragmentpercent_reduced ISRICSOILGRIDS_new_average_phx10percent_reduced ISRICSOILGRIDS_new_average_sandpercent_reduced ISRICSOILGRIDS_new_average_soilorganiccarboncontent_reduced LandCover_1_Needleleaf LandCover_6_Herbaceous mask
Layertypes: Continuous Continuous Continuous Continuous Continuous Continuous Continuous Continuous Continuous Continuous Continuous Continuous Categorical
outputdirectory: /volumes/output/heuchera_rfolk_na/tellima_grandiflora
samplesfile: /volumes/output/heuchera_rfolk_na/tellima_grandiflora/Tellima_grandiflora.csv
environmentallayers: /volumes/env/na_2.5min
warnings: false
autorun: true
visible: false
cache: false

getSamples: max memory 12612272128, total allocated 952107008, free 834037856, used 118069152, increment 87218800
Making features
makeFeatures: max memory 12612272128, total allocated 952107008, free 825024496, used 127082512, increment 9013360
Tellima_grandiflora: 
Regularization values: linear/quadratic/product: 0.050, categorical: 0.250, threshold: 1.000, hinge: 0.500
347 samples
Density: max memory 12612272128, total allocated 952107008, free 812017760, used 140089248, increment 13006736
linearPredictor: max memory 12612272128, total allocated 952107008, free 812017760, used 140089248, increment 0
FeaturedSpace: max memory 12612272128, total allocated 952107008, free 812017760, used 140089248, increment 0
Sequential: max memory 12612272128, total allocated 952107008, free 812017760, used 140089248, increment 0
Initial loss: 9.241451367001236
Time since start: 9.699
500: time = 2.802000 loss = 8.064679
Resulting gain: 1.176772047165823
Projecting...
Writing file /volumes/output/heuchera_rfolk_na/tellima_grandiflora/Tellima_grandiflora.asc
Time since start: 16.005
Writing /volumes/output/heuchera_rfolk_na/tellima_grandiflora/plots/Tellima_grandiflora.png
Time since start: 17.98
Ending
