Tue Dec 27 15:05:46 CST 2022
MaxEnt version 3.4.4
Checking header of /volumes/env/na_2.5min/BIOCLIM_1.asc
Checking header of /volumes/env/na_2.5min/BIOCLIM_12.asc
Checking header of /volumes/env/na_2.5min/BIOCLIM_17.asc
Checking header of /volumes/env/na_2.5min/BIOCLIM_7.asc
Checking header of /volumes/env/na_2.5min/GTOPO30_ELEVATION.asc
Checking header of /volumes/env/na_2.5min/GTOPO30_SLOPE_reduced.asc
Checking header of /volumes/env/na_2.5min/ISRICSOILGRIDS_new_average_coarsefragmentpercent_reduced.asc
Checking header of /volumes/env/na_2.5min/ISRICSOILGRIDS_new_average_phx10percent_reduced.asc
Checking header of /volumes/env/na_2.5min/ISRICSOILGRIDS_new_average_sandpercent_reduced.asc
Checking header of /volumes/env/na_2.5min/ISRICSOILGRIDS_new_average_soilorganiccarboncontent_reduced.asc
Checking header of /volumes/env/na_2.5min/LandCover_1_Needleleaf.asc
Checking header of /volumes/env/na_2.5min/LandCover_6_Herbaceous.asc
Checking header of /volumes/env/na_2.5min/mask.asc
Reading samples from Heuchera_parviflora.csv
Read samples: max memory 32178700288, total allocated 2118123520, free 2096418816, used 21704704, increment 21704704
Extractor: max memory 32178700288, total allocated 2118123520, free 2088030208, used 30093312, increment 8388608
Extracting random background and sample data
Time since start: 2.118
10182 points with values for all grids
Adding samples to background in feature space
Command line used:  samplesfile=/volumes/output/heuchera_rfolk_2.5min_na/heuchera_parviflora/Heuchera_parviflora.csv -e /volumes/env/na_2.5min -o /volumes/output/heuchera_rfolk_2.5min_na/heuchera_parviflora nowarnings nocache autorun -z togglelayertype=mask
Command line to repeat: java density.MaxEnt nowarnings noprefixes outputdirectory=/volumes/output/heuchera_rfolk_2.5min_na/heuchera_parviflora samplesfile=/volumes/output/heuchera_rfolk_2.5min_na/heuchera_parviflora/Heuchera_parviflora.csv environmentallayers=/volumes/env/na_2.5min nowarnings autorun novisible nocache -t mask
Species: Heuchera_parviflora
Layers: BIOCLIM_1 BIOCLIM_12 BIOCLIM_17 BIOCLIM_7 GTOPO30_ELEVATION GTOPO30_SLOPE_reduced ISRICSOILGRIDS_new_average_coarsefragmentpercent_reduced ISRICSOILGRIDS_new_average_phx10percent_reduced ISRICSOILGRIDS_new_average_sandpercent_reduced ISRICSOILGRIDS_new_average_soilorganiccarboncontent_reduced LandCover_1_Needleleaf LandCover_6_Herbaceous mask
Layertypes: Continuous Continuous Continuous Continuous Continuous Continuous Continuous Continuous Continuous Continuous Continuous Continuous Categorical
outputdirectory: /volumes/output/heuchera_rfolk_2.5min_na/heuchera_parviflora
samplesfile: /volumes/output/heuchera_rfolk_2.5min_na/heuchera_parviflora/Heuchera_parviflora.csv
environmentallayers: /volumes/env/na_2.5min
warnings: false
autorun: true
visible: false
cache: false

getSamples: max memory 32178700288, total allocated 2118123520, free 1962389384, used 155734136, increment 125640824
Making features
makeFeatures: max memory 32178700288, total allocated 2118123520, free 1951823608, used 166299912, increment 10565776
Heuchera_parviflora: 
Regularization values: linear/quadratic/product: 0.346, categorical: 0.250, threshold: 1.750, hinge: 0.500
25 samples
Density: max memory 32178700288, total allocated 2118123520, free 1941417864, used 176705656, increment 10405744
linearPredictor: max memory 32178700288, total allocated 2118123520, free 1941417864, used 176705656, increment 0
FeaturedSpace: max memory 32178700288, total allocated 2118123520, free 1941417864, used 176705656, increment 0
Sequential: max memory 32178700288, total allocated 2118123520, free 1941417864, used 176705656, increment 0
Initial loss: 9.210340371976184
500: time = 0.709000 loss = 8.301554
Resulting gain: 0.9087868511750798
Time since start: 3.77
Projecting...
Writing file /volumes/output/heuchera_rfolk_2.5min_na/heuchera_parviflora/Heuchera_parviflora.asc
Time since start: 5.865
Writing /volumes/output/heuchera_rfolk_2.5min_na/heuchera_parviflora/plots/Heuchera_parviflora.png
Ending
