Mon Oct 31 19:31:10 GMT 2022
MaxEnt version 3.4.4
Checking header of /volumes/env/na_2.5min/BIOCLIM_1.asc
Checking header of /volumes/env/na_2.5min/BIOCLIM_12.asc
Checking header of /volumes/env/na_2.5min/BIOCLIM_17.asc
Checking header of /volumes/env/na_2.5min/BIOCLIM_7.asc
Checking header of /volumes/env/na_2.5min/GTOPO30_ELEVATION.asc
Checking header of /volumes/env/na_2.5min/GTOPO30_SLOPE_reduced.asc
Checking header of /volumes/env/na_2.5min/ISRICSOILGRIDS_new_average_coarsefragmentpercent_reduced.asc
Checking header of /volumes/env/na_2.5min/ISRICSOILGRIDS_new_average_phx10percent_reduced.asc
Checking header of /volumes/env/na_2.5min/ISRICSOILGRIDS_new_average_sandpercent_reduced.asc
Checking header of /volumes/env/na_2.5min/ISRICSOILGRIDS_new_average_soilorganiccarboncontent_reduced.asc
Checking header of /volumes/env/na_2.5min/LandCover_1_Needleleaf.asc
Checking header of /volumes/env/na_2.5min/LandCover_6_Herbaceous.asc
Checking header of /volumes/env/na_2.5min/mask.asc
Reading samples from Elmera_racemosa.csv
Read samples: max memory 32178700288, total allocated 2118123520, free 2094319616, used 23803904, increment 23803904
Extractor: max memory 32178700288, total allocated 2118123520, free 2085931008, used 32192512, increment 8388608
Extracting random background and sample data
Warning: Sample at -124.675, 48.26667 in Elmera_racemosa.csv is missing some environmental data (e.g. BIOCLIM_1)
Warning: Skipping sample at -124.675, 48.26667
Warning: Sample at -122.93083, 47.65222 in Elmera_racemosa.csv is missing some environmental data (e.g. GTOPO30_SLOPE_reduced)
Warning: Skipping sample at -122.93083, 47.65222
Time since start: 2.507
1219428 points with values for all grids
Adding samples to background in feature space
Command line used:  samplesfile=/volumes/output/heuchera_rfolk_sdm/elmera_racemosa/Elmera_racemosa.csv -e /volumes/env/na_2.5min -o /volumes/output/heuchera_rfolk_sdm/elmera_racemosa nowarnings nocache autorun -z togglelayertype=mask
Command line to repeat: java density.MaxEnt nowarnings noprefixes outputdirectory=/volumes/output/heuchera_rfolk_sdm/elmera_racemosa samplesfile=/volumes/output/heuchera_rfolk_sdm/elmera_racemosa/Elmera_racemosa.csv environmentallayers=/volumes/env/na_2.5min nowarnings autorun novisible nocache -t mask
Species: Elmera_racemosa
Layers: BIOCLIM_1 BIOCLIM_12 BIOCLIM_17 BIOCLIM_7 GTOPO30_ELEVATION GTOPO30_SLOPE_reduced ISRICSOILGRIDS_new_average_coarsefragmentpercent_reduced ISRICSOILGRIDS_new_average_phx10percent_reduced ISRICSOILGRIDS_new_average_sandpercent_reduced ISRICSOILGRIDS_new_average_soilorganiccarboncontent_reduced LandCover_1_Needleleaf LandCover_6_Herbaceous mask
Layertypes: Continuous Continuous Continuous Continuous Continuous Continuous Continuous Continuous Continuous Continuous Continuous Continuous Categorical
outputdirectory: /volumes/output/heuchera_rfolk_sdm/elmera_racemosa
samplesfile: /volumes/output/heuchera_rfolk_sdm/elmera_racemosa/Elmera_racemosa.csv
environmentallayers: /volumes/env/na_2.5min
warnings: false
autorun: true
visible: false
cache: false

getSamples: max memory 32178700288, total allocated 2118123520, free 1956006232, used 162117288, increment 129924776
Making features
makeFeatures: max memory 32178700288, total allocated 2118123520, free 1948199544, used 169923976, increment 7806688
Elmera_racemosa: 
Regularization values: linear/quadratic/product: 0.190, categorical: 0.250, threshold: 1.490, hinge: 0.500
51 samples
Density: max memory 32178700288, total allocated 2118123520, free 1935035096, used 183088424, increment 13164448
linearPredictor: max memory 32178700288, total allocated 2118123520, free 1935035096, used 183088424, increment 0
Deactivating (mask=-9999.0)
FeaturedSpace: max memory 32178700288, total allocated 2118123520, free 1935035096, used 183088424, increment 0
Sequential: max memory 32178700288, total allocated 2118123520, free 1935035096, used 183088424, increment 0
Initial loss: 9.215327913487222
360: time = 0.735000 loss = 4.552931
Resulting gain: 4.662396841968668
Time since start: 3.651
Projecting...
Writing file /volumes/output/heuchera_rfolk_sdm/elmera_racemosa/Elmera_racemosa.asc
Time since start: 7.552
Writing /volumes/output/heuchera_rfolk_sdm/elmera_racemosa/plots/Elmera_racemosa.png
Ending
