Tue Dec 27 14:31:14 CST 2022
MaxEnt version 3.4.4
Checking header of /volumes/env/biotaphy_5min_global/ISRICSOILGRIDS_new_average_phx10percent_reduced.asc
Checking header of /volumes/env/biotaphy_5min_global/mask.asc
Reading samples from Heuchera_parviflora.csv
Read samples: max memory 32178700288, total allocated 2118123520, free 2100613120, used 17510400, increment 17510400
Extractor: max memory 32178700288, total allocated 2118123520, free 2098513920, used 19609600, increment 2099200
Extracting random background and sample data
Time since start: 1.03
2549 points with values for all grids
Adding samples to background in feature space
Command line used:  samplesfile=/volumes/output/heuchera_rfolk_5min_global/heuchera_parviflora/Heuchera_parviflora.csv -e /volumes/env/biotaphy_5min_global -o /volumes/output/heuchera_rfolk_5min_global/heuchera_parviflora nowarnings nocache autorun -z togglelayertype=mask
Command line to repeat: java density.MaxEnt nowarnings noprefixes outputdirectory=/volumes/output/heuchera_rfolk_5min_global/heuchera_parviflora samplesfile=/volumes/output/heuchera_rfolk_5min_global/heuchera_parviflora/Heuchera_parviflora.csv environmentallayers=/volumes/env/biotaphy_5min_global nowarnings autorun novisible nocache -t mask
Species: Heuchera_parviflora
Layers: ISRICSOILGRIDS_new_average_phx10percent_reduced mask
Layertypes: Continuous Categorical
outputdirectory: /volumes/output/heuchera_rfolk_5min_global/heuchera_parviflora
samplesfile: /volumes/output/heuchera_rfolk_5min_global/heuchera_parviflora/Heuchera_parviflora.csv
environmentallayers: /volumes/env/biotaphy_5min_global
warnings: false
autorun: true
visible: false
cache: false

getSamples: max memory 32178700288, total allocated 2118123520, free 918196224, used 1199927296, increment 1180317696
Making features
makeFeatures: max memory 32178700288, total allocated 2118123520, free 918196224, used 1199927296, increment 0
Heuchera_parviflora: 
Regularization values: linear/quadratic/product: 0.423, categorical: 0.250, threshold: 1.790, hinge: 0.500
21 samples
Density: max memory 32178700288, total allocated 2118123520, free 918196224, used 1199927296, increment 0
linearPredictor: max memory 32178700288, total allocated 2118123520, free 918196224, used 1199927296, increment 0
FeaturedSpace: max memory 32178700288, total allocated 2118123520, free 918196224, used 1199927296, increment 0
Sequential: max memory 32178700288, total allocated 2118123520, free 918196224, used 1199927296, increment 0
Initial loss: 7.8434564043761155
120: time = 0.054000 loss = 7.642754
Resulting gain: 0.2007025595363201
Projecting...
Writing file /volumes/output/heuchera_rfolk_5min_global/heuchera_parviflora/Heuchera_parviflora.asc
Time since start: 2.868
Writing /volumes/output/heuchera_rfolk_5min_global/heuchera_parviflora/plots/Heuchera_parviflora.png
Ending
