Wed Oct 26 16:45:31 GMT 2022
MaxEnt version 3.4.4
Checking header of /volumes/env/worldclim1.4/alt.mxe
Checking header of /volumes/env/worldclim1.4/alt.mxe
Checking header of /volumes/env/worldclim1.4/bio1.mxe
Checking header of /volumes/env/worldclim1.4/bio1.mxe
Checking header of /volumes/env/worldclim1.4/bio10.mxe
Checking header of /volumes/env/worldclim1.4/bio10.mxe
Checking header of /volumes/env/worldclim1.4/bio11.mxe
Checking header of /volumes/env/worldclim1.4/bio11.mxe
Checking header of /volumes/env/worldclim1.4/bio12.mxe
Checking header of /volumes/env/worldclim1.4/bio12.mxe
Checking header of /volumes/env/worldclim1.4/bio13.mxe
Checking header of /volumes/env/worldclim1.4/bio13.mxe
Checking header of /volumes/env/worldclim1.4/bio14.mxe
Checking header of /volumes/env/worldclim1.4/bio14.mxe
Checking header of /volumes/env/worldclim1.4/bio15.mxe
Checking header of /volumes/env/worldclim1.4/bio15.mxe
Checking header of /volumes/env/worldclim1.4/bio16.mxe
Checking header of /volumes/env/worldclim1.4/bio16.mxe
Checking header of /volumes/env/worldclim1.4/bio17.mxe
Checking header of /volumes/env/worldclim1.4/bio17.mxe
Checking header of /volumes/env/worldclim1.4/bio18.mxe
Checking header of /volumes/env/worldclim1.4/bio18.mxe
Checking header of /volumes/env/worldclim1.4/bio19.mxe
Checking header of /volumes/env/worldclim1.4/bio19.mxe
Checking header of /volumes/env/worldclim1.4/bio2.mxe
Checking header of /volumes/env/worldclim1.4/bio2.mxe
Checking header of /volumes/env/worldclim1.4/bio3.mxe
Checking header of /volumes/env/worldclim1.4/bio3.mxe
Checking header of /volumes/env/worldclim1.4/bio4.mxe
Checking header of /volumes/env/worldclim1.4/bio4.mxe
Checking header of /volumes/env/worldclim1.4/bio5.mxe
Checking header of /volumes/env/worldclim1.4/bio5.mxe
Checking header of /volumes/env/worldclim1.4/bio6.mxe
Checking header of /volumes/env/worldclim1.4/bio6.mxe
Checking header of /volumes/env/worldclim1.4/bio7.mxe
Checking header of /volumes/env/worldclim1.4/bio7.mxe
Checking header of /volumes/env/worldclim1.4/bio8.mxe
Checking header of /volumes/env/worldclim1.4/bio8.mxe
Checking header of /volumes/env/worldclim1.4/bio9.mxe
Checking header of /volumes/env/worldclim1.4/bio9.mxe
Checking header of /volumes/env/worldclim1.4/mask.asc
Reading samples from Heuchera_micrantha.csv
Read samples: max memory 522190848, total allocated 33554432, free 20081976, used 13472456, increment 13472456
Extractor: max memory 522190848, total allocated 33554432, free 27660672, used 5893760, increment -7578696
Extracting random background and sample data
Warning: Sample at -123.38333, 49.28333 in Heuchera_micrantha.csv is missing some environmental data (e.g. alt)
Warning: Skipping sample at -123.38333, 49.28333
4353 points with values for all grids
Adding samples to background in feature space
Command line used:  samplesfile=/volumes/output/heuchera_rfolk_sdm/heuchera_micrantha/Heuchera_micrantha.csv -e /volumes/env/worldclim1.4 -o /volumes/output/heuchera_rfolk_sdm/heuchera_micrantha nowarnings nocache autorun -z togglelayertype=mask
Command line to repeat: java density.MaxEnt nowarnings noprefixes outputdirectory=/volumes/output/heuchera_rfolk_sdm/heuchera_micrantha samplesfile=/volumes/output/heuchera_rfolk_sdm/heuchera_micrantha/Heuchera_micrantha.csv environmentallayers=/volumes/env/worldclim1.4 nowarnings autorun novisible nocache -t mask
Species: Heuchera_micrantha
Layers: alt alt bio1 bio1 bio10 bio10 bio11 bio11 bio12 bio12 bio13 bio13 bio14 bio14 bio15 bio15 bio16 bio16 bio17 bio17 bio18 bio18 bio19 bio19 bio2 bio2 bio3 bio3 bio4 bio4 bio5 bio5 bio6 bio6 bio7 bio7 bio8 bio8 bio9 bio9 mask
Layertypes: Continuous Continuous Continuous Continuous Continuous Continuous Continuous Continuous Continuous Continuous Continuous Continuous Continuous Continuous Continuous Continuous Continuous Continuous Continuous Continuous Continuous Continuous Continuous Continuous Continuous Continuous Continuous Continuous Continuous Continuous Continuous Continuous Continuous Continuous Continuous Continuous Continuous Continuous Continuous Continuous Categorical
outputdirectory: /volumes/output/heuchera_rfolk_sdm/heuchera_micrantha
samplesfile: /volumes/output/heuchera_rfolk_sdm/heuchera_micrantha/Heuchera_micrantha.csv
environmentallayers: /volumes/env/worldclim1.4
warnings: false
autorun: true
visible: false
cache: false

getSamples: max memory 522190848, total allocated 40894464, free 33556688, used 7337776, increment 1444016
Making features
makeFeatures: max memory 522190848, total allocated 50331648, free 13895816, used 36435832, increment 29098056
Heuchera_micrantha: 
Regularization values: linear/quadratic/product: 0.050, categorical: 0.250, threshold: 1.000, hinge: 0.500
Time since start: 1.135
296 samples
Density: max memory 522190848, total allocated 66060288, free 19227680, used 46832608, increment 10396776
linearPredictor: max memory 522190848, total allocated 66060288, free 19227680, used 46832608, increment 0
FeaturedSpace: max memory 522190848, total allocated 66060288, free 19112192, used 46948096, increment 115488
Sequential: max memory 522190848, total allocated 66060288, free 19112192, used 46948096, increment 0
Initial loss: 8.378620541552298
Time since start: 3.854
500: time = 2.602000 loss = 7.363176
Resulting gain: 1.0154446888495494
Projecting...
Writing file /volumes/output/heuchera_rfolk_sdm/heuchera_micrantha/Heuchera_micrantha.asc
Writing /volumes/output/heuchera_rfolk_sdm/heuchera_micrantha/plots/Heuchera_micrantha.png
Time since start: 5.934
Ending
