Thu Dec 22 16:01:07 CST 2022
MaxEnt version 3.4.4
Checking header of /volumes/env/worldclim1.4/alt.mxe
Checking header of /volumes/env/worldclim1.4/alt.mxe
Checking header of /volumes/env/worldclim1.4/bio1.mxe
Checking header of /volumes/env/worldclim1.4/bio1.mxe
Checking header of /volumes/env/worldclim1.4/bio10.mxe
Checking header of /volumes/env/worldclim1.4/bio10.mxe
Checking header of /volumes/env/worldclim1.4/bio11.mxe
Checking header of /volumes/env/worldclim1.4/bio11.mxe
Checking header of /volumes/env/worldclim1.4/bio12.mxe
Checking header of /volumes/env/worldclim1.4/bio12.mxe
Checking header of /volumes/env/worldclim1.4/bio13.mxe
Checking header of /volumes/env/worldclim1.4/bio13.mxe
Checking header of /volumes/env/worldclim1.4/bio14.mxe
Checking header of /volumes/env/worldclim1.4/bio14.mxe
Checking header of /volumes/env/worldclim1.4/bio15.mxe
Checking header of /volumes/env/worldclim1.4/bio15.mxe
Checking header of /volumes/env/worldclim1.4/bio16.mxe
Checking header of /volumes/env/worldclim1.4/bio16.mxe
Checking header of /volumes/env/worldclim1.4/bio17.mxe
Checking header of /volumes/env/worldclim1.4/bio17.mxe
Checking header of /volumes/env/worldclim1.4/bio18.mxe
Checking header of /volumes/env/worldclim1.4/bio18.mxe
Checking header of /volumes/env/worldclim1.4/bio19.mxe
Checking header of /volumes/env/worldclim1.4/bio19.mxe
Checking header of /volumes/env/worldclim1.4/bio2.mxe
Checking header of /volumes/env/worldclim1.4/bio2.mxe
Checking header of /volumes/env/worldclim1.4/bio3.mxe
Checking header of /volumes/env/worldclim1.4/bio3.mxe
Checking header of /volumes/env/worldclim1.4/bio4.mxe
Checking header of /volumes/env/worldclim1.4/bio4.mxe
Checking header of /volumes/env/worldclim1.4/bio5.mxe
Checking header of /volumes/env/worldclim1.4/bio5.mxe
Checking header of /volumes/env/worldclim1.4/bio6.mxe
Checking header of /volumes/env/worldclim1.4/bio6.mxe
Checking header of /volumes/env/worldclim1.4/bio7.mxe
Checking header of /volumes/env/worldclim1.4/bio7.mxe
Checking header of /volumes/env/worldclim1.4/bio8.mxe
Checking header of /volumes/env/worldclim1.4/bio8.mxe
Checking header of /volumes/env/worldclim1.4/bio9.mxe
Checking header of /volumes/env/worldclim1.4/bio9.mxe
Checking header of /volumes/env/worldclim1.4/mask.asc
Reading samples from Heuchera_pubescens.csv
Read samples: max memory 12612272128, total allocated 792723456, free 779985864, used 12737592, increment 12737592
Extractor: max memory 12612272128, total allocated 792723456, free 778650312, used 14073144, increment 1335552
Extracting random background and sample data
Time since start: 2.608
485 points with values for all grids
Adding samples to background in feature space
Command line used:  samplesfile=/volumes/output/heuchera_rfolk_global/heuchera_pubescens/Heuchera_pubescens.csv -e /volumes/env/worldclim1.4 -o /volumes/output/heuchera_rfolk_global/heuchera_pubescens nowarnings nocache autorun -z togglelayertype=mask
Command line to repeat: java density.MaxEnt nowarnings noprefixes outputdirectory=/volumes/output/heuchera_rfolk_global/heuchera_pubescens samplesfile=/volumes/output/heuchera_rfolk_global/heuchera_pubescens/Heuchera_pubescens.csv environmentallayers=/volumes/env/worldclim1.4 nowarnings autorun novisible nocache -t mask
Species: Heuchera_pubescens
Layers: alt alt bio1 bio1 bio10 bio10 bio11 bio11 bio12 bio12 bio13 bio13 bio14 bio14 bio15 bio15 bio16 bio16 bio17 bio17 bio18 bio18 bio19 bio19 bio2 bio2 bio3 bio3 bio4 bio4 bio5 bio5 bio6 bio6 bio7 bio7 bio8 bio8 bio9 bio9 mask
Layertypes: Continuous Continuous Continuous Continuous Continuous Continuous Continuous Continuous Continuous Continuous Continuous Continuous Continuous Continuous Continuous Continuous Continuous Continuous Continuous Continuous Continuous Continuous Continuous Continuous Continuous Continuous Continuous Continuous Continuous Continuous Continuous Continuous Continuous Continuous Continuous Continuous Continuous Continuous Continuous Continuous Categorical
outputdirectory: /volumes/output/heuchera_rfolk_global/heuchera_pubescens
samplesfile: /volumes/output/heuchera_rfolk_global/heuchera_pubescens/Heuchera_pubescens.csv
environmentallayers: /volumes/env/worldclim1.4
warnings: false
autorun: true
visible: false
cache: false

getSamples: max memory 12612272128, total allocated 792723456, free 481783256, used 310940200, increment 296867056
Making features
makeFeatures: max memory 12612272128, total allocated 792723456, free 477588952, used 315134504, increment 4194304
Heuchera_pubescens: 
Regularization values: linear/quadratic/product: 0.247, categorical: 0.250, threshold: 1.690, hinge: 0.500
31 samples
Density: max memory 12612272128, total allocated 792723456, free 474441176, used 318282280, increment 3147776
linearPredictor: max memory 12612272128, total allocated 792723456, free 474441176, used 318282280, increment 0
FeaturedSpace: max memory 12612272128, total allocated 792723456, free 474441176, used 318282280, increment 0
Sequential: max memory 12612272128, total allocated 792723456, free 474441176, used 318282280, increment 0
Initial loss: 6.184148890937483
480: time = 0.814000 loss = 5.907775
Resulting gain: 0.2763740239141175
Time since start: 4.25
Projecting...
Writing file /volumes/output/heuchera_rfolk_global/heuchera_pubescens/Heuchera_pubescens.asc
Time since start: 5.365
Writing /volumes/output/heuchera_rfolk_global/heuchera_pubescens/plots/Heuchera_pubescens.png
Ending
