Thu Dec 22 15:51:52 CST 2022
MaxEnt version 3.4.4
Checking header of /volumes/env/na_2.5min/BIOCLIM_1.asc
Checking header of /volumes/env/na_2.5min/BIOCLIM_12.asc
Checking header of /volumes/env/na_2.5min/BIOCLIM_17.asc
Checking header of /volumes/env/na_2.5min/BIOCLIM_7.asc
Checking header of /volumes/env/na_2.5min/GTOPO30_ELEVATION.asc
Checking header of /volumes/env/na_2.5min/GTOPO30_SLOPE_reduced.asc
Checking header of /volumes/env/na_2.5min/ISRICSOILGRIDS_new_average_coarsefragmentpercent_reduced.asc
Checking header of /volumes/env/na_2.5min/ISRICSOILGRIDS_new_average_phx10percent_reduced.asc
Checking header of /volumes/env/na_2.5min/ISRICSOILGRIDS_new_average_sandpercent_reduced.asc
Checking header of /volumes/env/na_2.5min/ISRICSOILGRIDS_new_average_soilorganiccarboncontent_reduced.asc
Checking header of /volumes/env/na_2.5min/LandCover_1_Needleleaf.asc
Checking header of /volumes/env/na_2.5min/LandCover_6_Herbaceous.asc
Checking header of /volumes/env/na_2.5min/mask.asc
Reading samples from Elmera_racemosa.csv
Read samples: max memory 12612272128, total allocated 792723456, free 773701016, used 19022440, increment 19022440
Extractor: max memory 12612272128, total allocated 792723456, free 765312416, used 27411040, increment 8388600
Extracting random background and sample data
Warning: Sample at -124.675, 48.26667 in Elmera_racemosa.csv is missing some environmental data (e.g. BIOCLIM_1)
Warning: Skipping sample at -124.675, 48.26667
Warning: Sample at -122.93083, 47.65222 in Elmera_racemosa.csv is missing some environmental data (e.g. GTOPO30_SLOPE_reduced)
Warning: Skipping sample at -122.93083, 47.65222
Time since start: 6.111
9083 points with values for all grids
Adding samples to background in feature space
Command line used:  samplesfile=/volumes/output/heuchera_rfolk_na/elmera_racemosa/Elmera_racemosa.csv -e /volumes/env/na_2.5min -o /volumes/output/heuchera_rfolk_na/elmera_racemosa nowarnings nocache autorun -z togglelayertype=mask
Command line to repeat: java density.MaxEnt nowarnings noprefixes outputdirectory=/volumes/output/heuchera_rfolk_na/elmera_racemosa samplesfile=/volumes/output/heuchera_rfolk_na/elmera_racemosa/Elmera_racemosa.csv environmentallayers=/volumes/env/na_2.5min nowarnings autorun novisible nocache -t mask
Species: Elmera_racemosa
Layers: BIOCLIM_1 BIOCLIM_12 BIOCLIM_17 BIOCLIM_7 GTOPO30_ELEVATION GTOPO30_SLOPE_reduced ISRICSOILGRIDS_new_average_coarsefragmentpercent_reduced ISRICSOILGRIDS_new_average_phx10percent_reduced ISRICSOILGRIDS_new_average_sandpercent_reduced ISRICSOILGRIDS_new_average_soilorganiccarboncontent_reduced LandCover_1_Needleleaf LandCover_6_Herbaceous mask
Layertypes: Continuous Continuous Continuous Continuous Continuous Continuous Continuous Continuous Continuous Continuous Continuous Continuous Categorical
outputdirectory: /volumes/output/heuchera_rfolk_na/elmera_racemosa
samplesfile: /volumes/output/heuchera_rfolk_na/elmera_racemosa/Elmera_racemosa.csv
environmentallayers: /volumes/env/na_2.5min
warnings: false
autorun: true
visible: false
cache: false

getSamples: max memory 12612272128, total allocated 966787072, free 906779144, used 60007928, increment 32596888
Making features
makeFeatures: max memory 12612272128, total allocated 966787072, free 898776472, used 68010600, increment 8002672
Elmera_racemosa: 
Regularization values: linear/quadratic/product: 0.190, categorical: 0.250, threshold: 1.490, hinge: 0.500
51 samples
Density: max memory 12612272128, total allocated 966787072, free 886858248, used 79928824, increment 11918224
linearPredictor: max memory 12612272128, total allocated 966787072, free 886858248, used 79928824, increment 0
FeaturedSpace: max memory 12612272128, total allocated 966787072, free 886858248, used 79928824, increment 0
Sequential: max memory 12612272128, total allocated 966787072, free 886858248, used 79928824, increment 0
Initial loss: 9.114159813502214
Time since start: 9.345
500: time = 2.624000 loss = 7.580245
Resulting gain: 1.533914333240383
Projecting...
Writing file /volumes/output/heuchera_rfolk_na/elmera_racemosa/Elmera_racemosa.asc
Time since start: 16.195
Writing /volumes/output/heuchera_rfolk_na/elmera_racemosa/plots/Elmera_racemosa.png
Time since start: 17.7
Ending
