Wed Dec 28 11:36:35 CST 2022
MaxEnt version 3.4.4
Checking header of /volumes/env/biotaphy_5min_global/ISRICSOILGRIDS_new_average_phx10percent_reduced.asc
Checking header of /volumes/env/biotaphy_5min_global/mask.asc
Reading samples from Heuchera_rubescens_versicolor.csv
Read samples: max memory 32178700288, total allocated 2118123520, free 2100613120, used 17510400, increment 17510400
Extractor: max memory 32178700288, total allocated 2118123520, free 2096416768, used 21706752, increment 4196352
Extracting random background and sample data
Time since start: 1.052
14397 points with values for all grids
Adding samples to background in feature space
Command line used:  samplesfile=/volumes/output/heuchera_rfolk_5min_global/Heuchera_rubescens_versicolor/Heuchera_rubescens_versicolor.csv -e /volumes/env/biotaphy_5min_global -o /volumes/output/heuchera_rfolk_5min_global/Heuchera_rubescens_versicolor nowarnings nocache autorun -z togglelayertype=mask
Command line to repeat: java density.MaxEnt nowarnings noprefixes outputdirectory=/volumes/output/heuchera_rfolk_5min_global/Heuchera_rubescens_versicolor samplesfile=/volumes/output/heuchera_rfolk_5min_global/Heuchera_rubescens_versicolor/Heuchera_rubescens_versicolor.csv environmentallayers=/volumes/env/biotaphy_5min_global nowarnings autorun novisible nocache -t mask
Species: Heuchera_rubescens_versicolor
Layers: ISRICSOILGRIDS_new_average_phx10percent_reduced mask
Layertypes: Continuous Categorical
outputdirectory: /volumes/output/heuchera_rfolk_5min_global/Heuchera_rubescens_versicolor
samplesfile: /volumes/output/heuchera_rfolk_5min_global/Heuchera_rubescens_versicolor/Heuchera_rubescens_versicolor.csv
environmentallayers: /volumes/env/biotaphy_5min_global
warnings: false
autorun: true
visible: false
cache: false

getSamples: max memory 32178700288, total allocated 2118123520, free 913424120, used 1204699400, increment 1182992648
Making features
makeFeatures: max memory 32178700288, total allocated 2118123520, free 911329016, used 1206794504, increment 2095104
Heuchera_rubescens_versicolor: 
Regularization values: linear/quadratic/product: 0.050, categorical: 0.250, threshold: 1.000, hinge: 0.500
132 samples
Density: max memory 32178700288, total allocated 2118123520, free 911329016, used 1206794504, increment 0
linearPredictor: max memory 32178700288, total allocated 2118123520, free 911329016, used 1206794504, increment 0
FeaturedSpace: max memory 32178700288, total allocated 2118123520, free 911329016, used 1206794504, increment 0
Sequential: max memory 32178700288, total allocated 2118123520, free 909224680, used 1208898840, increment 2104336
Initial loss: 9.210340371976184
200: time = 0.170000 loss = 8.694088
Resulting gain: 0.5162527484706381
Time since start: 2.057
Projecting...
Writing file /volumes/output/heuchera_rfolk_5min_global/Heuchera_rubescens_versicolor/Heuchera_rubescens_versicolor.asc
Time since start: 3.102
Writing /volumes/output/heuchera_rfolk_5min_global/Heuchera_rubescens_versicolor/plots/Heuchera_rubescens_versicolor.png
Ending
