Thu Dec 22 16:03:57 CST 2022
MaxEnt version 3.4.4
Checking header of /volumes/env/worldclim1.4/alt.mxe
Checking header of /volumes/env/worldclim1.4/alt.mxe
Checking header of /volumes/env/worldclim1.4/bio1.mxe
Checking header of /volumes/env/worldclim1.4/bio1.mxe
Checking header of /volumes/env/worldclim1.4/bio10.mxe
Checking header of /volumes/env/worldclim1.4/bio10.mxe
Checking header of /volumes/env/worldclim1.4/bio11.mxe
Checking header of /volumes/env/worldclim1.4/bio11.mxe
Checking header of /volumes/env/worldclim1.4/bio12.mxe
Checking header of /volumes/env/worldclim1.4/bio12.mxe
Checking header of /volumes/env/worldclim1.4/bio13.mxe
Checking header of /volumes/env/worldclim1.4/bio13.mxe
Checking header of /volumes/env/worldclim1.4/bio14.mxe
Checking header of /volumes/env/worldclim1.4/bio14.mxe
Checking header of /volumes/env/worldclim1.4/bio15.mxe
Checking header of /volumes/env/worldclim1.4/bio15.mxe
Checking header of /volumes/env/worldclim1.4/bio16.mxe
Checking header of /volumes/env/worldclim1.4/bio16.mxe
Checking header of /volumes/env/worldclim1.4/bio17.mxe
Checking header of /volumes/env/worldclim1.4/bio17.mxe
Checking header of /volumes/env/worldclim1.4/bio18.mxe
Checking header of /volumes/env/worldclim1.4/bio18.mxe
Checking header of /volumes/env/worldclim1.4/bio19.mxe
Checking header of /volumes/env/worldclim1.4/bio19.mxe
Checking header of /volumes/env/worldclim1.4/bio2.mxe
Checking header of /volumes/env/worldclim1.4/bio2.mxe
Checking header of /volumes/env/worldclim1.4/bio3.mxe
Checking header of /volumes/env/worldclim1.4/bio3.mxe
Checking header of /volumes/env/worldclim1.4/bio4.mxe
Checking header of /volumes/env/worldclim1.4/bio4.mxe
Checking header of /volumes/env/worldclim1.4/bio5.mxe
Checking header of /volumes/env/worldclim1.4/bio5.mxe
Checking header of /volumes/env/worldclim1.4/bio6.mxe
Checking header of /volumes/env/worldclim1.4/bio6.mxe
Checking header of /volumes/env/worldclim1.4/bio7.mxe
Checking header of /volumes/env/worldclim1.4/bio7.mxe
Checking header of /volumes/env/worldclim1.4/bio8.mxe
Checking header of /volumes/env/worldclim1.4/bio8.mxe
Checking header of /volumes/env/worldclim1.4/bio9.mxe
Checking header of /volumes/env/worldclim1.4/bio9.mxe
Checking header of /volumes/env/worldclim1.4/mask.asc
Reading samples from Conimitella_williamsii.csv
Read samples: max memory 12612272128, total allocated 792723456, free 779985864, used 12737592, increment 12737592
Extractor: max memory 12612272128, total allocated 792723456, free 778650320, used 14073136, increment 1335544
Extracting random background and sample data
Time since start: 2.427
1181 points with values for all grids
Adding samples to background in feature space
Command line used:  samplesfile=/volumes/output/heuchera_rfolk_global/conimitella_williamsii/Conimitella_williamsii.csv -e /volumes/env/worldclim1.4 -o /volumes/output/heuchera_rfolk_global/conimitella_williamsii nowarnings nocache autorun -z togglelayertype=mask
Command line to repeat: java density.MaxEnt nowarnings noprefixes outputdirectory=/volumes/output/heuchera_rfolk_global/conimitella_williamsii samplesfile=/volumes/output/heuchera_rfolk_global/conimitella_williamsii/Conimitella_williamsii.csv environmentallayers=/volumes/env/worldclim1.4 nowarnings autorun novisible nocache -t mask
Species: Conimitella_williamsii
Layers: alt alt bio1 bio1 bio10 bio10 bio11 bio11 bio12 bio12 bio13 bio13 bio14 bio14 bio15 bio15 bio16 bio16 bio17 bio17 bio18 bio18 bio19 bio19 bio2 bio2 bio3 bio3 bio4 bio4 bio5 bio5 bio6 bio6 bio7 bio7 bio8 bio8 bio9 bio9 mask
Layertypes: Continuous Continuous Continuous Continuous Continuous Continuous Continuous Continuous Continuous Continuous Continuous Continuous Continuous Continuous Continuous Continuous Continuous Continuous Continuous Continuous Continuous Continuous Continuous Continuous Continuous Continuous Continuous Continuous Continuous Continuous Continuous Continuous Continuous Continuous Continuous Continuous Continuous Continuous Continuous Continuous Categorical
outputdirectory: /volumes/output/heuchera_rfolk_global/conimitella_williamsii
samplesfile: /volumes/output/heuchera_rfolk_global/conimitella_williamsii/Conimitella_williamsii.csv
environmentallayers: /volumes/env/worldclim1.4
warnings: false
autorun: true
visible: false
cache: false

getSamples: max memory 12612272128, total allocated 792723456, free 480738432, used 311985024, increment 297911888
Making features
makeFeatures: max memory 12612272128, total allocated 792723456, free 472342408, used 320381048, increment 8396024
Conimitella_williamsii: 
Regularization values: linear/quadratic/product: 0.239, categorical: 0.250, threshold: 1.660, hinge: 0.500
34 samples
Density: max memory 12612272128, total allocated 792723456, free 466058368, used 326665088, increment 6284040
linearPredictor: max memory 12612272128, total allocated 792723456, free 466058368, used 326665088, increment 0
FeaturedSpace: max memory 12612272128, total allocated 792723456, free 466058368, used 326665088, increment 0
Sequential: max memory 12612272128, total allocated 792723456, free 466058368, used 326665088, increment 0
Initial loss: 7.074116816197362
Time since start: 4.188
500: time = 1.477000 loss = 6.243517
Resulting gain: 0.8305993360135933
Projecting...
Writing file /volumes/output/heuchera_rfolk_global/conimitella_williamsii/Conimitella_williamsii.asc
Time since start: 5.958
Writing /volumes/output/heuchera_rfolk_global/conimitella_williamsii/plots/Conimitella_williamsii.png
Ending
