Thu Dec 22 15:38:13 CST 2022
MaxEnt version 3.4.4
Checking header of /volumes/env/na_2.5min/BIOCLIM_1.asc
Checking header of /volumes/env/na_2.5min/BIOCLIM_12.asc
Checking header of /volumes/env/na_2.5min/BIOCLIM_17.asc
Checking header of /volumes/env/na_2.5min/BIOCLIM_7.asc
Checking header of /volumes/env/na_2.5min/GTOPO30_ELEVATION.asc
Checking header of /volumes/env/na_2.5min/GTOPO30_SLOPE_reduced.asc
Checking header of /volumes/env/na_2.5min/ISRICSOILGRIDS_new_average_coarsefragmentpercent_reduced.asc
Checking header of /volumes/env/na_2.5min/ISRICSOILGRIDS_new_average_phx10percent_reduced.asc
Checking header of /volumes/env/na_2.5min/ISRICSOILGRIDS_new_average_sandpercent_reduced.asc
Checking header of /volumes/env/na_2.5min/ISRICSOILGRIDS_new_average_soilorganiccarboncontent_reduced.asc
Checking header of /volumes/env/na_2.5min/LandCover_1_Needleleaf.asc
Checking header of /volumes/env/na_2.5min/LandCover_6_Herbaceous.asc
Checking header of /volumes/env/na_2.5min/mask.asc
Reading samples from Mitella_pentandra.csv
Read samples: max memory 12612272128, total allocated 792723456, free 771603872, used 21119584, increment 21119584
Extractor: max memory 12612272128, total allocated 792723456, free 761873096, used 30850360, increment 9730776
Extracting random background and sample data
Warning: Sample at -151.33, 59.55 in Mitella_pentandra.csv is missing some environmental data (e.g. BIOCLIM_1)
Warning: Skipping sample at -151.33, 59.55
Warning: Sample at -134.5, 58.61 in Mitella_pentandra.csv is missing some environmental data (e.g. ISRICSOILGRIDS_new_average_coarsefragmentpercent_reduced)
Warning: Skipping sample at -134.5, 58.61
Warning: Sample at -152.53, 58.11 in Mitella_pentandra.csv is missing some environmental data (e.g. BIOCLIM_1)
Warning: Skipping sample at -152.53, 58.11
Warning: Sample at -152.27092, 57.4942 in Mitella_pentandra.csv is missing some environmental data (e.g. BIOCLIM_1)
Warning: Skipping sample at -152.27092, 57.4942
Warning: Sample at -123.0009887, 48.99971063 in Mitella_pentandra.csv is missing some environmental data (e.g. BIOCLIM_1)
Warning: Skipping sample at -123.0009887, 48.99971063
Warning: Sample at -122.44306, 47.25306 in Mitella_pentandra.csv is missing some environmental data (e.g. BIOCLIM_1)
Warning: Skipping sample at -122.44306, 47.25306
Warning: Sample at -122.1064, 42.942 in Mitella_pentandra.csv is missing some environmental data (e.g. ISRICSOILGRIDS_new_average_coarsefragmentpercent_reduced)
Warning: Skipping sample at -122.1064, 42.942
Warning: Sample at -120.120051, 39.01628424 in Mitella_pentandra.csv is missing some environmental data (e.g. ISRICSOILGRIDS_new_average_coarsefragmentpercent_reduced)
Warning: Skipping sample at -120.120051, 39.01628424
Time since start: 5.186
196144 points with values for all grids
Adding samples to background in feature space
Command line used:  samplesfile=/volumes/output/heuchera_rfolk_na/mitella_pentandra/Mitella_pentandra.csv -e /volumes/env/na_2.5min -o /volumes/output/heuchera_rfolk_na/mitella_pentandra nowarnings nocache autorun -z togglelayertype=mask
Command line to repeat: java density.MaxEnt nowarnings noprefixes outputdirectory=/volumes/output/heuchera_rfolk_na/mitella_pentandra samplesfile=/volumes/output/heuchera_rfolk_na/mitella_pentandra/Mitella_pentandra.csv environmentallayers=/volumes/env/na_2.5min nowarnings autorun novisible nocache -t mask
Species: Mitella_pentandra
Layers: BIOCLIM_1 BIOCLIM_12 BIOCLIM_17 BIOCLIM_7 GTOPO30_ELEVATION GTOPO30_SLOPE_reduced ISRICSOILGRIDS_new_average_coarsefragmentpercent_reduced ISRICSOILGRIDS_new_average_phx10percent_reduced ISRICSOILGRIDS_new_average_sandpercent_reduced ISRICSOILGRIDS_new_average_soilorganiccarboncontent_reduced LandCover_1_Needleleaf LandCover_6_Herbaceous mask
Layertypes: Continuous Continuous Continuous Continuous Continuous Continuous Continuous Continuous Continuous Continuous Continuous Continuous Categorical
outputdirectory: /volumes/output/heuchera_rfolk_na/mitella_pentandra
samplesfile: /volumes/output/heuchera_rfolk_na/mitella_pentandra/Mitella_pentandra.csv
environmentallayers: /volumes/env/na_2.5min
warnings: false
autorun: true
visible: false
cache: false

getSamples: max memory 12612272128, total allocated 1142947840, free 1136193856, used 6753984, increment -24096376
Making features
makeFeatures: max memory 12612272128, total allocated 1142947840, free 1128919080, used 14028760, increment 7274776
Mitella_pentandra: 
Regularization values: linear/quadratic/product: 0.050, categorical: 0.250, threshold: 1.000, hinge: 0.500
418 samples
Density: max memory 12612272128, total allocated 1142947840, free 1115222336, used 27725504, increment 13696744
linearPredictor: max memory 12612272128, total allocated 1142947840, free 1115222336, used 27725504, increment 0
FeaturedSpace: max memory 12612272128, total allocated 1142947840, free 1115222336, used 27725504, increment 0
Sequential: max memory 12612272128, total allocated 1142947840, free 1115222336, used 27725504, increment 0
Initial loss: 9.250041738827735
Time since start: 8.654
500: time = 2.850000 loss = 8.451655
Resulting gain: 0.7983871014967647
Projecting...
Writing file /volumes/output/heuchera_rfolk_na/mitella_pentandra/Mitella_pentandra.asc
Time since start: 15.153
Writing /volumes/output/heuchera_rfolk_na/mitella_pentandra/plots/Mitella_pentandra.png
Time since start: 17.225
Ending
