Wed Dec 28 11:36:30 CST 2022
MaxEnt version 3.4.4
Checking header of /volumes/env/biotaphy_5min_global/ISRICSOILGRIDS_new_average_phx10percent_reduced.asc
Checking header of /volumes/env/biotaphy_5min_global/mask.asc
Reading samples from Ozomelis_stauropetala.csv
Read samples: max memory 32178700288, total allocated 2118123520, free 2100613120, used 17510400, increment 17510400
Extractor: max memory 32178700288, total allocated 2118123520, free 2098513920, used 19609600, increment 2099200
Extracting random background and sample data
Time since start: 1.021
13154 points with values for all grids
Adding samples to background in feature space
Command line used:  samplesfile=/volumes/output/heuchera_rfolk_5min_global/Ozomelis_stauropetala/Ozomelis_stauropetala.csv -e /volumes/env/biotaphy_5min_global -o /volumes/output/heuchera_rfolk_5min_global/Ozomelis_stauropetala nowarnings nocache autorun -z togglelayertype=mask
Command line to repeat: java density.MaxEnt nowarnings noprefixes outputdirectory=/volumes/output/heuchera_rfolk_5min_global/Ozomelis_stauropetala samplesfile=/volumes/output/heuchera_rfolk_5min_global/Ozomelis_stauropetala/Ozomelis_stauropetala.csv environmentallayers=/volumes/env/biotaphy_5min_global nowarnings autorun novisible nocache -t mask
Species: Ozomelis_stauropetala
Layers: ISRICSOILGRIDS_new_average_phx10percent_reduced mask
Layertypes: Continuous Categorical
outputdirectory: /volumes/output/heuchera_rfolk_5min_global/Ozomelis_stauropetala
samplesfile: /volumes/output/heuchera_rfolk_5min_global/Ozomelis_stauropetala/Ozomelis_stauropetala.csv
environmentallayers: /volumes/env/biotaphy_5min_global
warnings: false
autorun: true
visible: false
cache: false

getSamples: max memory 32178700288, total allocated 2118123520, free 913453392, used 1204670128, increment 1185060528
Making features
makeFeatures: max memory 32178700288, total allocated 2118123520, free 913453392, used 1204670128, increment 0
Ozomelis_stauropetala: 
Regularization values: linear/quadratic/product: 0.050, categorical: 0.250, threshold: 1.000, hinge: 0.500
118 samples
Density: max memory 32178700288, total allocated 2118123520, free 913453392, used 1204670128, increment 0
linearPredictor: max memory 32178700288, total allocated 2118123520, free 913453392, used 1204670128, increment 0
FeaturedSpace: max memory 32178700288, total allocated 2118123520, free 913453392, used 1204670128, increment 0
Sequential: max memory 32178700288, total allocated 2118123520, free 913453392, used 1204670128, increment 0
Initial loss: 9.210340371976184
180: time = 0.142000 loss = 8.664043
Resulting gain: 0.5462975045270717
Projecting...
Writing file /volumes/output/heuchera_rfolk_5min_global/Ozomelis_stauropetala/Ozomelis_stauropetala.asc
Time since start: 3.006
Writing /volumes/output/heuchera_rfolk_5min_global/Ozomelis_stauropetala/plots/Ozomelis_stauropetala.png
Ending
