Wed Dec 28 11:38:35 CST 2022
MaxEnt version 3.4.4
Checking header of /volumes/env/biotaphy_5min_global/ISRICSOILGRIDS_new_average_phx10percent_reduced.asc
Checking header of /volumes/env/biotaphy_5min_global/mask.asc
Reading samples from Heuchera_richardsonii.csv
Read samples: max memory 32178700288, total allocated 2118123520, free 2100613120, used 17510400, increment 17510400
Extractor: max memory 32178700288, total allocated 2118123520, free 2094319616, used 23803904, increment 6293504
Extracting random background and sample data
Warning: Sample at -87.75, 42.1333 in Heuchera_richardsonii.csv is missing some environmental data (e.g. ISRICSOILGRIDS_new_average_phx10percent_reduced)
Warning: Skipping sample at -87.75, 42.1333
Time since start: 1.046
64175 points with values for all grids
Adding samples to background in feature space
Command line used:  samplesfile=/volumes/output/heuchera_rfolk_5min_global/Heuchera_richardsonii/Heuchera_richardsonii.csv -e /volumes/env/biotaphy_5min_global -o /volumes/output/heuchera_rfolk_5min_global/Heuchera_richardsonii nowarnings nocache autorun -z togglelayertype=mask
Command line to repeat: java density.MaxEnt nowarnings noprefixes outputdirectory=/volumes/output/heuchera_rfolk_5min_global/Heuchera_richardsonii samplesfile=/volumes/output/heuchera_rfolk_5min_global/Heuchera_richardsonii/Heuchera_richardsonii.csv environmentallayers=/volumes/env/biotaphy_5min_global nowarnings autorun novisible nocache -t mask
Species: Heuchera_richardsonii
Layers: ISRICSOILGRIDS_new_average_phx10percent_reduced mask
Layertypes: Continuous Categorical
outputdirectory: /volumes/output/heuchera_rfolk_5min_global/Heuchera_richardsonii
samplesfile: /volumes/output/heuchera_rfolk_5min_global/Heuchera_richardsonii/Heuchera_richardsonii.csv
environmentallayers: /volumes/env/biotaphy_5min_global
warnings: false
autorun: true
visible: false
cache: false

getSamples: max memory 32178700288, total allocated 2118123520, free 909165080, used 1208958440, increment 1185154536
Making features
makeFeatures: max memory 32178700288, total allocated 2118123520, free 907084328, used 1211039192, increment 2080752
Heuchera_richardsonii: 
Regularization values: linear/quadratic/product: 0.050, categorical: 0.250, threshold: 1.000, hinge: 0.500
241 samples
Density: max memory 32178700288, total allocated 2118123520, free 907084328, used 1211039192, increment 0
linearPredictor: max memory 32178700288, total allocated 2118123520, free 907084328, used 1211039192, increment 0
FeaturedSpace: max memory 32178700288, total allocated 2118123520, free 907084328, used 1211039192, increment 0
Sequential: max memory 32178700288, total allocated 2118123520, free 907084328, used 1211039192, increment 0
Initial loss: 9.210340371976184
260: time = 0.198000 loss = 9.116360
Resulting gain: 0.09398006453683472
Time since start: 2.049
Projecting...
Writing file /volumes/output/heuchera_rfolk_5min_global/Heuchera_richardsonii/Heuchera_richardsonii.asc
Time since start: 3.131
Writing /volumes/output/heuchera_rfolk_5min_global/Heuchera_richardsonii/plots/Heuchera_richardsonii.png
Ending
