Tue Dec 27 14:31:08 CST 2022
MaxEnt version 3.4.4
Checking header of /volumes/env/biotaphy_5min_global/ISRICSOILGRIDS_new_average_phx10percent_reduced.asc
Checking header of /volumes/env/biotaphy_5min_global/mask.asc
Reading samples from Heuchera_hallii.csv
Read samples: max memory 32178700288, total allocated 2118123520, free 2100613120, used 17510400, increment 17510400
Extractor: max memory 32178700288, total allocated 2118123520, free 2098513920, used 19609600, increment 2099200
Extracting random background and sample data
Time since start: 1.036
710 points with values for all grids
Adding samples to background in feature space
Command line used:  samplesfile=/volumes/output/heuchera_rfolk_5min_global/heuchera_hallii/Heuchera_hallii.csv -e /volumes/env/biotaphy_5min_global -o /volumes/output/heuchera_rfolk_5min_global/heuchera_hallii nowarnings nocache autorun -z togglelayertype=mask
Command line to repeat: java density.MaxEnt nowarnings noprefixes outputdirectory=/volumes/output/heuchera_rfolk_5min_global/heuchera_hallii samplesfile=/volumes/output/heuchera_rfolk_5min_global/heuchera_hallii/Heuchera_hallii.csv environmentallayers=/volumes/env/biotaphy_5min_global nowarnings autorun novisible nocache -t mask
Species: Heuchera_hallii
Layers: ISRICSOILGRIDS_new_average_phx10percent_reduced mask
Layertypes: Continuous Categorical
outputdirectory: /volumes/output/heuchera_rfolk_5min_global/heuchera_hallii
samplesfile: /volumes/output/heuchera_rfolk_5min_global/heuchera_hallii/Heuchera_hallii.csv
environmentallayers: /volumes/env/biotaphy_5min_global
warnings: false
autorun: true
visible: false
cache: false

getSamples: max memory 32178700288, total allocated 2118123520, free 918328616, used 1199794904, increment 1180185304
Making features
makeFeatures: max memory 32178700288, total allocated 2118123520, free 918328616, used 1199794904, increment 0
Heuchera_hallii: 
Regularization values: linear/quadratic/product: 0.385, categorical: 0.250, threshold: 1.770, hinge: 0.500
23 samples
Density: max memory 32178700288, total allocated 2118123520, free 918328616, used 1199794904, increment 0
linearPredictor: max memory 32178700288, total allocated 2118123520, free 918328616, used 1199794904, increment 0
FeaturedSpace: max memory 32178700288, total allocated 2118123520, free 918328616, used 1199794904, increment 0
Sequential: max memory 32178700288, total allocated 2118123520, free 918328616, used 1199794904, increment 0
Initial loss: 6.565264970035361
60: time = 0.024000 loss = 6.509786
Resulting gain: 0.05547929028490195
Projecting...
Writing file /volumes/output/heuchera_rfolk_5min_global/heuchera_hallii/Heuchera_hallii.asc
Time since start: 2.879
Writing /volumes/output/heuchera_rfolk_5min_global/heuchera_hallii/plots/Heuchera_hallii.png
Ending
