Mon Oct 31 19:34:45 GMT 2022
MaxEnt version 3.4.4
Checking header of /volumes/env/na_2.5min/BIOCLIM_1.asc
Checking header of /volumes/env/na_2.5min/BIOCLIM_12.asc
Checking header of /volumes/env/na_2.5min/BIOCLIM_17.asc
Checking header of /volumes/env/na_2.5min/BIOCLIM_7.asc
Checking header of /volumes/env/na_2.5min/GTOPO30_ELEVATION.asc
Checking header of /volumes/env/na_2.5min/GTOPO30_SLOPE_reduced.asc
Checking header of /volumes/env/na_2.5min/ISRICSOILGRIDS_new_average_coarsefragmentpercent_reduced.asc
Checking header of /volumes/env/na_2.5min/ISRICSOILGRIDS_new_average_phx10percent_reduced.asc
Checking header of /volumes/env/na_2.5min/ISRICSOILGRIDS_new_average_sandpercent_reduced.asc
Checking header of /volumes/env/na_2.5min/ISRICSOILGRIDS_new_average_soilorganiccarboncontent_reduced.asc
Checking header of /volumes/env/na_2.5min/LandCover_1_Needleleaf.asc
Checking header of /volumes/env/na_2.5min/LandCover_6_Herbaceous.asc
Checking header of /volumes/env/na_2.5min/mask.asc
Reading samples from Heuchera_puberula.csv
Read samples: max memory 32178700288, total allocated 2118123520, free 2096418816, used 21704704, increment 21704704
Extractor: max memory 32178700288, total allocated 2118123520, free 2090125312, used 27998208, increment 6293504
Extracting random background and sample data
Time since start: 2.541
1219428 points with values for all grids
Adding samples to background in feature space
Command line used:  samplesfile=/volumes/output/heuchera_rfolk_sdm/heuchera_puberula/Heuchera_puberula.csv -e /volumes/env/na_2.5min -o /volumes/output/heuchera_rfolk_sdm/heuchera_puberula nowarnings nocache autorun -z togglelayertype=mask
Command line to repeat: java density.MaxEnt nowarnings noprefixes outputdirectory=/volumes/output/heuchera_rfolk_sdm/heuchera_puberula samplesfile=/volumes/output/heuchera_rfolk_sdm/heuchera_puberula/Heuchera_puberula.csv environmentallayers=/volumes/env/na_2.5min nowarnings autorun novisible nocache -t mask
Species: Heuchera_puberula
Layers: BIOCLIM_1 BIOCLIM_12 BIOCLIM_17 BIOCLIM_7 GTOPO30_ELEVATION GTOPO30_SLOPE_reduced ISRICSOILGRIDS_new_average_coarsefragmentpercent_reduced ISRICSOILGRIDS_new_average_phx10percent_reduced ISRICSOILGRIDS_new_average_sandpercent_reduced ISRICSOILGRIDS_new_average_soilorganiccarboncontent_reduced LandCover_1_Needleleaf LandCover_6_Herbaceous mask
Layertypes: Continuous Continuous Continuous Continuous Continuous Continuous Continuous Continuous Continuous Continuous Continuous Continuous Categorical
outputdirectory: /volumes/output/heuchera_rfolk_sdm/heuchera_puberula
samplesfile: /volumes/output/heuchera_rfolk_sdm/heuchera_puberula/Heuchera_puberula.csv
environmentallayers: /volumes/env/na_2.5min
warnings: false
autorun: true
visible: false
cache: false

getSamples: max memory 32178700288, total allocated 2118123520, free 1953971192, used 164152328, increment 136154120
Making features
makeFeatures: max memory 32178700288, total allocated 2118123520, free 1947299264, used 170824256, increment 6671928
Heuchera_puberula: 
Regularization values: linear/quadratic/product: 0.213, categorical: 0.250, threshold: 1.570, hinge: 0.500
43 samples
Density: max memory 32178700288, total allocated 2118123520, free 1935056464, used 183067056, increment 12242800
linearPredictor: max memory 32178700288, total allocated 2118123520, free 1935056464, used 183067056, increment 0
Deactivating (mask=-9999.0)
FeaturedSpace: max memory 32178700288, total allocated 2118123520, free 1935056464, used 183067056, increment 0
Sequential: max memory 32178700288, total allocated 2118123520, free 1935056464, used 183067056, increment 0
Initial loss: 9.21463115339334
400: time = 0.714000 loss = 4.284576
Resulting gain: 4.930054746732065
Time since start: 3.665
Projecting...
Writing file /volumes/output/heuchera_rfolk_sdm/heuchera_puberula/Heuchera_puberula.asc
Time since start: 7.535
Writing /volumes/output/heuchera_rfolk_sdm/heuchera_puberula/plots/Heuchera_puberula.png
Ending
