Tue Dec 27 15:01:25 CST 2022
MaxEnt version 3.4.4
Checking header of /volumes/env/na_2.5min/BIOCLIM_1.asc
Checking header of /volumes/env/na_2.5min/BIOCLIM_12.asc
Checking header of /volumes/env/na_2.5min/BIOCLIM_17.asc
Checking header of /volumes/env/na_2.5min/BIOCLIM_7.asc
Checking header of /volumes/env/na_2.5min/GTOPO30_ELEVATION.asc
Checking header of /volumes/env/na_2.5min/GTOPO30_SLOPE_reduced.asc
Checking header of /volumes/env/na_2.5min/ISRICSOILGRIDS_new_average_coarsefragmentpercent_reduced.asc
Checking header of /volumes/env/na_2.5min/ISRICSOILGRIDS_new_average_phx10percent_reduced.asc
Checking header of /volumes/env/na_2.5min/ISRICSOILGRIDS_new_average_sandpercent_reduced.asc
Checking header of /volumes/env/na_2.5min/ISRICSOILGRIDS_new_average_soilorganiccarboncontent_reduced.asc
Checking header of /volumes/env/na_2.5min/LandCover_1_Needleleaf.asc
Checking header of /volumes/env/na_2.5min/LandCover_6_Herbaceous.asc
Checking header of /volumes/env/na_2.5min/mask.asc
Reading samples from Telesonix_jamesii.csv
Read samples: max memory 32178700288, total allocated 2118123520, free 2094305264, used 23818256, increment 23818256
Extractor: max memory 32178700288, total allocated 2118123520, free 2088030208, used 30093312, increment 6275056
Extracting random background and sample data
Time since start: 2.114
11891 points with values for all grids
Adding samples to background in feature space
Command line used:  samplesfile=/volumes/output/heuchera_rfolk_2.5min_na/telesonix_jamesii/Telesonix_jamesii.csv -e /volumes/env/na_2.5min -o /volumes/output/heuchera_rfolk_2.5min_na/telesonix_jamesii nowarnings nocache autorun -z togglelayertype=mask
Command line to repeat: java density.MaxEnt nowarnings noprefixes outputdirectory=/volumes/output/heuchera_rfolk_2.5min_na/telesonix_jamesii samplesfile=/volumes/output/heuchera_rfolk_2.5min_na/telesonix_jamesii/Telesonix_jamesii.csv environmentallayers=/volumes/env/na_2.5min nowarnings autorun novisible nocache -t mask
Species: Telesonix_jamesii
Layers: BIOCLIM_1 BIOCLIM_12 BIOCLIM_17 BIOCLIM_7 GTOPO30_ELEVATION GTOPO30_SLOPE_reduced ISRICSOILGRIDS_new_average_coarsefragmentpercent_reduced ISRICSOILGRIDS_new_average_phx10percent_reduced ISRICSOILGRIDS_new_average_sandpercent_reduced ISRICSOILGRIDS_new_average_soilorganiccarboncontent_reduced LandCover_1_Needleleaf LandCover_6_Herbaceous mask
Layertypes: Continuous Continuous Continuous Continuous Continuous Continuous Continuous Continuous Continuous Continuous Continuous Continuous Categorical
outputdirectory: /volumes/output/heuchera_rfolk_2.5min_na/telesonix_jamesii
samplesfile: /volumes/output/heuchera_rfolk_2.5min_na/telesonix_jamesii/Telesonix_jamesii.csv
environmentallayers: /volumes/env/na_2.5min
warnings: false
autorun: true
visible: false
cache: false

getSamples: max memory 32178700288, total allocated 2118123520, free 1962468000, used 155655520, increment 125562208
Making features
makeFeatures: max memory 32178700288, total allocated 2118123520, free 1954079392, used 164044128, increment 8388608
Telesonix_jamesii: 
Regularization values: linear/quadratic/product: 0.500, categorical: 0.250, threshold: 1.830, hinge: 0.500
17 samples
Density: max memory 32178700288, total allocated 2118123520, free 1941496480, used 176627040, increment 12582912
linearPredictor: max memory 32178700288, total allocated 2118123520, free 1941496480, used 176627040, increment 0
FeaturedSpace: max memory 32178700288, total allocated 2118123520, free 1941496480, used 176627040, increment 0
Sequential: max memory 32178700288, total allocated 2118123520, free 1941496480, used 176627040, increment 0
Initial loss: 9.21054035197885
500: time = 0.704000 loss = 6.965006
Resulting gain: 2.245534643217969
Time since start: 3.8
Projecting...
Writing file /volumes/output/heuchera_rfolk_2.5min_na/telesonix_jamesii/Telesonix_jamesii.asc
Time since start: 5.863
Writing /volumes/output/heuchera_rfolk_2.5min_na/telesonix_jamesii/plots/Telesonix_jamesii.png
Ending
