Mon Oct 31 19:38:37 GMT 2022
MaxEnt version 3.4.4
Checking header of /volumes/env/na_2.5min/BIOCLIM_1.asc
Checking header of /volumes/env/na_2.5min/BIOCLIM_12.asc
Checking header of /volumes/env/na_2.5min/BIOCLIM_17.asc
Checking header of /volumes/env/na_2.5min/BIOCLIM_7.asc
Checking header of /volumes/env/na_2.5min/GTOPO30_ELEVATION.asc
Checking header of /volumes/env/na_2.5min/GTOPO30_SLOPE_reduced.asc
Checking header of /volumes/env/na_2.5min/ISRICSOILGRIDS_new_average_coarsefragmentpercent_reduced.asc
Checking header of /volumes/env/na_2.5min/ISRICSOILGRIDS_new_average_phx10percent_reduced.asc
Checking header of /volumes/env/na_2.5min/ISRICSOILGRIDS_new_average_sandpercent_reduced.asc
Checking header of /volumes/env/na_2.5min/ISRICSOILGRIDS_new_average_soilorganiccarboncontent_reduced.asc
Checking header of /volumes/env/na_2.5min/LandCover_1_Needleleaf.asc
Checking header of /volumes/env/na_2.5min/LandCover_6_Herbaceous.asc
Checking header of /volumes/env/na_2.5min/mask.asc
Reading samples from Peltoboykinia_watanabei.csv
Read samples: max memory 32178700288, total allocated 2118123520, free 2096418816, used 21704704, increment 21704704
Warning: Sample at 131.348362, 32.733172 in Peltoboykinia_watanabei.csv is outside the bounding box of environmental data, skipping
Warning: Sample at 133.1, 33.5 in Peltoboykinia_watanabei.csv is outside the bounding box of environmental data, skipping
Warning: Sample at 134.243998, 33.818001 in Peltoboykinia_watanabei.csv is outside the bounding box of environmental data, skipping
Warning: Sample at 133.024913, 33.393097 in Peltoboykinia_watanabei.csv is outside the bounding box of environmental data, skipping
Warning: Sample at 133.129798, 33.561022 in Peltoboykinia_watanabei.csv is outside the bounding box of environmental data, skipping
Warning: Sample at 133.130267, 33.561377 in Peltoboykinia_watanabei.csv is outside the bounding box of environmental data, skipping
Warning: Sample at 133.034607, 33.68896 in Peltoboykinia_watanabei.csv is outside the bounding box of environmental data, skipping
Warning: Sample at 131.328315, 33.056648 in Peltoboykinia_watanabei.csv is outside the bounding box of environmental data, skipping
Warning: Sample at 131.159216, 32.614194 in Peltoboykinia_watanabei.csv is outside the bounding box of environmental data, skipping
Warning: Sample at 133.024787, 33.392859 in Peltoboykinia_watanabei.csv is outside the bounding box of environmental data, skipping
Warning: Sample at 133.883333, 33.65 in Peltoboykinia_watanabei.csv is outside the bounding box of environmental data, skipping
Warning: Sample at 130.533547, 32.181851 in Peltoboykinia_watanabei.csv is outside the bounding box of environmental data, skipping
Warning: Sample at 131.2, 33.0 in Peltoboykinia_watanabei.csv is outside the bounding box of environmental data, skipping
Warning: Sample at 133.167088, 33.574746 in Peltoboykinia_watanabei.csv is outside the bounding box of environmental data, skipping
Warning: Sample at 133.2, 33.5 in Peltoboykinia_watanabei.csv is outside the bounding box of environmental data, skipping
Warning: Sample at 131.385923, 32.491486 in Peltoboykinia_watanabei.csv is outside the bounding box of environmental data, skipping
Warning: Sample at 131.239999, 33.081666 in Peltoboykinia_watanabei.csv is outside the bounding box of environmental data, skipping
Warning: Sample at 131.240011, 33.081668 in Peltoboykinia_watanabei.csv is outside the bounding box of environmental data, skipping
Warning: Sample at 131.196377, 32.683022 in Peltoboykinia_watanabei.csv is outside the bounding box of environmental data, skipping
Extractor: max memory 32178700288, total allocated 2118123520, free 2088030208, used 30093312, increment 8388608
Extracting random background and sample data
Time since start: 2.509
1219428 points with values for all grids
Adding samples to background in feature space
Command line used:  samplesfile=/volumes/output/heuchera_rfolk_sdm/peltoboykinia_watanabei/Peltoboykinia_watanabei.csv -e /volumes/env/na_2.5min -o /volumes/output/heuchera_rfolk_sdm/peltoboykinia_watanabei nowarnings nocache autorun -z togglelayertype=mask
Command line to repeat: java density.MaxEnt nowarnings noprefixes outputdirectory=/volumes/output/heuchera_rfolk_sdm/peltoboykinia_watanabei samplesfile=/volumes/output/heuchera_rfolk_sdm/peltoboykinia_watanabei/Peltoboykinia_watanabei.csv environmentallayers=/volumes/env/na_2.5min nowarnings autorun novisible nocache -t mask
Species: Peltoboykinia_watanabei
Layers: BIOCLIM_1 BIOCLIM_12 BIOCLIM_17 BIOCLIM_7 GTOPO30_ELEVATION GTOPO30_SLOPE_reduced ISRICSOILGRIDS_new_average_coarsefragmentpercent_reduced ISRICSOILGRIDS_new_average_phx10percent_reduced ISRICSOILGRIDS_new_average_sandpercent_reduced ISRICSOILGRIDS_new_average_soilorganiccarboncontent_reduced LandCover_1_Needleleaf LandCover_6_Herbaceous mask
Layertypes: Continuous Continuous Continuous Continuous Continuous Continuous Continuous Continuous Continuous Continuous Continuous Continuous Categorical
outputdirectory: /volumes/output/heuchera_rfolk_sdm/peltoboykinia_watanabei
samplesfile: /volumes/output/heuchera_rfolk_sdm/peltoboykinia_watanabei/Peltoboykinia_watanabei.csv
environmentallayers: /volumes/env/na_2.5min
warnings: false
autorun: true
visible: false
cache: false

Warning: Skipping Peltoboykinia_watanabei because it has 0 training samples
Ending
