Thu Dec 22 15:47:58 CST 2022
MaxEnt version 3.4.4
Checking header of /volumes/env/na_2.5min/BIOCLIM_1.asc
Checking header of /volumes/env/na_2.5min/BIOCLIM_12.asc
Checking header of /volumes/env/na_2.5min/BIOCLIM_17.asc
Checking header of /volumes/env/na_2.5min/BIOCLIM_7.asc
Checking header of /volumes/env/na_2.5min/GTOPO30_ELEVATION.asc
Checking header of /volumes/env/na_2.5min/GTOPO30_SLOPE_reduced.asc
Checking header of /volumes/env/na_2.5min/ISRICSOILGRIDS_new_average_coarsefragmentpercent_reduced.asc
Checking header of /volumes/env/na_2.5min/ISRICSOILGRIDS_new_average_phx10percent_reduced.asc
Checking header of /volumes/env/na_2.5min/ISRICSOILGRIDS_new_average_sandpercent_reduced.asc
Checking header of /volumes/env/na_2.5min/ISRICSOILGRIDS_new_average_soilorganiccarboncontent_reduced.asc
Checking header of /volumes/env/na_2.5min/LandCover_1_Needleleaf.asc
Checking header of /volumes/env/na_2.5min/LandCover_6_Herbaceous.asc
Checking header of /volumes/env/na_2.5min/mask.asc
Reading samples from Heuchera_grossulariifolia.csv
Read samples: max memory 12612272128, total allocated 792723456, free 773115904, used 19607552, increment 19607552
Extractor: max memory 12612272128, total allocated 792723456, free 765312408, used 27411048, increment 7803496
Extracting random background and sample data
Time since start: 6.109
17069 points with values for all grids
Adding samples to background in feature space
Command line used:  samplesfile=/volumes/output/heuchera_rfolk_na/heuchera_grossulariifolia/Heuchera_grossulariifolia.csv -e /volumes/env/na_2.5min -o /volumes/output/heuchera_rfolk_na/heuchera_grossulariifolia nowarnings nocache autorun -z togglelayertype=mask
Command line to repeat: java density.MaxEnt nowarnings noprefixes outputdirectory=/volumes/output/heuchera_rfolk_na/heuchera_grossulariifolia samplesfile=/volumes/output/heuchera_rfolk_na/heuchera_grossulariifolia/Heuchera_grossulariifolia.csv environmentallayers=/volumes/env/na_2.5min nowarnings autorun novisible nocache -t mask
Species: Heuchera_grossulariifolia
Layers: BIOCLIM_1 BIOCLIM_12 BIOCLIM_17 BIOCLIM_7 GTOPO30_ELEVATION GTOPO30_SLOPE_reduced ISRICSOILGRIDS_new_average_coarsefragmentpercent_reduced ISRICSOILGRIDS_new_average_phx10percent_reduced ISRICSOILGRIDS_new_average_sandpercent_reduced ISRICSOILGRIDS_new_average_soilorganiccarboncontent_reduced LandCover_1_Needleleaf LandCover_6_Herbaceous mask
Layertypes: Continuous Continuous Continuous Continuous Continuous Continuous Continuous Continuous Continuous Continuous Continuous Continuous Categorical
outputdirectory: /volumes/output/heuchera_rfolk_na/heuchera_grossulariifolia
samplesfile: /volumes/output/heuchera_rfolk_na/heuchera_grossulariifolia/Heuchera_grossulariifolia.csv
environmentallayers: /volumes/env/na_2.5min
warnings: false
autorun: true
visible: false
cache: false

getSamples: max memory 12612272128, total allocated 1178599424, free 967261128, used 211338296, increment 183927248
Making features
makeFeatures: max memory 12612272128, total allocated 1178599424, free 958794296, used 219805128, increment 8466832
Heuchera_grossulariifolia: 
Regularization values: linear/quadratic/product: 0.144, categorical: 0.250, threshold: 1.330, hinge: 0.500
67 samples
Density: max memory 12612272128, total allocated 1178599424, free 947340232, used 231259192, increment 11454064
linearPredictor: max memory 12612272128, total allocated 1178599424, free 947340232, used 231259192, increment 0
FeaturedSpace: max memory 12612272128, total allocated 1178599424, free 947340232, used 231259192, increment 0
Sequential: max memory 12612272128, total allocated 1178599424, free 947340232, used 231259192, increment 0
Initial loss: 9.213535262872702
Time since start: 8.893
500: time = 2.205000 loss = 8.308787
Resulting gain: 0.904748108334644
Projecting...
Writing file /volumes/output/heuchera_rfolk_na/heuchera_grossulariifolia/Heuchera_grossulariifolia.asc
Time since start: 14.481
Writing /volumes/output/heuchera_rfolk_na/heuchera_grossulariifolia/plots/Heuchera_grossulariifolia.png
Time since start: 15.821
Ending
