Tue Dec 27 15:05:39 CST 2022
MaxEnt version 3.4.4
Checking header of /volumes/env/na_2.5min/BIOCLIM_1.asc
Checking header of /volumes/env/na_2.5min/BIOCLIM_12.asc
Checking header of /volumes/env/na_2.5min/BIOCLIM_17.asc
Checking header of /volumes/env/na_2.5min/BIOCLIM_7.asc
Checking header of /volumes/env/na_2.5min/GTOPO30_ELEVATION.asc
Checking header of /volumes/env/na_2.5min/GTOPO30_SLOPE_reduced.asc
Checking header of /volumes/env/na_2.5min/ISRICSOILGRIDS_new_average_coarsefragmentpercent_reduced.asc
Checking header of /volumes/env/na_2.5min/ISRICSOILGRIDS_new_average_phx10percent_reduced.asc
Checking header of /volumes/env/na_2.5min/ISRICSOILGRIDS_new_average_sandpercent_reduced.asc
Checking header of /volumes/env/na_2.5min/ISRICSOILGRIDS_new_average_soilorganiccarboncontent_reduced.asc
Checking header of /volumes/env/na_2.5min/LandCover_1_Needleleaf.asc
Checking header of /volumes/env/na_2.5min/LandCover_6_Herbaceous.asc
Checking header of /volumes/env/na_2.5min/mask.asc
Reading samples from Heuchera_hallii.csv
Read samples: max memory 32178700288, total allocated 2118123520, free 2094317576, used 23805944, increment 23805944
Extractor: max memory 32178700288, total allocated 2118123520, free 2088030208, used 30093312, increment 6287368
Extracting random background and sample data
Time since start: 2.138
2856 points with values for all grids
Adding samples to background in feature space
Command line used:  samplesfile=/volumes/output/heuchera_rfolk_2.5min_na/heuchera_hallii/Heuchera_hallii.csv -e /volumes/env/na_2.5min -o /volumes/output/heuchera_rfolk_2.5min_na/heuchera_hallii nowarnings nocache autorun -z togglelayertype=mask
Command line to repeat: java density.MaxEnt nowarnings noprefixes outputdirectory=/volumes/output/heuchera_rfolk_2.5min_na/heuchera_hallii samplesfile=/volumes/output/heuchera_rfolk_2.5min_na/heuchera_hallii/Heuchera_hallii.csv environmentallayers=/volumes/env/na_2.5min nowarnings autorun novisible nocache -t mask
Species: Heuchera_hallii
Layers: BIOCLIM_1 BIOCLIM_12 BIOCLIM_17 BIOCLIM_7 GTOPO30_ELEVATION GTOPO30_SLOPE_reduced ISRICSOILGRIDS_new_average_coarsefragmentpercent_reduced ISRICSOILGRIDS_new_average_phx10percent_reduced ISRICSOILGRIDS_new_average_sandpercent_reduced ISRICSOILGRIDS_new_average_soilorganiccarboncontent_reduced LandCover_1_Needleleaf LandCover_6_Herbaceous mask
Layertypes: Continuous Continuous Continuous Continuous Continuous Continuous Continuous Continuous Continuous Continuous Continuous Continuous Categorical
outputdirectory: /volumes/output/heuchera_rfolk_2.5min_na/heuchera_hallii
samplesfile: /volumes/output/heuchera_rfolk_2.5min_na/heuchera_hallii/Heuchera_hallii.csv
environmentallayers: /volumes/env/na_2.5min
warnings: false
autorun: true
visible: false
cache: false

getSamples: max memory 32178700288, total allocated 2118123520, free 1965817576, used 152305944, increment 122212632
Making features
makeFeatures: max memory 32178700288, total allocated 2118123520, free 1961602456, used 156521064, increment 4215120
Heuchera_hallii: 
Regularization values: linear/quadratic/product: 0.327, categorical: 0.250, threshold: 1.740, hinge: 0.500
26 samples
Density: max memory 32178700288, total allocated 2118123520, free 1957419472, used 160704048, increment 4182984
linearPredictor: max memory 32178700288, total allocated 2118123520, free 1957419472, used 160704048, increment 0
FeaturedSpace: max memory 32178700288, total allocated 2118123520, free 1957419472, used 160704048, increment 0
Sequential: max memory 32178700288, total allocated 2118123520, free 1957419472, used 160704048, increment 0
Initial loss: 7.957177323459475
500: time = 0.335000 loss = 7.495732
Resulting gain: 0.46144549049093
Time since start: 3.311
Projecting...
Writing file /volumes/output/heuchera_rfolk_2.5min_na/heuchera_hallii/Heuchera_hallii.asc
Time since start: 5.413
Writing /volumes/output/heuchera_rfolk_2.5min_na/heuchera_hallii/plots/Heuchera_hallii.png
Ending
