Tue Dec 27 14:26:51 CST 2022
MaxEnt version 3.4.4
Checking header of /volumes/env/biotaphy_5min_global/ISRICSOILGRIDS_new_average_phx10percent_reduced.asc
Checking header of /volumes/env/biotaphy_5min_global/mask.asc
Reading samples from Mitella_breweri.csv
Read samples: max memory 32178700288, total allocated 2118123520, free 2100613120, used 17510400, increment 17510400
Extractor: max memory 32178700288, total allocated 2118123520, free 2094319616, used 23803904, increment 6293504
Extracting random background and sample data
Time since start: 1.022
17046 points with values for all grids
Adding samples to background in feature space
Command line used:  samplesfile=/volumes/output/heuchera_rfolk_5min_global/mitella_breweri/Mitella_breweri.csv -e /volumes/env/biotaphy_5min_global -o /volumes/output/heuchera_rfolk_5min_global/mitella_breweri nowarnings nocache autorun -z togglelayertype=mask
Command line to repeat: java density.MaxEnt nowarnings noprefixes outputdirectory=/volumes/output/heuchera_rfolk_5min_global/mitella_breweri samplesfile=/volumes/output/heuchera_rfolk_5min_global/mitella_breweri/Mitella_breweri.csv environmentallayers=/volumes/env/biotaphy_5min_global nowarnings autorun novisible nocache -t mask
Species: Mitella_breweri
Layers: ISRICSOILGRIDS_new_average_phx10percent_reduced mask
Layertypes: Continuous Categorical
outputdirectory: /volumes/output/heuchera_rfolk_5min_global/mitella_breweri
samplesfile: /volumes/output/heuchera_rfolk_5min_global/mitella_breweri/Mitella_breweri.csv
environmentallayers: /volumes/env/biotaphy_5min_global
warnings: false
autorun: true
visible: false
cache: false

getSamples: max memory 32178700288, total allocated 2118123520, free 915499448, used 1202624072, increment 1178820168
Making features
makeFeatures: max memory 32178700288, total allocated 2118123520, free 915497400, used 1202626120, increment 2048
Mitella_breweri: 
Regularization values: linear/quadratic/product: 0.050, categorical: 0.250, threshold: 1.000, hinge: 0.500
200 samples
Density: max memory 32178700288, total allocated 2118123520, free 913400248, used 1204723272, increment 2097152
linearPredictor: max memory 32178700288, total allocated 2118123520, free 913400248, used 1204723272, increment 0
FeaturedSpace: max memory 32178700288, total allocated 2118123520, free 913400248, used 1204723272, increment 0
Sequential: max memory 32178700288, total allocated 2118123520, free 913400248, used 1204723272, increment 0
Initial loss: 9.210340371976184
140: time = 0.116000 loss = 8.601814
Resulting gain: 0.6085261182859245
Projecting...
Writing file /volumes/output/heuchera_rfolk_5min_global/mitella_breweri/Mitella_breweri.asc
Time since start: 2.961
Writing /volumes/output/heuchera_rfolk_5min_global/mitella_breweri/plots/Mitella_breweri.png
Ending
