Tue Dec 27 15:02:53 CST 2022
MaxEnt version 3.4.4
Checking header of /volumes/env/na_2.5min/BIOCLIM_1.asc
Checking header of /volumes/env/na_2.5min/BIOCLIM_12.asc
Checking header of /volumes/env/na_2.5min/BIOCLIM_17.asc
Checking header of /volumes/env/na_2.5min/BIOCLIM_7.asc
Checking header of /volumes/env/na_2.5min/GTOPO30_ELEVATION.asc
Checking header of /volumes/env/na_2.5min/GTOPO30_SLOPE_reduced.asc
Checking header of /volumes/env/na_2.5min/ISRICSOILGRIDS_new_average_coarsefragmentpercent_reduced.asc
Checking header of /volumes/env/na_2.5min/ISRICSOILGRIDS_new_average_phx10percent_reduced.asc
Checking header of /volumes/env/na_2.5min/ISRICSOILGRIDS_new_average_sandpercent_reduced.asc
Checking header of /volumes/env/na_2.5min/ISRICSOILGRIDS_new_average_soilorganiccarboncontent_reduced.asc
Checking header of /volumes/env/na_2.5min/LandCover_1_Needleleaf.asc
Checking header of /volumes/env/na_2.5min/LandCover_6_Herbaceous.asc
Checking header of /volumes/env/na_2.5min/mask.asc
Reading samples from Heuchera_pubescens.csv
Read samples: max memory 32178700288, total allocated 2118123520, free 2094313456, used 23810064, increment 23810064
Extractor: max memory 32178700288, total allocated 2118123520, free 2088030208, used 30093312, increment 6283248
Extracting random background and sample data
Time since start: 2.101
7783 points with values for all grids
Adding samples to background in feature space
Command line used:  samplesfile=/volumes/output/heuchera_rfolk_2.5min_na/heuchera_pubescens/Heuchera_pubescens.csv -e /volumes/env/na_2.5min -o /volumes/output/heuchera_rfolk_2.5min_na/heuchera_pubescens nowarnings nocache autorun -z togglelayertype=mask
Command line to repeat: java density.MaxEnt nowarnings noprefixes outputdirectory=/volumes/output/heuchera_rfolk_2.5min_na/heuchera_pubescens samplesfile=/volumes/output/heuchera_rfolk_2.5min_na/heuchera_pubescens/Heuchera_pubescens.csv environmentallayers=/volumes/env/na_2.5min nowarnings autorun novisible nocache -t mask
Species: Heuchera_pubescens
Layers: BIOCLIM_1 BIOCLIM_12 BIOCLIM_17 BIOCLIM_7 GTOPO30_ELEVATION GTOPO30_SLOPE_reduced ISRICSOILGRIDS_new_average_coarsefragmentpercent_reduced ISRICSOILGRIDS_new_average_phx10percent_reduced ISRICSOILGRIDS_new_average_sandpercent_reduced ISRICSOILGRIDS_new_average_soilorganiccarboncontent_reduced LandCover_1_Needleleaf LandCover_6_Herbaceous mask
Layertypes: Continuous Continuous Continuous Continuous Continuous Continuous Continuous Continuous Continuous Continuous Continuous Continuous Categorical
outputdirectory: /volumes/output/heuchera_rfolk_2.5min_na/heuchera_pubescens
samplesfile: /volumes/output/heuchera_rfolk_2.5min_na/heuchera_pubescens/Heuchera_pubescens.csv
environmentallayers: /volumes/env/na_2.5min
warnings: false
autorun: true
visible: false
cache: false

getSamples: max memory 32178700288, total allocated 2118123520, free 1962829824, used 155293696, increment 125200384
Making features
makeFeatures: max memory 32178700288, total allocated 2118123520, free 1956476088, used 161647432, increment 6353736
Heuchera_pubescens: 
Regularization values: linear/quadratic/product: 0.239, categorical: 0.250, threshold: 1.660, hinge: 0.500
34 samples
Density: max memory 32178700288, total allocated 2118123520, free 1948147712, used 169975808, increment 8328376
linearPredictor: max memory 32178700288, total allocated 2118123520, free 1948147712, used 169975808, increment 0
FeaturedSpace: max memory 32178700288, total allocated 2118123520, free 1948147712, used 169975808, increment 0
Sequential: max memory 32178700288, total allocated 2118123520, free 1948147712, used 169975808, increment 0
Initial loss: 8.959697146959389
500: time = 0.551000 loss = 8.404390
Resulting gain: 0.5553075370739204
Time since start: 3.555
Projecting...
Writing file /volumes/output/heuchera_rfolk_2.5min_na/heuchera_pubescens/Heuchera_pubescens.asc
Time since start: 5.604
Writing /volumes/output/heuchera_rfolk_2.5min_na/heuchera_pubescens/plots/Heuchera_pubescens.png
Ending
