Wed Dec 28 11:40:37 CST 2022
MaxEnt version 3.4.4
Checking header of /volumes/env/biotaphy_5min_global/ISRICSOILGRIDS_new_average_phx10percent_reduced.asc
Checking header of /volumes/env/biotaphy_5min_global/mask.asc
Reading samples from Conimitella_williamsii.csv
Read samples: max memory 32178700288, total allocated 2118123520, free 2100613120, used 17510400, increment 17510400
Extractor: max memory 32178700288, total allocated 2118123520, free 2098513920, used 19609600, increment 2099200
Extracting random background and sample data
Time since start: 1.052
4717 points with values for all grids
Adding samples to background in feature space
Command line used:  samplesfile=/volumes/output/heuchera_rfolk_5min_global/Conimitella_williamsii/Conimitella_williamsii.csv -e /volumes/env/biotaphy_5min_global -o /volumes/output/heuchera_rfolk_5min_global/Conimitella_williamsii nowarnings nocache autorun -z togglelayertype=mask
Command line to repeat: java density.MaxEnt nowarnings noprefixes outputdirectory=/volumes/output/heuchera_rfolk_5min_global/Conimitella_williamsii samplesfile=/volumes/output/heuchera_rfolk_5min_global/Conimitella_williamsii/Conimitella_williamsii.csv environmentallayers=/volumes/env/biotaphy_5min_global nowarnings autorun novisible nocache -t mask
Species: Conimitella_williamsii
Layers: ISRICSOILGRIDS_new_average_phx10percent_reduced mask
Layertypes: Continuous Categorical
outputdirectory: /volumes/output/heuchera_rfolk_5min_global/Conimitella_williamsii
samplesfile: /volumes/output/heuchera_rfolk_5min_global/Conimitella_williamsii/Conimitella_williamsii.csv
environmentallayers: /volumes/env/biotaphy_5min_global
warnings: false
autorun: true
visible: false
cache: false

getSamples: max memory 32178700288, total allocated 2118123520, free 918058392, used 1200065128, increment 1180455528
Making features
makeFeatures: max memory 32178700288, total allocated 2118123520, free 918058392, used 1200065128, increment 0
Conimitella_williamsii: 
Regularization values: linear/quadratic/product: 0.227, categorical: 0.250, threshold: 1.620, hinge: 0.500
38 samples
Density: max memory 32178700288, total allocated 2118123520, free 918058392, used 1200065128, increment 0
linearPredictor: max memory 32178700288, total allocated 2118123520, free 918058392, used 1200065128, increment 0
FeaturedSpace: max memory 32178700288, total allocated 2118123520, free 918058392, used 1200065128, increment 0
Sequential: max memory 32178700288, total allocated 2118123520, free 918058392, used 1200065128, increment 0
Initial loss: 8.458928283284262
120: time = 0.064000 loss = 8.013837
Resulting gain: 0.44509084679520505
Projecting...
Writing file /volumes/output/heuchera_rfolk_5min_global/Conimitella_williamsii/Conimitella_williamsii.asc
Time since start: 2.938
Writing /volumes/output/heuchera_rfolk_5min_global/Conimitella_williamsii/plots/Conimitella_williamsii.png
Ending
