Wed Sep 14 16:26:25 CDT 2022
MaxEnt version 3.4.4
Checking header of /volumes/env/worldclim1.4/alt.mxe
Checking header of /volumes/env/worldclim1.4/alt.mxe
Checking header of /volumes/env/worldclim1.4/bio1.mxe
Checking header of /volumes/env/worldclim1.4/bio1.mxe
Checking header of /volumes/env/worldclim1.4/bio10.mxe
Checking header of /volumes/env/worldclim1.4/bio10.mxe
Checking header of /volumes/env/worldclim1.4/bio11.mxe
Checking header of /volumes/env/worldclim1.4/bio11.mxe
Checking header of /volumes/env/worldclim1.4/bio12.mxe
Checking header of /volumes/env/worldclim1.4/bio12.mxe
Checking header of /volumes/env/worldclim1.4/bio13.mxe
Checking header of /volumes/env/worldclim1.4/bio13.mxe
Checking header of /volumes/env/worldclim1.4/bio14.mxe
Checking header of /volumes/env/worldclim1.4/bio14.mxe
Checking header of /volumes/env/worldclim1.4/bio15.mxe
Checking header of /volumes/env/worldclim1.4/bio15.mxe
Checking header of /volumes/env/worldclim1.4/bio16.mxe
Checking header of /volumes/env/worldclim1.4/bio16.mxe
Checking header of /volumes/env/worldclim1.4/bio17.mxe
Checking header of /volumes/env/worldclim1.4/bio17.mxe
Checking header of /volumes/env/worldclim1.4/bio18.mxe
Checking header of /volumes/env/worldclim1.4/bio18.mxe
Checking header of /volumes/env/worldclim1.4/bio19.mxe
Checking header of /volumes/env/worldclim1.4/bio19.mxe
Checking header of /volumes/env/worldclim1.4/bio2.mxe
Checking header of /volumes/env/worldclim1.4/bio2.mxe
Checking header of /volumes/env/worldclim1.4/bio3.mxe
Checking header of /volumes/env/worldclim1.4/bio3.mxe
Checking header of /volumes/env/worldclim1.4/bio4.mxe
Checking header of /volumes/env/worldclim1.4/bio4.mxe
Checking header of /volumes/env/worldclim1.4/bio5.mxe
Checking header of /volumes/env/worldclim1.4/bio5.mxe
Checking header of /volumes/env/worldclim1.4/bio6.mxe
Checking header of /volumes/env/worldclim1.4/bio6.mxe
Checking header of /volumes/env/worldclim1.4/bio7.mxe
Checking header of /volumes/env/worldclim1.4/bio7.mxe
Checking header of /volumes/env/worldclim1.4/bio8.mxe
Checking header of /volumes/env/worldclim1.4/bio8.mxe
Checking header of /volumes/env/worldclim1.4/bio9.mxe
Checking header of /volumes/env/worldclim1.4/bio9.mxe
Checking header of /volumes/env/worldclim1.4/mask.asc
Reading samples from Heuchera brevistaminea.csv
Read samples: max memory 32178700288, total allocated 2118123520, free 2104807424, used 13316096, increment 13316096
Extractor: max memory 32178700288, total allocated 2118123520, free 2100613120, used 17510400, increment 4194304
Extracting random background and sample data
206 points with values for all grids
Adding samples to background in feature space
Command line used:  samplesfile=/volumes/output/heuchera_sdm/Heuchera_brevistaminea/Heuchera brevistaminea.csv -e /volumes/env/worldclim1.4 -o /volumes/output/heuchera_sdm/Heuchera_brevistaminea nowarnings nocache autorun -z togglelayertype=mask
Command line to repeat: java density.MaxEnt nowarnings noprefixes outputdirectory=/volumes/output/heuchera_sdm/Heuchera_brevistaminea "samplesfile=/volumes/output/heuchera_sdm/Heuchera_brevistaminea/Heuchera brevistaminea.csv" environmentallayers=/volumes/env/worldclim1.4 nowarnings autorun novisible nocache -t mask
Species: Heuchera_brevistaminea
Layers: alt alt bio1 bio1 bio10 bio10 bio11 bio11 bio12 bio12 bio13 bio13 bio14 bio14 bio15 bio15 bio16 bio16 bio17 bio17 bio18 bio18 bio19 bio19 bio2 bio2 bio3 bio3 bio4 bio4 bio5 bio5 bio6 bio6 bio7 bio7 bio8 bio8 bio9 bio9 mask
Layertypes: Continuous Continuous Continuous Continuous Continuous Continuous Continuous Continuous Continuous Continuous Continuous Continuous Continuous Continuous Continuous Continuous Continuous Continuous Continuous Continuous Continuous Continuous Continuous Continuous Continuous Continuous Continuous Continuous Continuous Continuous Continuous Continuous Continuous Continuous Continuous Continuous Continuous Continuous Continuous Continuous Categorical
outputdirectory: /volumes/output/heuchera_sdm/Heuchera_brevistaminea
samplesfile: /volumes/output/heuchera_sdm/Heuchera_brevistaminea/Heuchera brevistaminea.csv
environmentallayers: /volumes/env/worldclim1.4
warnings: false
autorun: true
visible: false
cache: false

getSamples: max memory 32178700288, total allocated 2118123520, free 1872195528, used 245927992, increment 228417592
Making features
makeFeatures: max memory 32178700288, total allocated 2118123520, free 1868001224, used 250122296, increment 4194304
Heuchera_brevistaminea: 
Regularization values: linear/quadratic/product: 1.000, categorical: 0.590, threshold: 1.960, hinge: 0.500
4 samples
Density: max memory 32178700288, total allocated 2118123520, free 1868001224, used 250122296, increment 0
linearPredictor: max memory 32178700288, total allocated 2118123520, free 1868001224, used 250122296, increment 0
FeaturedSpace: max memory 32178700288, total allocated 2118123520, free 1868001224, used 250122296, increment 0
Sequential: max memory 32178700288, total allocated 2118123520, free 1868001224, used 250122296, increment 0
Initial loss: 5.327876168789581
120: time = 0.015000 loss = 4.600132
Resulting gain: 0.7277443024049504
Time since start: 1.699
Projecting...
Writing file /volumes/output/heuchera_sdm/Heuchera_brevistaminea/Heuchera_brevistaminea.asc
Writing /volumes/output/heuchera_sdm/Heuchera_brevistaminea/plots/Heuchera_brevistaminea.png
Ending
