Wed Sep 14 16:27:31 CDT 2022
MaxEnt version 3.4.4
Checking header of /volumes/env/worldclim1.4/alt.mxe
Checking header of /volumes/env/worldclim1.4/alt.mxe
Checking header of /volumes/env/worldclim1.4/bio1.mxe
Checking header of /volumes/env/worldclim1.4/bio1.mxe
Checking header of /volumes/env/worldclim1.4/bio10.mxe
Checking header of /volumes/env/worldclim1.4/bio10.mxe
Checking header of /volumes/env/worldclim1.4/bio11.mxe
Checking header of /volumes/env/worldclim1.4/bio11.mxe
Checking header of /volumes/env/worldclim1.4/bio12.mxe
Checking header of /volumes/env/worldclim1.4/bio12.mxe
Checking header of /volumes/env/worldclim1.4/bio13.mxe
Checking header of /volumes/env/worldclim1.4/bio13.mxe
Checking header of /volumes/env/worldclim1.4/bio14.mxe
Checking header of /volumes/env/worldclim1.4/bio14.mxe
Checking header of /volumes/env/worldclim1.4/bio15.mxe
Checking header of /volumes/env/worldclim1.4/bio15.mxe
Checking header of /volumes/env/worldclim1.4/bio16.mxe
Checking header of /volumes/env/worldclim1.4/bio16.mxe
Checking header of /volumes/env/worldclim1.4/bio17.mxe
Checking header of /volumes/env/worldclim1.4/bio17.mxe
Checking header of /volumes/env/worldclim1.4/bio18.mxe
Checking header of /volumes/env/worldclim1.4/bio18.mxe
Checking header of /volumes/env/worldclim1.4/bio19.mxe
Checking header of /volumes/env/worldclim1.4/bio19.mxe
Checking header of /volumes/env/worldclim1.4/bio2.mxe
Checking header of /volumes/env/worldclim1.4/bio2.mxe
Checking header of /volumes/env/worldclim1.4/bio3.mxe
Checking header of /volumes/env/worldclim1.4/bio3.mxe
Checking header of /volumes/env/worldclim1.4/bio4.mxe
Checking header of /volumes/env/worldclim1.4/bio4.mxe
Checking header of /volumes/env/worldclim1.4/bio5.mxe
Checking header of /volumes/env/worldclim1.4/bio5.mxe
Checking header of /volumes/env/worldclim1.4/bio6.mxe
Checking header of /volumes/env/worldclim1.4/bio6.mxe
Checking header of /volumes/env/worldclim1.4/bio7.mxe
Checking header of /volumes/env/worldclim1.4/bio7.mxe
Checking header of /volumes/env/worldclim1.4/bio8.mxe
Checking header of /volumes/env/worldclim1.4/bio8.mxe
Checking header of /volumes/env/worldclim1.4/bio9.mxe
Checking header of /volumes/env/worldclim1.4/bio9.mxe
Checking header of /volumes/env/worldclim1.4/mask.asc
Reading samples from Heuchera pilosissima.csv
Read samples: max memory 32178700288, total allocated 2118123520, free 2102708224, used 15415296, increment 15415296
Extractor: max memory 32178700288, total allocated 2118123520, free 2100613120, used 17510400, increment 2095104
Extracting random background and sample data
1316 points with values for all grids
Adding samples to background in feature space
Command line used:  samplesfile=/volumes/output/heuchera_sdm/Heuchera_pilosissima/Heuchera pilosissima.csv -e /volumes/env/worldclim1.4 -o /volumes/output/heuchera_sdm/Heuchera_pilosissima nowarnings nocache autorun -z togglelayertype=mask
Command line to repeat: java density.MaxEnt nowarnings noprefixes outputdirectory=/volumes/output/heuchera_sdm/Heuchera_pilosissima "samplesfile=/volumes/output/heuchera_sdm/Heuchera_pilosissima/Heuchera pilosissima.csv" environmentallayers=/volumes/env/worldclim1.4 nowarnings autorun novisible nocache -t mask
Species: Heuchera_pilosissima
Layers: alt alt bio1 bio1 bio10 bio10 bio11 bio11 bio12 bio12 bio13 bio13 bio14 bio14 bio15 bio15 bio16 bio16 bio17 bio17 bio18 bio18 bio19 bio19 bio2 bio2 bio3 bio3 bio4 bio4 bio5 bio5 bio6 bio6 bio7 bio7 bio8 bio8 bio9 bio9 mask
Layertypes: Continuous Continuous Continuous Continuous Continuous Continuous Continuous Continuous Continuous Continuous Continuous Continuous Continuous Continuous Continuous Continuous Continuous Continuous Continuous Continuous Continuous Continuous Continuous Continuous Continuous Continuous Continuous Continuous Continuous Continuous Continuous Continuous Continuous Continuous Continuous Continuous Continuous Continuous Continuous Continuous Categorical
outputdirectory: /volumes/output/heuchera_sdm/Heuchera_pilosissima
samplesfile: /volumes/output/heuchera_sdm/Heuchera_pilosissima/Heuchera pilosissima.csv
environmentallayers: /volumes/env/worldclim1.4
warnings: false
autorun: true
visible: false
cache: false

getSamples: max memory 32178700288, total allocated 2118123520, free 1867828976, used 250294544, increment 232784144
Making features
makeFeatures: max memory 32178700288, total allocated 2118123520, free 1855246064, used 262877456, increment 12582912
Heuchera_pilosissima: 
Regularization values: linear/quadratic/product: 0.236, categorical: 0.250, threshold: 1.650, hinge: 0.500
Time since start: 1.007
35 samples
Density: max memory 32178700288, total allocated 2118123520, free 1846857456, used 271266064, increment 8388608
linearPredictor: max memory 32178700288, total allocated 2118123520, free 1846857456, used 271266064, increment 0
FeaturedSpace: max memory 32178700288, total allocated 2118123520, free 1846857456, used 271266064, increment 0
Sequential: max memory 32178700288, total allocated 2118123520, free 1846857456, used 271266064, increment 0
Initial loss: 7.182352111885263
Time since start: 2.101
500: time = 1.070000 loss = 5.528988
Resulting gain: 1.653363940501512
Projecting...
Writing file /volumes/output/heuchera_sdm/Heuchera_pilosissima/Heuchera_pilosissima.asc
Time since start: 3.33
Writing /volumes/output/heuchera_sdm/Heuchera_pilosissima/plots/Heuchera_pilosissima.png
Ending
