Wed Oct 26 16:46:59 GMT 2022
MaxEnt version 3.4.4
Checking header of /volumes/env/worldclim1.4/alt.mxe
Checking header of /volumes/env/worldclim1.4/alt.mxe
Checking header of /volumes/env/worldclim1.4/bio1.mxe
Checking header of /volumes/env/worldclim1.4/bio1.mxe
Checking header of /volumes/env/worldclim1.4/bio10.mxe
Checking header of /volumes/env/worldclim1.4/bio10.mxe
Checking header of /volumes/env/worldclim1.4/bio11.mxe
Checking header of /volumes/env/worldclim1.4/bio11.mxe
Checking header of /volumes/env/worldclim1.4/bio12.mxe
Checking header of /volumes/env/worldclim1.4/bio12.mxe
Checking header of /volumes/env/worldclim1.4/bio13.mxe
Checking header of /volumes/env/worldclim1.4/bio13.mxe
Checking header of /volumes/env/worldclim1.4/bio14.mxe
Checking header of /volumes/env/worldclim1.4/bio14.mxe
Checking header of /volumes/env/worldclim1.4/bio15.mxe
Checking header of /volumes/env/worldclim1.4/bio15.mxe
Checking header of /volumes/env/worldclim1.4/bio16.mxe
Checking header of /volumes/env/worldclim1.4/bio16.mxe
Checking header of /volumes/env/worldclim1.4/bio17.mxe
Checking header of /volumes/env/worldclim1.4/bio17.mxe
Checking header of /volumes/env/worldclim1.4/bio18.mxe
Checking header of /volumes/env/worldclim1.4/bio18.mxe
Checking header of /volumes/env/worldclim1.4/bio19.mxe
Checking header of /volumes/env/worldclim1.4/bio19.mxe
Checking header of /volumes/env/worldclim1.4/bio2.mxe
Checking header of /volumes/env/worldclim1.4/bio2.mxe
Checking header of /volumes/env/worldclim1.4/bio3.mxe
Checking header of /volumes/env/worldclim1.4/bio3.mxe
Checking header of /volumes/env/worldclim1.4/bio4.mxe
Checking header of /volumes/env/worldclim1.4/bio4.mxe
Checking header of /volumes/env/worldclim1.4/bio5.mxe
Checking header of /volumes/env/worldclim1.4/bio5.mxe
Checking header of /volumes/env/worldclim1.4/bio6.mxe
Checking header of /volumes/env/worldclim1.4/bio6.mxe
Checking header of /volumes/env/worldclim1.4/bio7.mxe
Checking header of /volumes/env/worldclim1.4/bio7.mxe
Checking header of /volumes/env/worldclim1.4/bio8.mxe
Checking header of /volumes/env/worldclim1.4/bio8.mxe
Checking header of /volumes/env/worldclim1.4/bio9.mxe
Checking header of /volumes/env/worldclim1.4/bio9.mxe
Checking header of /volumes/env/worldclim1.4/mask.asc
Reading samples from Mitella_acerina.csv
Read samples: max memory 522190848, total allocated 33554432, free 22479360, used 11075072, increment 11075072
Extractor: max memory 522190848, total allocated 33554432, free 21130560, used 12423872, increment 1348800
Extracting random background and sample data
58 points with values for all grids
Adding samples to background in feature space
Command line used:  samplesfile=/volumes/output/heuchera_rfolk_sdm/mitella_acerina/Mitella_acerina.csv -e /volumes/env/worldclim1.4 -o /volumes/output/heuchera_rfolk_sdm/mitella_acerina nowarnings nocache autorun -z togglelayertype=mask
Command line to repeat: java density.MaxEnt nowarnings noprefixes outputdirectory=/volumes/output/heuchera_rfolk_sdm/mitella_acerina samplesfile=/volumes/output/heuchera_rfolk_sdm/mitella_acerina/Mitella_acerina.csv environmentallayers=/volumes/env/worldclim1.4 nowarnings autorun novisible nocache -t mask
Species: Mitella_acerina
Layers: alt alt bio1 bio1 bio10 bio10 bio11 bio11 bio12 bio12 bio13 bio13 bio14 bio14 bio15 bio15 bio16 bio16 bio17 bio17 bio18 bio18 bio19 bio19 bio2 bio2 bio3 bio3 bio4 bio4 bio5 bio5 bio6 bio6 bio7 bio7 bio8 bio8 bio9 bio9 mask
Layertypes: Continuous Continuous Continuous Continuous Continuous Continuous Continuous Continuous Continuous Continuous Continuous Continuous Continuous Continuous Continuous Continuous Continuous Continuous Continuous Continuous Continuous Continuous Continuous Continuous Continuous Continuous Continuous Continuous Continuous Continuous Continuous Continuous Continuous Continuous Continuous Continuous Continuous Continuous Continuous Continuous Categorical
outputdirectory: /volumes/output/heuchera_rfolk_sdm/mitella_acerina
samplesfile: /volumes/output/heuchera_rfolk_sdm/mitella_acerina/Mitella_acerina.csv
environmentallayers: /volumes/env/worldclim1.4
warnings: false
autorun: true
visible: false
cache: false

getSamples: max memory 522190848, total allocated 40894464, free 25446216, used 15448248, increment 3024376
Making features
makeFeatures: max memory 522190848, total allocated 40894464, free 24397640, used 16496824, increment 1048576
Mitella_acerina: 
Regularization values: linear/quadratic/product: 0.757, categorical: 0.464, threshold: 1.890, hinge: 0.500
11 samples
Density: max memory 522190848, total allocated 40894464, free 23934128, used 16960336, increment 463512
linearPredictor: max memory 522190848, total allocated 40894464, free 23934128, used 16960336, increment 0
FeaturedSpace: max memory 522190848, total allocated 40894464, free 23934128, used 16960336, increment 0
Sequential: max memory 522190848, total allocated 40894464, free 23934128, used 16960336, increment 0
Initial loss: 4.060443010546419
120: time = 0.014000 loss = 3.832017
Resulting gain: 0.2284256865651364
Projecting...
Writing file /volumes/output/heuchera_rfolk_sdm/mitella_acerina/Mitella_acerina.asc
Time since start: 1.444
Writing /volumes/output/heuchera_rfolk_sdm/mitella_acerina/plots/Mitella_acerina.png
Ending
