Thu Dec 22 15:42:19 CST 2022
MaxEnt version 3.4.4
Checking header of /volumes/env/na_2.5min/BIOCLIM_1.asc
Checking header of /volumes/env/na_2.5min/BIOCLIM_12.asc
Checking header of /volumes/env/na_2.5min/BIOCLIM_17.asc
Checking header of /volumes/env/na_2.5min/BIOCLIM_7.asc
Checking header of /volumes/env/na_2.5min/GTOPO30_ELEVATION.asc
Checking header of /volumes/env/na_2.5min/GTOPO30_SLOPE_reduced.asc
Checking header of /volumes/env/na_2.5min/ISRICSOILGRIDS_new_average_coarsefragmentpercent_reduced.asc
Checking header of /volumes/env/na_2.5min/ISRICSOILGRIDS_new_average_phx10percent_reduced.asc
Checking header of /volumes/env/na_2.5min/ISRICSOILGRIDS_new_average_sandpercent_reduced.asc
Checking header of /volumes/env/na_2.5min/ISRICSOILGRIDS_new_average_soilorganiccarboncontent_reduced.asc
Checking header of /volumes/env/na_2.5min/LandCover_1_Needleleaf.asc
Checking header of /volumes/env/na_2.5min/LandCover_6_Herbaceous.asc
Checking header of /volumes/env/na_2.5min/mask.asc
Reading samples from Heuchera_abramsii.csv
Read samples: max memory 12612272128, total allocated 792723456, free 773701024, used 19022432, increment 19022432
Extractor: max memory 12612272128, total allocated 792723456, free 766067400, used 26656056, increment 7633624
Extracting random background and sample data
Time since start: 6.261
296 points with values for all grids
Adding samples to background in feature space
Command line used:  samplesfile=/volumes/output/heuchera_rfolk_na/heuchera_abramsii/Heuchera_abramsii.csv -e /volumes/env/na_2.5min -o /volumes/output/heuchera_rfolk_na/heuchera_abramsii nowarnings nocache autorun -z togglelayertype=mask
Command line to repeat: java density.MaxEnt nowarnings noprefixes outputdirectory=/volumes/output/heuchera_rfolk_na/heuchera_abramsii samplesfile=/volumes/output/heuchera_rfolk_na/heuchera_abramsii/Heuchera_abramsii.csv environmentallayers=/volumes/env/na_2.5min nowarnings autorun novisible nocache -t mask
Species: Heuchera_abramsii
Layers: BIOCLIM_1 BIOCLIM_12 BIOCLIM_17 BIOCLIM_7 GTOPO30_ELEVATION GTOPO30_SLOPE_reduced ISRICSOILGRIDS_new_average_coarsefragmentpercent_reduced ISRICSOILGRIDS_new_average_phx10percent_reduced ISRICSOILGRIDS_new_average_sandpercent_reduced ISRICSOILGRIDS_new_average_soilorganiccarboncontent_reduced LandCover_1_Needleleaf LandCover_6_Herbaceous mask
Layertypes: Continuous Continuous Continuous Continuous Continuous Continuous Continuous Continuous Continuous Continuous Continuous Continuous Categorical
outputdirectory: /volumes/output/heuchera_rfolk_na/heuchera_abramsii
samplesfile: /volumes/output/heuchera_rfolk_na/heuchera_abramsii/Heuchera_abramsii.csv
environmentallayers: /volumes/env/na_2.5min
warnings: false
autorun: true
visible: false
cache: false

getSamples: max memory 12612272128, total allocated 1142947840, free 479415840, used 663532000, increment 636875944
Making features
makeFeatures: max memory 12612272128, total allocated 1142947840, free 479415840, used 663532000, increment 0
Heuchera_abramsii: 
Regularization values: linear/quadratic/product: 1.000, categorical: 0.605, threshold: 1.970, hinge: 0.500
3 samples
Density: max memory 12612272128, total allocated 1142947840, free 479413792, used 663534048, increment 2048
linearPredictor: max memory 12612272128, total allocated 1142947840, free 479413792, used 663534048, increment 0
FeaturedSpace: max memory 12612272128, total allocated 1142947840, free 479413792, used 663534048, increment 0
Sequential: max memory 12612272128, total allocated 1142947840, free 479413792, used 663534048, increment 0
Initial loss: 5.69035945432406
100: time = 0.032000 loss = 3.695288
Resulting gain: 1.9950710972573873
Projecting...
Writing file /volumes/output/heuchera_rfolk_na/heuchera_abramsii/Heuchera_abramsii.asc
Time since start: 12.778
Writing /volumes/output/heuchera_rfolk_na/heuchera_abramsii/plots/Heuchera_abramsii.png
Ending
