Tue Dec 27 14:28:58 CST 2022
MaxEnt version 3.4.4
Checking header of /volumes/env/biotaphy_5min_global/ISRICSOILGRIDS_new_average_phx10percent_reduced.asc
Checking header of /volumes/env/biotaphy_5min_global/mask.asc
Reading samples from Heuchera_rubescens.csv
Read samples: max memory 32178700288, total allocated 2118123520, free 2098513920, used 19609600, increment 19609600
Extractor: max memory 32178700288, total allocated 2118123520, free 2094319616, used 23803904, increment 4194304
Extracting random background and sample data
Warning: Sample at -120.1073, 38.9429 in Heuchera_rubescens.csv is missing some environmental data (e.g. ISRICSOILGRIDS_new_average_phx10percent_reduced)
Warning: Skipping sample at -120.1073, 38.9429
Warning: Sample at -120.1063399, 38.95118561 in Heuchera_rubescens.csv is missing some environmental data (e.g. ISRICSOILGRIDS_new_average_phx10percent_reduced)
Warning: Skipping sample at -120.1063399, 38.95118561
Warning: Sample at -120.00981, 38.98403 in Heuchera_rubescens.csv is missing some environmental data (e.g. ISRICSOILGRIDS_new_average_phx10percent_reduced)
Warning: Skipping sample at -120.00981, 38.98403
Time since start: 1.044
16775 points with values for all grids
Adding samples to background in feature space
Command line used:  samplesfile=/volumes/output/heuchera_rfolk_5min_global/heuchera_rubescens/Heuchera_rubescens.csv -e /volumes/env/biotaphy_5min_global -o /volumes/output/heuchera_rfolk_5min_global/heuchera_rubescens nowarnings nocache autorun -z togglelayertype=mask
Command line to repeat: java density.MaxEnt nowarnings noprefixes outputdirectory=/volumes/output/heuchera_rfolk_5min_global/heuchera_rubescens samplesfile=/volumes/output/heuchera_rfolk_5min_global/heuchera_rubescens/Heuchera_rubescens.csv environmentallayers=/volumes/env/biotaphy_5min_global nowarnings autorun novisible nocache -t mask
Species: Heuchera_rubescens
Layers: ISRICSOILGRIDS_new_average_phx10percent_reduced mask
Layertypes: Continuous Categorical
outputdirectory: /volumes/output/heuchera_rfolk_5min_global/heuchera_rubescens
samplesfile: /volumes/output/heuchera_rfolk_5min_global/heuchera_rubescens/Heuchera_rubescens.csv
environmentallayers: /volumes/env/biotaphy_5min_global
warnings: false
autorun: true
visible: false
cache: false

getSamples: max memory 32178700288, total allocated 2118123520, free 915423800, used 1202699720, increment 1178895816
Making features
makeFeatures: max memory 32178700288, total allocated 2118123520, free 915261720, used 1202861800, increment 162080
Heuchera_rubescens: 
Regularization values: linear/quadratic/product: 0.050, categorical: 0.250, threshold: 1.000, hinge: 0.500
225 samples
Density: max memory 32178700288, total allocated 2118123520, free 913164568, used 1204958952, increment 2097152
linearPredictor: max memory 32178700288, total allocated 2118123520, free 913164568, used 1204958952, increment 0
FeaturedSpace: max memory 32178700288, total allocated 2118123520, free 913164568, used 1204958952, increment 0
Sequential: max memory 32178700288, total allocated 2118123520, free 913164568, used 1204958952, increment 0
Initial loss: 9.210340371976184
240: time = 0.177000 loss = 8.363712
Resulting gain: 0.8466285446542106
Projecting...
Writing file /volumes/output/heuchera_rfolk_5min_global/heuchera_rubescens/Heuchera_rubescens.asc
Time since start: 3.042
Writing /volumes/output/heuchera_rfolk_5min_global/heuchera_rubescens/plots/Heuchera_rubescens.png
Ending
