Wed Sep 14 16:23:42 CDT 2022
MaxEnt version 3.4.4
Checking header of /volumes/env/worldclim1.4/alt.mxe
Checking header of /volumes/env/worldclim1.4/alt.mxe
Checking header of /volumes/env/worldclim1.4/bio1.mxe
Checking header of /volumes/env/worldclim1.4/bio1.mxe
Checking header of /volumes/env/worldclim1.4/bio10.mxe
Checking header of /volumes/env/worldclim1.4/bio10.mxe
Checking header of /volumes/env/worldclim1.4/bio11.mxe
Checking header of /volumes/env/worldclim1.4/bio11.mxe
Checking header of /volumes/env/worldclim1.4/bio12.mxe
Checking header of /volumes/env/worldclim1.4/bio12.mxe
Checking header of /volumes/env/worldclim1.4/bio13.mxe
Checking header of /volumes/env/worldclim1.4/bio13.mxe
Checking header of /volumes/env/worldclim1.4/bio14.mxe
Checking header of /volumes/env/worldclim1.4/bio14.mxe
Checking header of /volumes/env/worldclim1.4/bio15.mxe
Checking header of /volumes/env/worldclim1.4/bio15.mxe
Checking header of /volumes/env/worldclim1.4/bio16.mxe
Checking header of /volumes/env/worldclim1.4/bio16.mxe
Checking header of /volumes/env/worldclim1.4/bio17.mxe
Checking header of /volumes/env/worldclim1.4/bio17.mxe
Checking header of /volumes/env/worldclim1.4/bio18.mxe
Checking header of /volumes/env/worldclim1.4/bio18.mxe
Checking header of /volumes/env/worldclim1.4/bio19.mxe
Checking header of /volumes/env/worldclim1.4/bio19.mxe
Checking header of /volumes/env/worldclim1.4/bio2.mxe
Checking header of /volumes/env/worldclim1.4/bio2.mxe
Checking header of /volumes/env/worldclim1.4/bio3.mxe
Checking header of /volumes/env/worldclim1.4/bio3.mxe
Checking header of /volumes/env/worldclim1.4/bio4.mxe
Checking header of /volumes/env/worldclim1.4/bio4.mxe
Checking header of /volumes/env/worldclim1.4/bio5.mxe
Checking header of /volumes/env/worldclim1.4/bio5.mxe
Checking header of /volumes/env/worldclim1.4/bio6.mxe
Checking header of /volumes/env/worldclim1.4/bio6.mxe
Checking header of /volumes/env/worldclim1.4/bio7.mxe
Checking header of /volumes/env/worldclim1.4/bio7.mxe
Checking header of /volumes/env/worldclim1.4/bio8.mxe
Checking header of /volumes/env/worldclim1.4/bio8.mxe
Checking header of /volumes/env/worldclim1.4/bio9.mxe
Checking header of /volumes/env/worldclim1.4/bio9.mxe
Checking header of /volumes/env/worldclim1.4/mask.asc
Reading samples from Heuchera cylindrica septentrionalis.csv
Read samples: max memory 32178700288, total allocated 2118123520, free 2104807424, used 13316096, increment 13316096
Extractor: max memory 32178700288, total allocated 2118123520, free 2102708224, used 15415296, increment 2099200
Extracting random background and sample data
1369 points with values for all grids
Adding samples to background in feature space
Command line used:  samplesfile=/volumes/output/heuchera_sdm/Heuchera_cylindrica_septentrionalis/Heuchera cylindrica septentrionalis.csv -e /volumes/env/worldclim1.4 -o /volumes/output/heuchera_sdm/Heuchera_cylindrica_septentrionalis nowarnings nocache autorun -z togglelayertype=mask
Command line to repeat: java density.MaxEnt nowarnings noprefixes outputdirectory=/volumes/output/heuchera_sdm/Heuchera_cylindrica_septentrionalis "samplesfile=/volumes/output/heuchera_sdm/Heuchera_cylindrica_septentrionalis/Heuchera cylindrica septentrionalis.csv" environmentallayers=/volumes/env/worldclim1.4 nowarnings autorun novisible nocache -t mask
Species: Heuchera_cylindrica_septentrionalis
Layers: alt alt bio1 bio1 bio10 bio10 bio11 bio11 bio12 bio12 bio13 bio13 bio14 bio14 bio15 bio15 bio16 bio16 bio17 bio17 bio18 bio18 bio19 bio19 bio2 bio2 bio3 bio3 bio4 bio4 bio5 bio5 bio6 bio6 bio7 bio7 bio8 bio8 bio9 bio9 mask
Layertypes: Continuous Continuous Continuous Continuous Continuous Continuous Continuous Continuous Continuous Continuous Continuous Continuous Continuous Continuous Continuous Continuous Continuous Continuous Continuous Continuous Continuous Continuous Continuous Continuous Continuous Continuous Continuous Continuous Continuous Continuous Continuous Continuous Continuous Continuous Continuous Continuous Continuous Continuous Continuous Continuous Categorical
outputdirectory: /volumes/output/heuchera_sdm/Heuchera_cylindrica_septentrionalis
samplesfile: /volumes/output/heuchera_sdm/Heuchera_cylindrica_septentrionalis/Heuchera cylindrica septentrionalis.csv
environmentallayers: /volumes/env/worldclim1.4
warnings: false
autorun: true
visible: false
cache: false

getSamples: max memory 32178700288, total allocated 2118123520, free 1869864992, used 248258528, increment 232843232
Making features
makeFeatures: max memory 32178700288, total allocated 2118123520, free 1857273160, used 260850360, increment 12591832
Heuchera_cylindrica_septentrionalis: 
Regularization values: linear/quadratic/product: 0.629, categorical: 0.357, threshold: 1.860, hinge: 0.500
14 samples
Density: max memory 32178700288, total allocated 2118123520, free 1857273160, used 260850360, increment 0
linearPredictor: max memory 32178700288, total allocated 2118123520, free 1857273160, used 260850360, increment 0
FeaturedSpace: max memory 32178700288, total allocated 2118123520, free 1857273160, used 260850360, increment 0
Sequential: max memory 32178700288, total allocated 2118123520, free 1857273160, used 260850360, increment 0
Initial loss: 7.221835825288449
Time since start: 1.031
120: time = 0.038000 loss = 7.060112
Resulting gain: 0.16172418010783662
Projecting...
Writing file /volumes/output/heuchera_sdm/Heuchera_cylindrica_septentrionalis/Heuchera_cylindrica_septentrionalis.asc
Time since start: 2.328
Writing /volumes/output/heuchera_sdm/Heuchera_cylindrica_septentrionalis/plots/Heuchera_cylindrica_septentrionalis.png
Ending
