Mon Oct 31 19:35:54 GMT 2022
MaxEnt version 3.4.4
Checking header of /volumes/env/na_2.5min/BIOCLIM_1.asc
Checking header of /volumes/env/na_2.5min/BIOCLIM_12.asc
Checking header of /volumes/env/na_2.5min/BIOCLIM_17.asc
Checking header of /volumes/env/na_2.5min/BIOCLIM_7.asc
Checking header of /volumes/env/na_2.5min/GTOPO30_ELEVATION.asc
Checking header of /volumes/env/na_2.5min/GTOPO30_SLOPE_reduced.asc
Checking header of /volumes/env/na_2.5min/ISRICSOILGRIDS_new_average_coarsefragmentpercent_reduced.asc
Checking header of /volumes/env/na_2.5min/ISRICSOILGRIDS_new_average_phx10percent_reduced.asc
Checking header of /volumes/env/na_2.5min/ISRICSOILGRIDS_new_average_sandpercent_reduced.asc
Checking header of /volumes/env/na_2.5min/ISRICSOILGRIDS_new_average_soilorganiccarboncontent_reduced.asc
Checking header of /volumes/env/na_2.5min/LandCover_1_Needleleaf.asc
Checking header of /volumes/env/na_2.5min/LandCover_6_Herbaceous.asc
Checking header of /volumes/env/na_2.5min/mask.asc
Reading samples from Heuchera_longipetala.csv
Read samples: max memory 32178700288, total allocated 2118123520, free 2094319616, used 23803904, increment 23803904
Extractor: max memory 32178700288, total allocated 2118123520, free 2085931008, used 32192512, increment 8388608
Extracting random background and sample data
Time since start: 2.512
1219428 points with values for all grids
Adding samples to background in feature space
Command line used:  samplesfile=/volumes/output/heuchera_rfolk_sdm/heuchera_longipetala/Heuchera_longipetala.csv -e /volumes/env/na_2.5min -o /volumes/output/heuchera_rfolk_sdm/heuchera_longipetala nowarnings nocache autorun -z togglelayertype=mask
Command line to repeat: java density.MaxEnt nowarnings noprefixes outputdirectory=/volumes/output/heuchera_rfolk_sdm/heuchera_longipetala samplesfile=/volumes/output/heuchera_rfolk_sdm/heuchera_longipetala/Heuchera_longipetala.csv environmentallayers=/volumes/env/na_2.5min nowarnings autorun novisible nocache -t mask
Species: Heuchera_longipetala
Layers: BIOCLIM_1 BIOCLIM_12 BIOCLIM_17 BIOCLIM_7 GTOPO30_ELEVATION GTOPO30_SLOPE_reduced ISRICSOILGRIDS_new_average_coarsefragmentpercent_reduced ISRICSOILGRIDS_new_average_phx10percent_reduced ISRICSOILGRIDS_new_average_sandpercent_reduced ISRICSOILGRIDS_new_average_soilorganiccarboncontent_reduced LandCover_1_Needleleaf LandCover_6_Herbaceous mask
Layertypes: Continuous Continuous Continuous Continuous Continuous Continuous Continuous Continuous Continuous Continuous Continuous Continuous Categorical
outputdirectory: /volumes/output/heuchera_rfolk_sdm/heuchera_longipetala
samplesfile: /volumes/output/heuchera_rfolk_sdm/heuchera_longipetala/Heuchera_longipetala.csv
environmentallayers: /volumes/env/na_2.5min
warnings: false
autorun: true
visible: false
cache: false

getSamples: max memory 32178700288, total allocated 2118123520, free 1954019928, used 164103592, increment 131911080
Making features
makeFeatures: max memory 32178700288, total allocated 2118123520, free 1946679616, used 171443904, increment 7340312
Heuchera_longipetala: 
Regularization values: linear/quadratic/product: 0.186, categorical: 0.250, threshold: 1.190, hinge: 0.500
81 samples
Density: max memory 32178700288, total allocated 2118123520, free 1933050456, used 185073064, increment 13629160
linearPredictor: max memory 32178700288, total allocated 2118123520, free 1933050456, used 185073064, increment 0
Deactivating (mask=-9999.0)
FeaturedSpace: max memory 32178700288, total allocated 2118123520, free 1933050456, used 185073064, increment 0
Sequential: max memory 32178700288, total allocated 2118123520, free 1933050456, used 185073064, increment 0
Initial loss: 9.218407743053941
Time since start: 3.754
500: time = 1.006000 loss = 5.030722
Resulting gain: 4.1876857558793095
Projecting...
Writing file /volumes/output/heuchera_rfolk_sdm/heuchera_longipetala/Heuchera_longipetala.asc
Time since start: 8.239
Writing /volumes/output/heuchera_rfolk_sdm/heuchera_longipetala/plots/Heuchera_longipetala.png
Ending
