Wed Oct 26 16:47:25 GMT 2022
MaxEnt version 3.4.4
Checking header of /volumes/env/worldclim1.4/alt.mxe
Checking header of /volumes/env/worldclim1.4/alt.mxe
Checking header of /volumes/env/worldclim1.4/bio1.mxe
Checking header of /volumes/env/worldclim1.4/bio1.mxe
Checking header of /volumes/env/worldclim1.4/bio10.mxe
Checking header of /volumes/env/worldclim1.4/bio10.mxe
Checking header of /volumes/env/worldclim1.4/bio11.mxe
Checking header of /volumes/env/worldclim1.4/bio11.mxe
Checking header of /volumes/env/worldclim1.4/bio12.mxe
Checking header of /volumes/env/worldclim1.4/bio12.mxe
Checking header of /volumes/env/worldclim1.4/bio13.mxe
Checking header of /volumes/env/worldclim1.4/bio13.mxe
Checking header of /volumes/env/worldclim1.4/bio14.mxe
Checking header of /volumes/env/worldclim1.4/bio14.mxe
Checking header of /volumes/env/worldclim1.4/bio15.mxe
Checking header of /volumes/env/worldclim1.4/bio15.mxe
Checking header of /volumes/env/worldclim1.4/bio16.mxe
Checking header of /volumes/env/worldclim1.4/bio16.mxe
Checking header of /volumes/env/worldclim1.4/bio17.mxe
Checking header of /volumes/env/worldclim1.4/bio17.mxe
Checking header of /volumes/env/worldclim1.4/bio18.mxe
Checking header of /volumes/env/worldclim1.4/bio18.mxe
Checking header of /volumes/env/worldclim1.4/bio19.mxe
Checking header of /volumes/env/worldclim1.4/bio19.mxe
Checking header of /volumes/env/worldclim1.4/bio2.mxe
Checking header of /volumes/env/worldclim1.4/bio2.mxe
Checking header of /volumes/env/worldclim1.4/bio3.mxe
Checking header of /volumes/env/worldclim1.4/bio3.mxe
Checking header of /volumes/env/worldclim1.4/bio4.mxe
Checking header of /volumes/env/worldclim1.4/bio4.mxe
Checking header of /volumes/env/worldclim1.4/bio5.mxe
Checking header of /volumes/env/worldclim1.4/bio5.mxe
Checking header of /volumes/env/worldclim1.4/bio6.mxe
Checking header of /volumes/env/worldclim1.4/bio6.mxe
Checking header of /volumes/env/worldclim1.4/bio7.mxe
Checking header of /volumes/env/worldclim1.4/bio7.mxe
Checking header of /volumes/env/worldclim1.4/bio8.mxe
Checking header of /volumes/env/worldclim1.4/bio8.mxe
Checking header of /volumes/env/worldclim1.4/bio9.mxe
Checking header of /volumes/env/worldclim1.4/bio9.mxe
Checking header of /volumes/env/worldclim1.4/mask.asc
Reading samples from Tiarella_polyphylla.csv
Read samples: max memory 522190848, total allocated 33554432, free 21128544, used 12425888, increment 12425888
Extractor: max memory 522190848, total allocated 33554432, free 30047448, used 3506984, increment -8918904
Extracting random background and sample data
11226 points with values for all grids
Adding samples to background in feature space
Command line used:  samplesfile=/volumes/output/heuchera_rfolk_sdm/tiarella_polyphylla/Tiarella_polyphylla.csv -e /volumes/env/worldclim1.4 -o /volumes/output/heuchera_rfolk_sdm/tiarella_polyphylla nowarnings nocache autorun -z togglelayertype=mask
Command line to repeat: java density.MaxEnt nowarnings noprefixes outputdirectory=/volumes/output/heuchera_rfolk_sdm/tiarella_polyphylla samplesfile=/volumes/output/heuchera_rfolk_sdm/tiarella_polyphylla/Tiarella_polyphylla.csv environmentallayers=/volumes/env/worldclim1.4 nowarnings autorun novisible nocache -t mask
Species: Tiarella_polyphylla
Layers: alt alt bio1 bio1 bio10 bio10 bio11 bio11 bio12 bio12 bio13 bio13 bio14 bio14 bio15 bio15 bio16 bio16 bio17 bio17 bio18 bio18 bio19 bio19 bio2 bio2 bio3 bio3 bio4 bio4 bio5 bio5 bio6 bio6 bio7 bio7 bio8 bio8 bio9 bio9 mask
Layertypes: Continuous Continuous Continuous Continuous Continuous Continuous Continuous Continuous Continuous Continuous Continuous Continuous Continuous Continuous Continuous Continuous Continuous Continuous Continuous Continuous Continuous Continuous Continuous Continuous Continuous Continuous Continuous Continuous Continuous Continuous Continuous Continuous Continuous Continuous Continuous Continuous Continuous Continuous Continuous Continuous Categorical
outputdirectory: /volumes/output/heuchera_rfolk_sdm/tiarella_polyphylla
samplesfile: /volumes/output/heuchera_rfolk_sdm/tiarella_polyphylla/Tiarella_polyphylla.csv
environmentallayers: /volumes/env/worldclim1.4
warnings: false
autorun: true
visible: false
cache: false

getSamples: max memory 522190848, total allocated 40894464, free 28111024, used 12783440, increment 9276456
Making features
Time since start: 1.363
makeFeatures: max memory 522190848, total allocated 171966464, free 94060664, used 77905800, increment 65122360
Tiarella_polyphylla: 
Regularization values: linear/quadratic/product: 0.050, categorical: 0.250, threshold: 1.000, hinge: 0.500
169 samples
Density: max memory 522190848, total allocated 171966464, free 73910080, used 98056384, increment 20150584
linearPredictor: max memory 522190848, total allocated 171966464, free 73910080, used 98056384, increment 0
FeaturedSpace: max memory 522190848, total allocated 171966464, free 73910080, used 98056384, increment 0
Sequential: max memory 522190848, total allocated 171966464, free 73688064, used 98278400, increment 222016
Initial loss: 9.211839248099919
Time since start: 6.892
500: time = 5.040000 loss = 8.162620
Resulting gain: 1.0492192712142074
Projecting...
Writing file /volumes/output/heuchera_rfolk_sdm/tiarella_polyphylla/Tiarella_polyphylla.asc
Writing /volumes/output/heuchera_rfolk_sdm/tiarella_polyphylla/plots/Tiarella_polyphylla.png
Time since start: 10.182
Ending
