Mon Oct 24 19:51:02 GMT 2022
MaxEnt version 3.4.4
Checking header of /volumes/env/na_2.5min/BIOCLIM_1.asc
Checking header of /volumes/env/na_2.5min/BIOCLIM_10.asc
Checking header of /volumes/env/na_2.5min/BIOCLIM_17.asc
Checking header of /volumes/env/na_2.5min/BIOCLIM_18.asc
Checking header of /volumes/env/na_2.5min/BIOCLIM_19.asc
Checking header of /volumes/env/na_2.5min/BIOCLIM_6.asc
Checking header of /volumes/env/na_2.5min/BIOCLIM_8.asc
Checking header of /volumes/env/na_2.5min/GTOPO30_ASPECT_reduced.asc
Checking header of /volumes/env/na_2.5min/GTOPO30_ELEVATION.asc
Checking header of /volumes/env/na_2.5min/GTOPO30_SLOPE_reduced.asc
Checking header of /volumes/env/na_2.5min/ISRICSOILGRIDS_new_average_coarsefragmentpercent_reduced.asc
Checking header of /volumes/env/na_2.5min/ISRICSOILGRIDS_new_average_siltpercent_reduced.asc
Checking header of /volumes/env/na_2.5min/ISRICSOILGRIDS_new_average_soilorganiccarboncontent_reduced.asc
Checking header of /volumes/env/na_2.5min/LandCover_4_Mixedtrees.asc
Checking header of /volumes/env/na_2.5min/LandCover_5_Shrubs.asc
Checking header of /volumes/env/na_2.5min/mask.asc
Reading samples from Heuchera_abramsii.csv
Read samples: max memory 32178700288, total allocated 2118123520, free 2096418816, used 21704704, increment 21704704
Extractor: max memory 32178700288, total allocated 2118123520, free 2088030208, used 30093312, increment 8388608
Extracting random background and sample data
Warning: Sample at -117.64444, 34.31361 in Heuchera_abramsii.csv is missing some environmental data (e.g. ISRICSOILGRIDS_new_average_siltpercent_reduced)
Warning: Skipping sample at -117.64444, 34.31361
Warning: Sample at -117.6438, 34.2966 in Heuchera_abramsii.csv is missing some environmental data (e.g. ISRICSOILGRIDS_new_average_siltpercent_reduced)
Warning: Skipping sample at -117.6438, 34.2966
Warning: Sample at -117.6469, 34.2925 in Heuchera_abramsii.csv is missing some environmental data (e.g. ISRICSOILGRIDS_new_average_siltpercent_reduced)
Warning: Skipping sample at -117.6469, 34.2925
Warning: Sample at -117.64569, 34.292 in Heuchera_abramsii.csv is missing some environmental data (e.g. ISRICSOILGRIDS_new_average_siltpercent_reduced)
Warning: Skipping sample at -117.64569, 34.292
Warning: Sample at -117.64369, 34.31453 in Heuchera_abramsii.csv is missing some environmental data (e.g. ISRICSOILGRIDS_new_average_siltpercent_reduced)
Warning: Skipping sample at -117.64369, 34.31453
Warning: Sample at -117.6467, 34.2954 in Heuchera_abramsii.csv is missing some environmental data (e.g. ISRICSOILGRIDS_new_average_siltpercent_reduced)
Warning: Skipping sample at -117.6467, 34.2954
Warning: Sample at -117.64486, 34.30525 in Heuchera_abramsii.csv is missing some environmental data (e.g. ISRICSOILGRIDS_new_average_siltpercent_reduced)
Warning: Skipping sample at -117.64486, 34.30525
Warning: Sample at -117.63603, 34.30329 in Heuchera_abramsii.csv is missing some environmental data (e.g. ISRICSOILGRIDS_new_average_siltpercent_reduced)
Warning: Skipping sample at -117.63603, 34.30329
Warning: Sample at -117.6443, 34.3137 in Heuchera_abramsii.csv is missing some environmental data (e.g. ISRICSOILGRIDS_new_average_siltpercent_reduced)
Warning: Skipping sample at -117.6443, 34.3137
Warning: Sample at -117.6444444, 34.3136111 in Heuchera_abramsii.csv is missing some environmental data (e.g. ISRICSOILGRIDS_new_average_siltpercent_reduced)
Warning: Skipping sample at -117.6444444, 34.3136111
Warning: Sample at -117.6442, 34.3136 in Heuchera_abramsii.csv is missing some environmental data (e.g. ISRICSOILGRIDS_new_average_siltpercent_reduced)
Warning: Skipping sample at -117.6442, 34.3136
Warning: Sample at -117.6684, 34.2881 in Heuchera_abramsii.csv is missing some environmental data (e.g. ISRICSOILGRIDS_new_average_siltpercent_reduced)
Warning: Skipping sample at -117.6684, 34.2881
Warning: Sample at -117.6527, 34.2869 in Heuchera_abramsii.csv is missing some environmental data (e.g. ISRICSOILGRIDS_new_average_siltpercent_reduced)
Warning: Skipping sample at -117.6527, 34.2869
Warning: Sample at -117.65052, 34.2878 in Heuchera_abramsii.csv is missing some environmental data (e.g. ISRICSOILGRIDS_new_average_siltpercent_reduced)
Warning: Skipping sample at -117.65052, 34.2878
Warning: Sample at -117.6438889, 34.2886111 in Heuchera_abramsii.csv is missing some environmental data (e.g. ISRICSOILGRIDS_new_average_siltpercent_reduced)
Warning: Skipping sample at -117.6438889, 34.2886111
Warning: Sample at -117.64611, 34.28944 in Heuchera_abramsii.csv is missing some environmental data (e.g. ISRICSOILGRIDS_new_average_siltpercent_reduced)
Warning: Skipping sample at -117.64611, 34.28944
Warning: Sample at -117.6514, 34.287 in Heuchera_abramsii.csv is missing some environmental data (e.g. ISRICSOILGRIDS_new_average_siltpercent_reduced)
Warning: Skipping sample at -117.6514, 34.287
Warning: Sample at -117.65452, 34.28682 in Heuchera_abramsii.csv is missing some environmental data (e.g. ISRICSOILGRIDS_new_average_siltpercent_reduced)
Warning: Skipping sample at -117.65452, 34.28682
Warning: Sample at -117.64617, 34.28917 in Heuchera_abramsii.csv is missing some environmental data (e.g. ISRICSOILGRIDS_new_average_siltpercent_reduced)
Warning: Skipping sample at -117.64617, 34.28917
Warning: Sample at -117.64389, 34.28861 in Heuchera_abramsii.csv is missing some environmental data (e.g. ISRICSOILGRIDS_new_average_siltpercent_reduced)
Warning: Skipping sample at -117.64389, 34.28861
Warning: Sample at -117.6507, 34.2878 in Heuchera_abramsii.csv is missing some environmental data (e.g. ISRICSOILGRIDS_new_average_siltpercent_reduced)
Warning: Skipping sample at -117.6507, 34.2878
Warning: Sample at -117.655, 34.28694 in Heuchera_abramsii.csv is missing some environmental data (e.g. ISRICSOILGRIDS_new_average_siltpercent_reduced)
Warning: Skipping sample at -117.655, 34.28694
Warning: Sample at -117.6468, 34.2888 in Heuchera_abramsii.csv is missing some environmental data (e.g. ISRICSOILGRIDS_new_average_siltpercent_reduced)
Warning: Skipping sample at -117.6468, 34.2888
Warning: Sample at -117.64616, 34.28917 in Heuchera_abramsii.csv is missing some environmental data (e.g. ISRICSOILGRIDS_new_average_siltpercent_reduced)
Warning: Skipping sample at -117.64616, 34.28917
Warning: Sample at -117.6461, 34.28921 in Heuchera_abramsii.csv is missing some environmental data (e.g. ISRICSOILGRIDS_new_average_siltpercent_reduced)
Warning: Skipping sample at -117.6461, 34.28921
Warning: Sample at -117.646, 34.2891 in Heuchera_abramsii.csv is missing some environmental data (e.g. ISRICSOILGRIDS_new_average_siltpercent_reduced)
Warning: Skipping sample at -117.646, 34.2891
Warning: Sample at -117.6458, 34.2892 in Heuchera_abramsii.csv is missing some environmental data (e.g. ISRICSOILGRIDS_new_average_siltpercent_reduced)
Warning: Skipping sample at -117.6458, 34.2892
Warning: Sample at -117.6462, 34.2892 in Heuchera_abramsii.csv is missing some environmental data (e.g. ISRICSOILGRIDS_new_average_siltpercent_reduced)
Warning: Skipping sample at -117.6462, 34.2892
Time since start: 1.873
0 points with values for all grids
No background points with data in all layers
java.lang.Exception
	at density.Utils.logError(Utils.java:218)
	at density.Utils.popupError(Utils.java:224)
	at density.Runner.popupError(Runner.java:107)
	at density.Runner.start(Runner.java:328)
	at density.MaxEnt.main(MaxEnt.java:59)
Ending
