Tue Dec 27 15:00:59 CST 2022
MaxEnt version 3.4.4
Checking header of /volumes/env/na_2.5min/BIOCLIM_1.asc
Checking header of /volumes/env/na_2.5min/BIOCLIM_12.asc
Checking header of /volumes/env/na_2.5min/BIOCLIM_17.asc
Checking header of /volumes/env/na_2.5min/BIOCLIM_7.asc
Checking header of /volumes/env/na_2.5min/GTOPO30_ELEVATION.asc
Checking header of /volumes/env/na_2.5min/GTOPO30_SLOPE_reduced.asc
Checking header of /volumes/env/na_2.5min/ISRICSOILGRIDS_new_average_coarsefragmentpercent_reduced.asc
Checking header of /volumes/env/na_2.5min/ISRICSOILGRIDS_new_average_phx10percent_reduced.asc
Checking header of /volumes/env/na_2.5min/ISRICSOILGRIDS_new_average_sandpercent_reduced.asc
Checking header of /volumes/env/na_2.5min/ISRICSOILGRIDS_new_average_soilorganiccarboncontent_reduced.asc
Checking header of /volumes/env/na_2.5min/LandCover_1_Needleleaf.asc
Checking header of /volumes/env/na_2.5min/LandCover_6_Herbaceous.asc
Checking header of /volumes/env/na_2.5min/mask.asc
Reading samples from Heuchera_eastwoodiae.csv
Read samples: max memory 32178700288, total allocated 2118123520, free 2096418816, used 21704704, increment 21704704
Extractor: max memory 32178700288, total allocated 2118123520, free 2088030208, used 30093312, increment 8388608
Extracting random background and sample data
Time since start: 2.091
1392 points with values for all grids
Adding samples to background in feature space
Command line used:  samplesfile=/volumes/output/heuchera_rfolk_2.5min_na/heuchera_eastwoodiae/Heuchera_eastwoodiae.csv -e /volumes/env/na_2.5min -o /volumes/output/heuchera_rfolk_2.5min_na/heuchera_eastwoodiae nowarnings nocache autorun -z togglelayertype=mask
Command line to repeat: java density.MaxEnt nowarnings noprefixes outputdirectory=/volumes/output/heuchera_rfolk_2.5min_na/heuchera_eastwoodiae samplesfile=/volumes/output/heuchera_rfolk_2.5min_na/heuchera_eastwoodiae/Heuchera_eastwoodiae.csv environmentallayers=/volumes/env/na_2.5min nowarnings autorun novisible nocache -t mask
Species: Heuchera_eastwoodiae
Layers: BIOCLIM_1 BIOCLIM_12 BIOCLIM_17 BIOCLIM_7 GTOPO30_ELEVATION GTOPO30_SLOPE_reduced ISRICSOILGRIDS_new_average_coarsefragmentpercent_reduced ISRICSOILGRIDS_new_average_phx10percent_reduced ISRICSOILGRIDS_new_average_sandpercent_reduced ISRICSOILGRIDS_new_average_soilorganiccarboncontent_reduced LandCover_1_Needleleaf LandCover_6_Herbaceous mask
Layertypes: Continuous Continuous Continuous Continuous Continuous Continuous Continuous Continuous Continuous Continuous Continuous Continuous Categorical
outputdirectory: /volumes/output/heuchera_rfolk_2.5min_na/heuchera_eastwoodiae
samplesfile: /volumes/output/heuchera_rfolk_2.5min_na/heuchera_eastwoodiae/Heuchera_eastwoodiae.csv
environmentallayers: /volumes/env/na_2.5min
warnings: false
autorun: true
visible: false
cache: false

getSamples: max memory 32178700288, total allocated 2118123520, free 1966117864, used 152005656, increment 121912344
Making features
makeFeatures: max memory 32178700288, total allocated 2118123520, free 1964022760, used 154100760, increment 2095104
Heuchera_eastwoodiae: 
Regularization values: linear/quadratic/product: 0.365, categorical: 0.250, threshold: 1.760, hinge: 0.500
24 samples
Density: max memory 32178700288, total allocated 2118123520, free 1961919928, used 156203592, increment 2102832
linearPredictor: max memory 32178700288, total allocated 2118123520, free 1961919928, used 156203592, increment 0
FeaturedSpace: max memory 32178700288, total allocated 2118123520, free 1961919928, used 156203592, increment 0
Sequential: max memory 32178700288, total allocated 2118123520, free 1961919928, used 156203592, increment 0
Initial loss: 7.238496840894365
500: time = 0.202000 loss = 5.849518
Resulting gain: 1.3889788447975278
Time since start: 3.093
Projecting...
Writing file /volumes/output/heuchera_rfolk_2.5min_na/heuchera_eastwoodiae/Heuchera_eastwoodiae.asc
Time since start: 5.034
Writing /volumes/output/heuchera_rfolk_2.5min_na/heuchera_eastwoodiae/plots/Heuchera_eastwoodiae.png
Ending
