Mon Oct 31 19:35:02 GMT 2022
MaxEnt version 3.4.4
Checking header of /volumes/env/na_2.5min/BIOCLIM_1.asc
Checking header of /volumes/env/na_2.5min/BIOCLIM_12.asc
Checking header of /volumes/env/na_2.5min/BIOCLIM_17.asc
Checking header of /volumes/env/na_2.5min/BIOCLIM_7.asc
Checking header of /volumes/env/na_2.5min/GTOPO30_ELEVATION.asc
Checking header of /volumes/env/na_2.5min/GTOPO30_SLOPE_reduced.asc
Checking header of /volumes/env/na_2.5min/ISRICSOILGRIDS_new_average_coarsefragmentpercent_reduced.asc
Checking header of /volumes/env/na_2.5min/ISRICSOILGRIDS_new_average_phx10percent_reduced.asc
Checking header of /volumes/env/na_2.5min/ISRICSOILGRIDS_new_average_sandpercent_reduced.asc
Checking header of /volumes/env/na_2.5min/ISRICSOILGRIDS_new_average_soilorganiccarboncontent_reduced.asc
Checking header of /volumes/env/na_2.5min/LandCover_1_Needleleaf.asc
Checking header of /volumes/env/na_2.5min/LandCover_6_Herbaceous.asc
Checking header of /volumes/env/na_2.5min/mask.asc
Reading samples from Heuchera_sanguinea.csv
Read samples: max memory 32178700288, total allocated 2118123520, free 2094319616, used 23803904, increment 23803904
Extractor: max memory 32178700288, total allocated 2118123520, free 2085931008, used 32192512, increment 8388608
Extracting random background and sample data
Time since start: 2.532
1219428 points with values for all grids
Adding samples to background in feature space
Command line used:  samplesfile=/volumes/output/heuchera_rfolk_sdm/heuchera_sanguinea/Heuchera_sanguinea.csv -e /volumes/env/na_2.5min -o /volumes/output/heuchera_rfolk_sdm/heuchera_sanguinea nowarnings nocache autorun -z togglelayertype=mask
Command line to repeat: java density.MaxEnt nowarnings noprefixes outputdirectory=/volumes/output/heuchera_rfolk_sdm/heuchera_sanguinea samplesfile=/volumes/output/heuchera_rfolk_sdm/heuchera_sanguinea/Heuchera_sanguinea.csv environmentallayers=/volumes/env/na_2.5min nowarnings autorun novisible nocache -t mask
Species: Heuchera_sanguinea
Layers: BIOCLIM_1 BIOCLIM_12 BIOCLIM_17 BIOCLIM_7 GTOPO30_ELEVATION GTOPO30_SLOPE_reduced ISRICSOILGRIDS_new_average_coarsefragmentpercent_reduced ISRICSOILGRIDS_new_average_phx10percent_reduced ISRICSOILGRIDS_new_average_sandpercent_reduced ISRICSOILGRIDS_new_average_soilorganiccarboncontent_reduced LandCover_1_Needleleaf LandCover_6_Herbaceous mask
Layertypes: Continuous Continuous Continuous Continuous Continuous Continuous Continuous Continuous Continuous Continuous Continuous Continuous Categorical
outputdirectory: /volumes/output/heuchera_rfolk_sdm/heuchera_sanguinea
samplesfile: /volumes/output/heuchera_rfolk_sdm/heuchera_sanguinea/Heuchera_sanguinea.csv
environmentallayers: /volumes/env/na_2.5min
warnings: false
autorun: true
visible: false
cache: false

getSamples: max memory 32178700288, total allocated 2118123520, free 1954010888, used 164112632, increment 131920120
Making features
makeFeatures: max memory 32178700288, total allocated 2118123520, free 1946756520, used 171367000, increment 7254368
Heuchera_sanguinea: 
Regularization values: linear/quadratic/product: 0.153, categorical: 0.250, threshold: 1.360, hinge: 0.500
64 samples
Density: max memory 32178700288, total allocated 2118123520, free 1930940168, used 187183352, increment 15816352
linearPredictor: max memory 32178700288, total allocated 2118123520, free 1930940168, used 187183352, increment 0
Deactivating (mask=-9999.0)
FeaturedSpace: max memory 32178700288, total allocated 2118123520, free 1930940168, used 187183352, increment 0
Sequential: max memory 32178700288, total allocated 2118123520, free 1930940168, used 187183352, increment 0
Initial loss: 9.216719978940223
Time since start: 3.642
440: time = 0.866000 loss = 4.979866
Resulting gain: 4.2368538576307815
Projecting...
Writing file /volumes/output/heuchera_rfolk_sdm/heuchera_sanguinea/Heuchera_sanguinea.asc
Time since start: 7.917
Writing /volumes/output/heuchera_rfolk_sdm/heuchera_sanguinea/plots/Heuchera_sanguinea.png
Ending
