Wed Dec 28 11:41:05 CST 2022
MaxEnt version 3.4.4
Checking header of /volumes/env/biotaphy_5min_global/ISRICSOILGRIDS_new_average_phx10percent_reduced.asc
Checking header of /volumes/env/biotaphy_5min_global/mask.asc
Reading samples from Heuchera_soltisii.csv
Read samples: max memory 32178700288, total allocated 2118123520, free 2102708224, used 15415296, increment 15415296
Extractor: max memory 32178700288, total allocated 2118123520, free 2098513920, used 19609600, increment 4194304
Extracting random background and sample data
Time since start: 1.047
622 points with values for all grids
Adding samples to background in feature space
Command line used:  samplesfile=/volumes/output/heuchera_rfolk_5min_global/Heuchera_soltisii/Heuchera_soltisii.csv -e /volumes/env/biotaphy_5min_global -o /volumes/output/heuchera_rfolk_5min_global/Heuchera_soltisii nowarnings nocache autorun -z togglelayertype=mask
Command line to repeat: java density.MaxEnt nowarnings noprefixes outputdirectory=/volumes/output/heuchera_rfolk_5min_global/Heuchera_soltisii samplesfile=/volumes/output/heuchera_rfolk_5min_global/Heuchera_soltisii/Heuchera_soltisii.csv environmentallayers=/volumes/env/biotaphy_5min_global nowarnings autorun novisible nocache -t mask
Species: Heuchera_soltisii
Layers: ISRICSOILGRIDS_new_average_phx10percent_reduced mask
Layertypes: Continuous Categorical
outputdirectory: /volumes/output/heuchera_rfolk_5min_global/Heuchera_soltisii
samplesfile: /volumes/output/heuchera_rfolk_5min_global/Heuchera_soltisii/Heuchera_soltisii.csv
environmentallayers: /volumes/env/biotaphy_5min_global
warnings: false
autorun: true
visible: false
cache: false

getSamples: max memory 32178700288, total allocated 2118123520, free 918398736, used 1199724784, increment 1180115184
Making features
makeFeatures: max memory 32178700288, total allocated 2118123520, free 918398736, used 1199724784, increment 0
Heuchera_soltisii: 
Regularization values: linear/quadratic/product: 1.000, categorical: 0.515, threshold: 1.910, hinge: 0.500
9 samples
Density: max memory 32178700288, total allocated 2118123520, free 918398736, used 1199724784, increment 0
linearPredictor: max memory 32178700288, total allocated 2118123520, free 918398736, used 1199724784, increment 0
FeaturedSpace: max memory 32178700288, total allocated 2118123520, free 918398736, used 1199724784, increment 0
Sequential: max memory 32178700288, total allocated 2118123520, free 918398736, used 1199724784, increment 0
Initial loss: 6.432940092739179
60: time = 0.012000 loss = 5.713907
Resulting gain: 0.7190335383173023
Projecting...
Writing file /volumes/output/heuchera_rfolk_5min_global/Heuchera_soltisii/Heuchera_soltisii.asc
Time since start: 2.837
Writing /volumes/output/heuchera_rfolk_5min_global/Heuchera_soltisii/plots/Heuchera_soltisii.png
Ending
