Tue Dec 27 14:26:45 CST 2022
MaxEnt version 3.4.4
Checking header of /volumes/env/biotaphy_5min_global/ISRICSOILGRIDS_new_average_phx10percent_reduced.asc
Checking header of /volumes/env/biotaphy_5min_global/mask.asc
Reading samples from Mitella_acerina.csv
Read samples: max memory 32178700288, total allocated 2118123520, free 2102708224, used 15415296, increment 15415296
Extractor: max memory 32178700288, total allocated 2118123520, free 2100613120, used 17510400, increment 2095104
Extracting random background and sample data
Time since start: 1.019
226 points with values for all grids
Adding samples to background in feature space
Command line used:  samplesfile=/volumes/output/heuchera_rfolk_5min_global/mitella_acerina/Mitella_acerina.csv -e /volumes/env/biotaphy_5min_global -o /volumes/output/heuchera_rfolk_5min_global/mitella_acerina nowarnings nocache autorun -z togglelayertype=mask
Command line to repeat: java density.MaxEnt nowarnings noprefixes outputdirectory=/volumes/output/heuchera_rfolk_5min_global/mitella_acerina samplesfile=/volumes/output/heuchera_rfolk_5min_global/mitella_acerina/Mitella_acerina.csv environmentallayers=/volumes/env/biotaphy_5min_global nowarnings autorun novisible nocache -t mask
Species: Mitella_acerina
Layers: ISRICSOILGRIDS_new_average_phx10percent_reduced mask
Layertypes: Continuous Categorical
outputdirectory: /volumes/output/heuchera_rfolk_5min_global/mitella_acerina
samplesfile: /volumes/output/heuchera_rfolk_5min_global/mitella_acerina/Mitella_acerina.csv
environmentallayers: /volumes/env/biotaphy_5min_global
warnings: false
autorun: true
visible: false
cache: false

getSamples: max memory 32178700288, total allocated 2118123520, free 924685520, used 1193438000, increment 1175927600
Making features
makeFeatures: max memory 32178700288, total allocated 2118123520, free 924685520, used 1193438000, increment 0
Mitella_acerina: 
Regularization values: linear/quadratic/product: 0.423, categorical: 0.250, threshold: 1.790, hinge: 0.500
21 samples
Density: max memory 32178700288, total allocated 2118123520, free 924685520, used 1193438000, increment 0
linearPredictor: max memory 32178700288, total allocated 2118123520, free 924685520, used 1193438000, increment 0
FeaturedSpace: max memory 32178700288, total allocated 2118123520, free 924685520, used 1193438000, increment 0
Sequential: max memory 32178700288, total allocated 2118123520, free 924685520, used 1193438000, increment 0
Initial loss: 5.420534999272286
60: time = 0.012000 loss = 5.348541
Resulting gain: 0.07199365802937052
Projecting...
Writing file /volumes/output/heuchera_rfolk_5min_global/mitella_acerina/Mitella_acerina.asc
Time since start: 2.798
Writing /volumes/output/heuchera_rfolk_5min_global/mitella_acerina/plots/Mitella_acerina.png
Ending
