Tue Dec 27 14:30:56 CST 2022
MaxEnt version 3.4.4
Checking header of /volumes/env/biotaphy_5min_global/ISRICSOILGRIDS_new_average_phx10percent_reduced.asc
Checking header of /volumes/env/biotaphy_5min_global/mask.asc
Reading samples from Heuchera_longipetala.csv
Read samples: max memory 32178700288, total allocated 2118123520, free 2100613120, used 17510400, increment 17510400
Extractor: max memory 32178700288, total allocated 2118123520, free 2098513920, used 19609600, increment 2099200
Extracting random background and sample data
Time since start: 1.025
3997 points with values for all grids
Adding samples to background in feature space
Command line used:  samplesfile=/volumes/output/heuchera_rfolk_5min_global/heuchera_longipetala/Heuchera_longipetala.csv -e /volumes/env/biotaphy_5min_global -o /volumes/output/heuchera_rfolk_5min_global/heuchera_longipetala nowarnings nocache autorun -z togglelayertype=mask
Command line to repeat: java density.MaxEnt nowarnings noprefixes outputdirectory=/volumes/output/heuchera_rfolk_5min_global/heuchera_longipetala samplesfile=/volumes/output/heuchera_rfolk_5min_global/heuchera_longipetala/Heuchera_longipetala.csv environmentallayers=/volumes/env/biotaphy_5min_global nowarnings autorun novisible nocache -t mask
Species: Heuchera_longipetala
Layers: ISRICSOILGRIDS_new_average_phx10percent_reduced mask
Layertypes: Continuous Categorical
outputdirectory: /volumes/output/heuchera_rfolk_5min_global/heuchera_longipetala
samplesfile: /volumes/output/heuchera_rfolk_5min_global/heuchera_longipetala/Heuchera_longipetala.csv
environmentallayers: /volumes/env/biotaphy_5min_global
warnings: false
autorun: true
visible: false
cache: false

getSamples: max memory 32178700288, total allocated 2118123520, free 920165152, used 1197958368, increment 1178348768
Making features
makeFeatures: max memory 32178700288, total allocated 2118123520, free 920165152, used 1197958368, increment 0
Heuchera_longipetala: 
Regularization values: linear/quadratic/product: 0.121, categorical: 0.250, threshold: 1.250, hinge: 0.500
75 samples
Density: max memory 32178700288, total allocated 2118123520, free 918051696, used 1200071824, increment 2113456
linearPredictor: max memory 32178700288, total allocated 2118123520, free 918051696, used 1200071824, increment 0
FeaturedSpace: max memory 32178700288, total allocated 2118123520, free 918051696, used 1200071824, increment 0
Sequential: max memory 32178700288, total allocated 2118123520, free 918051696, used 1200071824, increment 0
Initial loss: 8.293299358711323
140: time = 0.089000 loss = 7.986893
Resulting gain: 0.3064062799471259
Projecting...
Writing file /volumes/output/heuchera_rfolk_5min_global/heuchera_longipetala/Heuchera_longipetala.asc
Time since start: 2.908
Writing /volumes/output/heuchera_rfolk_5min_global/heuchera_longipetala/plots/Heuchera_longipetala.png
Ending
