Mon Oct 31 19:32:20 GMT 2022
MaxEnt version 3.4.4
Checking header of /volumes/env/na_2.5min/BIOCLIM_1.asc
Checking header of /volumes/env/na_2.5min/BIOCLIM_12.asc
Checking header of /volumes/env/na_2.5min/BIOCLIM_17.asc
Checking header of /volumes/env/na_2.5min/BIOCLIM_7.asc
Checking header of /volumes/env/na_2.5min/GTOPO30_ELEVATION.asc
Checking header of /volumes/env/na_2.5min/GTOPO30_SLOPE_reduced.asc
Checking header of /volumes/env/na_2.5min/ISRICSOILGRIDS_new_average_coarsefragmentpercent_reduced.asc
Checking header of /volumes/env/na_2.5min/ISRICSOILGRIDS_new_average_phx10percent_reduced.asc
Checking header of /volumes/env/na_2.5min/ISRICSOILGRIDS_new_average_sandpercent_reduced.asc
Checking header of /volumes/env/na_2.5min/ISRICSOILGRIDS_new_average_soilorganiccarboncontent_reduced.asc
Checking header of /volumes/env/na_2.5min/LandCover_1_Needleleaf.asc
Checking header of /volumes/env/na_2.5min/LandCover_6_Herbaceous.asc
Checking header of /volumes/env/na_2.5min/mask.asc
Reading samples from Heuchera_novomexicana.csv
Read samples: max memory 32178700288, total allocated 2118123520, free 2094319616, used 23803904, increment 23803904
Extractor: max memory 32178700288, total allocated 2118123520, free 2088030208, used 30093312, increment 6289408
Extracting random background and sample data
Time since start: 2.524
1219428 points with values for all grids
Adding samples to background in feature space
Command line used:  samplesfile=/volumes/output/heuchera_rfolk_sdm/heuchera_novomexicana/Heuchera_novomexicana.csv -e /volumes/env/na_2.5min -o /volumes/output/heuchera_rfolk_sdm/heuchera_novomexicana nowarnings nocache autorun -z togglelayertype=mask
Command line to repeat: java density.MaxEnt nowarnings noprefixes outputdirectory=/volumes/output/heuchera_rfolk_sdm/heuchera_novomexicana samplesfile=/volumes/output/heuchera_rfolk_sdm/heuchera_novomexicana/Heuchera_novomexicana.csv environmentallayers=/volumes/env/na_2.5min nowarnings autorun novisible nocache -t mask
Species: Heuchera_novomexicana
Layers: BIOCLIM_1 BIOCLIM_12 BIOCLIM_17 BIOCLIM_7 GTOPO30_ELEVATION GTOPO30_SLOPE_reduced ISRICSOILGRIDS_new_average_coarsefragmentpercent_reduced ISRICSOILGRIDS_new_average_phx10percent_reduced ISRICSOILGRIDS_new_average_sandpercent_reduced ISRICSOILGRIDS_new_average_soilorganiccarboncontent_reduced LandCover_1_Needleleaf LandCover_6_Herbaceous mask
Layertypes: Continuous Continuous Continuous Continuous Continuous Continuous Continuous Continuous Continuous Continuous Continuous Continuous Categorical
outputdirectory: /volumes/output/heuchera_rfolk_sdm/heuchera_novomexicana
samplesfile: /volumes/output/heuchera_rfolk_sdm/heuchera_novomexicana/Heuchera_novomexicana.csv
environmentallayers: /volumes/env/na_2.5min
warnings: false
autorun: true
visible: false
cache: false

getSamples: max memory 32178700288, total allocated 2118123520, free 1953998288, used 164125232, increment 134031920
Making features
makeFeatures: max memory 32178700288, total allocated 2118123520, free 1945609680, used 172513840, increment 8388608
Heuchera_novomexicana: 
Regularization values: linear/quadratic/product: 0.269, categorical: 0.250, threshold: 1.710, hinge: 0.500
29 samples
Density: max memory 32178700288, total allocated 2118123520, free 1935121872, used 183001648, increment 10487808
linearPredictor: max memory 32178700288, total allocated 2118123520, free 1935121872, used 183001648, increment 0
Deactivating (mask=-9999.0)
FeaturedSpace: max memory 32178700288, total allocated 2118123520, free 1935121872, used 183001648, increment 0
Sequential: max memory 32178700288, total allocated 2118123520, free 1935121872, used 183001648, increment 0
Initial loss: 9.213236175088209
280: time = 0.585000 loss = 4.050564
Resulting gain: 5.162671736431231
Projecting...
Writing file /volumes/output/heuchera_rfolk_sdm/heuchera_novomexicana/Heuchera_novomexicana.asc
Time since start: 7.381
Writing /volumes/output/heuchera_rfolk_sdm/heuchera_novomexicana/plots/Heuchera_novomexicana.png
Ending
