Thu Dec 22 15:48:16 CST 2022
MaxEnt version 3.4.4
Checking header of /volumes/env/na_2.5min/BIOCLIM_1.asc
Checking header of /volumes/env/na_2.5min/BIOCLIM_12.asc
Checking header of /volumes/env/na_2.5min/BIOCLIM_17.asc
Checking header of /volumes/env/na_2.5min/BIOCLIM_7.asc
Checking header of /volumes/env/na_2.5min/GTOPO30_ELEVATION.asc
Checking header of /volumes/env/na_2.5min/GTOPO30_SLOPE_reduced.asc
Checking header of /volumes/env/na_2.5min/ISRICSOILGRIDS_new_average_coarsefragmentpercent_reduced.asc
Checking header of /volumes/env/na_2.5min/ISRICSOILGRIDS_new_average_phx10percent_reduced.asc
Checking header of /volumes/env/na_2.5min/ISRICSOILGRIDS_new_average_sandpercent_reduced.asc
Checking header of /volumes/env/na_2.5min/ISRICSOILGRIDS_new_average_soilorganiccarboncontent_reduced.asc
Checking header of /volumes/env/na_2.5min/LandCover_1_Needleleaf.asc
Checking header of /volumes/env/na_2.5min/LandCover_6_Herbaceous.asc
Checking header of /volumes/env/na_2.5min/mask.asc
Reading samples from Heuchera_parishii.csv
Read samples: max memory 12612272128, total allocated 792723456, free 773115904, used 19607552, increment 19607552
Extractor: max memory 12612272128, total allocated 792723456, free 766067408, used 26656048, increment 7048496
Extracting random background and sample data
Time since start: 6.048
795 points with values for all grids
Adding samples to background in feature space
Command line used:  samplesfile=/volumes/output/heuchera_rfolk_na/heuchera_parishii/Heuchera_parishii.csv -e /volumes/env/na_2.5min -o /volumes/output/heuchera_rfolk_na/heuchera_parishii nowarnings nocache autorun -z togglelayertype=mask
Command line to repeat: java density.MaxEnt nowarnings noprefixes outputdirectory=/volumes/output/heuchera_rfolk_na/heuchera_parishii samplesfile=/volumes/output/heuchera_rfolk_na/heuchera_parishii/Heuchera_parishii.csv environmentallayers=/volumes/env/na_2.5min nowarnings autorun novisible nocache -t mask
Species: Heuchera_parishii
Layers: BIOCLIM_1 BIOCLIM_12 BIOCLIM_17 BIOCLIM_7 GTOPO30_ELEVATION GTOPO30_SLOPE_reduced ISRICSOILGRIDS_new_average_coarsefragmentpercent_reduced ISRICSOILGRIDS_new_average_phx10percent_reduced ISRICSOILGRIDS_new_average_sandpercent_reduced ISRICSOILGRIDS_new_average_soilorganiccarboncontent_reduced LandCover_1_Needleleaf LandCover_6_Herbaceous mask
Layertypes: Continuous Continuous Continuous Continuous Continuous Continuous Continuous Continuous Continuous Continuous Continuous Continuous Categorical
outputdirectory: /volumes/output/heuchera_rfolk_na/heuchera_parishii
samplesfile: /volumes/output/heuchera_rfolk_na/heuchera_parishii/Heuchera_parishii.csv
environmentallayers: /volumes/env/na_2.5min
warnings: false
autorun: true
visible: false
cache: false

getSamples: max memory 12612272128, total allocated 968884224, free 949033616, used 19850608, increment -6805440
Making features
makeFeatures: max memory 12612272128, total allocated 968884224, free 949031568, used 19852656, increment 2048
Heuchera_parishii: 
Regularization values: linear/quadratic/product: 0.288, categorical: 0.250, threshold: 1.720, hinge: 0.500
28 samples
Density: max memory 12612272128, total allocated 968884224, free 946936464, used 21947760, increment 2095104
linearPredictor: max memory 12612272128, total allocated 968884224, free 946936464, used 21947760, increment 0
FeaturedSpace: max memory 12612272128, total allocated 968884224, free 946936464, used 21947760, increment 0
Sequential: max memory 12612272128, total allocated 968884224, free 946936464, used 21947760, increment 0
Initial loss: 6.678342114654332
500: time = 0.498000 loss = 4.742822
Resulting gain: 1.9355204152969687
Time since start: 7.383
Projecting...
Writing file /volumes/output/heuchera_rfolk_na/heuchera_parishii/Heuchera_parishii.asc
Time since start: 12.735
Writing /volumes/output/heuchera_rfolk_na/heuchera_parishii/plots/Heuchera_parishii.png
Ending
