Tue Dec 27 15:04:42 CST 2022
MaxEnt version 3.4.4
Checking header of /volumes/env/na_2.5min/BIOCLIM_1.asc
Checking header of /volumes/env/na_2.5min/BIOCLIM_12.asc
Checking header of /volumes/env/na_2.5min/BIOCLIM_17.asc
Checking header of /volumes/env/na_2.5min/BIOCLIM_7.asc
Checking header of /volumes/env/na_2.5min/GTOPO30_ELEVATION.asc
Checking header of /volumes/env/na_2.5min/GTOPO30_SLOPE_reduced.asc
Checking header of /volumes/env/na_2.5min/ISRICSOILGRIDS_new_average_coarsefragmentpercent_reduced.asc
Checking header of /volumes/env/na_2.5min/ISRICSOILGRIDS_new_average_phx10percent_reduced.asc
Checking header of /volumes/env/na_2.5min/ISRICSOILGRIDS_new_average_sandpercent_reduced.asc
Checking header of /volumes/env/na_2.5min/ISRICSOILGRIDS_new_average_soilorganiccarboncontent_reduced.asc
Checking header of /volumes/env/na_2.5min/LandCover_1_Needleleaf.asc
Checking header of /volumes/env/na_2.5min/LandCover_6_Herbaceous.asc
Checking header of /volumes/env/na_2.5min/mask.asc
Reading samples from Heuchera_sanguinea.csv
Read samples: max memory 32178700288, total allocated 2118123520, free 2096418816, used 21704704, increment 21704704
Extractor: max memory 32178700288, total allocated 2118123520, free 2088030208, used 30093312, increment 8388608
Extracting random background and sample data
Time since start: 2.115
20467 points with values for all grids
Adding samples to background in feature space
Command line used:  samplesfile=/volumes/output/heuchera_rfolk_2.5min_na/heuchera_sanguinea/Heuchera_sanguinea.csv -e /volumes/env/na_2.5min -o /volumes/output/heuchera_rfolk_2.5min_na/heuchera_sanguinea nowarnings nocache autorun -z togglelayertype=mask
Command line to repeat: java density.MaxEnt nowarnings noprefixes outputdirectory=/volumes/output/heuchera_rfolk_2.5min_na/heuchera_sanguinea samplesfile=/volumes/output/heuchera_rfolk_2.5min_na/heuchera_sanguinea/Heuchera_sanguinea.csv environmentallayers=/volumes/env/na_2.5min nowarnings autorun novisible nocache -t mask
Species: Heuchera_sanguinea
Layers: BIOCLIM_1 BIOCLIM_12 BIOCLIM_17 BIOCLIM_7 GTOPO30_ELEVATION GTOPO30_SLOPE_reduced ISRICSOILGRIDS_new_average_coarsefragmentpercent_reduced ISRICSOILGRIDS_new_average_phx10percent_reduced ISRICSOILGRIDS_new_average_sandpercent_reduced ISRICSOILGRIDS_new_average_soilorganiccarboncontent_reduced LandCover_1_Needleleaf LandCover_6_Herbaceous mask
Layertypes: Continuous Continuous Continuous Continuous Continuous Continuous Continuous Continuous Continuous Continuous Continuous Continuous Categorical
outputdirectory: /volumes/output/heuchera_rfolk_2.5min_na/heuchera_sanguinea
samplesfile: /volumes/output/heuchera_rfolk_2.5min_na/heuchera_sanguinea/Heuchera_sanguinea.csv
environmentallayers: /volumes/env/na_2.5min
warnings: false
autorun: true
visible: false
cache: false

getSamples: max memory 32178700288, total allocated 2118123520, free 1964603592, used 153519928, increment 123426616
Making features
makeFeatures: max memory 32178700288, total allocated 2118123520, free 1956136784, used 161986736, increment 8466808
Heuchera_sanguinea: 
Regularization values: linear/quadratic/product: 0.153, categorical: 0.250, threshold: 1.360, hinge: 0.500
64 samples
Density: max memory 32178700288, total allocated 2118123520, free 1943632072, used 174491448, increment 12504712
linearPredictor: max memory 32178700288, total allocated 2118123520, free 1943632072, used 174491448, increment 0
FeaturedSpace: max memory 32178700288, total allocated 2118123520, free 1943632072, used 174491448, increment 0
Sequential: max memory 32178700288, total allocated 2118123520, free 1943632072, used 174491448, increment 0
Initial loss: 9.213236175088209
Time since start: 3.142
500: time = 0.817000 loss = 7.725532
Resulting gain: 1.487704387476227
Projecting...
Writing file /volumes/output/heuchera_rfolk_2.5min_na/heuchera_sanguinea/Heuchera_sanguinea.asc
Time since start: 6.038
Writing /volumes/output/heuchera_rfolk_2.5min_na/heuchera_sanguinea/plots/Heuchera_sanguinea.png
Ending
