Tue Dec 27 14:32:53 CST 2022
MaxEnt version 3.4.4
Checking header of /volumes/env/biotaphy_5min_global/ISRICSOILGRIDS_new_average_phx10percent_reduced.asc
Checking header of /volumes/env/biotaphy_5min_global/mask.asc
Reading samples from Mitella_furusei.csv
Read samples: max memory 32178700288, total allocated 2118123520, free 2100613120, used 17510400, increment 17510400
Extractor: max memory 32178700288, total allocated 2118123520, free 2098507760, used 19615760, increment 2105360
Extracting random background and sample data
Warning: Sample at 135.0, 35.7 in Mitella_furusei.csv is missing some environmental data (e.g. ISRICSOILGRIDS_new_average_phx10percent_reduced)
Warning: Skipping sample at 135.0, 35.7
Time since start: 1.035
2154 points with values for all grids
Adding samples to background in feature space
Command line used:  samplesfile=/volumes/output/heuchera_rfolk_5min_global/mitella_furusei/Mitella_furusei.csv -e /volumes/env/biotaphy_5min_global -o /volumes/output/heuchera_rfolk_5min_global/mitella_furusei nowarnings nocache autorun -z togglelayertype=mask
Command line to repeat: java density.MaxEnt nowarnings noprefixes outputdirectory=/volumes/output/heuchera_rfolk_5min_global/mitella_furusei samplesfile=/volumes/output/heuchera_rfolk_5min_global/mitella_furusei/Mitella_furusei.csv environmentallayers=/volumes/env/biotaphy_5min_global nowarnings autorun novisible nocache -t mask
Species: Mitella_furusei
Layers: ISRICSOILGRIDS_new_average_phx10percent_reduced mask
Layertypes: Continuous Categorical
outputdirectory: /volumes/output/heuchera_rfolk_5min_global/mitella_furusei
samplesfile: /volumes/output/heuchera_rfolk_5min_global/mitella_furusei/Mitella_furusei.csv
environmentallayers: /volumes/env/biotaphy_5min_global
warnings: false
autorun: true
visible: false
cache: false

getSamples: max memory 32178700288, total allocated 2118123520, free 920235576, used 1197887944, increment 1178272184
Making features
makeFeatures: max memory 32178700288, total allocated 2118123520, free 920235576, used 1197887944, increment 0
Mitella_furusei: 
Regularization values: linear/quadratic/product: 0.179, categorical: 0.250, threshold: 1.180, hinge: 0.500
82 samples
Density: max memory 32178700288, total allocated 2118123520, free 920235576, used 1197887944, increment 0
linearPredictor: max memory 32178700288, total allocated 2118123520, free 920235576, used 1197887944, increment 0
FeaturedSpace: max memory 32178700288, total allocated 2118123520, free 920235576, used 1197887944, increment 0
Sequential: max memory 32178700288, total allocated 2118123520, free 920235576, used 1197887944, increment 0
Initial loss: 7.675081857716334
120: time = 0.047000 loss = 7.655186
Resulting gain: 0.019896065366395987
Projecting...
Writing file /volumes/output/heuchera_rfolk_5min_global/mitella_furusei/Mitella_furusei.asc
Time since start: 2.887
Writing /volumes/output/heuchera_rfolk_5min_global/mitella_furusei/plots/Mitella_furusei.png
Ending
