Wed Dec 28 11:38:13 CST 2022
MaxEnt version 3.4.4
Checking header of /volumes/env/biotaphy_5min_global/ISRICSOILGRIDS_new_average_phx10percent_reduced.asc
Checking header of /volumes/env/biotaphy_5min_global/mask.asc
Reading samples from Heuchera_glomerulata.csv
Read samples: max memory 32178700288, total allocated 2118123520, free 2100613120, used 17510400, increment 17510400
Extractor: max memory 32178700288, total allocated 2118123520, free 2098513920, used 19609600, increment 2099200
Extracting random background and sample data
Time since start: 1.023
1171 points with values for all grids
Adding samples to background in feature space
Command line used:  samplesfile=/volumes/output/heuchera_rfolk_5min_global/Heuchera_glomerulata/Heuchera_glomerulata.csv -e /volumes/env/biotaphy_5min_global -o /volumes/output/heuchera_rfolk_5min_global/Heuchera_glomerulata nowarnings nocache autorun -z togglelayertype=mask
Command line to repeat: java density.MaxEnt nowarnings noprefixes outputdirectory=/volumes/output/heuchera_rfolk_5min_global/Heuchera_glomerulata samplesfile=/volumes/output/heuchera_rfolk_5min_global/Heuchera_glomerulata/Heuchera_glomerulata.csv environmentallayers=/volumes/env/biotaphy_5min_global nowarnings autorun novisible nocache -t mask
Species: Heuchera_glomerulata
Layers: ISRICSOILGRIDS_new_average_phx10percent_reduced mask
Layertypes: Continuous Categorical
outputdirectory: /volumes/output/heuchera_rfolk_5min_global/Heuchera_glomerulata
samplesfile: /volumes/output/heuchera_rfolk_5min_global/Heuchera_glomerulata/Heuchera_glomerulata.csv
environmentallayers: /volumes/env/biotaphy_5min_global
warnings: false
autorun: true
visible: false
cache: false

getSamples: max memory 32178700288, total allocated 2118123520, free 922529368, used 1195594152, increment 1175984552
Making features
makeFeatures: max memory 32178700288, total allocated 2118123520, free 922529368, used 1195594152, increment 0
Heuchera_glomerulata: 
Regularization values: linear/quadratic/product: 0.241, categorical: 0.250, threshold: 1.670, hinge: 0.500
33 samples
Density: max memory 32178700288, total allocated 2118123520, free 920434264, used 1197689256, increment 2095104
linearPredictor: max memory 32178700288, total allocated 2118123520, free 920434264, used 1197689256, increment 0
FeaturedSpace: max memory 32178700288, total allocated 2118123520, free 920434264, used 1197689256, increment 0
Sequential: max memory 32178700288, total allocated 2118123520, free 920434264, used 1197689256, increment 0
Initial loss: 7.065613363597717
180: time = 0.044000 loss = 6.864767
Resulting gain: 0.20084669470150818
Projecting...
Writing file /volumes/output/heuchera_rfolk_5min_global/Heuchera_glomerulata/Heuchera_glomerulata.asc
Time since start: 2.86
Writing /volumes/output/heuchera_rfolk_5min_global/Heuchera_glomerulata/plots/Heuchera_glomerulata.png
Ending
