Thu Dec 22 15:45:33 CST 2022
MaxEnt version 3.4.4
Checking header of /volumes/env/na_2.5min/BIOCLIM_1.asc
Checking header of /volumes/env/na_2.5min/BIOCLIM_12.asc
Checking header of /volumes/env/na_2.5min/BIOCLIM_17.asc
Checking header of /volumes/env/na_2.5min/BIOCLIM_7.asc
Checking header of /volumes/env/na_2.5min/GTOPO30_ELEVATION.asc
Checking header of /volumes/env/na_2.5min/GTOPO30_SLOPE_reduced.asc
Checking header of /volumes/env/na_2.5min/ISRICSOILGRIDS_new_average_coarsefragmentpercent_reduced.asc
Checking header of /volumes/env/na_2.5min/ISRICSOILGRIDS_new_average_phx10percent_reduced.asc
Checking header of /volumes/env/na_2.5min/ISRICSOILGRIDS_new_average_sandpercent_reduced.asc
Checking header of /volumes/env/na_2.5min/ISRICSOILGRIDS_new_average_soilorganiccarboncontent_reduced.asc
Checking header of /volumes/env/na_2.5min/LandCover_1_Needleleaf.asc
Checking header of /volumes/env/na_2.5min/LandCover_6_Herbaceous.asc
Checking header of /volumes/env/na_2.5min/mask.asc
Reading samples from Heuchera_soltisii.csv
Read samples: max memory 12612272128, total allocated 792723456, free 773701024, used 19022432, increment 19022432
Extractor: max memory 12612272128, total allocated 792723456, free 766067408, used 26656048, increment 7633616
Extracting random background and sample data
Time since start: 6.152
2495 points with values for all grids
Adding samples to background in feature space
Command line used:  samplesfile=/volumes/output/heuchera_rfolk_na/heuchera_soltisii/Heuchera_soltisii.csv -e /volumes/env/na_2.5min -o /volumes/output/heuchera_rfolk_na/heuchera_soltisii nowarnings nocache autorun -z togglelayertype=mask
Command line to repeat: java density.MaxEnt nowarnings noprefixes outputdirectory=/volumes/output/heuchera_rfolk_na/heuchera_soltisii samplesfile=/volumes/output/heuchera_rfolk_na/heuchera_soltisii/Heuchera_soltisii.csv environmentallayers=/volumes/env/na_2.5min nowarnings autorun novisible nocache -t mask
Species: Heuchera_soltisii
Layers: BIOCLIM_1 BIOCLIM_12 BIOCLIM_17 BIOCLIM_7 GTOPO30_ELEVATION GTOPO30_SLOPE_reduced ISRICSOILGRIDS_new_average_coarsefragmentpercent_reduced ISRICSOILGRIDS_new_average_phx10percent_reduced ISRICSOILGRIDS_new_average_sandpercent_reduced ISRICSOILGRIDS_new_average_soilorganiccarboncontent_reduced LandCover_1_Needleleaf LandCover_6_Herbaceous mask
Layertypes: Continuous Continuous Continuous Continuous Continuous Continuous Continuous Continuous Continuous Continuous Continuous Continuous Categorical
outputdirectory: /volumes/output/heuchera_rfolk_na/heuchera_soltisii
samplesfile: /volumes/output/heuchera_rfolk_na/heuchera_soltisii/Heuchera_soltisii.csv
environmentallayers: /volumes/env/na_2.5min
warnings: false
autorun: true
visible: false
cache: false

getSamples: max memory 12612272128, total allocated 1193279488, free 998128008, used 195151480, increment 168495432
Making features
makeFeatures: max memory 12612272128, total allocated 1193279488, free 996012928, used 197266560, increment 2115080
Heuchera_soltisii: 
Regularization values: linear/quadratic/product: 0.800, categorical: 0.500, threshold: 1.900, hinge: 0.500
10 samples
Density: max memory 12612272128, total allocated 1193279488, free 994982280, used 198297208, increment 1030648
linearPredictor: max memory 12612272128, total allocated 1193279488, free 994982280, used 198297208, increment 0
FeaturedSpace: max memory 12612272128, total allocated 1193279488, free 994982280, used 198297208, increment 0
Sequential: max memory 12612272128, total allocated 1193279488, free 994982280, used 198297208, increment 0
Initial loss: 7.822044008185619
200: time = 0.120000 loss = 6.016087
Resulting gain: 1.8059568562478194
Projecting...
Writing file /volumes/output/heuchera_rfolk_na/heuchera_soltisii/Heuchera_soltisii.asc
Time since start: 12.889
Writing /volumes/output/heuchera_rfolk_na/heuchera_soltisii/plots/Heuchera_soltisii.png
Ending
