Mon Oct 31 19:30:20 GMT 2022
MaxEnt version 3.4.4
Checking header of /volumes/env/na_2.5min/BIOCLIM_1.asc
Checking header of /volumes/env/na_2.5min/BIOCLIM_12.asc
Checking header of /volumes/env/na_2.5min/BIOCLIM_17.asc
Checking header of /volumes/env/na_2.5min/BIOCLIM_7.asc
Checking header of /volumes/env/na_2.5min/GTOPO30_ELEVATION.asc
Checking header of /volumes/env/na_2.5min/GTOPO30_SLOPE_reduced.asc
Checking header of /volumes/env/na_2.5min/ISRICSOILGRIDS_new_average_coarsefragmentpercent_reduced.asc
Checking header of /volumes/env/na_2.5min/ISRICSOILGRIDS_new_average_phx10percent_reduced.asc
Checking header of /volumes/env/na_2.5min/ISRICSOILGRIDS_new_average_sandpercent_reduced.asc
Checking header of /volumes/env/na_2.5min/ISRICSOILGRIDS_new_average_soilorganiccarboncontent_reduced.asc
Checking header of /volumes/env/na_2.5min/LandCover_1_Needleleaf.asc
Checking header of /volumes/env/na_2.5min/LandCover_6_Herbaceous.asc
Checking header of /volumes/env/na_2.5min/mask.asc
Reading samples from Heuchera_chlorantha.csv
Read samples: max memory 32178700288, total allocated 2118123520, free 2094319616, used 23803904, increment 23803904
Extractor: max memory 32178700288, total allocated 2118123520, free 2088030208, used 30093312, increment 6289408
Extracting random background and sample data
Warning: Sample at -122.33889, 47.6 in Heuchera_chlorantha.csv is missing some environmental data (e.g. BIOCLIM_1)
Warning: Skipping sample at -122.33889, 47.6
Time since start: 2.483
1219428 points with values for all grids
Adding samples to background in feature space
Command line used:  samplesfile=/volumes/output/heuchera_rfolk_sdm/heuchera_chlorantha/Heuchera_chlorantha.csv -e /volumes/env/na_2.5min -o /volumes/output/heuchera_rfolk_sdm/heuchera_chlorantha nowarnings nocache autorun -z togglelayertype=mask
Command line to repeat: java density.MaxEnt nowarnings noprefixes outputdirectory=/volumes/output/heuchera_rfolk_sdm/heuchera_chlorantha samplesfile=/volumes/output/heuchera_rfolk_sdm/heuchera_chlorantha/Heuchera_chlorantha.csv environmentallayers=/volumes/env/na_2.5min nowarnings autorun novisible nocache -t mask
Species: Heuchera_chlorantha
Layers: BIOCLIM_1 BIOCLIM_12 BIOCLIM_17 BIOCLIM_7 GTOPO30_ELEVATION GTOPO30_SLOPE_reduced ISRICSOILGRIDS_new_average_coarsefragmentpercent_reduced ISRICSOILGRIDS_new_average_phx10percent_reduced ISRICSOILGRIDS_new_average_sandpercent_reduced ISRICSOILGRIDS_new_average_soilorganiccarboncontent_reduced LandCover_1_Needleleaf LandCover_6_Herbaceous mask
Layertypes: Continuous Continuous Continuous Continuous Continuous Continuous Continuous Continuous Continuous Continuous Continuous Continuous Categorical
outputdirectory: /volumes/output/heuchera_rfolk_sdm/heuchera_chlorantha
samplesfile: /volumes/output/heuchera_rfolk_sdm/heuchera_chlorantha/Heuchera_chlorantha.csv
environmentallayers: /volumes/env/na_2.5min
warnings: false
autorun: true
visible: false
cache: false

getSamples: max memory 32178700288, total allocated 2118123520, free 1960276560, used 157846960, increment 127753648
Making features
makeFeatures: max memory 32178700288, total allocated 2118123520, free 1949792848, used 168330672, increment 10483712
Heuchera_chlorantha: 
Regularization values: linear/quadratic/product: 0.269, categorical: 0.250, threshold: 1.710, hinge: 0.500
29 samples
Density: max memory 32178700288, total allocated 2118123520, free 1937209936, used 180913584, increment 12582912
linearPredictor: max memory 32178700288, total allocated 2118123520, free 1937209936, used 180913584, increment 0
Deactivating (mask=-9999.0)
FeaturedSpace: max memory 32178700288, total allocated 2118123520, free 1937209936, used 180913584, increment 0
Sequential: max memory 32178700288, total allocated 2118123520, free 1937209936, used 180913584, increment 0
Initial loss: 9.213236175088209
Time since start: 3.561
500: time = 0.866000 loss = 4.744985
Resulting gain: 4.468251495196308
Projecting...
Writing file /volumes/output/heuchera_rfolk_sdm/heuchera_chlorantha/Heuchera_chlorantha.asc
Time since start: 7.562
Writing /volumes/output/heuchera_rfolk_sdm/heuchera_chlorantha/plots/Heuchera_chlorantha.png
Ending
