Tue Dec 27 15:07:40 CST 2022
MaxEnt version 3.4.4
Checking header of /volumes/env/na_2.5min/BIOCLIM_1.asc
Checking header of /volumes/env/na_2.5min/BIOCLIM_12.asc
Checking header of /volumes/env/na_2.5min/BIOCLIM_17.asc
Checking header of /volumes/env/na_2.5min/BIOCLIM_7.asc
Checking header of /volumes/env/na_2.5min/GTOPO30_ELEVATION.asc
Checking header of /volumes/env/na_2.5min/GTOPO30_SLOPE_reduced.asc
Checking header of /volumes/env/na_2.5min/ISRICSOILGRIDS_new_average_coarsefragmentpercent_reduced.asc
Checking header of /volumes/env/na_2.5min/ISRICSOILGRIDS_new_average_phx10percent_reduced.asc
Checking header of /volumes/env/na_2.5min/ISRICSOILGRIDS_new_average_sandpercent_reduced.asc
Checking header of /volumes/env/na_2.5min/ISRICSOILGRIDS_new_average_soilorganiccarboncontent_reduced.asc
Checking header of /volumes/env/na_2.5min/LandCover_1_Needleleaf.asc
Checking header of /volumes/env/na_2.5min/LandCover_6_Herbaceous.asc
Checking header of /volumes/env/na_2.5min/mask.asc
Reading samples from Heuchera_americana.csv
Read samples: max memory 32178700288, total allocated 2118123520, free 2094319616, used 23803904, increment 23803904
Extractor: max memory 32178700288, total allocated 2118123520, free 2083835904, used 34287616, increment 10483712
Extracting random background and sample data
Warning: Sample at -82.617, 41.8 in Heuchera_americana.csv is missing some environmental data (e.g. ISRICSOILGRIDS_new_average_coarsefragmentpercent_reduced)
Warning: Skipping sample at -82.617, 41.8
Warning: Sample at -82.836653, 41.63929 in Heuchera_americana.csv is missing some environmental data (e.g. ISRICSOILGRIDS_new_average_coarsefragmentpercent_reduced)
Warning: Skipping sample at -82.836653, 41.63929
Warning: Sample at -82.3641666667, 41.4269444444 in Heuchera_americana.csv is missing some environmental data (e.g. ISRICSOILGRIDS_new_average_coarsefragmentpercent_reduced)
Warning: Skipping sample at -82.3641666667, 41.4269444444
Warning: Sample at -73.806656, 40.874456 in Heuchera_americana.csv is missing some environmental data (e.g. BIOCLIM_1)
Warning: Skipping sample at -73.806656, 40.874456
Warning: Sample at -73.80666, 40.87446 in Heuchera_americana.csv is missing some environmental data (e.g. BIOCLIM_1)
Warning: Skipping sample at -73.80666, 40.87446
Warning: Sample at -88.18065, 34.95964 in Heuchera_americana.csv is missing some environmental data (e.g. ISRICSOILGRIDS_new_average_coarsefragmentpercent_reduced)
Warning: Skipping sample at -88.18065, 34.95964
Time since start: 2.09
98404 points with values for all grids
Adding samples to background in feature space
Command line used:  samplesfile=/volumes/output/heuchera_rfolk_2.5min_na/heuchera_americana/Heuchera_americana.csv -e /volumes/env/na_2.5min -o /volumes/output/heuchera_rfolk_2.5min_na/heuchera_americana nowarnings nocache autorun -z togglelayertype=mask
Command line to repeat: java density.MaxEnt nowarnings noprefixes outputdirectory=/volumes/output/heuchera_rfolk_2.5min_na/heuchera_americana samplesfile=/volumes/output/heuchera_rfolk_2.5min_na/heuchera_americana/Heuchera_americana.csv environmentallayers=/volumes/env/na_2.5min nowarnings autorun novisible nocache -t mask
Species: Heuchera_americana
Layers: BIOCLIM_1 BIOCLIM_12 BIOCLIM_17 BIOCLIM_7 GTOPO30_ELEVATION GTOPO30_SLOPE_reduced ISRICSOILGRIDS_new_average_coarsefragmentpercent_reduced ISRICSOILGRIDS_new_average_phx10percent_reduced ISRICSOILGRIDS_new_average_sandpercent_reduced ISRICSOILGRIDS_new_average_soilorganiccarboncontent_reduced LandCover_1_Needleleaf LandCover_6_Herbaceous mask
Layertypes: Continuous Continuous Continuous Continuous Continuous Continuous Continuous Continuous Continuous Continuous Continuous Continuous Categorical
outputdirectory: /volumes/output/heuchera_rfolk_2.5min_na/heuchera_americana
samplesfile: /volumes/output/heuchera_rfolk_2.5min_na/heuchera_americana/Heuchera_americana.csv
environmentallayers: /volumes/env/na_2.5min
warnings: false
autorun: true
visible: false
cache: false

getSamples: max memory 32178700288, total allocated 2118123520, free 1953889320, used 164234200, increment 129946584
Making features
makeFeatures: max memory 32178700288, total allocated 2118123520, free 1943745832, used 174377688, increment 10143488
Heuchera_americana: 
Regularization values: linear/quadratic/product: 0.050, categorical: 0.250, threshold: 1.000, hinge: 0.500
370 samples
Density: max memory 32178700288, total allocated 2118123520, free 1930820648, used 187302872, increment 12925184
linearPredictor: max memory 32178700288, total allocated 2118123520, free 1930820648, used 187302872, increment 0
FeaturedSpace: max memory 32178700288, total allocated 2118123520, free 1930820648, used 187302872, increment 0
Sequential: max memory 32178700288, total allocated 2118123520, free 1930820648, used 187302872, increment 0
Initial loss: 9.242807562113684
Time since start: 3.385
500: time = 1.062000 loss = 8.793214
Resulting gain: 0.4495934093354048
Projecting...
Writing file /volumes/output/heuchera_rfolk_2.5min_na/heuchera_americana/Heuchera_americana.asc
Time since start: 6.33
Writing /volumes/output/heuchera_rfolk_2.5min_na/heuchera_americana/plots/Heuchera_americana.png
Ending
