Tue Dec 27 14:27:25 CST 2022
MaxEnt version 3.4.4
Checking header of /volumes/env/biotaphy_5min_global/ISRICSOILGRIDS_new_average_phx10percent_reduced.asc
Checking header of /volumes/env/biotaphy_5min_global/mask.asc
Reading samples from Heuchera_acutifolia.csv
Read samples: max memory 32178700288, total allocated 2118123520, free 2100613120, used 17510400, increment 17510400
Extractor: max memory 32178700288, total allocated 2118123520, free 2098513920, used 19609600, increment 2099200
Extracting random background and sample data
Time since start: 1.017
550 points with values for all grids
Adding samples to background in feature space
Command line used:  samplesfile=/volumes/output/heuchera_rfolk_5min_global/heuchera_acutifolia/Heuchera_acutifolia.csv -e /volumes/env/biotaphy_5min_global -o /volumes/output/heuchera_rfolk_5min_global/heuchera_acutifolia nowarnings nocache autorun -z togglelayertype=mask
Command line to repeat: java density.MaxEnt nowarnings noprefixes outputdirectory=/volumes/output/heuchera_rfolk_5min_global/heuchera_acutifolia samplesfile=/volumes/output/heuchera_rfolk_5min_global/heuchera_acutifolia/Heuchera_acutifolia.csv environmentallayers=/volumes/env/biotaphy_5min_global nowarnings autorun novisible nocache -t mask
Species: Heuchera_acutifolia
Layers: ISRICSOILGRIDS_new_average_phx10percent_reduced mask
Layertypes: Continuous Categorical
outputdirectory: /volumes/output/heuchera_rfolk_5min_global/heuchera_acutifolia
samplesfile: /volumes/output/heuchera_rfolk_5min_global/heuchera_acutifolia/Heuchera_acutifolia.csv
environmentallayers: /volumes/env/biotaphy_5min_global
warnings: false
autorun: true
visible: false
cache: false

getSamples: max memory 32178700288, total allocated 2118123520, free 918367440, used 1199756080, increment 1180146480
Making features
makeFeatures: max memory 32178700288, total allocated 2118123520, free 918367440, used 1199756080, increment 0
Heuchera_acutifolia: 
Regularization values: linear/quadratic/product: 0.481, categorical: 0.250, threshold: 1.820, hinge: 0.500
18 samples
Density: max memory 32178700288, total allocated 2118123520, free 918367440, used 1199756080, increment 0
linearPredictor: max memory 32178700288, total allocated 2118123520, free 918367440, used 1199756080, increment 0
FeaturedSpace: max memory 32178700288, total allocated 2118123520, free 918367440, used 1199756080, increment 0
Sequential: max memory 32178700288, total allocated 2118123520, free 918367440, used 1199756080, increment 0
Initial loss: 6.309918278226516
120: time = 0.027000 loss = 6.015996
Resulting gain: 0.2939219648410045
Projecting...
Writing file /volumes/output/heuchera_rfolk_5min_global/heuchera_acutifolia/Heuchera_acutifolia.asc
Time since start: 2.824
Writing /volumes/output/heuchera_rfolk_5min_global/heuchera_acutifolia/plots/Heuchera_acutifolia.png
Ending
