Wed Dec 28 11:37:35 CST 2022
MaxEnt version 3.4.4
Checking header of /volumes/env/biotaphy_5min_global/ISRICSOILGRIDS_new_average_phx10percent_reduced.asc
Checking header of /volumes/env/biotaphy_5min_global/mask.asc
Reading samples from Heuchera_cylindrica.csv
Read samples: max memory 32178700288, total allocated 2118123520, free 2098513920, used 19609600, increment 19609600
Extractor: max memory 32178700288, total allocated 2118123520, free 2094319616, used 23803904, increment 4194304
Extracting random background and sample data
Warning: Sample at -117.86667, 50.61667 in Heuchera_cylindrica.csv is missing some environmental data (e.g. ISRICSOILGRIDS_new_average_phx10percent_reduced)
Warning: Skipping sample at -117.86667, 50.61667
Time since start: 1.026
16798 points with values for all grids
Adding samples to background in feature space
Command line used:  samplesfile=/volumes/output/heuchera_rfolk_5min_global/Heuchera_cylindrica/Heuchera_cylindrica.csv -e /volumes/env/biotaphy_5min_global -o /volumes/output/heuchera_rfolk_5min_global/Heuchera_cylindrica nowarnings nocache autorun -z togglelayertype=mask
Command line to repeat: java density.MaxEnt nowarnings noprefixes outputdirectory=/volumes/output/heuchera_rfolk_5min_global/Heuchera_cylindrica samplesfile=/volumes/output/heuchera_rfolk_5min_global/Heuchera_cylindrica/Heuchera_cylindrica.csv environmentallayers=/volumes/env/biotaphy_5min_global nowarnings autorun novisible nocache -t mask
Species: Heuchera_cylindrica
Layers: ISRICSOILGRIDS_new_average_phx10percent_reduced mask
Layertypes: Continuous Categorical
outputdirectory: /volumes/output/heuchera_rfolk_5min_global/Heuchera_cylindrica
samplesfile: /volumes/output/heuchera_rfolk_5min_global/Heuchera_cylindrica/Heuchera_cylindrica.csv
environmentallayers: /volumes/env/biotaphy_5min_global
warnings: false
autorun: true
visible: false
cache: false

getSamples: max memory 32178700288, total allocated 2118123520, free 911243960, used 1206879560, increment 1183075656
Making features
makeFeatures: max memory 32178700288, total allocated 2118123520, free 911241912, used 1206881608, increment 2048
Heuchera_cylindrica: 
Regularization values: linear/quadratic/product: 0.050, categorical: 0.250, threshold: 1.000, hinge: 0.500
358 samples
Density: max memory 32178700288, total allocated 2118123520, free 909144760, used 1208978760, increment 2097152
linearPredictor: max memory 32178700288, total allocated 2118123520, free 909144760, used 1208978760, increment 0
FeaturedSpace: max memory 32178700288, total allocated 2118123520, free 909144760, used 1208978760, increment 0
Sequential: max memory 32178700288, total allocated 2118123520, free 909144760, used 1208978760, increment 0
Initial loss: 9.210340371976184
260: time = 0.192000 loss = 9.141085
Resulting gain: 0.06925505038973334
Projecting...
Time since start: 2.028
Writing file /volumes/output/heuchera_rfolk_5min_global/Heuchera_cylindrica/Heuchera_cylindrica.asc
Time since start: 3.091
Writing /volumes/output/heuchera_rfolk_5min_global/Heuchera_cylindrica/plots/Heuchera_cylindrica.png
Ending
