Tue Dec 27 14:31:21 CST 2022
MaxEnt version 3.4.4
Checking header of /volumes/env/biotaphy_5min_global/ISRICSOILGRIDS_new_average_phx10percent_reduced.asc
Checking header of /volumes/env/biotaphy_5min_global/mask.asc
Reading samples from Heuchera_cylindrica.csv
Read samples: max memory 32178700288, total allocated 2118123520, free 2094319616, used 23803904, increment 23803904
Extractor: max memory 32178700288, total allocated 2118123520, free 2090125312, used 27998208, increment 4194304
Extracting random background and sample data
Warning: Sample at -117.86667, 50.61667 in Heuchera_cylindrica.csv is missing some environmental data (e.g. ISRICSOILGRIDS_new_average_phx10percent_reduced)
Warning: Skipping sample at -117.86667, 50.61667
Time since start: 1.034
16798 points with values for all grids
Adding samples to background in feature space
Command line used:  samplesfile=/volumes/output/heuchera_rfolk_5min_global/heuchera_cylindrica/Heuchera_cylindrica.csv -e /volumes/env/biotaphy_5min_global -o /volumes/output/heuchera_rfolk_5min_global/heuchera_cylindrica nowarnings nocache autorun -z togglelayertype=mask
Command line to repeat: java density.MaxEnt nowarnings noprefixes outputdirectory=/volumes/output/heuchera_rfolk_5min_global/heuchera_cylindrica samplesfile=/volumes/output/heuchera_rfolk_5min_global/heuchera_cylindrica/Heuchera_cylindrica.csv environmentallayers=/volumes/env/biotaphy_5min_global nowarnings autorun novisible nocache -t mask
Species: Heuchera_cylindrica
Layers: ISRICSOILGRIDS_new_average_phx10percent_reduced mask
Layertypes: Continuous Categorical
outputdirectory: /volumes/output/heuchera_rfolk_5min_global/heuchera_cylindrica
samplesfile: /volumes/output/heuchera_rfolk_5min_global/heuchera_cylindrica/Heuchera_cylindrica.csv
environmentallayers: /volumes/env/biotaphy_5min_global
warnings: false
autorun: true
visible: false
cache: false

getSamples: max memory 32178700288, total allocated 2118123520, free 907052872, used 1211070648, increment 1183072440
Making features
makeFeatures: max memory 32178700288, total allocated 2118123520, free 904953672, used 1213169848, increment 2099200
Heuchera_cylindrica: 
Regularization values: linear/quadratic/product: 0.050, categorical: 0.250, threshold: 1.000, hinge: 0.500
358 samples
Density: max memory 32178700288, total allocated 2118123520, free 904953672, used 1213169848, increment 0
linearPredictor: max memory 32178700288, total allocated 2118123520, free 904953672, used 1213169848, increment 0
FeaturedSpace: max memory 32178700288, total allocated 2118123520, free 904953672, used 1213169848, increment 0
Sequential: max memory 32178700288, total allocated 2118123520, free 904953672, used 1213169848, increment 0
Initial loss: 9.210340371976184
260: time = 0.193000 loss = 9.141085
Resulting gain: 0.06925505038973334
Projecting...
Writing file /volumes/output/heuchera_rfolk_5min_global/heuchera_cylindrica/Heuchera_cylindrica.asc
Time since start: 3.06
Writing /volumes/output/heuchera_rfolk_5min_global/heuchera_cylindrica/plots/Heuchera_cylindrica.png
Ending
