Tue Dec 27 14:27:07 CST 2022
MaxEnt version 3.4.4
Checking header of /volumes/env/biotaphy_5min_global/ISRICSOILGRIDS_new_average_phx10percent_reduced.asc
Checking header of /volumes/env/biotaphy_5min_global/mask.asc
Reading samples from Telesonix_jamesii.csv
Read samples: max memory 32178700288, total allocated 2118123520, free 2102708224, used 15415296, increment 15415296
Extractor: max memory 32178700288, total allocated 2118123520, free 2100613120, used 17510400, increment 2095104
Extracting random background and sample data
Time since start: 1.024
2959 points with values for all grids
Adding samples to background in feature space
Command line used:  samplesfile=/volumes/output/heuchera_rfolk_5min_global/telesonix_jamesii/Telesonix_jamesii.csv -e /volumes/env/biotaphy_5min_global -o /volumes/output/heuchera_rfolk_5min_global/telesonix_jamesii nowarnings nocache autorun -z togglelayertype=mask
Command line to repeat: java density.MaxEnt nowarnings noprefixes outputdirectory=/volumes/output/heuchera_rfolk_5min_global/telesonix_jamesii samplesfile=/volumes/output/heuchera_rfolk_5min_global/telesonix_jamesii/Telesonix_jamesii.csv environmentallayers=/volumes/env/biotaphy_5min_global nowarnings autorun novisible nocache -t mask
Species: Telesonix_jamesii
Layers: ISRICSOILGRIDS_new_average_phx10percent_reduced mask
Layertypes: Continuous Categorical
outputdirectory: /volumes/output/heuchera_rfolk_5min_global/telesonix_jamesii
samplesfile: /volumes/output/heuchera_rfolk_5min_global/telesonix_jamesii/Telesonix_jamesii.csv
environmentallayers: /volumes/env/biotaphy_5min_global
warnings: false
autorun: true
visible: false
cache: false

getSamples: max memory 32178700288, total allocated 2118123520, free 922369008, used 1195754512, increment 1178244112
Making features
makeFeatures: max memory 32178700288, total allocated 2118123520, free 922369008, used 1195754512, increment 0
Telesonix_jamesii: 
Regularization values: linear/quadratic/product: 0.629, categorical: 0.357, threshold: 1.860, hinge: 0.500
14 samples
Density: max memory 32178700288, total allocated 2118123520, free 922369008, used 1195754512, increment 0
linearPredictor: max memory 32178700288, total allocated 2118123520, free 922369008, used 1195754512, increment 0
FeaturedSpace: max memory 32178700288, total allocated 2118123520, free 922369008, used 1195754512, increment 0
Sequential: max memory 32178700288, total allocated 2118123520, free 922369008, used 1195754512, increment 0
Initial loss: 7.99260665240021
60: time = 0.030000 loss = 7.892728
Resulting gain: 0.09987857109771081
Projecting...
Writing file /volumes/output/heuchera_rfolk_5min_global/telesonix_jamesii/Telesonix_jamesii.asc
Time since start: 2.83
Writing /volumes/output/heuchera_rfolk_5min_global/telesonix_jamesii/plots/Telesonix_jamesii.png
Ending
