Thu Dec 22 15:41:31 CST 2022
MaxEnt version 3.4.4
Checking header of /volumes/env/na_2.5min/BIOCLIM_1.asc
Checking header of /volumes/env/na_2.5min/BIOCLIM_12.asc
Checking header of /volumes/env/na_2.5min/BIOCLIM_17.asc
Checking header of /volumes/env/na_2.5min/BIOCLIM_7.asc
Checking header of /volumes/env/na_2.5min/GTOPO30_ELEVATION.asc
Checking header of /volumes/env/na_2.5min/GTOPO30_SLOPE_reduced.asc
Checking header of /volumes/env/na_2.5min/ISRICSOILGRIDS_new_average_coarsefragmentpercent_reduced.asc
Checking header of /volumes/env/na_2.5min/ISRICSOILGRIDS_new_average_phx10percent_reduced.asc
Checking header of /volumes/env/na_2.5min/ISRICSOILGRIDS_new_average_sandpercent_reduced.asc
Checking header of /volumes/env/na_2.5min/ISRICSOILGRIDS_new_average_soilorganiccarboncontent_reduced.asc
Checking header of /volumes/env/na_2.5min/LandCover_1_Needleleaf.asc
Checking header of /volumes/env/na_2.5min/LandCover_6_Herbaceous.asc
Checking header of /volumes/env/na_2.5min/mask.asc
Reading samples from Heuchera_puberula.csv
Read samples: max memory 12612272128, total allocated 792723456, free 773664600, used 19058856, increment 19058856
Extractor: max memory 12612272128, total allocated 792723456, free 765312408, used 27411048, increment 8352192
Extracting random background and sample data
Time since start: 5.32
4333 points with values for all grids
Adding samples to background in feature space
Command line used:  samplesfile=/volumes/output/heuchera_rfolk_na/heuchera_puberula/Heuchera_puberula.csv -e /volumes/env/na_2.5min -o /volumes/output/heuchera_rfolk_na/heuchera_puberula nowarnings nocache autorun -z togglelayertype=mask
Command line to repeat: java density.MaxEnt nowarnings noprefixes outputdirectory=/volumes/output/heuchera_rfolk_na/heuchera_puberula samplesfile=/volumes/output/heuchera_rfolk_na/heuchera_puberula/Heuchera_puberula.csv environmentallayers=/volumes/env/na_2.5min nowarnings autorun novisible nocache -t mask
Species: Heuchera_puberula
Layers: BIOCLIM_1 BIOCLIM_12 BIOCLIM_17 BIOCLIM_7 GTOPO30_ELEVATION GTOPO30_SLOPE_reduced ISRICSOILGRIDS_new_average_coarsefragmentpercent_reduced ISRICSOILGRIDS_new_average_phx10percent_reduced ISRICSOILGRIDS_new_average_sandpercent_reduced ISRICSOILGRIDS_new_average_soilorganiccarboncontent_reduced LandCover_1_Needleleaf LandCover_6_Herbaceous mask
Layertypes: Continuous Continuous Continuous Continuous Continuous Continuous Continuous Continuous Continuous Continuous Continuous Continuous Categorical
outputdirectory: /volumes/output/heuchera_rfolk_na/heuchera_puberula
samplesfile: /volumes/output/heuchera_rfolk_na/heuchera_puberula/Heuchera_puberula.csv
environmentallayers: /volumes/env/na_2.5min
warnings: false
autorun: true
visible: false
cache: false

getSamples: max memory 12612272128, total allocated 1157627904, free 884489464, used 273138440, increment 245727392
Making features
makeFeatures: max memory 12612272128, total allocated 1157627904, free 880833760, used 276794144, increment 3655704
Heuchera_puberula: 
Regularization values: linear/quadratic/product: 0.213, categorical: 0.250, threshold: 1.570, hinge: 0.500
43 samples
Density: max memory 12612272128, total allocated 1157627904, free 875054328, used 282573576, increment 5779432
linearPredictor: max memory 12612272128, total allocated 1157627904, free 875054328, used 282573576, increment 0
FeaturedSpace: max memory 12612272128, total allocated 1157627904, free 875054328, used 282573576, increment 0
Sequential: max memory 12612272128, total allocated 1157627904, free 875054328, used 282573576, increment 0
Initial loss: 8.374015421739909
Time since start: 6.479
500: time = 0.961000 loss = 7.315336
Resulting gain: 1.0586789590316004
Projecting...
Writing file /volumes/output/heuchera_rfolk_na/heuchera_puberula/Heuchera_puberula.asc
Time since start: 12.132
Writing /volumes/output/heuchera_rfolk_na/heuchera_puberula/plots/Heuchera_puberula.png
Ending
