Thu Dec 22 15:51:02 CST 2022
MaxEnt version 3.4.4
Checking header of /volumes/env/na_2.5min/BIOCLIM_1.asc
Checking header of /volumes/env/na_2.5min/BIOCLIM_12.asc
Checking header of /volumes/env/na_2.5min/BIOCLIM_17.asc
Checking header of /volumes/env/na_2.5min/BIOCLIM_7.asc
Checking header of /volumes/env/na_2.5min/GTOPO30_ELEVATION.asc
Checking header of /volumes/env/na_2.5min/GTOPO30_SLOPE_reduced.asc
Checking header of /volumes/env/na_2.5min/ISRICSOILGRIDS_new_average_coarsefragmentpercent_reduced.asc
Checking header of /volumes/env/na_2.5min/ISRICSOILGRIDS_new_average_phx10percent_reduced.asc
Checking header of /volumes/env/na_2.5min/ISRICSOILGRIDS_new_average_sandpercent_reduced.asc
Checking header of /volumes/env/na_2.5min/ISRICSOILGRIDS_new_average_soilorganiccarboncontent_reduced.asc
Checking header of /volumes/env/na_2.5min/LandCover_1_Needleleaf.asc
Checking header of /volumes/env/na_2.5min/LandCover_6_Herbaceous.asc
Checking header of /volumes/env/na_2.5min/mask.asc
Reading samples from Heuchera_parvifolia.csv
Read samples: max memory 12612272128, total allocated 792723456, free 766824448, used 25899008, increment 25899008
Extractor: max memory 12612272128, total allocated 792723456, free 787524024, used 5199432, increment -20699576
Extracting random background and sample data
Warning: Sample at -110.6958, 43.9596 in Heuchera_parvifolia.csv is missing some environmental data (e.g. ISRICSOILGRIDS_new_average_coarsefragmentpercent_reduced)
Warning: Skipping sample at -110.6958, 43.9596
Warning: Sample at -110.6031, 43.8451 in Heuchera_parvifolia.csv is missing some environmental data (e.g. ISRICSOILGRIDS_new_average_coarsefragmentpercent_reduced)
Warning: Skipping sample at -110.6031, 43.8451
Time since start: 5.027
112308 points with values for all grids
Adding samples to background in feature space
Command line used:  samplesfile=/volumes/output/heuchera_rfolk_na/heuchera_parvifolia/Heuchera_parvifolia.csv -e /volumes/env/na_2.5min -o /volumes/output/heuchera_rfolk_na/heuchera_parvifolia nowarnings nocache autorun -z togglelayertype=mask
Command line to repeat: java density.MaxEnt nowarnings noprefixes outputdirectory=/volumes/output/heuchera_rfolk_na/heuchera_parvifolia samplesfile=/volumes/output/heuchera_rfolk_na/heuchera_parvifolia/Heuchera_parvifolia.csv environmentallayers=/volumes/env/na_2.5min nowarnings autorun novisible nocache -t mask
Species: Heuchera_parvifolia
Layers: BIOCLIM_1 BIOCLIM_12 BIOCLIM_17 BIOCLIM_7 GTOPO30_ELEVATION GTOPO30_SLOPE_reduced ISRICSOILGRIDS_new_average_coarsefragmentpercent_reduced ISRICSOILGRIDS_new_average_phx10percent_reduced ISRICSOILGRIDS_new_average_sandpercent_reduced ISRICSOILGRIDS_new_average_soilorganiccarboncontent_reduced LandCover_1_Needleleaf LandCover_6_Herbaceous mask
Layertypes: Continuous Continuous Continuous Continuous Continuous Continuous Continuous Continuous Continuous Continuous Continuous Continuous Categorical
outputdirectory: /volumes/output/heuchera_rfolk_na/heuchera_parvifolia
samplesfile: /volumes/output/heuchera_rfolk_na/heuchera_parvifolia/Heuchera_parvifolia.csv
environmentallayers: /volumes/env/na_2.5min
warnings: false
autorun: true
visible: false
cache: false

getSamples: max memory 12612272128, total allocated 958398464, free 846239552, used 112158912, increment 106959480
Making features
makeFeatures: max memory 12612272128, total allocated 958398464, free 837035384, used 121363080, increment 9204168
Heuchera_parvifolia: 
Regularization values: linear/quadratic/product: 0.050, categorical: 0.250, threshold: 1.000, hinge: 0.500
1116 samples
Density: max memory 12612272128, total allocated 958398464, free 823170880, used 135227584, increment 13864504
linearPredictor: max memory 12612272128, total allocated 958398464, free 823170880, used 135227584, increment 0
FeaturedSpace: max memory 12612272128, total allocated 958398464, free 823170880, used 135227584, increment 0
Sequential: max memory 12612272128, total allocated 958398464, free 823170880, used 135227584, increment 0
Initial loss: 9.308464769969381
Time since start: 9.01
500: time = 3.231000 loss = 8.519773
Resulting gain: 0.7886918019522255
Projecting...
Writing file /volumes/output/heuchera_rfolk_na/heuchera_parvifolia/Heuchera_parvifolia.asc
Time since start: 16.604
Writing /volumes/output/heuchera_rfolk_na/heuchera_parvifolia/plots/Heuchera_parvifolia.png
Time since start: 18.719
Ending
