Tue Dec 27 14:30:39 CST 2022
MaxEnt version 3.4.4
Checking header of /volumes/env/biotaphy_5min_global/ISRICSOILGRIDS_new_average_phx10percent_reduced.asc
Checking header of /volumes/env/biotaphy_5min_global/mask.asc
Reading samples from Mitella_pentandra.csv
Read samples: max memory 32178700288, total allocated 2118123520, free 2096418816, used 21704704, increment 21704704
Extractor: max memory 32178700288, total allocated 2118123520, free 2092224512, used 25899008, increment 4194304
Extracting random background and sample data
Warning: Sample at -134.5, 58.61 in Mitella_pentandra.csv is missing some environmental data (e.g. ISRICSOILGRIDS_new_average_phx10percent_reduced)
Warning: Skipping sample at -134.5, 58.61
Warning: Sample at -152.72833, 58.44028 in Mitella_pentandra.csv is missing some environmental data (e.g. ISRICSOILGRIDS_new_average_phx10percent_reduced)
Warning: Skipping sample at -152.72833, 58.44028
Warning: Sample at -152.27092, 57.4942 in Mitella_pentandra.csv is missing some environmental data (e.g. ISRICSOILGRIDS_new_average_phx10percent_reduced)
Warning: Skipping sample at -152.27092, 57.4942
Warning: Sample at -132.85, 56.77 in Mitella_pentandra.csv is missing some environmental data (e.g. ISRICSOILGRIDS_new_average_phx10percent_reduced)
Warning: Skipping sample at -132.85, 56.77
Warning: Sample at -123.0009887, 48.99971063 in Mitella_pentandra.csv is missing some environmental data (e.g. ISRICSOILGRIDS_new_average_phx10percent_reduced)
Warning: Skipping sample at -123.0009887, 48.99971063
Time since start: 1.046
51468 points with values for all grids
Adding samples to background in feature space
Command line used:  samplesfile=/volumes/output/heuchera_rfolk_5min_global/mitella_pentandra/Mitella_pentandra.csv -e /volumes/env/biotaphy_5min_global -o /volumes/output/heuchera_rfolk_5min_global/mitella_pentandra nowarnings nocache autorun -z togglelayertype=mask
Command line to repeat: java density.MaxEnt nowarnings noprefixes outputdirectory=/volumes/output/heuchera_rfolk_5min_global/mitella_pentandra samplesfile=/volumes/output/heuchera_rfolk_5min_global/mitella_pentandra/Mitella_pentandra.csv environmentallayers=/volumes/env/biotaphy_5min_global nowarnings autorun novisible nocache -t mask
Species: Mitella_pentandra
Layers: ISRICSOILGRIDS_new_average_phx10percent_reduced mask
Layertypes: Continuous Categorical
outputdirectory: /volumes/output/heuchera_rfolk_5min_global/mitella_pentandra
samplesfile: /volumes/output/heuchera_rfolk_5min_global/mitella_pentandra/Mitella_pentandra.csv
environmentallayers: /volumes/env/biotaphy_5min_global
warnings: false
autorun: true
visible: false
cache: false

getSamples: max memory 32178700288, total allocated 2118123520, free 911187072, used 1206936448, increment 1181037440
Making features
makeFeatures: max memory 32178700288, total allocated 2118123520, free 911185024, used 1206938496, increment 2048
Mitella_pentandra: 
Regularization values: linear/quadratic/product: 0.050, categorical: 0.250, threshold: 1.000, hinge: 0.500
395 samples
Density: max memory 32178700288, total allocated 2118123520, free 909087872, used 1209035648, increment 2097152
linearPredictor: max memory 32178700288, total allocated 2118123520, free 909087872, used 1209035648, increment 0
FeaturedSpace: max memory 32178700288, total allocated 2118123520, free 909087872, used 1209035648, increment 0
Sequential: max memory 32178700288, total allocated 2118123520, free 909087872, used 1209035648, increment 0
Initial loss: 9.210340371976184
240: time = 0.175000 loss = 9.083575
Resulting gain: 0.12676559438311585
Projecting...
Writing file /volumes/output/heuchera_rfolk_5min_global/mitella_pentandra/Mitella_pentandra.asc
Time since start: 3.101
Writing /volumes/output/heuchera_rfolk_5min_global/mitella_pentandra/plots/Mitella_pentandra.png
Ending
