Thu Dec 22 15:50:28 CST 2022
MaxEnt version 3.4.4
Checking header of /volumes/env/na_2.5min/BIOCLIM_1.asc
Checking header of /volumes/env/na_2.5min/BIOCLIM_12.asc
Checking header of /volumes/env/na_2.5min/BIOCLIM_17.asc
Checking header of /volumes/env/na_2.5min/BIOCLIM_7.asc
Checking header of /volumes/env/na_2.5min/GTOPO30_ELEVATION.asc
Checking header of /volumes/env/na_2.5min/GTOPO30_SLOPE_reduced.asc
Checking header of /volumes/env/na_2.5min/ISRICSOILGRIDS_new_average_coarsefragmentpercent_reduced.asc
Checking header of /volumes/env/na_2.5min/ISRICSOILGRIDS_new_average_phx10percent_reduced.asc
Checking header of /volumes/env/na_2.5min/ISRICSOILGRIDS_new_average_sandpercent_reduced.asc
Checking header of /volumes/env/na_2.5min/ISRICSOILGRIDS_new_average_soilorganiccarboncontent_reduced.asc
Checking header of /volumes/env/na_2.5min/LandCover_1_Needleleaf.asc
Checking header of /volumes/env/na_2.5min/LandCover_6_Herbaceous.asc
Checking header of /volumes/env/na_2.5min/mask.asc
Reading samples from Heuchera_brevistaminea.csv
Read samples: max memory 12612272128, total allocated 792723456, free 773701024, used 19022432, increment 19022432
Extractor: max memory 12612272128, total allocated 792723456, free 766067400, used 26656056, increment 7633624
Extracting random background and sample data
Time since start: 5.097
452 points with values for all grids
Adding samples to background in feature space
Command line used:  samplesfile=/volumes/output/heuchera_rfolk_na/heuchera_brevistaminea/Heuchera_brevistaminea.csv -e /volumes/env/na_2.5min -o /volumes/output/heuchera_rfolk_na/heuchera_brevistaminea nowarnings nocache autorun -z togglelayertype=mask
Command line to repeat: java density.MaxEnt nowarnings noprefixes outputdirectory=/volumes/output/heuchera_rfolk_na/heuchera_brevistaminea samplesfile=/volumes/output/heuchera_rfolk_na/heuchera_brevistaminea/Heuchera_brevistaminea.csv environmentallayers=/volumes/env/na_2.5min nowarnings autorun novisible nocache -t mask
Species: Heuchera_brevistaminea
Layers: BIOCLIM_1 BIOCLIM_12 BIOCLIM_17 BIOCLIM_7 GTOPO30_ELEVATION GTOPO30_SLOPE_reduced ISRICSOILGRIDS_new_average_coarsefragmentpercent_reduced ISRICSOILGRIDS_new_average_phx10percent_reduced ISRICSOILGRIDS_new_average_sandpercent_reduced ISRICSOILGRIDS_new_average_soilorganiccarboncontent_reduced LandCover_1_Needleleaf LandCover_6_Herbaceous mask
Layertypes: Continuous Continuous Continuous Continuous Continuous Continuous Continuous Continuous Continuous Continuous Continuous Continuous Categorical
outputdirectory: /volumes/output/heuchera_rfolk_na/heuchera_brevistaminea
samplesfile: /volumes/output/heuchera_rfolk_na/heuchera_brevistaminea/Heuchera_brevistaminea.csv
environmentallayers: /volumes/env/na_2.5min
warnings: false
autorun: true
visible: false
cache: false

getSamples: max memory 12612272128, total allocated 1166016512, free 1149407600, used 16608912, increment -10047144
Making features
makeFeatures: max memory 12612272128, total allocated 1166016512, free 1148361072, used 17655440, increment 1046528
Heuchera_brevistaminea: 
Regularization values: linear/quadratic/product: 1.000, categorical: 0.545, threshold: 1.930, hinge: 0.500
7 samples
Density: max memory 12612272128, total allocated 1166016512, free 1148361072, used 17655440, increment 0
linearPredictor: max memory 12612272128, total allocated 1166016512, free 1148361072, used 17655440, increment 0
FeaturedSpace: max memory 12612272128, total allocated 1166016512, free 1148361072, used 17655440, increment 0
Sequential: max memory 12612272128, total allocated 1166016512, free 1147305312, used 18711200, increment 1055760
Initial loss: 6.113682179832232
80: time = 0.031000 loss = 5.592785
Resulting gain: 0.5208971606569577
Projecting...
Writing file /volumes/output/heuchera_rfolk_na/heuchera_brevistaminea/Heuchera_brevistaminea.asc
Time since start: 10.844
Writing /volumes/output/heuchera_rfolk_na/heuchera_brevistaminea/plots/Heuchera_brevistaminea.png
Ending
