Tue Dec 27 15:04:34 CST 2022
MaxEnt version 3.4.4
Checking header of /volumes/env/na_2.5min/BIOCLIM_1.asc
Checking header of /volumes/env/na_2.5min/BIOCLIM_12.asc
Checking header of /volumes/env/na_2.5min/BIOCLIM_17.asc
Checking header of /volumes/env/na_2.5min/BIOCLIM_7.asc
Checking header of /volumes/env/na_2.5min/GTOPO30_ELEVATION.asc
Checking header of /volumes/env/na_2.5min/GTOPO30_SLOPE_reduced.asc
Checking header of /volumes/env/na_2.5min/ISRICSOILGRIDS_new_average_coarsefragmentpercent_reduced.asc
Checking header of /volumes/env/na_2.5min/ISRICSOILGRIDS_new_average_phx10percent_reduced.asc
Checking header of /volumes/env/na_2.5min/ISRICSOILGRIDS_new_average_sandpercent_reduced.asc
Checking header of /volumes/env/na_2.5min/ISRICSOILGRIDS_new_average_soilorganiccarboncontent_reduced.asc
Checking header of /volumes/env/na_2.5min/LandCover_1_Needleleaf.asc
Checking header of /volumes/env/na_2.5min/LandCover_6_Herbaceous.asc
Checking header of /volumes/env/na_2.5min/mask.asc
Reading samples from Heuchera_villosa.csv
Read samples: max memory 32178700288, total allocated 2118123520, free 2096418816, used 21704704, increment 21704704
Extractor: max memory 32178700288, total allocated 2118123520, free 2088030208, used 30093312, increment 8388608
Extracting random background and sample data
Warning: Sample at -88.1936, 34.97639 in Heuchera_villosa.csv is missing some environmental data (e.g. ISRICSOILGRIDS_new_average_coarsefragmentpercent_reduced)
Warning: Skipping sample at -88.1936, 34.97639
Warning: Sample at -88.19361111, 34.97638889 in Heuchera_villosa.csv is missing some environmental data (e.g. ISRICSOILGRIDS_new_average_coarsefragmentpercent_reduced)
Warning: Skipping sample at -88.19361111, 34.97638889
Warning: Sample at -88.18065, 34.95964 in Heuchera_villosa.csv is missing some environmental data (e.g. ISRICSOILGRIDS_new_average_coarsefragmentpercent_reduced)
Warning: Skipping sample at -88.18065, 34.95964
Time since start: 2.093
30258 points with values for all grids
Adding samples to background in feature space
Command line used:  samplesfile=/volumes/output/heuchera_rfolk_2.5min_na/heuchera_villosa/Heuchera_villosa.csv -e /volumes/env/na_2.5min -o /volumes/output/heuchera_rfolk_2.5min_na/heuchera_villosa nowarnings nocache autorun -z togglelayertype=mask
Command line to repeat: java density.MaxEnt nowarnings noprefixes outputdirectory=/volumes/output/heuchera_rfolk_2.5min_na/heuchera_villosa samplesfile=/volumes/output/heuchera_rfolk_2.5min_na/heuchera_villosa/Heuchera_villosa.csv environmentallayers=/volumes/env/na_2.5min nowarnings autorun novisible nocache -t mask
Species: Heuchera_villosa
Layers: BIOCLIM_1 BIOCLIM_12 BIOCLIM_17 BIOCLIM_7 GTOPO30_ELEVATION GTOPO30_SLOPE_reduced ISRICSOILGRIDS_new_average_coarsefragmentpercent_reduced ISRICSOILGRIDS_new_average_phx10percent_reduced ISRICSOILGRIDS_new_average_sandpercent_reduced ISRICSOILGRIDS_new_average_soilorganiccarboncontent_reduced LandCover_1_Needleleaf LandCover_6_Herbaceous mask
Layertypes: Continuous Continuous Continuous Continuous Continuous Continuous Continuous Continuous Continuous Continuous Continuous Continuous Categorical
outputdirectory: /volumes/output/heuchera_rfolk_2.5min_na/heuchera_villosa
samplesfile: /volumes/output/heuchera_rfolk_2.5min_na/heuchera_villosa/Heuchera_villosa.csv
environmentallayers: /volumes/env/na_2.5min
warnings: false
autorun: true
visible: false
cache: false

getSamples: max memory 32178700288, total allocated 2118123520, free 1964480816, used 153642704, increment 123549392
Making features
makeFeatures: max memory 32178700288, total allocated 2118123520, free 1955455312, used 162668208, increment 9025504
Heuchera_villosa: 
Regularization values: linear/quadratic/product: 0.136, categorical: 0.250, threshold: 1.120, hinge: 0.500
88 samples
Density: max memory 32178700288, total allocated 2118123520, free 1941414192, used 176709328, increment 14041120
linearPredictor: max memory 32178700288, total allocated 2118123520, free 1941414192, used 176709328, increment 0
FeaturedSpace: max memory 32178700288, total allocated 2118123520, free 1941414192, used 176709328, increment 0
Sequential: max memory 32178700288, total allocated 2118123520, free 1941414192, used 176709328, increment 0
Initial loss: 9.216620609933333
Time since start: 3.157
500: time = 0.839000 loss = 8.411620
Resulting gain: 0.8050001602841306
Projecting...
Writing file /volumes/output/heuchera_rfolk_2.5min_na/heuchera_villosa/Heuchera_villosa.asc
Time since start: 6.063
Writing /volumes/output/heuchera_rfolk_2.5min_na/heuchera_villosa/plots/Heuchera_villosa.png
Ending
