Tue Dec 27 14:30:10 CST 2022
MaxEnt version 3.4.4
Checking header of /volumes/env/biotaphy_5min_global/ISRICSOILGRIDS_new_average_phx10percent_reduced.asc
Checking header of /volumes/env/biotaphy_5min_global/mask.asc
Reading samples from Heuchera_sanguinea.csv
Read samples: max memory 32178700288, total allocated 2118123520, free 2100613120, used 17510400, increment 17510400
Extractor: max memory 32178700288, total allocated 2118123520, free 2098513920, used 19609600, increment 2099200
Extracting random background and sample data
Time since start: 1.023
5114 points with values for all grids
Adding samples to background in feature space
Command line used:  samplesfile=/volumes/output/heuchera_rfolk_5min_global/heuchera_sanguinea/Heuchera_sanguinea.csv -e /volumes/env/biotaphy_5min_global -o /volumes/output/heuchera_rfolk_5min_global/heuchera_sanguinea nowarnings nocache autorun -z togglelayertype=mask
Command line to repeat: java density.MaxEnt nowarnings noprefixes outputdirectory=/volumes/output/heuchera_rfolk_5min_global/heuchera_sanguinea samplesfile=/volumes/output/heuchera_rfolk_5min_global/heuchera_sanguinea/Heuchera_sanguinea.csv environmentallayers=/volumes/env/biotaphy_5min_global nowarnings autorun novisible nocache -t mask
Species: Heuchera_sanguinea
Layers: ISRICSOILGRIDS_new_average_phx10percent_reduced mask
Layertypes: Continuous Categorical
outputdirectory: /volumes/output/heuchera_rfolk_5min_global/heuchera_sanguinea
samplesfile: /volumes/output/heuchera_rfolk_5min_global/heuchera_sanguinea/Heuchera_sanguinea.csv
environmentallayers: /volumes/env/biotaphy_5min_global
warnings: false
autorun: true
visible: false
cache: false

getSamples: max memory 32178700288, total allocated 2118123520, free 920121824, used 1198001696, increment 1178392096
Making features
makeFeatures: max memory 32178700288, total allocated 2118123520, free 920121824, used 1198001696, increment 0
Heuchera_sanguinea: 
Regularization values: linear/quadratic/product: 0.161, categorical: 0.250, threshold: 1.390, hinge: 0.500
61 samples
Density: max memory 32178700288, total allocated 2118123520, free 918022624, used 1200100896, increment 2099200
linearPredictor: max memory 32178700288, total allocated 2118123520, free 918022624, used 1200100896, increment 0
FeaturedSpace: max memory 32178700288, total allocated 2118123520, free 918022624, used 1200100896, increment 0
Sequential: max memory 32178700288, total allocated 2118123520, free 918022624, used 1200100896, increment 0
Initial loss: 8.539737155851132
240: time = 0.107000 loss = 7.940374
Resulting gain: 0.5993633911139238
Projecting...
Writing file /volumes/output/heuchera_rfolk_5min_global/heuchera_sanguinea/Heuchera_sanguinea.asc
Time since start: 2.907
Writing /volumes/output/heuchera_rfolk_5min_global/heuchera_sanguinea/plots/Heuchera_sanguinea.png
Ending
