Thu Dec 22 15:37:27 CST 2022
MaxEnt version 3.4.4
Checking header of /volumes/env/na_2.5min/BIOCLIM_1.asc
Checking header of /volumes/env/na_2.5min/BIOCLIM_12.asc
Checking header of /volumes/env/na_2.5min/BIOCLIM_17.asc
Checking header of /volumes/env/na_2.5min/BIOCLIM_7.asc
Checking header of /volumes/env/na_2.5min/GTOPO30_ELEVATION.asc
Checking header of /volumes/env/na_2.5min/GTOPO30_SLOPE_reduced.asc
Checking header of /volumes/env/na_2.5min/ISRICSOILGRIDS_new_average_coarsefragmentpercent_reduced.asc
Checking header of /volumes/env/na_2.5min/ISRICSOILGRIDS_new_average_phx10percent_reduced.asc
Checking header of /volumes/env/na_2.5min/ISRICSOILGRIDS_new_average_sandpercent_reduced.asc
Checking header of /volumes/env/na_2.5min/ISRICSOILGRIDS_new_average_soilorganiccarboncontent_reduced.asc
Checking header of /volumes/env/na_2.5min/LandCover_1_Needleleaf.asc
Checking header of /volumes/env/na_2.5min/LandCover_6_Herbaceous.asc
Checking header of /volumes/env/na_2.5min/mask.asc
Reading samples from Peltoboykinia_watanabei.csv
Read samples: max memory 12612272128, total allocated 792723456, free 773701008, used 19022448, increment 19022448
Warning: Sample at 131.348362, 32.733172 in Peltoboykinia_watanabei.csv is outside the bounding box of environmental data, skipping
Warning: Sample at 133.1, 33.5 in Peltoboykinia_watanabei.csv is outside the bounding box of environmental data, skipping
Warning: Sample at 134.243998, 33.818001 in Peltoboykinia_watanabei.csv is outside the bounding box of environmental data, skipping
Warning: Sample at 133.024913, 33.393097 in Peltoboykinia_watanabei.csv is outside the bounding box of environmental data, skipping
Warning: Sample at 133.129798, 33.561022 in Peltoboykinia_watanabei.csv is outside the bounding box of environmental data, skipping
Warning: Sample at 133.130267, 33.561377 in Peltoboykinia_watanabei.csv is outside the bounding box of environmental data, skipping
Warning: Sample at 133.034607, 33.68896 in Peltoboykinia_watanabei.csv is outside the bounding box of environmental data, skipping
Warning: Sample at 131.328315, 33.056648 in Peltoboykinia_watanabei.csv is outside the bounding box of environmental data, skipping
Warning: Sample at 131.159216, 32.614194 in Peltoboykinia_watanabei.csv is outside the bounding box of environmental data, skipping
Warning: Sample at 133.024787, 33.392859 in Peltoboykinia_watanabei.csv is outside the bounding box of environmental data, skipping
Warning: Sample at 133.883333, 33.65 in Peltoboykinia_watanabei.csv is outside the bounding box of environmental data, skipping
Warning: Sample at 130.533547, 32.181851 in Peltoboykinia_watanabei.csv is outside the bounding box of environmental data, skipping
Warning: Sample at 131.2, 33.0 in Peltoboykinia_watanabei.csv is outside the bounding box of environmental data, skipping
Warning: Sample at 133.167088, 33.574746 in Peltoboykinia_watanabei.csv is outside the bounding box of environmental data, skipping
Warning: Sample at 133.2, 33.5 in Peltoboykinia_watanabei.csv is outside the bounding box of environmental data, skipping
Warning: Sample at 131.385923, 32.491486 in Peltoboykinia_watanabei.csv is outside the bounding box of environmental data, skipping
Warning: Sample at 131.239999, 33.081666 in Peltoboykinia_watanabei.csv is outside the bounding box of environmental data, skipping
Warning: Sample at 131.240011, 33.081668 in Peltoboykinia_watanabei.csv is outside the bounding box of environmental data, skipping
Warning: Sample at 131.196377, 32.683022 in Peltoboykinia_watanabei.csv is outside the bounding box of environmental data, skipping
Extractor: max memory 12612272128, total allocated 792723456, free 766067408, used 26656048, increment 7633600
Extracting random background and sample data
Time since start: 6.127
0 points with values for all grids
No background points with data in all layers
java.lang.Exception
	at density.Utils.logError(Utils.java:218)
	at density.Utils.popupError(Utils.java:224)
	at density.Runner.popupError(Runner.java:107)
	at density.Runner.start(Runner.java:328)
	at density.MaxEnt.main(MaxEnt.java:59)
Ending
