Thu Dec 22 15:42:35 CST 2022
MaxEnt version 3.4.4
Checking header of /volumes/env/na_2.5min/BIOCLIM_1.asc
Checking header of /volumes/env/na_2.5min/BIOCLIM_12.asc
Checking header of /volumes/env/na_2.5min/BIOCLIM_17.asc
Checking header of /volumes/env/na_2.5min/BIOCLIM_7.asc
Checking header of /volumes/env/na_2.5min/GTOPO30_ELEVATION.asc
Checking header of /volumes/env/na_2.5min/GTOPO30_SLOPE_reduced.asc
Checking header of /volumes/env/na_2.5min/ISRICSOILGRIDS_new_average_coarsefragmentpercent_reduced.asc
Checking header of /volumes/env/na_2.5min/ISRICSOILGRIDS_new_average_phx10percent_reduced.asc
Checking header of /volumes/env/na_2.5min/ISRICSOILGRIDS_new_average_sandpercent_reduced.asc
Checking header of /volumes/env/na_2.5min/ISRICSOILGRIDS_new_average_soilorganiccarboncontent_reduced.asc
Checking header of /volumes/env/na_2.5min/LandCover_1_Needleleaf.asc
Checking header of /volumes/env/na_2.5min/LandCover_6_Herbaceous.asc
Checking header of /volumes/env/na_2.5min/mask.asc
Reading samples from Heuchera_caespitosa.csv
Read samples: max memory 12612272128, total allocated 792723456, free 773686648, used 19036808, increment 19036808
Extractor: max memory 12612272128, total allocated 792723456, free 766044872, used 26678584, increment 7641776
Extracting random background and sample data
Time since start: 5.214
1161 points with values for all grids
Adding samples to background in feature space
Command line used:  samplesfile=/volumes/output/heuchera_rfolk_na/heuchera_caespitosa/Heuchera_caespitosa.csv -e /volumes/env/na_2.5min -o /volumes/output/heuchera_rfolk_na/heuchera_caespitosa nowarnings nocache autorun -z togglelayertype=mask
Command line to repeat: java density.MaxEnt nowarnings noprefixes outputdirectory=/volumes/output/heuchera_rfolk_na/heuchera_caespitosa samplesfile=/volumes/output/heuchera_rfolk_na/heuchera_caespitosa/Heuchera_caespitosa.csv environmentallayers=/volumes/env/na_2.5min nowarnings autorun novisible nocache -t mask
Species: Heuchera_caespitosa
Layers: BIOCLIM_1 BIOCLIM_12 BIOCLIM_17 BIOCLIM_7 GTOPO30_ELEVATION GTOPO30_SLOPE_reduced ISRICSOILGRIDS_new_average_coarsefragmentpercent_reduced ISRICSOILGRIDS_new_average_phx10percent_reduced ISRICSOILGRIDS_new_average_sandpercent_reduced ISRICSOILGRIDS_new_average_soilorganiccarboncontent_reduced LandCover_1_Needleleaf LandCover_6_Herbaceous mask
Layertypes: Continuous Continuous Continuous Continuous Continuous Continuous Continuous Continuous Continuous Continuous Continuous Continuous Categorical
outputdirectory: /volumes/output/heuchera_rfolk_na/heuchera_caespitosa
samplesfile: /volumes/output/heuchera_rfolk_na/heuchera_caespitosa/Heuchera_caespitosa.csv
environmentallayers: /volumes/env/na_2.5min
warnings: false
autorun: true
visible: false
cache: false

getSamples: max memory 12612272128, total allocated 1153433600, free 845203168, used 308230432, increment 281551848
Making features
makeFeatures: max memory 12612272128, total allocated 1153433600, free 844156640, used 309276960, increment 1046528
Heuchera_caespitosa: 
Regularization values: linear/quadratic/product: 0.800, categorical: 0.500, threshold: 1.900, hinge: 0.500
10 samples
Density: max memory 12612272128, total allocated 1153433600, free 844154592, used 309279008, increment 2048
linearPredictor: max memory 12612272128, total allocated 1153433600, free 844154592, used 309279008, increment 0
FeaturedSpace: max memory 12612272128, total allocated 1153433600, free 844154592, used 309279008, increment 0
Sequential: max memory 12612272128, total allocated 1153433600, free 844154592, used 309279008, increment 0
Initial loss: 7.057036981697891
100: time = 0.065000 loss = 6.310622
Resulting gain: 0.7464149125034947
Projecting...
Writing file /volumes/output/heuchera_rfolk_na/heuchera_caespitosa/Heuchera_caespitosa.asc
Time since start: 10.918
Writing /volumes/output/heuchera_rfolk_na/heuchera_caespitosa/plots/Heuchera_caespitosa.png
Ending
