Wed Dec 28 11:39:50 CST 2022
MaxEnt version 3.4.4
Checking header of /volumes/env/biotaphy_5min_global/ISRICSOILGRIDS_new_average_phx10percent_reduced.asc
Checking header of /volumes/env/biotaphy_5min_global/mask.asc
Reading samples from Heuchera_eastwoodiae.csv
Read samples: max memory 32178700288, total allocated 2118123520, free 2100613120, used 17510400, increment 17510400
Extractor: max memory 32178700288, total allocated 2118123520, free 2098513920, used 19609600, increment 2099200
Extracting random background and sample data
Time since start: 1.042
497 points with values for all grids
Adding samples to background in feature space
Command line used:  samplesfile=/volumes/output/heuchera_rfolk_5min_global/Heuchera_eastwoodiae/Heuchera_eastwoodiae.csv -e /volumes/env/biotaphy_5min_global -o /volumes/output/heuchera_rfolk_5min_global/Heuchera_eastwoodiae nowarnings nocache autorun -z togglelayertype=mask
Command line to repeat: java density.MaxEnt nowarnings noprefixes outputdirectory=/volumes/output/heuchera_rfolk_5min_global/Heuchera_eastwoodiae samplesfile=/volumes/output/heuchera_rfolk_5min_global/Heuchera_eastwoodiae/Heuchera_eastwoodiae.csv environmentallayers=/volumes/env/biotaphy_5min_global nowarnings autorun novisible nocache -t mask
Species: Heuchera_eastwoodiae
Layers: ISRICSOILGRIDS_new_average_phx10percent_reduced mask
Layertypes: Continuous Categorical
outputdirectory: /volumes/output/heuchera_rfolk_5min_global/Heuchera_eastwoodiae
samplesfile: /volumes/output/heuchera_rfolk_5min_global/Heuchera_eastwoodiae/Heuchera_eastwoodiae.csv
environmentallayers: /volumes/env/biotaphy_5min_global
warnings: false
autorun: true
visible: false
cache: false

getSamples: max memory 32178700288, total allocated 2118123520, free 922558600, used 1195564920, increment 1175955320
Making features
makeFeatures: max memory 32178700288, total allocated 2118123520, free 922558600, used 1195564920, increment 0
Heuchera_eastwoodiae: 
Regularization values: linear/quadratic/product: 0.481, categorical: 0.250, threshold: 1.820, hinge: 0.500
18 samples
Density: max memory 32178700288, total allocated 2118123520, free 922558600, used 1195564920, increment 0
linearPredictor: max memory 32178700288, total allocated 2118123520, free 922558600, used 1195564920, increment 0
FeaturedSpace: max memory 32178700288, total allocated 2118123520, free 922558600, used 1195564920, increment 0
Sequential: max memory 32178700288, total allocated 2118123520, free 922558600, used 1195564920, increment 0
Initial loss: 6.208590026096629
180: time = 0.032000 loss = 5.449859
Resulting gain: 0.7587314041939983
Projecting...
Writing file /volumes/output/heuchera_rfolk_5min_global/Heuchera_eastwoodiae/Heuchera_eastwoodiae.asc
Time since start: 2.882
Writing /volumes/output/heuchera_rfolk_5min_global/Heuchera_eastwoodiae/plots/Heuchera_eastwoodiae.png
Ending
