Tue Dec 27 14:32:02 CST 2022
MaxEnt version 3.4.4
Checking header of /volumes/env/biotaphy_5min_global/ISRICSOILGRIDS_new_average_phx10percent_reduced.asc
Checking header of /volumes/env/biotaphy_5min_global/mask.asc
Reading samples from Heuchera_bracteata.csv
Read samples: max memory 32178700288, total allocated 2118123520, free 2102708224, used 15415296, increment 15415296
Extractor: max memory 32178700288, total allocated 2118123520, free 2100613120, used 17510400, increment 2095104
Extracting random background and sample data
Time since start: 1.032
469 points with values for all grids
Adding samples to background in feature space
Command line used:  samplesfile=/volumes/output/heuchera_rfolk_5min_global/heuchera_bracteata/Heuchera_bracteata.csv -e /volumes/env/biotaphy_5min_global -o /volumes/output/heuchera_rfolk_5min_global/heuchera_bracteata nowarnings nocache autorun -z togglelayertype=mask
Command line to repeat: java density.MaxEnt nowarnings noprefixes outputdirectory=/volumes/output/heuchera_rfolk_5min_global/heuchera_bracteata samplesfile=/volumes/output/heuchera_rfolk_5min_global/heuchera_bracteata/Heuchera_bracteata.csv environmentallayers=/volumes/env/biotaphy_5min_global nowarnings autorun novisible nocache -t mask
Species: Heuchera_bracteata
Layers: ISRICSOILGRIDS_new_average_phx10percent_reduced mask
Layertypes: Continuous Categorical
outputdirectory: /volumes/output/heuchera_rfolk_5min_global/heuchera_bracteata
samplesfile: /volumes/output/heuchera_rfolk_5min_global/heuchera_bracteata/Heuchera_bracteata.csv
environmentallayers: /volumes/env/biotaphy_5min_global
warnings: false
autorun: true
visible: false
cache: false

getSamples: max memory 32178700288, total allocated 2118123520, free 920417192, used 1197706328, increment 1180195928
Making features
makeFeatures: max memory 32178700288, total allocated 2118123520, free 920415144, used 1197708376, increment 2048
Heuchera_bracteata: 
Regularization values: linear/quadratic/product: 0.199, categorical: 0.250, threshold: 1.520, hinge: 0.500
48 samples
Density: max memory 32178700288, total allocated 2118123520, free 920415144, used 1197708376, increment 0
linearPredictor: max memory 32178700288, total allocated 2118123520, free 920415144, used 1197708376, increment 0
FeaturedSpace: max memory 32178700288, total allocated 2118123520, free 920415144, used 1197708376, increment 0
Sequential: max memory 32178700288, total allocated 2118123520, free 920415144, used 1197708376, increment 0
Initial loss: 6.150602768446279
120: time = 0.026000 loss = 5.904353
Resulting gain: 0.24624960740476798
Projecting...
Writing file /volumes/output/heuchera_rfolk_5min_global/heuchera_bracteata/Heuchera_bracteata.asc
Time since start: 2.859
Writing /volumes/output/heuchera_rfolk_5min_global/heuchera_bracteata/plots/Heuchera_bracteata.png
Ending
