Wed Dec 28 11:40:27 CST 2022
MaxEnt version 3.4.4
Checking header of /volumes/env/biotaphy_5min_global/ISRICSOILGRIDS_new_average_phx10percent_reduced.asc
Checking header of /volumes/env/biotaphy_5min_global/mask.asc
Reading samples from Heuchera_bracteata.csv
Read samples: max memory 32178700288, total allocated 2118123520, free 2100613120, used 17510400, increment 17510400
Extractor: max memory 32178700288, total allocated 2118123520, free 2098513920, used 19609600, increment 2099200
Extracting random background and sample data
Time since start: 1.028
469 points with values for all grids
Adding samples to background in feature space
Command line used:  samplesfile=/volumes/output/heuchera_rfolk_5min_global/Heuchera_bracteata/Heuchera_bracteata.csv -e /volumes/env/biotaphy_5min_global -o /volumes/output/heuchera_rfolk_5min_global/Heuchera_bracteata nowarnings nocache autorun -z togglelayertype=mask
Command line to repeat: java density.MaxEnt nowarnings noprefixes outputdirectory=/volumes/output/heuchera_rfolk_5min_global/Heuchera_bracteata samplesfile=/volumes/output/heuchera_rfolk_5min_global/Heuchera_bracteata/Heuchera_bracteata.csv environmentallayers=/volumes/env/biotaphy_5min_global nowarnings autorun novisible nocache -t mask
Species: Heuchera_bracteata
Layers: ISRICSOILGRIDS_new_average_phx10percent_reduced mask
Layertypes: Continuous Categorical
outputdirectory: /volumes/output/heuchera_rfolk_5min_global/Heuchera_bracteata
samplesfile: /volumes/output/heuchera_rfolk_5min_global/Heuchera_bracteata/Heuchera_bracteata.csv
environmentallayers: /volumes/env/biotaphy_5min_global
warnings: false
autorun: true
visible: false
cache: false

getSamples: max memory 32178700288, total allocated 2118123520, free 920463200, used 1197660320, increment 1178050720
Making features
makeFeatures: max memory 32178700288, total allocated 2118123520, free 920461152, used 1197662368, increment 2048
Heuchera_bracteata: 
Regularization values: linear/quadratic/product: 0.199, categorical: 0.250, threshold: 1.520, hinge: 0.500
48 samples
Density: max memory 32178700288, total allocated 2118123520, free 920461152, used 1197662368, increment 0
linearPredictor: max memory 32178700288, total allocated 2118123520, free 920461152, used 1197662368, increment 0
FeaturedSpace: max memory 32178700288, total allocated 2118123520, free 920461152, used 1197662368, increment 0
Sequential: max memory 32178700288, total allocated 2118123520, free 920461152, used 1197662368, increment 0
Initial loss: 6.150602768446279
120: time = 0.025000 loss = 5.904353
Resulting gain: 0.24624960740476798
Projecting...
Writing file /volumes/output/heuchera_rfolk_5min_global/Heuchera_bracteata/Heuchera_bracteata.asc
Time since start: 2.837
Writing /volumes/output/heuchera_rfolk_5min_global/Heuchera_bracteata/plots/Heuchera_bracteata.png
Ending
