Wed Sep 14 16:25:02 CDT 2022
MaxEnt version 3.4.4
Checking header of /volumes/env/worldclim1.4/alt.mxe
Checking header of /volumes/env/worldclim1.4/alt.mxe
Checking header of /volumes/env/worldclim1.4/bio1.mxe
Checking header of /volumes/env/worldclim1.4/bio1.mxe
Checking header of /volumes/env/worldclim1.4/bio10.mxe
Checking header of /volumes/env/worldclim1.4/bio10.mxe
Checking header of /volumes/env/worldclim1.4/bio11.mxe
Checking header of /volumes/env/worldclim1.4/bio11.mxe
Checking header of /volumes/env/worldclim1.4/bio12.mxe
Checking header of /volumes/env/worldclim1.4/bio12.mxe
Checking header of /volumes/env/worldclim1.4/bio13.mxe
Checking header of /volumes/env/worldclim1.4/bio13.mxe
Checking header of /volumes/env/worldclim1.4/bio14.mxe
Checking header of /volumes/env/worldclim1.4/bio14.mxe
Checking header of /volumes/env/worldclim1.4/bio15.mxe
Checking header of /volumes/env/worldclim1.4/bio15.mxe
Checking header of /volumes/env/worldclim1.4/bio16.mxe
Checking header of /volumes/env/worldclim1.4/bio16.mxe
Checking header of /volumes/env/worldclim1.4/bio17.mxe
Checking header of /volumes/env/worldclim1.4/bio17.mxe
Checking header of /volumes/env/worldclim1.4/bio18.mxe
Checking header of /volumes/env/worldclim1.4/bio18.mxe
Checking header of /volumes/env/worldclim1.4/bio19.mxe
Checking header of /volumes/env/worldclim1.4/bio19.mxe
Checking header of /volumes/env/worldclim1.4/bio2.mxe
Checking header of /volumes/env/worldclim1.4/bio2.mxe
Checking header of /volumes/env/worldclim1.4/bio3.mxe
Checking header of /volumes/env/worldclim1.4/bio3.mxe
Checking header of /volumes/env/worldclim1.4/bio4.mxe
Checking header of /volumes/env/worldclim1.4/bio4.mxe
Checking header of /volumes/env/worldclim1.4/bio5.mxe
Checking header of /volumes/env/worldclim1.4/bio5.mxe
Checking header of /volumes/env/worldclim1.4/bio6.mxe
Checking header of /volumes/env/worldclim1.4/bio6.mxe
Checking header of /volumes/env/worldclim1.4/bio7.mxe
Checking header of /volumes/env/worldclim1.4/bio7.mxe
Checking header of /volumes/env/worldclim1.4/bio8.mxe
Checking header of /volumes/env/worldclim1.4/bio8.mxe
Checking header of /volumes/env/worldclim1.4/bio9.mxe
Checking header of /volumes/env/worldclim1.4/bio9.mxe
Checking header of /volumes/env/worldclim1.4/mask.asc
Reading samples from Heuchera longipetala.csv
Read samples: max memory 32178700288, total allocated 2118123520, free 2104805376, used 13318144, increment 13318144
Extractor: max memory 32178700288, total allocated 2118123520, free 2102708224, used 15415296, increment 2097152
Extracting random background and sample data
Warning: Sample at -99.5, 19.5 in Heuchera longipetala.csv is missing some environmental data (e.g. mask)
Warning: Skipping sample at -99.5, 19.5
1035 points with values for all grids
Adding samples to background in feature space
Command line used:  samplesfile=/volumes/output/heuchera_sdm/Heuchera_longipetala/Heuchera longipetala.csv -e /volumes/env/worldclim1.4 -o /volumes/output/heuchera_sdm/Heuchera_longipetala nowarnings nocache autorun -z togglelayertype=mask
Command line to repeat: java density.MaxEnt nowarnings noprefixes outputdirectory=/volumes/output/heuchera_sdm/Heuchera_longipetala "samplesfile=/volumes/output/heuchera_sdm/Heuchera_longipetala/Heuchera longipetala.csv" environmentallayers=/volumes/env/worldclim1.4 nowarnings autorun novisible nocache -t mask
Species: Heuchera_longipetala
Layers: alt alt bio1 bio1 bio10 bio10 bio11 bio11 bio12 bio12 bio13 bio13 bio14 bio14 bio15 bio15 bio16 bio16 bio17 bio17 bio18 bio18 bio19 bio19 bio2 bio2 bio3 bio3 bio4 bio4 bio5 bio5 bio6 bio6 bio7 bio7 bio8 bio8 bio9 bio9 mask
Layertypes: Continuous Continuous Continuous Continuous Continuous Continuous Continuous Continuous Continuous Continuous Continuous Continuous Continuous Continuous Continuous Continuous Continuous Continuous Continuous Continuous Continuous Continuous Continuous Continuous Continuous Continuous Continuous Continuous Continuous Continuous Continuous Continuous Continuous Continuous Continuous Continuous Continuous Continuous Continuous Continuous Categorical
outputdirectory: /volumes/output/heuchera_sdm/Heuchera_longipetala
samplesfile: /volumes/output/heuchera_sdm/Heuchera_longipetala/Heuchera longipetala.csv
environmentallayers: /volumes/env/worldclim1.4
warnings: false
autorun: true
visible: false
cache: false

getSamples: max memory 32178700288, total allocated 2118123520, free 1870048976, used 248074544, increment 232659248
Making features
makeFeatures: max memory 32178700288, total allocated 2118123520, free 1859565264, used 258558256, increment 10483712
Heuchera_longipetala: 
Regularization values: linear/quadratic/product: 0.308, categorical: 0.250, threshold: 1.730, hinge: 0.500
Time since start: 1.02
27 samples
Density: max memory 32178700288, total allocated 2118123520, free 1853271760, used 264851760, increment 6293504
linearPredictor: max memory 32178700288, total allocated 2118123520, free 1853271760, used 264851760, increment 0
FeaturedSpace: max memory 32178700288, total allocated 2118123520, free 1853271760, used 264851760, increment 0
Sequential: max memory 32178700288, total allocated 2118123520, free 1853271760, used 264851760, increment 0
Initial loss: 6.942156705699469
500: time = 0.920000 loss = 6.064990
Resulting gain: 0.8771669747367064
Time since start: 2.729
Projecting...
Writing file /volumes/output/heuchera_sdm/Heuchera_longipetala/Heuchera_longipetala.asc
Writing /volumes/output/heuchera_sdm/Heuchera_longipetala/plots/Heuchera_longipetala.png
Ending
