Tue Dec 27 15:02:22 CST 2022
MaxEnt version 3.4.4
Checking header of /volumes/env/na_2.5min/BIOCLIM_1.asc
Checking header of /volumes/env/na_2.5min/BIOCLIM_12.asc
Checking header of /volumes/env/na_2.5min/BIOCLIM_17.asc
Checking header of /volumes/env/na_2.5min/BIOCLIM_7.asc
Checking header of /volumes/env/na_2.5min/GTOPO30_ELEVATION.asc
Checking header of /volumes/env/na_2.5min/GTOPO30_SLOPE_reduced.asc
Checking header of /volumes/env/na_2.5min/ISRICSOILGRIDS_new_average_coarsefragmentpercent_reduced.asc
Checking header of /volumes/env/na_2.5min/ISRICSOILGRIDS_new_average_phx10percent_reduced.asc
Checking header of /volumes/env/na_2.5min/ISRICSOILGRIDS_new_average_sandpercent_reduced.asc
Checking header of /volumes/env/na_2.5min/ISRICSOILGRIDS_new_average_soilorganiccarboncontent_reduced.asc
Checking header of /volumes/env/na_2.5min/LandCover_1_Needleleaf.asc
Checking header of /volumes/env/na_2.5min/LandCover_6_Herbaceous.asc
Checking header of /volumes/env/na_2.5min/mask.asc
Reading samples from Mitella_stauropetala.csv
Read samples: max memory 32178700288, total allocated 2118123520, free 2094319616, used 23803904, increment 23803904
Extractor: max memory 32178700288, total allocated 2118123520, free 2083835904, used 34287616, increment 10483712
Extracting random background and sample data
Time since start: 2.154
52587 points with values for all grids
Adding samples to background in feature space
Command line used:  samplesfile=/volumes/output/heuchera_rfolk_2.5min_na/mitella_stauropetala/Mitella_stauropetala.csv -e /volumes/env/na_2.5min -o /volumes/output/heuchera_rfolk_2.5min_na/mitella_stauropetala nowarnings nocache autorun -z togglelayertype=mask
Command line to repeat: java density.MaxEnt nowarnings noprefixes outputdirectory=/volumes/output/heuchera_rfolk_2.5min_na/mitella_stauropetala samplesfile=/volumes/output/heuchera_rfolk_2.5min_na/mitella_stauropetala/Mitella_stauropetala.csv environmentallayers=/volumes/env/na_2.5min nowarnings autorun novisible nocache -t mask
Species: Mitella_stauropetala
Layers: BIOCLIM_1 BIOCLIM_12 BIOCLIM_17 BIOCLIM_7 GTOPO30_ELEVATION GTOPO30_SLOPE_reduced ISRICSOILGRIDS_new_average_coarsefragmentpercent_reduced ISRICSOILGRIDS_new_average_phx10percent_reduced ISRICSOILGRIDS_new_average_sandpercent_reduced ISRICSOILGRIDS_new_average_soilorganiccarboncontent_reduced LandCover_1_Needleleaf LandCover_6_Herbaceous mask
Layertypes: Continuous Continuous Continuous Continuous Continuous Continuous Continuous Continuous Continuous Continuous Continuous Continuous Categorical
outputdirectory: /volumes/output/heuchera_rfolk_2.5min_na/mitella_stauropetala
samplesfile: /volumes/output/heuchera_rfolk_2.5min_na/mitella_stauropetala/Mitella_stauropetala.csv
environmentallayers: /volumes/env/na_2.5min
warnings: false
autorun: true
visible: false
cache: false

getSamples: max memory 32178700288, total allocated 2118123520, free 1958227216, used 159896304, increment 125608688
Making features
makeFeatures: max memory 32178700288, total allocated 2118123520, free 1949996160, used 168127360, increment 8231056
Mitella_stauropetala: 
Regularization values: linear/quadratic/product: 0.050, categorical: 0.250, threshold: 1.000, hinge: 0.500
125 samples
Density: max memory 32178700288, total allocated 2118123520, free 1937255696, used 180867824, increment 12740464
linearPredictor: max memory 32178700288, total allocated 2118123520, free 1937255696, used 180867824, increment 0
FeaturedSpace: max memory 32178700288, total allocated 2118123520, free 1937255696, used 180867824, increment 0
Sequential: max memory 32178700288, total allocated 2118123520, free 1937255696, used 180867824, increment 0
Initial loss: 9.219795530746937
Time since start: 3.402
500: time = 1.022000 loss = 8.090646
Resulting gain: 1.1291493189626944
Projecting...
Writing file /volumes/output/heuchera_rfolk_2.5min_na/mitella_stauropetala/Mitella_stauropetala.asc
Time since start: 6.348
Writing /volumes/output/heuchera_rfolk_2.5min_na/mitella_stauropetala/plots/Mitella_stauropetala.png
Ending
