Wed Oct 26 16:44:17 GMT 2022
MaxEnt version 3.4.4
Checking header of /volumes/env/worldclim1.4/alt.mxe
Checking header of /volumes/env/worldclim1.4/alt.mxe
Checking header of /volumes/env/worldclim1.4/bio1.mxe
Checking header of /volumes/env/worldclim1.4/bio1.mxe
Checking header of /volumes/env/worldclim1.4/bio10.mxe
Checking header of /volumes/env/worldclim1.4/bio10.mxe
Checking header of /volumes/env/worldclim1.4/bio11.mxe
Checking header of /volumes/env/worldclim1.4/bio11.mxe
Checking header of /volumes/env/worldclim1.4/bio12.mxe
Checking header of /volumes/env/worldclim1.4/bio12.mxe
Checking header of /volumes/env/worldclim1.4/bio13.mxe
Checking header of /volumes/env/worldclim1.4/bio13.mxe
Checking header of /volumes/env/worldclim1.4/bio14.mxe
Checking header of /volumes/env/worldclim1.4/bio14.mxe
Checking header of /volumes/env/worldclim1.4/bio15.mxe
Checking header of /volumes/env/worldclim1.4/bio15.mxe
Checking header of /volumes/env/worldclim1.4/bio16.mxe
Checking header of /volumes/env/worldclim1.4/bio16.mxe
Checking header of /volumes/env/worldclim1.4/bio17.mxe
Checking header of /volumes/env/worldclim1.4/bio17.mxe
Checking header of /volumes/env/worldclim1.4/bio18.mxe
Checking header of /volumes/env/worldclim1.4/bio18.mxe
Checking header of /volumes/env/worldclim1.4/bio19.mxe
Checking header of /volumes/env/worldclim1.4/bio19.mxe
Checking header of /volumes/env/worldclim1.4/bio2.mxe
Checking header of /volumes/env/worldclim1.4/bio2.mxe
Checking header of /volumes/env/worldclim1.4/bio3.mxe
Checking header of /volumes/env/worldclim1.4/bio3.mxe
Checking header of /volumes/env/worldclim1.4/bio4.mxe
Checking header of /volumes/env/worldclim1.4/bio4.mxe
Checking header of /volumes/env/worldclim1.4/bio5.mxe
Checking header of /volumes/env/worldclim1.4/bio5.mxe
Checking header of /volumes/env/worldclim1.4/bio6.mxe
Checking header of /volumes/env/worldclim1.4/bio6.mxe
Checking header of /volumes/env/worldclim1.4/bio7.mxe
Checking header of /volumes/env/worldclim1.4/bio7.mxe
Checking header of /volumes/env/worldclim1.4/bio8.mxe
Checking header of /volumes/env/worldclim1.4/bio8.mxe
Checking header of /volumes/env/worldclim1.4/bio9.mxe
Checking header of /volumes/env/worldclim1.4/bio9.mxe
Checking header of /volumes/env/worldclim1.4/mask.asc
Reading samples from Mitella_ovalis.csv
Read samples: max memory 522190848, total allocated 33554432, free 22170504, used 11383928, increment 11383928
Extractor: max memory 522190848, total allocated 33554432, free 20382216, used 13172216, increment 1788288
Extracting random background and sample data
Warning: Sample at -124.20056, 41.61115 in Mitella_ovalis.csv is missing some environmental data (e.g. alt)
Warning: Skipping sample at -124.20056, 41.61115
1165 points with values for all grids
Adding samples to background in feature space
Command line used:  samplesfile=/volumes/output/heuchera_rfolk_sdm/mitella_ovalis/Mitella_ovalis.csv -e /volumes/env/worldclim1.4 -o /volumes/output/heuchera_rfolk_sdm/mitella_ovalis nowarnings nocache autorun -z togglelayertype=mask
Command line to repeat: java density.MaxEnt nowarnings noprefixes outputdirectory=/volumes/output/heuchera_rfolk_sdm/mitella_ovalis samplesfile=/volumes/output/heuchera_rfolk_sdm/mitella_ovalis/Mitella_ovalis.csv environmentallayers=/volumes/env/worldclim1.4 nowarnings autorun novisible nocache -t mask
Species: Mitella_ovalis
Layers: alt alt bio1 bio1 bio10 bio10 bio11 bio11 bio12 bio12 bio13 bio13 bio14 bio14 bio15 bio15 bio16 bio16 bio17 bio17 bio18 bio18 bio19 bio19 bio2 bio2 bio3 bio3 bio4 bio4 bio5 bio5 bio6 bio6 bio7 bio7 bio8 bio8 bio9 bio9 mask
Layertypes: Continuous Continuous Continuous Continuous Continuous Continuous Continuous Continuous Continuous Continuous Continuous Continuous Continuous Continuous Continuous Continuous Continuous Continuous Continuous Continuous Continuous Continuous Continuous Continuous Continuous Continuous Continuous Continuous Continuous Continuous Continuous Continuous Continuous Continuous Continuous Continuous Continuous Continuous Continuous Continuous Categorical
outputdirectory: /volumes/output/heuchera_rfolk_sdm/mitella_ovalis
samplesfile: /volumes/output/heuchera_rfolk_sdm/mitella_ovalis/Mitella_ovalis.csv
environmentallayers: /volumes/env/worldclim1.4
warnings: false
autorun: true
visible: false
cache: false

getSamples: max memory 522190848, total allocated 40894464, free 23263704, used 17630760, increment 4458544
Making features
makeFeatures: max memory 522190848, total allocated 40894464, free 29185944, used 11708520, increment -5922240
Mitella_ovalis: 
Regularization values: linear/quadratic/product: 0.136, categorical: 0.250, threshold: 1.120, hinge: 0.500
88 samples
Density: max memory 522190848, total allocated 40894464, free 20804616, used 20089848, increment 8381328
linearPredictor: max memory 522190848, total allocated 40894464, free 20804616, used 20089848, increment 0
Time since start: 1.005
FeaturedSpace: max memory 522190848, total allocated 40894464, free 20804616, used 20089848, increment 0
Sequential: max memory 522190848, total allocated 40894464, free 20789240, used 20105224, increment 15376
Initial loss: 7.060476365999801
500: time = 0.912000 loss = 6.639361
Resulting gain: 0.421114890733727
Time since start: 2.115
Projecting...
Writing file /volumes/output/heuchera_rfolk_sdm/mitella_ovalis/Mitella_ovalis.asc
Writing /volumes/output/heuchera_rfolk_sdm/mitella_ovalis/plots/Mitella_ovalis.png
Ending
