Tue Dec 27 14:31:02 CST 2022
MaxEnt version 3.4.4
Checking header of /volumes/env/biotaphy_5min_global/ISRICSOILGRIDS_new_average_phx10percent_reduced.asc
Checking header of /volumes/env/biotaphy_5min_global/mask.asc
Reading samples from Heuchera_micrantha.csv
Read samples: max memory 32178700288, total allocated 2118123520, free 2098513920, used 19609600, increment 19609600
Extractor: max memory 32178700288, total allocated 2118123520, free 2094319616, used 23803904, increment 4194304
Extracting random background and sample data
Warning: Sample at -123.38333, 49.28333 in Heuchera_micrantha.csv is missing some environmental data (e.g. ISRICSOILGRIDS_new_average_phx10percent_reduced)
Warning: Skipping sample at -123.38333, 49.28333
Warning: Sample at -123.25, 49.33333 in Heuchera_micrantha.csv is missing some environmental data (e.g. ISRICSOILGRIDS_new_average_phx10percent_reduced)
Warning: Skipping sample at -123.25, 49.33333
Warning: Sample at -123.48444, 48.93468 in Heuchera_micrantha.csv is missing some environmental data (e.g. ISRICSOILGRIDS_new_average_phx10percent_reduced)
Warning: Skipping sample at -123.48444, 48.93468
Warning: Sample at -123.5, 48.9 in Heuchera_micrantha.csv is missing some environmental data (e.g. ISRICSOILGRIDS_new_average_phx10percent_reduced)
Warning: Skipping sample at -123.5, 48.9
Warning: Sample at -122.89101, 48.75672 in Heuchera_micrantha.csv is missing some environmental data (e.g. ISRICSOILGRIDS_new_average_phx10percent_reduced)
Warning: Skipping sample at -122.89101, 48.75672
Warning: Sample at -122.91997, 48.75472 in Heuchera_micrantha.csv is missing some environmental data (e.g. ISRICSOILGRIDS_new_average_phx10percent_reduced)
Warning: Skipping sample at -122.91997, 48.75472
Warning: Sample at -122.88718, 48.76435 in Heuchera_micrantha.csv is missing some environmental data (e.g. ISRICSOILGRIDS_new_average_phx10percent_reduced)
Warning: Skipping sample at -122.88718, 48.76435
Warning: Sample at -122.88818, 48.76434 in Heuchera_micrantha.csv is missing some environmental data (e.g. ISRICSOILGRIDS_new_average_phx10percent_reduced)
Warning: Skipping sample at -122.88818, 48.76434
Warning: Sample at -122.88631, 48.76422 in Heuchera_micrantha.csv is missing some environmental data (e.g. ISRICSOILGRIDS_new_average_phx10percent_reduced)
Warning: Skipping sample at -122.88631, 48.76422
Warning: Sample at -122.88758, 48.76451 in Heuchera_micrantha.csv is missing some environmental data (e.g. ISRICSOILGRIDS_new_average_phx10percent_reduced)
Warning: Skipping sample at -122.88758, 48.76451
Warning: Sample at -122.88093, 48.76455 in Heuchera_micrantha.csv is missing some environmental data (e.g. ISRICSOILGRIDS_new_average_phx10percent_reduced)
Warning: Skipping sample at -122.88093, 48.76455
Warning: Sample at -122.88579, 48.76398 in Heuchera_micrantha.csv is missing some environmental data (e.g. ISRICSOILGRIDS_new_average_phx10percent_reduced)
Warning: Skipping sample at -122.88579, 48.76398
Warning: Sample at -123.07845, 48.64785 in Heuchera_micrantha.csv is missing some environmental data (e.g. ISRICSOILGRIDS_new_average_phx10percent_reduced)
Warning: Skipping sample at -123.07845, 48.64785
Warning: Sample at -122.55555, 48.53528 in Heuchera_micrantha.csv is missing some environmental data (e.g. ISRICSOILGRIDS_new_average_phx10percent_reduced)
Warning: Skipping sample at -122.55555, 48.53528
Warning: Sample at -122.55352, 48.53402 in Heuchera_micrantha.csv is missing some environmental data (e.g. ISRICSOILGRIDS_new_average_phx10percent_reduced)
Warning: Skipping sample at -122.55352, 48.53402
Warning: Sample at -122.54547, 48.5221 in Heuchera_micrantha.csv is missing some environmental data (e.g. ISRICSOILGRIDS_new_average_phx10percent_reduced)
Warning: Skipping sample at -122.54547, 48.5221
Warning: Sample at -122.8719, 48.43253 in Heuchera_micrantha.csv is missing some environmental data (e.g. ISRICSOILGRIDS_new_average_phx10percent_reduced)
Warning: Skipping sample at -122.8719, 48.43253
Warning: Sample at -122.85063, 48.42332 in Heuchera_micrantha.csv is missing some environmental data (e.g. ISRICSOILGRIDS_new_average_phx10percent_reduced)
Warning: Skipping sample at -122.85063, 48.42332
Warning: Sample at -122.82176, 48.42104 in Heuchera_micrantha.csv is missing some environmental data (e.g. ISRICSOILGRIDS_new_average_phx10percent_reduced)
Warning: Skipping sample at -122.82176, 48.42104
Warning: Sample at -124.42072, 48.30255 in Heuchera_micrantha.csv is missing some environmental data (e.g. ISRICSOILGRIDS_new_average_phx10percent_reduced)
Warning: Skipping sample at -124.42072, 48.30255
Warning: Sample at -123.66906, 46.26742 in Heuchera_micrantha.csv is missing some environmental data (e.g. ISRICSOILGRIDS_new_average_phx10percent_reduced)
Warning: Skipping sample at -123.66906, 46.26742
Warning: Sample at -124.18083, 40.78694 in Heuchera_micrantha.csv is missing some environmental data (e.g. ISRICSOILGRIDS_new_average_phx10percent_reduced)
Warning: Skipping sample at -124.18083, 40.78694
Warning: Sample at -120.03333, 38.94611 in Heuchera_micrantha.csv is missing some environmental data (e.g. ISRICSOILGRIDS_new_average_phx10percent_reduced)
Warning: Skipping sample at -120.03333, 38.94611
Warning: Sample at -123.5264163, 38.76149104 in Heuchera_micrantha.csv is missing some environmental data (e.g. ISRICSOILGRIDS_new_average_phx10percent_reduced)
Warning: Skipping sample at -123.5264163, 38.76149104
Warning: Sample at -121.9192, 36.6197 in Heuchera_micrantha.csv is missing some environmental data (e.g. ISRICSOILGRIDS_new_average_phx10percent_reduced)
Warning: Skipping sample at -121.9192, 36.6197
Time since start: 1.035
16848 points with values for all grids
Adding samples to background in feature space
Command line used:  samplesfile=/volumes/output/heuchera_rfolk_5min_global/heuchera_micrantha/Heuchera_micrantha.csv -e /volumes/env/biotaphy_5min_global -o /volumes/output/heuchera_rfolk_5min_global/heuchera_micrantha nowarnings nocache autorun -z togglelayertype=mask
Command line to repeat: java density.MaxEnt nowarnings noprefixes outputdirectory=/volumes/output/heuchera_rfolk_5min_global/heuchera_micrantha samplesfile=/volumes/output/heuchera_rfolk_5min_global/heuchera_micrantha/Heuchera_micrantha.csv environmentallayers=/volumes/env/biotaphy_5min_global nowarnings autorun novisible nocache -t mask
Species: Heuchera_micrantha
Layers: ISRICSOILGRIDS_new_average_phx10percent_reduced mask
Layertypes: Continuous Categorical
outputdirectory: /volumes/output/heuchera_rfolk_5min_global/heuchera_micrantha
samplesfile: /volumes/output/heuchera_rfolk_5min_global/heuchera_micrantha/Heuchera_micrantha.csv
environmentallayers: /volumes/env/biotaphy_5min_global
warnings: false
autorun: true
visible: false
cache: false

getSamples: max memory 32178700288, total allocated 2118123520, free 913312120, used 1204811400, increment 1181007496
Making features
makeFeatures: max memory 32178700288, total allocated 2118123520, free 909117816, used 1209005704, increment 4194304
Heuchera_micrantha: 
Regularization values: linear/quadratic/product: 0.050, categorical: 0.250, threshold: 1.000, hinge: 0.500
365 samples
Density: max memory 32178700288, total allocated 2118123520, free 909117816, used 1209005704, increment 0
linearPredictor: max memory 32178700288, total allocated 2118123520, free 909117816, used 1209005704, increment 0
FeaturedSpace: max memory 32178700288, total allocated 2118123520, free 909117816, used 1209005704, increment 0
Sequential: max memory 32178700288, total allocated 2118123520, free 909117816, used 1209005704, increment 0
Initial loss: 9.210340371976184
280: time = 0.198000 loss = 8.893095
Resulting gain: 0.31724575909630204
Time since start: 2.039
Projecting...
Writing file /volumes/output/heuchera_rfolk_5min_global/heuchera_micrantha/Heuchera_micrantha.asc
Time since start: 3.076
Writing /volumes/output/heuchera_rfolk_5min_global/heuchera_micrantha/plots/Heuchera_micrantha.png
Ending
