Mon Oct 24 19:50:30 GMT 2022
MaxEnt version 3.4.4
Checking header of /volumes/env/na_2.5min/BIOCLIM_1.asc
Checking header of /volumes/env/na_2.5min/BIOCLIM_10.asc
Checking header of /volumes/env/na_2.5min/BIOCLIM_17.asc
Checking header of /volumes/env/na_2.5min/BIOCLIM_18.asc
Checking header of /volumes/env/na_2.5min/BIOCLIM_19.asc
Checking header of /volumes/env/na_2.5min/BIOCLIM_6.asc
Checking header of /volumes/env/na_2.5min/BIOCLIM_8.asc
Checking header of /volumes/env/na_2.5min/GTOPO30_ASPECT_reduced.asc
Checking header of /volumes/env/na_2.5min/GTOPO30_ELEVATION.asc
Checking header of /volumes/env/na_2.5min/GTOPO30_SLOPE_reduced.asc
Checking header of /volumes/env/na_2.5min/ISRICSOILGRIDS_new_average_coarsefragmentpercent_reduced.asc
Checking header of /volumes/env/na_2.5min/ISRICSOILGRIDS_new_average_siltpercent_reduced.asc
Checking header of /volumes/env/na_2.5min/ISRICSOILGRIDS_new_average_soilorganiccarboncontent_reduced.asc
Checking header of /volumes/env/na_2.5min/LandCover_4_Mixedtrees.asc
Checking header of /volumes/env/na_2.5min/LandCover_5_Shrubs.asc
Checking header of /volumes/env/na_2.5min/mask.asc
Reading samples from Heuchera_parviflora.csv
Read samples: max memory 32178700288, total allocated 2118123520, free 2096418816, used 21704704, increment 21704704
Extractor: max memory 32178700288, total allocated 2118123520, free 2088030208, used 30093312, increment 8388608
Extracting random background and sample data
Warning: Sample at -82.62851717, 38.60703682 in Heuchera_parviflora.csv is missing some environmental data (e.g. ISRICSOILGRIDS_new_average_siltpercent_reduced)
Warning: Skipping sample at -82.62851717, 38.60703682
Warning: Sample at -82.62861387, 38.60522345 in Heuchera_parviflora.csv is missing some environmental data (e.g. ISRICSOILGRIDS_new_average_siltpercent_reduced)
Warning: Skipping sample at -82.62861387, 38.60522345
Warning: Sample at -82.63220835, 38.60636901 in Heuchera_parviflora.csv is missing some environmental data (e.g. ISRICSOILGRIDS_new_average_siltpercent_reduced)
Warning: Skipping sample at -82.63220835, 38.60636901
Warning: Sample at -82.33967781, 38.60238481 in Heuchera_parviflora.csv is missing some environmental data (e.g. ISRICSOILGRIDS_new_average_siltpercent_reduced)
Warning: Skipping sample at -82.33967781, 38.60238481
Warning: Sample at -83.11184103, 38.35563425 in Heuchera_parviflora.csv is missing some environmental data (e.g. ISRICSOILGRIDS_new_average_siltpercent_reduced)
Warning: Skipping sample at -83.11184103, 38.35563425
Warning: Sample at -83.48962977, 37.91119062 in Heuchera_parviflora.csv is missing some environmental data (e.g. ISRICSOILGRIDS_new_average_siltpercent_reduced)
Warning: Skipping sample at -83.48962977, 37.91119062
Warning: Sample at -83.64416667, 37.84833333 in Heuchera_parviflora.csv is missing some environmental data (e.g. ISRICSOILGRIDS_new_average_siltpercent_reduced)
Warning: Skipping sample at -83.64416667, 37.84833333
Warning: Sample at -83.68772475, 37.81669778 in Heuchera_parviflora.csv is missing some environmental data (e.g. ISRICSOILGRIDS_new_average_siltpercent_reduced)
Warning: Skipping sample at -83.68772475, 37.81669778
Warning: Sample at -83.65763528, 37.80817568 in Heuchera_parviflora.csv is missing some environmental data (e.g. ISRICSOILGRIDS_new_average_siltpercent_reduced)
Warning: Skipping sample at -83.65763528, 37.80817568
Warning: Sample at -83.60223179, 37.83061322 in Heuchera_parviflora.csv is missing some environmental data (e.g. ISRICSOILGRIDS_new_average_siltpercent_reduced)
Warning: Skipping sample at -83.60223179, 37.83061322
Warning: Sample at -83.59092877, 37.80186182 in Heuchera_parviflora.csv is missing some environmental data (e.g. ISRICSOILGRIDS_new_average_siltpercent_reduced)
Warning: Skipping sample at -83.59092877, 37.80186182
Warning: Sample at -83.68094214, 37.77398085 in Heuchera_parviflora.csv is missing some environmental data (e.g. ISRICSOILGRIDS_new_average_siltpercent_reduced)
Warning: Skipping sample at -83.68094214, 37.77398085
Warning: Sample at -83.56696215, 37.77021681 in Heuchera_parviflora.csv is missing some environmental data (e.g. ISRICSOILGRIDS_new_average_siltpercent_reduced)
Warning: Skipping sample at -83.56696215, 37.77021681
Warning: Sample at -84.2416678, 37.55411695 in Heuchera_parviflora.csv is missing some environmental data (e.g. ISRICSOILGRIDS_new_average_siltpercent_reduced)
Warning: Skipping sample at -84.2416678, 37.55411695
Warning: Sample at -84.22654911, 37.49356528 in Heuchera_parviflora.csv is missing some environmental data (e.g. ISRICSOILGRIDS_new_average_siltpercent_reduced)
Warning: Skipping sample at -84.22654911, 37.49356528
Warning: Sample at -84.34322631, 36.83727952 in Heuchera_parviflora.csv is missing some environmental data (e.g. ISRICSOILGRIDS_new_average_siltpercent_reduced)
Warning: Skipping sample at -84.34322631, 36.83727952
Warning: Sample at -83.38188558, 36.85892576 in Heuchera_parviflora.csv is missing some environmental data (e.g. ISRICSOILGRIDS_new_average_siltpercent_reduced)
Warning: Skipping sample at -83.38188558, 36.85892576
Warning: Sample at -83.74075379, 36.73797416 in Heuchera_parviflora.csv is missing some environmental data (e.g. ISRICSOILGRIDS_new_average_siltpercent_reduced)
Warning: Skipping sample at -83.74075379, 36.73797416
Warning: Sample at -84.8335247, 36.58080473 in Heuchera_parviflora.csv is missing some environmental data (e.g. ISRICSOILGRIDS_new_average_siltpercent_reduced)
Warning: Skipping sample at -84.8335247, 36.58080473
Warning: Sample at -84.79754746, 36.54524205 in Heuchera_parviflora.csv is missing some environmental data (e.g. ISRICSOILGRIDS_new_average_siltpercent_reduced)
Warning: Skipping sample at -84.79754746, 36.54524205
Warning: Sample at -84.96125483, 36.44154296 in Heuchera_parviflora.csv is missing some environmental data (e.g. ISRICSOILGRIDS_new_average_siltpercent_reduced)
Warning: Skipping sample at -84.96125483, 36.44154296
Warning: Sample at -80.26842848, 36.41508801 in Heuchera_parviflora.csv is missing some environmental data (e.g. ISRICSOILGRIDS_new_average_siltpercent_reduced)
Warning: Skipping sample at -80.26842848, 36.41508801
Warning: Sample at -80.47436581, 36.34018086 in Heuchera_parviflora.csv is missing some environmental data (e.g. ISRICSOILGRIDS_new_average_siltpercent_reduced)
Warning: Skipping sample at -80.47436581, 36.34018086
Warning: Sample at -84.81004219, 35.88158841 in Heuchera_parviflora.csv is missing some environmental data (e.g. ISRICSOILGRIDS_new_average_siltpercent_reduced)
Warning: Skipping sample at -84.81004219, 35.88158841
Warning: Sample at -81.88467432, 35.88646838 in Heuchera_parviflora.csv is missing some environmental data (e.g. ISRICSOILGRIDS_new_average_siltpercent_reduced)
Warning: Skipping sample at -81.88467432, 35.88646838
Warning: Sample at -85.7473809, 35.25173779 in Heuchera_parviflora.csv is missing some environmental data (e.g. ISRICSOILGRIDS_new_average_siltpercent_reduced)
Warning: Skipping sample at -85.7473809, 35.25173779
Warning: Sample at -83.00350447, 35.22549745 in Heuchera_parviflora.csv is missing some environmental data (e.g. ISRICSOILGRIDS_new_average_siltpercent_reduced)
Warning: Skipping sample at -83.00350447, 35.22549745
Warning: Sample at -82.97366391, 35.15941701 in Heuchera_parviflora.csv is missing some environmental data (e.g. ISRICSOILGRIDS_new_average_siltpercent_reduced)
Warning: Skipping sample at -82.97366391, 35.15941701
Time since start: 1.863
0 points with values for all grids
No background points with data in all layers
java.lang.Exception
	at density.Utils.logError(Utils.java:218)
	at density.Utils.popupError(Utils.java:224)
	at density.Runner.popupError(Runner.java:107)
	at density.Runner.start(Runner.java:328)
	at density.MaxEnt.main(MaxEnt.java:59)
Ending
