Thu Dec 22 16:03:09 CST 2022
MaxEnt version 3.4.4
Checking header of /volumes/env/worldclim1.4/alt.mxe
Checking header of /volumes/env/worldclim1.4/alt.mxe
Checking header of /volumes/env/worldclim1.4/bio1.mxe
Checking header of /volumes/env/worldclim1.4/bio1.mxe
Checking header of /volumes/env/worldclim1.4/bio10.mxe
Checking header of /volumes/env/worldclim1.4/bio10.mxe
Checking header of /volumes/env/worldclim1.4/bio11.mxe
Checking header of /volumes/env/worldclim1.4/bio11.mxe
Checking header of /volumes/env/worldclim1.4/bio12.mxe
Checking header of /volumes/env/worldclim1.4/bio12.mxe
Checking header of /volumes/env/worldclim1.4/bio13.mxe
Checking header of /volumes/env/worldclim1.4/bio13.mxe
Checking header of /volumes/env/worldclim1.4/bio14.mxe
Checking header of /volumes/env/worldclim1.4/bio14.mxe
Checking header of /volumes/env/worldclim1.4/bio15.mxe
Checking header of /volumes/env/worldclim1.4/bio15.mxe
Checking header of /volumes/env/worldclim1.4/bio16.mxe
Checking header of /volumes/env/worldclim1.4/bio16.mxe
Checking header of /volumes/env/worldclim1.4/bio17.mxe
Checking header of /volumes/env/worldclim1.4/bio17.mxe
Checking header of /volumes/env/worldclim1.4/bio18.mxe
Checking header of /volumes/env/worldclim1.4/bio18.mxe
Checking header of /volumes/env/worldclim1.4/bio19.mxe
Checking header of /volumes/env/worldclim1.4/bio19.mxe
Checking header of /volumes/env/worldclim1.4/bio2.mxe
Checking header of /volumes/env/worldclim1.4/bio2.mxe
Checking header of /volumes/env/worldclim1.4/bio3.mxe
Checking header of /volumes/env/worldclim1.4/bio3.mxe
Checking header of /volumes/env/worldclim1.4/bio4.mxe
Checking header of /volumes/env/worldclim1.4/bio4.mxe
Checking header of /volumes/env/worldclim1.4/bio5.mxe
Checking header of /volumes/env/worldclim1.4/bio5.mxe
Checking header of /volumes/env/worldclim1.4/bio6.mxe
Checking header of /volumes/env/worldclim1.4/bio6.mxe
Checking header of /volumes/env/worldclim1.4/bio7.mxe
Checking header of /volumes/env/worldclim1.4/bio7.mxe
Checking header of /volumes/env/worldclim1.4/bio8.mxe
Checking header of /volumes/env/worldclim1.4/bio8.mxe
Checking header of /volumes/env/worldclim1.4/bio9.mxe
Checking header of /volumes/env/worldclim1.4/bio9.mxe
Checking header of /volumes/env/worldclim1.4/mask.asc
Reading samples from Tolmiea_diplomenziesii.csv
Read samples: max memory 12612272128, total allocated 792723456, free 779991976, used 12731480, increment 12731480
Extractor: max memory 12612272128, total allocated 792723456, free 777888712, used 14834744, increment 2103264
Extracting random background and sample data
Time since start: 2.462
381 points with values for all grids
Adding samples to background in feature space
Command line used:  samplesfile=/volumes/output/heuchera_rfolk_global/tolmiea_diplomenziesii/Tolmiea_diplomenziesii.csv -e /volumes/env/worldclim1.4 -o /volumes/output/heuchera_rfolk_global/tolmiea_diplomenziesii nowarnings nocache autorun -z togglelayertype=mask
Command line to repeat: java density.MaxEnt nowarnings noprefixes outputdirectory=/volumes/output/heuchera_rfolk_global/tolmiea_diplomenziesii samplesfile=/volumes/output/heuchera_rfolk_global/tolmiea_diplomenziesii/Tolmiea_diplomenziesii.csv environmentallayers=/volumes/env/worldclim1.4 nowarnings autorun novisible nocache -t mask
Species: Tolmiea_diplomenziesii
Layers: alt alt bio1 bio1 bio10 bio10 bio11 bio11 bio12 bio12 bio13 bio13 bio14 bio14 bio15 bio15 bio16 bio16 bio17 bio17 bio18 bio18 bio19 bio19 bio2 bio2 bio3 bio3 bio4 bio4 bio5 bio5 bio6 bio6 bio7 bio7 bio8 bio8 bio9 bio9 mask
Layertypes: Continuous Continuous Continuous Continuous Continuous Continuous Continuous Continuous Continuous Continuous Continuous Continuous Continuous Continuous Continuous Continuous Continuous Continuous Continuous Continuous Continuous Continuous Continuous Continuous Continuous Continuous Continuous Continuous Continuous Continuous Continuous Continuous Continuous Continuous Continuous Continuous Continuous Continuous Continuous Continuous Categorical
outputdirectory: /volumes/output/heuchera_rfolk_global/tolmiea_diplomenziesii
samplesfile: /volumes/output/heuchera_rfolk_global/tolmiea_diplomenziesii/Tolmiea_diplomenziesii.csv
environmentallayers: /volumes/env/worldclim1.4
warnings: false
autorun: true
visible: false
cache: false

getSamples: max memory 12612272128, total allocated 792723456, free 483847152, used 308876304, increment 294041560
Making features
makeFeatures: max memory 12612272128, total allocated 792723456, free 480699376, used 312024080, increment 3147776
Tolmiea_diplomenziesii: 
Regularization values: linear/quadratic/product: 0.193, categorical: 0.250, threshold: 1.500, hinge: 0.500
50 samples
Density: max memory 12612272128, total allocated 792723456, free 477555696, used 315167760, increment 3143680
linearPredictor: max memory 12612272128, total allocated 792723456, free 477555696, used 315167760, increment 0
FeaturedSpace: max memory 12612272128, total allocated 792723456, free 477555696, used 315167760, increment 0
Sequential: max memory 12612272128, total allocated 792723456, free 476491744, used 316231712, increment 1063952
Initial loss: 5.942799375126701
Time since start: 3.66
500: time = 1.032000 loss = 5.677599
Resulting gain: 0.2652008657799403
Projecting...
Writing file /volumes/output/heuchera_rfolk_global/tolmiea_diplomenziesii/Tolmiea_diplomenziesii.asc
Time since start: 5.345
Writing /volumes/output/heuchera_rfolk_global/tolmiea_diplomenziesii/plots/Tolmiea_diplomenziesii.png
Ending
