Thu Dec 22 15:49:42 CST 2022
MaxEnt version 3.4.4
Checking header of /volumes/env/na_2.5min/BIOCLIM_1.asc
Checking header of /volumes/env/na_2.5min/BIOCLIM_12.asc
Checking header of /volumes/env/na_2.5min/BIOCLIM_17.asc
Checking header of /volumes/env/na_2.5min/BIOCLIM_7.asc
Checking header of /volumes/env/na_2.5min/GTOPO30_ELEVATION.asc
Checking header of /volumes/env/na_2.5min/GTOPO30_SLOPE_reduced.asc
Checking header of /volumes/env/na_2.5min/ISRICSOILGRIDS_new_average_coarsefragmentpercent_reduced.asc
Checking header of /volumes/env/na_2.5min/ISRICSOILGRIDS_new_average_phx10percent_reduced.asc
Checking header of /volumes/env/na_2.5min/ISRICSOILGRIDS_new_average_sandpercent_reduced.asc
Checking header of /volumes/env/na_2.5min/ISRICSOILGRIDS_new_average_soilorganiccarboncontent_reduced.asc
Checking header of /volumes/env/na_2.5min/LandCover_1_Needleleaf.asc
Checking header of /volumes/env/na_2.5min/LandCover_6_Herbaceous.asc
Checking header of /volumes/env/na_2.5min/mask.asc
Reading samples from Heuchera_chlorantha.csv
Read samples: max memory 12612272128, total allocated 792723456, free 773701008, used 19022448, increment 19022448
Extractor: max memory 12612272128, total allocated 792723456, free 766067408, used 26656048, increment 7633600
Extracting random background and sample data
Warning: Sample at -122.33889, 47.6 in Heuchera_chlorantha.csv is missing some environmental data (e.g. BIOCLIM_1)
Warning: Skipping sample at -122.33889, 47.6
Time since start: 5.101
9610 points with values for all grids
Adding samples to background in feature space
Command line used:  samplesfile=/volumes/output/heuchera_rfolk_na/heuchera_chlorantha/Heuchera_chlorantha.csv -e /volumes/env/na_2.5min -o /volumes/output/heuchera_rfolk_na/heuchera_chlorantha nowarnings nocache autorun -z togglelayertype=mask
Command line to repeat: java density.MaxEnt nowarnings noprefixes outputdirectory=/volumes/output/heuchera_rfolk_na/heuchera_chlorantha samplesfile=/volumes/output/heuchera_rfolk_na/heuchera_chlorantha/Heuchera_chlorantha.csv environmentallayers=/volumes/env/na_2.5min nowarnings autorun novisible nocache -t mask
Species: Heuchera_chlorantha
Layers: BIOCLIM_1 BIOCLIM_12 BIOCLIM_17 BIOCLIM_7 GTOPO30_ELEVATION GTOPO30_SLOPE_reduced ISRICSOILGRIDS_new_average_coarsefragmentpercent_reduced ISRICSOILGRIDS_new_average_phx10percent_reduced ISRICSOILGRIDS_new_average_sandpercent_reduced ISRICSOILGRIDS_new_average_soilorganiccarboncontent_reduced LandCover_1_Needleleaf LandCover_6_Herbaceous mask
Layertypes: Continuous Continuous Continuous Continuous Continuous Continuous Continuous Continuous Continuous Continuous Continuous Continuous Categorical
outputdirectory: /volumes/output/heuchera_rfolk_na/heuchera_chlorantha
samplesfile: /volumes/output/heuchera_rfolk_na/heuchera_chlorantha/Heuchera_chlorantha.csv
environmentallayers: /volumes/env/na_2.5min
warnings: false
autorun: true
visible: false
cache: false

getSamples: max memory 12612272128, total allocated 1142947840, free 780850280, used 362097560, increment 335441512
Making features
makeFeatures: max memory 12612272128, total allocated 1142947840, free 772482632, used 370465208, increment 8367648
Heuchera_chlorantha: 
Regularization values: linear/quadratic/product: 0.269, categorical: 0.250, threshold: 1.710, hinge: 0.500
29 samples
Density: max memory 12612272128, total allocated 1142947840, free 760929384, used 382018456, increment 11553248
linearPredictor: max memory 12612272128, total allocated 1142947840, free 760929384, used 382018456, increment 0
FeaturedSpace: max memory 12612272128, total allocated 1142947840, free 760929384, used 382018456, increment 0
Sequential: max memory 12612272128, total allocated 1142947840, free 760929384, used 382018456, increment 0
Initial loss: 9.170559501964338
Time since start: 7.475
500: time = 1.879000 loss = 8.737093
Resulting gain: 0.4334661539787632
Projecting...
Writing file /volumes/output/heuchera_rfolk_na/heuchera_chlorantha/Heuchera_chlorantha.asc
Time since start: 13.196
Writing /volumes/output/heuchera_rfolk_na/heuchera_chlorantha/plots/Heuchera_chlorantha.png
Time since start: 14.452
Ending
