Thu Dec 22 15:37:50 CST 2022
MaxEnt version 3.4.4
Checking header of /volumes/env/na_2.5min/BIOCLIM_1.asc
Checking header of /volumes/env/na_2.5min/BIOCLIM_12.asc
Checking header of /volumes/env/na_2.5min/BIOCLIM_17.asc
Checking header of /volumes/env/na_2.5min/BIOCLIM_7.asc
Checking header of /volumes/env/na_2.5min/GTOPO30_ELEVATION.asc
Checking header of /volumes/env/na_2.5min/GTOPO30_SLOPE_reduced.asc
Checking header of /volumes/env/na_2.5min/ISRICSOILGRIDS_new_average_coarsefragmentpercent_reduced.asc
Checking header of /volumes/env/na_2.5min/ISRICSOILGRIDS_new_average_phx10percent_reduced.asc
Checking header of /volumes/env/na_2.5min/ISRICSOILGRIDS_new_average_sandpercent_reduced.asc
Checking header of /volumes/env/na_2.5min/ISRICSOILGRIDS_new_average_soilorganiccarboncontent_reduced.asc
Checking header of /volumes/env/na_2.5min/LandCover_1_Needleleaf.asc
Checking header of /volumes/env/na_2.5min/LandCover_6_Herbaceous.asc
Checking header of /volumes/env/na_2.5min/mask.asc
Reading samples from Heuchera_acutifolia.csv
Read samples: max memory 12612272128, total allocated 792723456, free 773701008, used 19022448, increment 19022448
Extractor: max memory 12612272128, total allocated 792723456, free 766053032, used 26670424, increment 7647976
Extracting random background and sample data
Time since start: 5.239
2197 points with values for all grids
Adding samples to background in feature space
Command line used:  samplesfile=/volumes/output/heuchera_rfolk_na/heuchera_acutifolia/Heuchera_acutifolia.csv -e /volumes/env/na_2.5min -o /volumes/output/heuchera_rfolk_na/heuchera_acutifolia nowarnings nocache autorun -z togglelayertype=mask
Command line to repeat: java density.MaxEnt nowarnings noprefixes outputdirectory=/volumes/output/heuchera_rfolk_na/heuchera_acutifolia samplesfile=/volumes/output/heuchera_rfolk_na/heuchera_acutifolia/Heuchera_acutifolia.csv environmentallayers=/volumes/env/na_2.5min nowarnings autorun novisible nocache -t mask
Species: Heuchera_acutifolia
Layers: BIOCLIM_1 BIOCLIM_12 BIOCLIM_17 BIOCLIM_7 GTOPO30_ELEVATION GTOPO30_SLOPE_reduced ISRICSOILGRIDS_new_average_coarsefragmentpercent_reduced ISRICSOILGRIDS_new_average_phx10percent_reduced ISRICSOILGRIDS_new_average_sandpercent_reduced ISRICSOILGRIDS_new_average_soilorganiccarboncontent_reduced LandCover_1_Needleleaf LandCover_6_Herbaceous mask
Layertypes: Continuous Continuous Continuous Continuous Continuous Continuous Continuous Continuous Continuous Continuous Continuous Continuous Categorical
outputdirectory: /volumes/output/heuchera_rfolk_na/heuchera_acutifolia
samplesfile: /volumes/output/heuchera_rfolk_na/heuchera_acutifolia/Heuchera_acutifolia.csv
environmentallayers: /volumes/env/na_2.5min
warnings: false
autorun: true
visible: false
cache: false

getSamples: max memory 12612272128, total allocated 1174405120, free 923740592, used 250664528, increment 223994104
Making features
makeFeatures: max memory 12612272128, total allocated 1174405120, free 921643440, used 252761680, increment 2097152
Heuchera_acutifolia: 
Regularization values: linear/quadratic/product: 0.481, categorical: 0.250, threshold: 1.820, hinge: 0.500
18 samples
Density: max memory 12612272128, total allocated 1174405120, free 918495664, used 255909456, increment 3147776
linearPredictor: max memory 12612272128, total allocated 1174405120, free 918495664, used 255909456, increment 0
FeaturedSpace: max memory 12612272128, total allocated 1174405120, free 918495664, used 255909456, increment 0
Sequential: max memory 12612272128, total allocated 1174405120, free 918495664, used 255909456, increment 0
Initial loss: 7.69484807238461
320: time = 0.531000 loss = 7.000677
Resulting gain: 0.6941712377526974
Time since start: 6.588
Projecting...
Writing file /volumes/output/heuchera_rfolk_na/heuchera_acutifolia/Heuchera_acutifolia.asc
Time since start: 11.555
Writing /volumes/output/heuchera_rfolk_na/heuchera_acutifolia/plots/Heuchera_acutifolia.png
Ending
