Tue Dec 27 15:06:29 CST 2022
MaxEnt version 3.4.4
Checking header of /volumes/env/na_2.5min/BIOCLIM_1.asc
Checking header of /volumes/env/na_2.5min/BIOCLIM_12.asc
Checking header of /volumes/env/na_2.5min/BIOCLIM_17.asc
Checking header of /volumes/env/na_2.5min/BIOCLIM_7.asc
Checking header of /volumes/env/na_2.5min/GTOPO30_ELEVATION.asc
Checking header of /volumes/env/na_2.5min/GTOPO30_SLOPE_reduced.asc
Checking header of /volumes/env/na_2.5min/ISRICSOILGRIDS_new_average_coarsefragmentpercent_reduced.asc
Checking header of /volumes/env/na_2.5min/ISRICSOILGRIDS_new_average_phx10percent_reduced.asc
Checking header of /volumes/env/na_2.5min/ISRICSOILGRIDS_new_average_sandpercent_reduced.asc
Checking header of /volumes/env/na_2.5min/ISRICSOILGRIDS_new_average_soilorganiccarboncontent_reduced.asc
Checking header of /volumes/env/na_2.5min/LandCover_1_Needleleaf.asc
Checking header of /volumes/env/na_2.5min/LandCover_6_Herbaceous.asc
Checking header of /volumes/env/na_2.5min/mask.asc
Reading samples from Mitella_diphylla.csv
Read samples: max memory 32178700288, total allocated 2118123520, free 2096418816, used 21704704, increment 21704704
Extractor: max memory 32178700288, total allocated 2118123520, free 2088030208, used 30093312, increment 8388608
Extracting random background and sample data
Warning: Sample at -79.11667, 43.78333 in Mitella_diphylla.csv is missing some environmental data (e.g. ISRICSOILGRIDS_new_average_coarsefragmentpercent_reduced)
Warning: Skipping sample at -79.11667, 43.78333
Warning: Sample at -87.68245, 42.18787 in Mitella_diphylla.csv is missing some environmental data (e.g. ISRICSOILGRIDS_new_average_coarsefragmentpercent_reduced)
Warning: Skipping sample at -87.68245, 42.18787
Time since start: 2.133
121906 points with values for all grids
Adding samples to background in feature space
Command line used:  samplesfile=/volumes/output/heuchera_rfolk_2.5min_na/mitella_diphylla/Mitella_diphylla.csv -e /volumes/env/na_2.5min -o /volumes/output/heuchera_rfolk_2.5min_na/mitella_diphylla nowarnings nocache autorun -z togglelayertype=mask
Command line to repeat: java density.MaxEnt nowarnings noprefixes outputdirectory=/volumes/output/heuchera_rfolk_2.5min_na/mitella_diphylla samplesfile=/volumes/output/heuchera_rfolk_2.5min_na/mitella_diphylla/Mitella_diphylla.csv environmentallayers=/volumes/env/na_2.5min nowarnings autorun novisible nocache -t mask
Species: Mitella_diphylla
Layers: BIOCLIM_1 BIOCLIM_12 BIOCLIM_17 BIOCLIM_7 GTOPO30_ELEVATION GTOPO30_SLOPE_reduced ISRICSOILGRIDS_new_average_coarsefragmentpercent_reduced ISRICSOILGRIDS_new_average_phx10percent_reduced ISRICSOILGRIDS_new_average_sandpercent_reduced ISRICSOILGRIDS_new_average_soilorganiccarboncontent_reduced LandCover_1_Needleleaf LandCover_6_Herbaceous mask
Layertypes: Continuous Continuous Continuous Continuous Continuous Continuous Continuous Continuous Continuous Continuous Continuous Continuous Categorical
outputdirectory: /volumes/output/heuchera_rfolk_2.5min_na/mitella_diphylla
samplesfile: /volumes/output/heuchera_rfolk_2.5min_na/mitella_diphylla/Mitella_diphylla.csv
environmentallayers: /volumes/env/na_2.5min
warnings: false
autorun: true
visible: false
cache: false

getSamples: max memory 32178700288, total allocated 2118123520, free 1953877896, used 164245624, increment 134152312
Making features
makeFeatures: max memory 32178700288, total allocated 2118123520, free 1943273128, used 174850392, increment 10604768
Mitella_diphylla: 
Regularization values: linear/quadratic/product: 0.050, categorical: 0.250, threshold: 1.000, hinge: 0.500
281 samples
Density: max memory 32178700288, total allocated 2118123520, free 1932906376, used 185217144, increment 10366752
linearPredictor: max memory 32178700288, total allocated 2118123520, free 1932824296, used 185299224, increment 82080
FeaturedSpace: max memory 32178700288, total allocated 2118123520, free 1930727144, used 187396376, increment 2097152
Sequential: max memory 32178700288, total allocated 2118123520, free 1930727144, used 187396376, increment 0
Initial loss: 9.235813167949214
Time since start: 3.412
500: time = 1.035000 loss = 8.534152
Resulting gain: 0.7016612458677081
Projecting...
Writing file /volumes/output/heuchera_rfolk_2.5min_na/mitella_diphylla/Mitella_diphylla.asc
Time since start: 6.486
Writing /volumes/output/heuchera_rfolk_2.5min_na/mitella_diphylla/plots/Mitella_diphylla.png
Ending
