Thu Dec 22 16:04:50 CST 2022
MaxEnt version 3.4.4
Checking header of /volumes/env/worldclim1.4/alt.mxe
Checking header of /volumes/env/worldclim1.4/alt.mxe
Checking header of /volumes/env/worldclim1.4/bio1.mxe
Checking header of /volumes/env/worldclim1.4/bio1.mxe
Checking header of /volumes/env/worldclim1.4/bio10.mxe
Checking header of /volumes/env/worldclim1.4/bio10.mxe
Checking header of /volumes/env/worldclim1.4/bio11.mxe
Checking header of /volumes/env/worldclim1.4/bio11.mxe
Checking header of /volumes/env/worldclim1.4/bio12.mxe
Checking header of /volumes/env/worldclim1.4/bio12.mxe
Checking header of /volumes/env/worldclim1.4/bio13.mxe
Checking header of /volumes/env/worldclim1.4/bio13.mxe
Checking header of /volumes/env/worldclim1.4/bio14.mxe
Checking header of /volumes/env/worldclim1.4/bio14.mxe
Checking header of /volumes/env/worldclim1.4/bio15.mxe
Checking header of /volumes/env/worldclim1.4/bio15.mxe
Checking header of /volumes/env/worldclim1.4/bio16.mxe
Checking header of /volumes/env/worldclim1.4/bio16.mxe
Checking header of /volumes/env/worldclim1.4/bio17.mxe
Checking header of /volumes/env/worldclim1.4/bio17.mxe
Checking header of /volumes/env/worldclim1.4/bio18.mxe
Checking header of /volumes/env/worldclim1.4/bio18.mxe
Checking header of /volumes/env/worldclim1.4/bio19.mxe
Checking header of /volumes/env/worldclim1.4/bio19.mxe
Checking header of /volumes/env/worldclim1.4/bio2.mxe
Checking header of /volumes/env/worldclim1.4/bio2.mxe
Checking header of /volumes/env/worldclim1.4/bio3.mxe
Checking header of /volumes/env/worldclim1.4/bio3.mxe
Checking header of /volumes/env/worldclim1.4/bio4.mxe
Checking header of /volumes/env/worldclim1.4/bio4.mxe
Checking header of /volumes/env/worldclim1.4/bio5.mxe
Checking header of /volumes/env/worldclim1.4/bio5.mxe
Checking header of /volumes/env/worldclim1.4/bio6.mxe
Checking header of /volumes/env/worldclim1.4/bio6.mxe
Checking header of /volumes/env/worldclim1.4/bio7.mxe
Checking header of /volumes/env/worldclim1.4/bio7.mxe
Checking header of /volumes/env/worldclim1.4/bio8.mxe
Checking header of /volumes/env/worldclim1.4/bio8.mxe
Checking header of /volumes/env/worldclim1.4/bio9.mxe
Checking header of /volumes/env/worldclim1.4/bio9.mxe
Checking header of /volumes/env/worldclim1.4/mask.asc
Reading samples from Heuchera_abramsii.csv
Read samples: max memory 12612272128, total allocated 792723456, free 779983840, used 12739616, increment 12739616
Extractor: max memory 12612272128, total allocated 792723456, free 779407360, used 13316096, increment 576480
Extracting random background and sample data
Time since start: 2.398
19 points with values for all grids
Adding samples to background in feature space
Command line used:  samplesfile=/volumes/output/heuchera_rfolk_global/heuchera_abramsii/Heuchera_abramsii.csv -e /volumes/env/worldclim1.4 -o /volumes/output/heuchera_rfolk_global/heuchera_abramsii nowarnings nocache autorun -z togglelayertype=mask
Command line to repeat: java density.MaxEnt nowarnings noprefixes outputdirectory=/volumes/output/heuchera_rfolk_global/heuchera_abramsii samplesfile=/volumes/output/heuchera_rfolk_global/heuchera_abramsii/Heuchera_abramsii.csv environmentallayers=/volumes/env/worldclim1.4 nowarnings autorun novisible nocache -t mask
Species: Heuchera_abramsii
Layers: alt alt bio1 bio1 bio10 bio10 bio11 bio11 bio12 bio12 bio13 bio13 bio14 bio14 bio15 bio15 bio16 bio16 bio17 bio17 bio18 bio18 bio19 bio19 bio2 bio2 bio3 bio3 bio4 bio4 bio5 bio5 bio6 bio6 bio7 bio7 bio8 bio8 bio9 bio9 mask
Layertypes: Continuous Continuous Continuous Continuous Continuous Continuous Continuous Continuous Continuous Continuous Continuous Continuous Continuous Continuous Continuous Continuous Continuous Continuous Continuous Continuous Continuous Continuous Continuous Continuous Continuous Continuous Continuous Continuous Continuous Continuous Continuous Continuous Continuous Continuous Continuous Continuous Continuous Continuous Continuous Continuous Categorical
outputdirectory: /volumes/output/heuchera_rfolk_global/heuchera_abramsii
samplesfile: /volumes/output/heuchera_rfolk_global/heuchera_abramsii/Heuchera_abramsii.csv
environmentallayers: /volumes/env/worldclim1.4
warnings: false
autorun: true
visible: false
cache: false

getSamples: max memory 12612272128, total allocated 792723456, free 481792928, used 310930528, increment 297614432
Making features
makeFeatures: max memory 12612272128, total allocated 792723456, free 481792928, used 310930528, increment 0
Heuchera_abramsii: 
Regularization values: linear/quadratic/product: 1.000, categorical: 0.620, threshold: 1.980, hinge: 0.500
2 samples
Density: max memory 12612272128, total allocated 792723456, free 480742304, used 311981152, increment 1050624
linearPredictor: max memory 12612272128, total allocated 792723456, free 480742304, used 311981152, increment 0
FeaturedSpace: max memory 12612272128, total allocated 792723456, free 480742304, used 311981152, increment 0
Sequential: max memory 12612272128, total allocated 792723456, free 480742304, used 311981152, increment 0
Initial loss: 2.9444389791664403
100: time = 0.015000 loss = 1.607324
Resulting gain: 1.3371153729150298
Projecting...
Writing file /volumes/output/heuchera_rfolk_global/heuchera_abramsii/Heuchera_abramsii.asc
Time since start: 4.279
Writing /volumes/output/heuchera_rfolk_global/heuchera_abramsii/plots/Heuchera_abramsii.png
Ending
