Thu Dec 22 15:36:51 CST 2022
MaxEnt version 3.4.4
Checking header of /volumes/env/na_2.5min/BIOCLIM_1.asc
Checking header of /volumes/env/na_2.5min/BIOCLIM_12.asc
Checking header of /volumes/env/na_2.5min/BIOCLIM_17.asc
Checking header of /volumes/env/na_2.5min/BIOCLIM_7.asc
Checking header of /volumes/env/na_2.5min/GTOPO30_ELEVATION.asc
Checking header of /volumes/env/na_2.5min/GTOPO30_SLOPE_reduced.asc
Checking header of /volumes/env/na_2.5min/ISRICSOILGRIDS_new_average_coarsefragmentpercent_reduced.asc
Checking header of /volumes/env/na_2.5min/ISRICSOILGRIDS_new_average_phx10percent_reduced.asc
Checking header of /volumes/env/na_2.5min/ISRICSOILGRIDS_new_average_sandpercent_reduced.asc
Checking header of /volumes/env/na_2.5min/ISRICSOILGRIDS_new_average_soilorganiccarboncontent_reduced.asc
Checking header of /volumes/env/na_2.5min/LandCover_1_Needleleaf.asc
Checking header of /volumes/env/na_2.5min/LandCover_6_Herbaceous.asc
Checking header of /volumes/env/na_2.5min/mask.asc
Reading samples from Heuchera_pubescens.csv
Read samples: max memory 12612272128, total allocated 792723456, free 773701024, used 19022432, increment 19022432
Extractor: max memory 12612272128, total allocated 792723456, free 766067408, used 26656048, increment 7633616
Extracting random background and sample data
Time since start: 6.366
7783 points with values for all grids
Adding samples to background in feature space
Command line used:  samplesfile=/volumes/output/heuchera_rfolk_na/heuchera_pubescens/Heuchera_pubescens.csv -e /volumes/env/na_2.5min -o /volumes/output/heuchera_rfolk_na/heuchera_pubescens nowarnings nocache autorun -z togglelayertype=mask
Command line to repeat: java density.MaxEnt nowarnings noprefixes outputdirectory=/volumes/output/heuchera_rfolk_na/heuchera_pubescens samplesfile=/volumes/output/heuchera_rfolk_na/heuchera_pubescens/Heuchera_pubescens.csv environmentallayers=/volumes/env/na_2.5min nowarnings autorun novisible nocache -t mask
Species: Heuchera_pubescens
Layers: BIOCLIM_1 BIOCLIM_12 BIOCLIM_17 BIOCLIM_7 GTOPO30_ELEVATION GTOPO30_SLOPE_reduced ISRICSOILGRIDS_new_average_coarsefragmentpercent_reduced ISRICSOILGRIDS_new_average_phx10percent_reduced ISRICSOILGRIDS_new_average_sandpercent_reduced ISRICSOILGRIDS_new_average_soilorganiccarboncontent_reduced LandCover_1_Needleleaf LandCover_6_Herbaceous mask
Layertypes: Continuous Continuous Continuous Continuous Continuous Continuous Continuous Continuous Continuous Continuous Continuous Continuous Categorical
outputdirectory: /volumes/output/heuchera_rfolk_na/heuchera_pubescens
samplesfile: /volumes/output/heuchera_rfolk_na/heuchera_pubescens/Heuchera_pubescens.csv
environmentallayers: /volumes/env/na_2.5min
warnings: false
autorun: true
visible: false
cache: false

getSamples: max memory 12612272128, total allocated 952107008, free 818870968, used 133236040, increment 106579992
Making features
makeFeatures: max memory 12612272128, total allocated 952107008, free 812488728, used 139618280, increment 6382240
Heuchera_pubescens: 
Regularization values: linear/quadratic/product: 0.239, categorical: 0.250, threshold: 1.660, hinge: 0.500
34 samples
Density: max memory 12612272128, total allocated 952107008, free 804068096, used 148038912, increment 8420632
linearPredictor: max memory 12612272128, total allocated 952107008, free 804005816, used 148101192, increment 62280
FeaturedSpace: max memory 12612272128, total allocated 952107008, free 804005816, used 148101192, increment 0
Sequential: max memory 12612272128, total allocated 952107008, free 804005816, used 148101192, increment 0
Initial loss: 8.959697146959389
Time since start: 8.727
500: time = 2.005000 loss = 8.404390
Resulting gain: 0.5553075370739204
Projecting...
Writing file /volumes/output/heuchera_rfolk_na/heuchera_pubescens/Heuchera_pubescens.asc
Time since start: 15.642
Writing /volumes/output/heuchera_rfolk_na/heuchera_pubescens/plots/Heuchera_pubescens.png
Time since start: 17.049
Ending
