Mon Oct 31 19:36:53 GMT 2022
MaxEnt version 3.4.4
Checking header of /volumes/env/na_2.5min/BIOCLIM_1.asc
Checking header of /volumes/env/na_2.5min/BIOCLIM_12.asc
Checking header of /volumes/env/na_2.5min/BIOCLIM_17.asc
Checking header of /volumes/env/na_2.5min/BIOCLIM_7.asc
Checking header of /volumes/env/na_2.5min/GTOPO30_ELEVATION.asc
Checking header of /volumes/env/na_2.5min/GTOPO30_SLOPE_reduced.asc
Checking header of /volumes/env/na_2.5min/ISRICSOILGRIDS_new_average_coarsefragmentpercent_reduced.asc
Checking header of /volumes/env/na_2.5min/ISRICSOILGRIDS_new_average_phx10percent_reduced.asc
Checking header of /volumes/env/na_2.5min/ISRICSOILGRIDS_new_average_sandpercent_reduced.asc
Checking header of /volumes/env/na_2.5min/ISRICSOILGRIDS_new_average_soilorganiccarboncontent_reduced.asc
Checking header of /volumes/env/na_2.5min/LandCover_1_Needleleaf.asc
Checking header of /volumes/env/na_2.5min/LandCover_6_Herbaceous.asc
Checking header of /volumes/env/na_2.5min/mask.asc
Reading samples from Bensoniella_oregona.csv
Read samples: max memory 32178700288, total allocated 2118123520, free 2094305264, used 23818256, increment 23818256
Extractor: max memory 32178700288, total allocated 2118123520, free 2088030208, used 30093312, increment 6275056
Extracting random background and sample data
Time since start: 2.513
1219428 points with values for all grids
Adding samples to background in feature space
Command line used:  samplesfile=/volumes/output/heuchera_rfolk_sdm/bensoniella_oregona/Bensoniella_oregona.csv -e /volumes/env/na_2.5min -o /volumes/output/heuchera_rfolk_sdm/bensoniella_oregona nowarnings nocache autorun -z togglelayertype=mask
Command line to repeat: java density.MaxEnt nowarnings noprefixes outputdirectory=/volumes/output/heuchera_rfolk_sdm/bensoniella_oregona samplesfile=/volumes/output/heuchera_rfolk_sdm/bensoniella_oregona/Bensoniella_oregona.csv environmentallayers=/volumes/env/na_2.5min nowarnings autorun novisible nocache -t mask
Species: Bensoniella_oregona
Layers: BIOCLIM_1 BIOCLIM_12 BIOCLIM_17 BIOCLIM_7 GTOPO30_ELEVATION GTOPO30_SLOPE_reduced ISRICSOILGRIDS_new_average_coarsefragmentpercent_reduced ISRICSOILGRIDS_new_average_phx10percent_reduced ISRICSOILGRIDS_new_average_sandpercent_reduced ISRICSOILGRIDS_new_average_soilorganiccarboncontent_reduced LandCover_1_Needleleaf LandCover_6_Herbaceous mask
Layertypes: Continuous Continuous Continuous Continuous Continuous Continuous Continuous Continuous Continuous Continuous Continuous Continuous Categorical
outputdirectory: /volumes/output/heuchera_rfolk_sdm/bensoniella_oregona
samplesfile: /volumes/output/heuchera_rfolk_sdm/bensoniella_oregona/Bensoniella_oregona.csv
environmentallayers: /volumes/env/na_2.5min
warnings: false
autorun: true
visible: false
cache: false

getSamples: max memory 32178700288, total allocated 2118123520, free 1954036104, used 164087416, increment 133994104
Making features
makeFeatures: max memory 32178700288, total allocated 2118123520, free 1945647496, used 172476024, increment 8388608
Bensoniella_oregona: 
Regularization values: linear/quadratic/product: 0.543, categorical: 0.286, threshold: 1.840, hinge: 0.500
16 samples
Density: max memory 32178700288, total allocated 2118123520, free 1935081592, used 183041928, increment 10565904
linearPredictor: max memory 32178700288, total allocated 2118123520, free 1935081592, used 183041928, increment 0
Deactivating (mask=-9999.0)
FeaturedSpace: max memory 32178700288, total allocated 2118123520, free 1935081592, used 183041928, increment 0
Sequential: max memory 32178700288, total allocated 2118123520, free 1935081592, used 183041928, increment 0
Initial loss: 9.211939093339879
200: time = 0.329000 loss = 3.407742
Resulting gain: 5.804196823687532
Projecting...
Writing file /volumes/output/heuchera_rfolk_sdm/bensoniella_oregona/Bensoniella_oregona.asc
Time since start: 7.048
Writing /volumes/output/heuchera_rfolk_sdm/bensoniella_oregona/plots/Bensoniella_oregona.png
Ending
