Wed Sep 14 16:21:42 CDT 2022
MaxEnt version 3.4.4
Checking header of /volumes/env/worldclim1.4/alt.mxe
Checking header of /volumes/env/worldclim1.4/alt.mxe
Checking header of /volumes/env/worldclim1.4/bio1.mxe
Checking header of /volumes/env/worldclim1.4/bio1.mxe
Checking header of /volumes/env/worldclim1.4/bio10.mxe
Checking header of /volumes/env/worldclim1.4/bio10.mxe
Checking header of /volumes/env/worldclim1.4/bio11.mxe
Checking header of /volumes/env/worldclim1.4/bio11.mxe
Checking header of /volumes/env/worldclim1.4/bio12.mxe
Checking header of /volumes/env/worldclim1.4/bio12.mxe
Checking header of /volumes/env/worldclim1.4/bio13.mxe
Checking header of /volumes/env/worldclim1.4/bio13.mxe
Checking header of /volumes/env/worldclim1.4/bio14.mxe
Checking header of /volumes/env/worldclim1.4/bio14.mxe
Checking header of /volumes/env/worldclim1.4/bio15.mxe
Checking header of /volumes/env/worldclim1.4/bio15.mxe
Checking header of /volumes/env/worldclim1.4/bio16.mxe
Checking header of /volumes/env/worldclim1.4/bio16.mxe
Checking header of /volumes/env/worldclim1.4/bio17.mxe
Checking header of /volumes/env/worldclim1.4/bio17.mxe
Checking header of /volumes/env/worldclim1.4/bio18.mxe
Checking header of /volumes/env/worldclim1.4/bio18.mxe
Checking header of /volumes/env/worldclim1.4/bio19.mxe
Checking header of /volumes/env/worldclim1.4/bio19.mxe
Checking header of /volumes/env/worldclim1.4/bio2.mxe
Checking header of /volumes/env/worldclim1.4/bio2.mxe
Checking header of /volumes/env/worldclim1.4/bio3.mxe
Checking header of /volumes/env/worldclim1.4/bio3.mxe
Checking header of /volumes/env/worldclim1.4/bio4.mxe
Checking header of /volumes/env/worldclim1.4/bio4.mxe
Checking header of /volumes/env/worldclim1.4/bio5.mxe
Checking header of /volumes/env/worldclim1.4/bio5.mxe
Checking header of /volumes/env/worldclim1.4/bio6.mxe
Checking header of /volumes/env/worldclim1.4/bio6.mxe
Checking header of /volumes/env/worldclim1.4/bio7.mxe
Checking header of /volumes/env/worldclim1.4/bio7.mxe
Checking header of /volumes/env/worldclim1.4/bio8.mxe
Checking header of /volumes/env/worldclim1.4/bio8.mxe
Checking header of /volumes/env/worldclim1.4/bio9.mxe
Checking header of /volumes/env/worldclim1.4/bio9.mxe
Checking header of /volumes/env/worldclim1.4/mask.asc
Reading samples from Heuchera grossulariifolia.csv
Read samples: max memory 32178700288, total allocated 2118123520, free 2100611072, used 17512448, increment 17512448
Extractor: max memory 32178700288, total allocated 2118123520, free 2096418816, used 21704704, increment 4192256
Extracting random background and sample data
Warning: Sample at -41.76, 14.646 in Heuchera grossulariifolia.csv is missing some environmental data (e.g. alt)
Warning: Skipping sample at -41.76, 14.646
6427 points with values for all grids
Adding samples to background in feature space
Command line used:  samplesfile=/volumes/output/heuchera_sdm/Heuchera_grossulariifolia/Heuchera grossulariifolia.csv -e /volumes/env/worldclim1.4 -o /volumes/output/heuchera_sdm/Heuchera_grossulariifolia nowarnings nocache autorun -z togglelayertype=mask
Command line to repeat: java density.MaxEnt nowarnings noprefixes outputdirectory=/volumes/output/heuchera_sdm/Heuchera_grossulariifolia "samplesfile=/volumes/output/heuchera_sdm/Heuchera_grossulariifolia/Heuchera grossulariifolia.csv" environmentallayers=/volumes/env/worldclim1.4 nowarnings autorun novisible nocache -t mask
Species: Heuchera_grossulariifolia
Layers: alt alt bio1 bio1 bio10 bio10 bio11 bio11 bio12 bio12 bio13 bio13 bio14 bio14 bio15 bio15 bio16 bio16 bio17 bio17 bio18 bio18 bio19 bio19 bio2 bio2 bio3 bio3 bio4 bio4 bio5 bio5 bio6 bio6 bio7 bio7 bio8 bio8 bio9 bio9 mask
Layertypes: Continuous Continuous Continuous Continuous Continuous Continuous Continuous Continuous Continuous Continuous Continuous Continuous Continuous Continuous Continuous Continuous Continuous Continuous Continuous Continuous Continuous Continuous Continuous Continuous Continuous Continuous Continuous Continuous Continuous Continuous Continuous Continuous Continuous Continuous Continuous Continuous Continuous Continuous Continuous Continuous Categorical
outputdirectory: /volumes/output/heuchera_sdm/Heuchera_grossulariifolia
samplesfile: /volumes/output/heuchera_sdm/Heuchera_grossulariifolia/Heuchera grossulariifolia.csv
environmentallayers: /volumes/env/worldclim1.4
warnings: false
autorun: true
visible: false
cache: false

getSamples: max memory 32178700288, total allocated 2118123520, free 1854958272, used 263165248, increment 241460544
Making features
Time since start: 1.128
makeFeatures: max memory 32178700288, total allocated 2118123520, free 1808820928, used 309302592, increment 46137344
Heuchera_grossulariifolia: 
Regularization values: linear/quadratic/product: 0.050, categorical: 0.250, threshold: 1.000, hinge: 0.500
196 samples
Density: max memory 32178700288, total allocated 2118123520, free 1779460800, used 338662720, increment 29360128
linearPredictor: max memory 32178700288, total allocated 2118123520, free 1779460800, used 338662720, increment 0
FeaturedSpace: max memory 32178700288, total allocated 2118123520, free 1779460800, used 338662720, increment 0
Sequential: max memory 32178700288, total allocated 2118123520, free 1779460800, used 338662720, increment 0
Initial loss: 8.768263145371286
Time since start: 5.337
500: time = 3.861000 loss = 7.136774
Resulting gain: 1.6314887810666328
Projecting...
Writing file /volumes/output/heuchera_sdm/Heuchera_grossulariifolia/Heuchera_grossulariifolia.asc
Time since start: 6.794
Writing /volumes/output/heuchera_sdm/Heuchera_grossulariifolia/plots/Heuchera_grossulariifolia.png
Time since start: 8.446
Ending
