{
    "pam_filename": "/volumes/data/input/heuchera_rfolk_1deg_global_matchtree.lmm",
    "tree_filename": "/volumes/data/input/heuchera.nex",
    "output covariance matrix sigma sites": "/volumes/output/covariance_pd_sigma_sites.lmm",
    "output covariance matrix sigma species": "/volumes/output/covariance_pd_sigma_species.lmm",
    "output diversity_matrix": "/volumes/output/diversity_pd.lmm",
    "output site_stats_matrix": "/volumes/output/site_stats_pd.lmm",
    "output species_stats_matrix": "/volumes/output/species_stats_pd.lmm",
    "Covariance": {
        "sigma sites": {
            "columns": 54000,
            "column_headers": 54000,
            "column_header_elts": 3,
            "rows": 54000,
            "row_headers": 54000,
            "row_header_elts": 3,
            "max": 0.14617283950617285,
            "min": -0.023703703703703706
        },
        "sigma species": {
            "columns": 52,
            "column_headers": 52,
            "column_header_elts": 21,
            "rows": 52,
            "row_headers": 52,
            "row_header_elts": 21,
            "max": 0.24717613013139164,
            "min": -0.0643620621251371
        }
    },
    "Diversity": {
        "columns": 6,
        "column_headers": 6,
        "column_header_elts": 7,
        "max": 3192.496618357488,
        "min": 23.67819013726487,
        "statistics": [
            "c-score",
            "lande",
            "legendre",
            "num sites",
            "num species",
            "whittaker"
        ]
    },
    "Site Statistics": {
        "columns": 54000,
        "column_headers": 9,
        "column_header_elts": 5,
        "rows": 9,
        "row_headers": 54000,
        "row_header_elts": 3,
        "max": NaN,
        "min": NaN
    },
    "Species Statistics": {
        "columns": 52,
        "column_headers": 4,
        "column_header_elts": 5,
        "rows": 4,
        "row_headers": 52,
        "row_header_elts": 21,
        "max": NaN,
        "min": NaN
    }
}