{
    "pam_filename": "/volumes/data/input/heuchera_rfolk_1deg_global_noempties.lmm",
    "output covariance matrix sigma sites": "/volumes/output/covariance_noempties_sigma_sites.lmm",
    "output covariance matrix sigma species": "/volumes/output/covariance_noempties_sigma_species.lmm",
    "output diversity_matrix": "/volumes/output/diversity_noempties.lmm",
    "output site_stats_matrix": "/volumes/output/site_stats_noempties.lmm",
    "output species_stats_matrix": "/volumes/output/species_stats_noempties.lmm",
    "Covariance": {
        "sigma sites": {
            "columns": 2114,
            "column_headers": 2114,
            "column_header_elts": 3,
            "rows": 2114,
            "row_headers": 2114,
            "row_header_elts": 3,
            "max": 0.1705785123966942,
            "min": -0.023801652892561982
        },
        "sigma species": {
            "columns": 55,
            "column_headers": 55,
            "column_header_elts": 20,
            "rows": 55,
            "row_headers": 55,
            "row_header_elts": 20,
            "max": 0.2461011377052027,
            "min": -0.061592581420972396
        }
    },
    "Diversity": {
        "columns": 6,
        "column_headers": 6,
        "column_header_elts": 7,
        "max": 5385.389898989899,
        "min": 24.273486430062626,
        "statistics": [
            "c-score",
            "lande",
            "legendre",
            "num sites",
            "num species",
            "whittaker"
        ]
    },
    "Site Statistics": {
        "columns": 2114,
        "column_headers": 4,
        "column_header_elts": 5,
        "rows": 4,
        "row_headers": 2114,
        "row_header_elts": 3,
        "max": 2687.0,
        "min": 0.007568590350047304
    },
    "Species Statistics": {
        "columns": 55,
        "column_headers": 4,
        "column_header_elts": 5,
        "rows": 4,
        "row_headers": 55,
        "row_header_elts": 20,
        "max": 1940.0,
        "min": 0.0004730368968779565
    }
}