{
    "pam_filename": "/volumes/data/input/heuchera_rfolk_1deg_global_noempties_matchtree.lmm",
    "tree_filename": "/volumes/data/input/heuchera.nex",
    "output covariance matrix sigma sites": "/volumes/output/covariance_noempties_pd_sigma_sites.lmm",
    "output covariance matrix sigma species": "/volumes/output/covariance_noempties_pd_sigma_species.lmm",
    "output diversity_matrix": "/volumes/output/diversity_noempties_pd.lmm",
    "output site_stats_matrix": "/volumes/output/site_stats_noempties_pd.lmm",
    "output species_stats_matrix": "/volumes/output/species_stats_noempties_pd.lmm",
    "Covariance": {
        "sigma sites": {
            "columns": 2070,
            "column_headers": 2070,
            "column_header_elts": 3,
            "rows": 2070,
            "row_headers": 2070,
            "row_header_elts": 3,
            "max": 0.14617283950617285,
            "min": -0.023703703703703706
        },
        "sigma species": {
            "columns": 45,
            "column_headers": 45,
            "column_header_elts": 21,
            "rows": 45,
            "row_headers": 45,
            "row_header_elts": 21,
            "max": 0.24717613013139164,
            "min": -0.0643620621251371
        }
    },
    "Diversity": {
        "columns": 6,
        "column_headers": 6,
        "column_header_elts": 7,
        "max": 5546.065656565656,
        "min": 23.678190137264874,
        "statistics": [
            "c-score",
            "lande",
            "legendre",
            "num sites",
            "num species",
            "whittaker"
        ]
    },
    "Site Statistics": {
        "columns": 2070,
        "column_headers": 9,
        "column_header_elts": 5,
        "rows": 9,
        "row_headers": 2070,
        "row_header_elts": 3,
        "max": 2195.0,
        "min": -1.0000000000000002
    },
    "Species Statistics": {
        "columns": 45,
        "column_headers": 4,
        "column_header_elts": 5,
        "rows": 4,
        "row_headers": 45,
        "row_header_elts": 21,
        "max": 1661.0,
        "min": 0.0004830917874396135
    }
}