10 Jan 2023 15:43 INFO     convert_lmm_to_raster: ***Create raster image for matrix /volumes/data/input/heuchera_rfolk_1deg_global.lmm
10 Jan 2023 15:43 DEBUG    rasterize_flattened_matrix: Found bounding box -180.0, -60.0, 180.0, 90.0 for matrix
10 Jan 2023 15:43 INFO     rasterize_flattened_matrix: Added Heuchera pilosissima as band 1
10 Jan 2023 15:43 INFO     rasterize_flattened_matrix: Added Asimitellaria pauciflora as band 2
10 Jan 2023 15:43 INFO     rasterize_flattened_matrix: Added Heuchera longiflora as band 3
10 Jan 2023 15:43 INFO     rasterize_flattened_matrix: Added Heuchera hirsutissima as band 4
10 Jan 2023 15:43 INFO     rasterize_flattened_matrix: Added Conimitella williamsii as band 5
10 Jan 2023 15:43 INFO     rasterize_flattened_matrix: Added Heuchera maxima as band 6
10 Jan 2023 15:43 INFO     rasterize_flattened_matrix: Added Heuchera abramsii as band 7
10 Jan 2023 15:43 INFO     rasterize_flattened_matrix: Added Tellima grandiflora as band 8
10 Jan 2023 15:43 INFO     rasterize_flattened_matrix: Added Heuchera alba as band 9
10 Jan 2023 15:43 INFO     rasterize_flattened_matrix: Added Heuchera glabra as band 10
10 Jan 2023 15:43 INFO     rasterize_flattened_matrix: Added Heuchera longipetala as band 11
10 Jan 2023 15:43 INFO     rasterize_flattened_matrix: Added Mitella nuda as band 12
10 Jan 2023 15:43 INFO     rasterize_flattened_matrix: Added Heuchera glomerulata as band 13
10 Jan 2023 15:43 INFO     rasterize_flattened_matrix: Added Heuchera novomexicana as band 14
10 Jan 2023 15:43 INFO     rasterize_flattened_matrix: Added Brewerimitella breweri as band 15
10 Jan 2023 15:43 INFO     rasterize_flattened_matrix: Added Heuchera rubescens versicolor as band 16
10 Jan 2023 15:43 INFO     rasterize_flattened_matrix: Added Telesonix jamesii as band 17
10 Jan 2023 15:43 INFO     rasterize_flattened_matrix: Added Heuchera eastwoodiae as band 18
10 Jan 2023 15:43 INFO     rasterize_flattened_matrix: Added Heuchera acutifolia as band 19
10 Jan 2023 15:43 INFO     rasterize_flattened_matrix: Added Asimitellaria stylosa as band 20
10 Jan 2023 15:43 INFO     rasterize_flattened_matrix: Added Heuchera grossulariifolia as band 21
10 Jan 2023 15:43 INFO     rasterize_flattened_matrix: Added Mitellastra caulescens as band 22
10 Jan 2023 15:43 INFO     rasterize_flattened_matrix: Added Heuchera rubescens as band 23
10 Jan 2023 15:43 INFO     rasterize_flattened_matrix: Added Heuchera missouriensis as band 24
10 Jan 2023 15:43 INFO     rasterize_flattened_matrix: Added Mitella diphylla as band 25
10 Jan 2023 15:43 INFO     rasterize_flattened_matrix: Added Heuchera woodsiaphila as band 26
10 Jan 2023 15:43 INFO     rasterize_flattened_matrix: Added Pectiantia pentandra as band 27
10 Jan 2023 15:43 INFO     rasterize_flattened_matrix: Added Lithophragma parviflorum as band 28
10 Jan 2023 15:43 INFO     rasterize_flattened_matrix: Added Brewerimitella ovalis as band 29
10 Jan 2023 15:43 INFO     rasterize_flattened_matrix: Added Peltoboykinia tellimoides as band 30
10 Jan 2023 15:43 INFO     rasterize_flattened_matrix: Added Elmera racemosa as band 31
10 Jan 2023 15:43 INFO     rasterize_flattened_matrix: Added Heuchera soltisii as band 32
10 Jan 2023 15:43 INFO     rasterize_flattened_matrix: Added Heuchera caroliniana as band 33
10 Jan 2023 15:43 INFO     rasterize_flattened_matrix: Added Heuchera parishii as band 34
10 Jan 2023 15:43 INFO     rasterize_flattened_matrix: Added Heuchera inconstans as band 35
10 Jan 2023 15:43 INFO     rasterize_flattened_matrix: Added Heuchera elegans as band 36
10 Jan 2023 15:43 INFO     rasterize_flattened_matrix: Added Heuchera merriamii as band 37
10 Jan 2023 15:43 INFO     rasterize_flattened_matrix: Added Heuchera cylindrica as band 38
10 Jan 2023 15:43 INFO     rasterize_flattened_matrix: Added Heuchera pulchella as band 39
10 Jan 2023 15:43 INFO     rasterize_flattened_matrix: Added Heuchera villosa as band 40
10 Jan 2023 15:43 INFO     rasterize_flattened_matrix: Added Heuchera richardsonii as band 41
10 Jan 2023 15:43 INFO     rasterize_flattened_matrix: Added Heuchera sanguinea as band 42
10 Jan 2023 15:43 INFO     rasterize_flattened_matrix: Added Asimitellaria furusei as band 43
10 Jan 2023 15:43 INFO     rasterize_flattened_matrix: Added Heuchera mexicana as band 44
10 Jan 2023 15:43 INFO     rasterize_flattened_matrix: Added Heuchera micrantha as band 45
10 Jan 2023 15:43 INFO     rasterize_flattened_matrix: Added Heuchera parviflora as band 46
10 Jan 2023 15:43 INFO     rasterize_flattened_matrix: Added Ozomelis stauropetala as band 47
10 Jan 2023 15:43 INFO     rasterize_flattened_matrix: Added Heuchera caespitosa as band 48
10 Jan 2023 15:43 INFO     rasterize_flattened_matrix: Added Heuchera rosendahlii as band 49
10 Jan 2023 15:43 INFO     rasterize_flattened_matrix: Added Bensoniella oregona as band 50
10 Jan 2023 15:43 INFO     rasterize_flattened_matrix: Added Heuchera bracteata as band 51
10 Jan 2023 15:43 INFO     rasterize_flattened_matrix: Added Heuchera hallii as band 52
10 Jan 2023 15:43 INFO     rasterize_flattened_matrix: Added Heuchera parvifolia as band 53
10 Jan 2023 15:43 INFO     rasterize_flattened_matrix: Added Mitella japonica as band 54
10 Jan 2023 15:43 INFO     rasterize_flattened_matrix: Added Heuchera puberula as band 55
10 Jan 2023 15:43 INFO     rasterize_flattened_matrix: Added Heuchera wellsiae as band 56
10 Jan 2023 15:43 INFO     rasterize_flattened_matrix: Added Heuchera pubescens as band 57
10 Jan 2023 15:43 INFO     rasterize_flattened_matrix: Added Heuchera brevistaminea as band 58
10 Jan 2023 15:43 INFO     rasterize_flattened_matrix: Added Heuchera chlorantha as band 59
10 Jan 2023 15:43 INFO     rasterize_flattened_matrix: Added Tiarella polyphylla as band 60
10 Jan 2023 15:43 INFO     rasterize_flattened_matrix: Added Heuchera americana as band 61
10 Jan 2023 15:43 INFO     rasterize_flattened_matrix: Added Heuchera wootonii as band 62
10 Jan 2023 15:43 INFO     rasterize_flattened_matrix: Wrote raster with 62 bands to /volumes/output/heuchera_rfolk_1deg_global.tiff
10 Jan 2023 15:43 INFO     convert_lmm_to_raster: Wrote report file to /volumes/output/convert_lmm_to_raster.rpt
