{
    "min_x": -164.0,
    "min_y": 14.0,
    "max_x": -49.0,
    "max_y": 64.0,
    "matrix_type": "float64",
    "height": 10,
    "width": 23,
    "raster_data_type": "gdal.GDT_Byte",
    "resolution": 5.0,
    "nodata": 255,
    "band 1": "Heuchera novomexicana",
    "band 2": "Mitella stauropetala",
    "band 3": "Tolmiea menziesii",
    "band 4": "Heuchera chlorantha",
    "band 5": "Heuchera americana",
    "band 6": "Heuchera pubescens",
    "band 7": "Heuchera bracteata",
    "band 8": "Heuchera rubescens",
    "band 9": "Heuchera puberula",
    "band 10": "Mitella pentandra",
    "band 11": "Heuchera missouriensis",
    "band 12": "Heuchera eastwoodiae",
    "band 13": "Heuchera longipetala",
    "band 14": "Heuchera mexicana",
    "band 15": "Heuchera parvifolia",
    "band 16": "Mitella caulescens",
    "band 17": "Mitella breweri",
    "band 18": "Heuchera brevistaminea",
    "band 19": "Heuchera richardsonii",
    "band 20": "Heuchera parishii",
    "band 21": "Heuchera glomerulata",
    "band 22": "Heuchera inconstans",
    "band 23": "Tellima grandiflora",
    "band 24": "Conimitella williamsii",
    "band 25": "Heuchera villosa",
    "band 26": "Heuchera micrantha",
    "band 27": "Heuchera sanguinea",
    "band 28": "Heuchera longiflora",
    "band 29": "Heuchera wellsiae",
    "band 30": "Heuchera caroliniana",
    "band 31": "Mitella nuda",
    "band 32": "Heuchera pilosissima",
    "band 33": "Elmera_racemosa",
    "band 34": "Heuchera alba",
    "band 35": "Heuchera elegans",
    "band 36": "Mitella diphylla",
    "band 37": "Heuchera glabra",
    "band 38": "Tolmiea diplomenziesii",
    "band 39": "Heuchera caespitosa",
    "band 40": "Heuchera lakelae",
    "band 41": "Bensoniella oregona",
    "band 42": "Mitella ovalis",
    "band 43": "Heuchera pulchella",
    "band 44": "Heuchera_merriamii",
    "band 45": "Telesonix jamesii",
    "band 46": "Heuchera acutifolia",
    "band 47": "Heuchera grossulariifolia",
    "band 48": "Heuchera rosendahlii",
    "band 49": "Heuchera hirsutissima",
    "band 50": "Heuchera parviflora",
    "band 51": "Heuchera cylindrica",
    "band 52": "Heuchera wootonii",
    "band 53": "Heuchera versicolor",
    "band 54": "Heuchera maxima",
    "band 55": "Lithophragma parviflorum",
    "band 56": "Heuchera hallii",
    "band 57": "Heuchera soltisii",
    "band 58": "Heuchera abramsii",
    "band 59": "Heuchera woodsiaphila",
    "matrix_filename": "/volumes/data/input/heuchera_pam_rn.lmm"
}