{
    "min_x": -163.0,
    "min_y": 17.0,
    "max_x": 145.0,
    "max_y": 64.0,
    "resolution": 1.0,
    "height": 47,
    "width": 308,
    "nodata": 255,
    "raster_data_type": "gdal.GDT_Byte",
    "matrix_type": "float64",
    "band 1": "Heuchera pilosissima",
    "band 2": "Asimitellaria pauciflora",
    "band 3": "Heuchera longiflora",
    "band 4": "Heuchera hirsutissima",
    "band 5": "Conimitella williamsii",
    "band 6": "Heuchera abramsii",
    "band 7": "Tellima grandiflora",
    "band 8": "Heuchera alba",
    "band 9": "Heuchera glabra",
    "band 10": "Heuchera longipetala",
    "band 11": "Mitella nuda",
    "band 12": "Heuchera glomerulata",
    "band 13": "Heuchera novomexicana",
    "band 14": "Brewerimitella breweri",
    "band 15": "Heuchera rubescens versicolor",
    "band 16": "Telesonix jamesii",
    "band 17": "Heuchera eastwoodiae",
    "band 18": "Heuchera acutifolia",
    "band 19": "Asimitellaria stylosa",
    "band 20": "Heuchera grossulariifolia",
    "band 21": "Mitellastra caulescens",
    "band 22": "Heuchera rubescens",
    "band 23": "Heuchera missouriensis",
    "band 24": "Mitella diphylla",
    "band 25": "Pectiantia pentandra",
    "band 26": "Lithophragma parviflorum",
    "band 27": "Brewerimitella ovalis",
    "band 28": "Peltoboykinia tellimoides",
    "band 29": "Elmera racemosa",
    "band 30": "Heuchera soltisii",
    "band 31": "Heuchera caroliniana",
    "band 32": "Heuchera elegans",
    "band 33": "Heuchera merriamii",
    "band 34": "Heuchera cylindrica",
    "band 35": "Heuchera villosa",
    "band 36": "Heuchera richardsonii",
    "band 37": "Heuchera sanguinea",
    "band 38": "Asimitellaria furusei",
    "band 39": "Heuchera mexicana",
    "band 40": "Heuchera micrantha",
    "band 41": "Heuchera parviflora",
    "band 42": "Ozomelis stauropetala",
    "band 43": "Heuchera caespitosa",
    "band 44": "Bensoniella oregona",
    "band 45": "Heuchera bracteata",
    "band 46": "Heuchera hallii",
    "band 47": "Heuchera parvifolia",
    "band 48": "Mitella japonica",
    "band 49": "Heuchera puberula",
    "band 50": "Heuchera pubescens",
    "band 51": "Heuchera brevistaminea",
    "band 52": "Heuchera chlorantha",
    "band 53": "Tiarella polyphylla",
    "band 54": "Heuchera americana",
    "band 55": "Heuchera wootonii",
    "matrix_filename": "/volumes/data/input/heuchera_rfolk_1deg_global_noempties.lmm"
}