25 Jan 2023 21:36 INFO     convert_lmm_to_raster: ***Create raster image for matrix /volumes/data/input/heuchera_rfolk_1deg_global_noempties.lmm
25 Jan 2023 21:36 DEBUG    rasterize_geospatial_matrix: Found bounding box -163.0, 17.0, 145.0, 64.0 for matrix
25 Jan 2023 21:36 INFO     rasterize_geospatial_matrix: Added band 1 (Heuchera pilosissima)
25 Jan 2023 21:36 INFO     rasterize_geospatial_matrix: Added band 2 (Asimitellaria pauciflora)
25 Jan 2023 21:36 INFO     rasterize_geospatial_matrix: Added band 3 (Heuchera longiflora)
25 Jan 2023 21:36 INFO     rasterize_geospatial_matrix: Added band 4 (Heuchera hirsutissima)
25 Jan 2023 21:36 INFO     rasterize_geospatial_matrix: Added band 5 (Conimitella williamsii)
25 Jan 2023 21:36 INFO     rasterize_geospatial_matrix: Added band 6 (Heuchera abramsii)
25 Jan 2023 21:36 INFO     rasterize_geospatial_matrix: Added band 7 (Tellima grandiflora)
25 Jan 2023 21:36 INFO     rasterize_geospatial_matrix: Added band 8 (Heuchera alba)
25 Jan 2023 21:36 INFO     rasterize_geospatial_matrix: Added band 9 (Heuchera glabra)
25 Jan 2023 21:36 INFO     rasterize_geospatial_matrix: Added band 10 (Heuchera longipetala)
25 Jan 2023 21:36 INFO     rasterize_geospatial_matrix: Added band 11 (Mitella nuda)
25 Jan 2023 21:36 INFO     rasterize_geospatial_matrix: Added band 12 (Heuchera glomerulata)
25 Jan 2023 21:36 INFO     rasterize_geospatial_matrix: Added band 13 (Heuchera novomexicana)
25 Jan 2023 21:36 INFO     rasterize_geospatial_matrix: Added band 14 (Brewerimitella breweri)
25 Jan 2023 21:36 INFO     rasterize_geospatial_matrix: Added band 15 (Heuchera rubescens versicolor)
25 Jan 2023 21:36 INFO     rasterize_geospatial_matrix: Added band 16 (Telesonix jamesii)
25 Jan 2023 21:36 INFO     rasterize_geospatial_matrix: Added band 17 (Heuchera eastwoodiae)
25 Jan 2023 21:36 INFO     rasterize_geospatial_matrix: Added band 18 (Heuchera acutifolia)
25 Jan 2023 21:36 INFO     rasterize_geospatial_matrix: Added band 19 (Asimitellaria stylosa)
25 Jan 2023 21:36 INFO     rasterize_geospatial_matrix: Added band 20 (Heuchera grossulariifolia)
25 Jan 2023 21:36 INFO     rasterize_geospatial_matrix: Added band 21 (Mitellastra caulescens)
25 Jan 2023 21:36 INFO     rasterize_geospatial_matrix: Added band 22 (Heuchera rubescens)
25 Jan 2023 21:36 INFO     rasterize_geospatial_matrix: Added band 23 (Heuchera missouriensis)
25 Jan 2023 21:36 INFO     rasterize_geospatial_matrix: Added band 24 (Mitella diphylla)
25 Jan 2023 21:36 INFO     rasterize_geospatial_matrix: Added band 25 (Pectiantia pentandra)
25 Jan 2023 21:36 INFO     rasterize_geospatial_matrix: Added band 26 (Lithophragma parviflorum)
25 Jan 2023 21:36 INFO     rasterize_geospatial_matrix: Added band 27 (Brewerimitella ovalis)
25 Jan 2023 21:36 INFO     rasterize_geospatial_matrix: Added band 28 (Peltoboykinia tellimoides)
25 Jan 2023 21:36 INFO     rasterize_geospatial_matrix: Added band 29 (Elmera racemosa)
25 Jan 2023 21:36 INFO     rasterize_geospatial_matrix: Added band 30 (Heuchera soltisii)
25 Jan 2023 21:36 INFO     rasterize_geospatial_matrix: Added band 31 (Heuchera caroliniana)
25 Jan 2023 21:36 INFO     rasterize_geospatial_matrix: Added band 32 (Heuchera elegans)
25 Jan 2023 21:36 INFO     rasterize_geospatial_matrix: Added band 33 (Heuchera merriamii)
25 Jan 2023 21:36 INFO     rasterize_geospatial_matrix: Added band 34 (Heuchera cylindrica)
25 Jan 2023 21:36 INFO     rasterize_geospatial_matrix: Added band 35 (Heuchera villosa)
25 Jan 2023 21:36 INFO     rasterize_geospatial_matrix: Added band 36 (Heuchera richardsonii)
25 Jan 2023 21:36 INFO     rasterize_geospatial_matrix: Added band 37 (Heuchera sanguinea)
25 Jan 2023 21:36 INFO     rasterize_geospatial_matrix: Added band 38 (Asimitellaria furusei)
25 Jan 2023 21:36 INFO     rasterize_geospatial_matrix: Added band 39 (Heuchera mexicana)
25 Jan 2023 21:36 INFO     rasterize_geospatial_matrix: Added band 40 (Heuchera micrantha)
25 Jan 2023 21:36 INFO     rasterize_geospatial_matrix: Added band 41 (Heuchera parviflora)
25 Jan 2023 21:36 INFO     rasterize_geospatial_matrix: Added band 42 (Ozomelis stauropetala)
25 Jan 2023 21:36 INFO     rasterize_geospatial_matrix: Added band 43 (Heuchera caespitosa)
25 Jan 2023 21:36 INFO     rasterize_geospatial_matrix: Added band 44 (Bensoniella oregona)
25 Jan 2023 21:36 INFO     rasterize_geospatial_matrix: Added band 45 (Heuchera bracteata)
25 Jan 2023 21:36 INFO     rasterize_geospatial_matrix: Added band 46 (Heuchera hallii)
25 Jan 2023 21:36 INFO     rasterize_geospatial_matrix: Added band 47 (Heuchera parvifolia)
25 Jan 2023 21:36 INFO     rasterize_geospatial_matrix: Added band 48 (Mitella japonica)
25 Jan 2023 21:36 INFO     rasterize_geospatial_matrix: Added band 49 (Heuchera puberula)
25 Jan 2023 21:36 INFO     rasterize_geospatial_matrix: Added band 50 (Heuchera pubescens)
25 Jan 2023 21:36 INFO     rasterize_geospatial_matrix: Added band 51 (Heuchera brevistaminea)
25 Jan 2023 21:36 INFO     rasterize_geospatial_matrix: Added band 52 (Heuchera chlorantha)
25 Jan 2023 21:36 INFO     rasterize_geospatial_matrix: Added band 53 (Tiarella polyphylla)
25 Jan 2023 21:36 INFO     rasterize_geospatial_matrix: Added band 54 (Heuchera americana)
25 Jan 2023 21:36 INFO     rasterize_geospatial_matrix: Added band 55 (Heuchera wootonii)
25 Jan 2023 21:36 INFO     rasterize_geospatial_matrix: Wrote raster with 55 bands to /volumes/output/heuchera_rfolk_1deg_global_noempties.tiff
25 Jan 2023 21:36 INFO     convert_lmm_to_raster: Wrote report file to /volumes/output/convert_lmm_to_raster_compressed.rpt
