26 Oct 2022 16:43 INFO     create_sdm: 

***Create SDMs for 67 species occurrence CSVs
26 Oct 2022 16:43 INFO     create_sdm: 
*** Starting SDM for heuchera_pubescens, file 1 of 67
26 Oct 2022 16:43 INFO     model: Created mask /volumes/env/worldclim1.4/mask.asc for current SDM
26 Oct 2022 16:43 INFO     model: Create Maxent model
26 Oct 2022 16:43 INFO     model: Completed Maxent model with file /volumes/output/heuchera_rfolk_sdm/heuchera_pubescens/Heuchera_pubescens.lambdas
26 Oct 2022 16:43 INFO     model: Completed Maxent map with file /volumes/output/heuchera_rfolk_sdm/heuchera_pubescens/Heuchera_pubescens.asc
26 Oct 2022 16:43 INFO     model: Delete mask /volumes/env/worldclim1.4/mask.asc
26 Oct 2022 16:43 INFO     create_sdm: 
*** Completed SDM computation for heuchera_pubescens

26 Oct 2022 16:43 INFO     create_sdm: 
*** Starting SDM for heuchera_americana, file 2 of 67
26 Oct 2022 16:43 INFO     model: Created mask /volumes/env/worldclim1.4/mask.asc for current SDM
26 Oct 2022 16:43 INFO     model: Create Maxent model
26 Oct 2022 16:43 INFO     model: Completed Maxent model with file /volumes/output/heuchera_rfolk_sdm/heuchera_americana/Heuchera_americana.lambdas
26 Oct 2022 16:43 INFO     model: Completed Maxent map with file /volumes/output/heuchera_rfolk_sdm/heuchera_americana/Heuchera_americana.asc
26 Oct 2022 16:43 INFO     model: Delete mask /volumes/env/worldclim1.4/mask.asc
26 Oct 2022 16:43 INFO     create_sdm: 
*** Completed SDM computation for heuchera_americana

26 Oct 2022 16:43 INFO     create_sdm: 
*** Starting SDM for mitella_japonica, file 3 of 67
26 Oct 2022 16:43 INFO     model: Created mask /volumes/env/worldclim1.4/mask.asc for current SDM
26 Oct 2022 16:43 INFO     model: Create Maxent model
26 Oct 2022 16:43 INFO     model: Completed Maxent model with file /volumes/output/heuchera_rfolk_sdm/mitella_japonica/Mitella_japonica.lambdas
26 Oct 2022 16:43 INFO     model: Completed Maxent map with file /volumes/output/heuchera_rfolk_sdm/mitella_japonica/Mitella_japonica.asc
26 Oct 2022 16:43 INFO     model: Delete mask /volumes/env/worldclim1.4/mask.asc
26 Oct 2022 16:43 INFO     create_sdm: 
*** Completed SDM computation for mitella_japonica

26 Oct 2022 16:43 INFO     create_sdm: 
*** Starting SDM for mitella_stauropetala, file 4 of 67
26 Oct 2022 16:43 INFO     model: Created mask /volumes/env/worldclim1.4/mask.asc for current SDM
26 Oct 2022 16:43 INFO     model: Create Maxent model
26 Oct 2022 16:43 INFO     model: Completed Maxent model with file /volumes/output/heuchera_rfolk_sdm/mitella_stauropetala/Mitella_stauropetala.lambdas
26 Oct 2022 16:43 INFO     model: Completed Maxent map with file /volumes/output/heuchera_rfolk_sdm/mitella_stauropetala/Mitella_stauropetala.asc
26 Oct 2022 16:43 INFO     model: Delete mask /volumes/env/worldclim1.4/mask.asc
26 Oct 2022 16:43 INFO     create_sdm: 
*** Completed SDM computation for mitella_stauropetala

26 Oct 2022 16:43 INFO     create_sdm: 
*** Starting SDM for heuchera_glomerulata, file 5 of 67
26 Oct 2022 16:43 INFO     model: Created mask /volumes/env/worldclim1.4/mask.asc for current SDM
26 Oct 2022 16:43 INFO     model: Create Maxent model
26 Oct 2022 16:43 INFO     model: Completed Maxent model with file /volumes/output/heuchera_rfolk_sdm/heuchera_glomerulata/Heuchera_glomerulata.lambdas
26 Oct 2022 16:43 INFO     model: Completed Maxent map with file /volumes/output/heuchera_rfolk_sdm/heuchera_glomerulata/Heuchera_glomerulata.asc
26 Oct 2022 16:43 INFO     model: Delete mask /volumes/env/worldclim1.4/mask.asc
26 Oct 2022 16:43 INFO     create_sdm: 
*** Completed SDM computation for heuchera_glomerulata

26 Oct 2022 16:43 INFO     create_sdm: 
*** Starting SDM for heuchera_cylindrica, file 6 of 67
26 Oct 2022 16:43 INFO     model: Created mask /volumes/env/worldclim1.4/mask.asc for current SDM
26 Oct 2022 16:43 INFO     model: Create Maxent model
26 Oct 2022 16:43 INFO     model: Completed Maxent model with file /volumes/output/heuchera_rfolk_sdm/heuchera_cylindrica/Heuchera_cylindrica.lambdas
26 Oct 2022 16:43 INFO     model: Completed Maxent map with file /volumes/output/heuchera_rfolk_sdm/heuchera_cylindrica/Heuchera_cylindrica.asc
26 Oct 2022 16:43 INFO     model: Delete mask /volumes/env/worldclim1.4/mask.asc
26 Oct 2022 16:43 INFO     create_sdm: 
*** Completed SDM computation for heuchera_cylindrica

26 Oct 2022 16:43 INFO     create_sdm: 
*** Starting SDM for heuchera_pulchella, file 7 of 67
26 Oct 2022 16:43 INFO     model: Create rare species model and map
26 Oct 2022 16:43 INFO     create_sdm: 
*** Completed SDM computation for heuchera_pulchella

26 Oct 2022 16:43 INFO     create_sdm: 
*** Starting SDM for heuchera_glabra, file 8 of 67
26 Oct 2022 16:44 INFO     model: Created mask /volumes/env/worldclim1.4/mask.asc for current SDM
26 Oct 2022 16:44 INFO     model: Create Maxent model
26 Oct 2022 16:44 INFO     model: Completed Maxent model with file /volumes/output/heuchera_rfolk_sdm/heuchera_glabra/Heuchera_glabra.lambdas
26 Oct 2022 16:44 INFO     model: Completed Maxent map with file /volumes/output/heuchera_rfolk_sdm/heuchera_glabra/Heuchera_glabra.asc
26 Oct 2022 16:44 INFO     model: Delete mask /volumes/env/worldclim1.4/mask.asc
26 Oct 2022 16:44 INFO     create_sdm: 
*** Completed SDM computation for heuchera_glabra

26 Oct 2022 16:44 INFO     create_sdm: 
*** Starting SDM for heuchera_caespitosa, file 9 of 67
26 Oct 2022 16:44 INFO     model: Created mask /volumes/env/worldclim1.4/mask.asc for current SDM
26 Oct 2022 16:44 INFO     model: Create Maxent model
26 Oct 2022 16:44 INFO     model: Completed Maxent model with file /volumes/output/heuchera_rfolk_sdm/heuchera_caespitosa/Heuchera_caespitosa.lambdas
26 Oct 2022 16:44 INFO     model: Completed Maxent map with file /volumes/output/heuchera_rfolk_sdm/heuchera_caespitosa/Heuchera_caespitosa.asc
26 Oct 2022 16:44 INFO     model: Delete mask /volumes/env/worldclim1.4/mask.asc
26 Oct 2022 16:44 INFO     create_sdm: 
*** Completed SDM computation for heuchera_caespitosa

26 Oct 2022 16:44 INFO     create_sdm: 
*** Starting SDM for heuchera_hirsutissima, file 10 of 67
26 Oct 2022 16:44 INFO     model: Created mask /volumes/env/worldclim1.4/mask.asc for current SDM
26 Oct 2022 16:44 INFO     model: Create Maxent model
26 Oct 2022 16:44 INFO     model: Completed Maxent model with file /volumes/output/heuchera_rfolk_sdm/heuchera_hirsutissima/Heuchera_hirsutissima.lambdas
26 Oct 2022 16:44 INFO     model: Completed Maxent map with file /volumes/output/heuchera_rfolk_sdm/heuchera_hirsutissima/Heuchera_hirsutissima.asc
26 Oct 2022 16:44 INFO     model: Delete mask /volumes/env/worldclim1.4/mask.asc
26 Oct 2022 16:44 INFO     create_sdm: 
*** Completed SDM computation for heuchera_hirsutissima

26 Oct 2022 16:44 INFO     create_sdm: 
*** Starting SDM for mitella_ovalis, file 11 of 67
26 Oct 2022 16:44 INFO     model: Created mask /volumes/env/worldclim1.4/mask.asc for current SDM
26 Oct 2022 16:44 INFO     model: Create Maxent model
26 Oct 2022 16:44 INFO     model: Completed Maxent model with file /volumes/output/heuchera_rfolk_sdm/mitella_ovalis/Mitella_ovalis.lambdas
26 Oct 2022 16:44 INFO     model: Completed Maxent map with file /volumes/output/heuchera_rfolk_sdm/mitella_ovalis/Mitella_ovalis.asc
26 Oct 2022 16:44 INFO     model: Delete mask /volumes/env/worldclim1.4/mask.asc
26 Oct 2022 16:44 INFO     create_sdm: 
*** Completed SDM computation for mitella_ovalis

26 Oct 2022 16:44 INFO     create_sdm: 
*** Starting SDM for lithophragma_parviflorum, file 12 of 67
26 Oct 2022 16:44 INFO     model: Created mask /volumes/env/worldclim1.4/mask.asc for current SDM
26 Oct 2022 16:44 INFO     model: Create Maxent model
26 Oct 2022 16:44 INFO     model: Completed Maxent model with file /volumes/output/heuchera_rfolk_sdm/lithophragma_parviflorum/Lithophragma_parviflorum.lambdas
26 Oct 2022 16:44 INFO     model: Completed Maxent map with file /volumes/output/heuchera_rfolk_sdm/lithophragma_parviflorum/Lithophragma_parviflorum.asc
26 Oct 2022 16:44 INFO     model: Delete mask /volumes/env/worldclim1.4/mask.asc
26 Oct 2022 16:44 INFO     create_sdm: 
*** Completed SDM computation for lithophragma_parviflorum

26 Oct 2022 16:44 INFO     create_sdm: 
*** Starting SDM for bensoniella_oregona, file 13 of 67
26 Oct 2022 16:44 INFO     model: Created mask /volumes/env/worldclim1.4/mask.asc for current SDM
26 Oct 2022 16:44 INFO     model: Create Maxent model
26 Oct 2022 16:44 INFO     model: Completed Maxent model with file /volumes/output/heuchera_rfolk_sdm/bensoniella_oregona/Bensoniella_oregona.lambdas
26 Oct 2022 16:44 INFO     model: Completed Maxent map with file /volumes/output/heuchera_rfolk_sdm/bensoniella_oregona/Bensoniella_oregona.asc
26 Oct 2022 16:44 INFO     model: Delete mask /volumes/env/worldclim1.4/mask.asc
26 Oct 2022 16:44 INFO     create_sdm: 
*** Completed SDM computation for bensoniella_oregona

26 Oct 2022 16:44 INFO     create_sdm: 
*** Starting SDM for heuchera_grossulariifolia, file 14 of 67
26 Oct 2022 16:44 INFO     model: Created mask /volumes/env/worldclim1.4/mask.asc for current SDM
26 Oct 2022 16:44 INFO     model: Create Maxent model
26 Oct 2022 16:44 INFO     model: Completed Maxent model with file /volumes/output/heuchera_rfolk_sdm/heuchera_grossulariifolia/Heuchera_grossulariifolia.lambdas
26 Oct 2022 16:44 INFO     model: Completed Maxent map with file /volumes/output/heuchera_rfolk_sdm/heuchera_grossulariifolia/Heuchera_grossulariifolia.asc
26 Oct 2022 16:44 INFO     model: Delete mask /volumes/env/worldclim1.4/mask.asc
26 Oct 2022 16:44 INFO     create_sdm: 
*** Completed SDM computation for heuchera_grossulariifolia

26 Oct 2022 16:44 INFO     create_sdm: 
*** Starting SDM for heuchera_versicolor, file 15 of 67
26 Oct 2022 16:44 INFO     model: Created mask /volumes/env/worldclim1.4/mask.asc for current SDM
26 Oct 2022 16:44 INFO     model: Create Maxent model
26 Oct 2022 16:44 INFO     model: Completed Maxent model with file /volumes/output/heuchera_rfolk_sdm/heuchera_versicolor/Heuchera_versicolor.lambdas
26 Oct 2022 16:44 INFO     model: Completed Maxent map with file /volumes/output/heuchera_rfolk_sdm/heuchera_versicolor/Heuchera_versicolor.asc
26 Oct 2022 16:44 INFO     model: Delete mask /volumes/env/worldclim1.4/mask.asc
26 Oct 2022 16:44 INFO     create_sdm: 
*** Completed SDM computation for heuchera_versicolor

26 Oct 2022 16:44 INFO     create_sdm: 
*** Starting SDM for heuchera_parviflora, file 16 of 67
26 Oct 2022 16:44 INFO     model: Created mask /volumes/env/worldclim1.4/mask.asc for current SDM
26 Oct 2022 16:44 INFO     model: Create Maxent model
26 Oct 2022 16:44 INFO     model: Completed Maxent model with file /volumes/output/heuchera_rfolk_sdm/heuchera_parviflora/Heuchera_parviflora.lambdas
26 Oct 2022 16:44 INFO     model: Completed Maxent map with file /volumes/output/heuchera_rfolk_sdm/heuchera_parviflora/Heuchera_parviflora.asc
26 Oct 2022 16:44 INFO     model: Delete mask /volumes/env/worldclim1.4/mask.asc
26 Oct 2022 16:44 INFO     create_sdm: 
*** Completed SDM computation for heuchera_parviflora

26 Oct 2022 16:44 INFO     create_sdm: 
*** Starting SDM for conimitella_williamsii, file 17 of 67
26 Oct 2022 16:44 INFO     model: Created mask /volumes/env/worldclim1.4/mask.asc for current SDM
26 Oct 2022 16:44 INFO     model: Create Maxent model
26 Oct 2022 16:44 INFO     model: Completed Maxent model with file /volumes/output/heuchera_rfolk_sdm/conimitella_williamsii/Conimitella_williamsii.lambdas
26 Oct 2022 16:44 INFO     model: Completed Maxent map with file /volumes/output/heuchera_rfolk_sdm/conimitella_williamsii/Conimitella_williamsii.asc
26 Oct 2022 16:44 INFO     model: Delete mask /volumes/env/worldclim1.4/mask.asc
26 Oct 2022 16:44 INFO     create_sdm: 
*** Completed SDM computation for conimitella_williamsii

26 Oct 2022 16:44 INFO     create_sdm: 
*** Starting SDM for mitella_stylosa, file 18 of 67
26 Oct 2022 16:44 INFO     model: Created mask /volumes/env/worldclim1.4/mask.asc for current SDM
26 Oct 2022 16:44 INFO     model: Create Maxent model
26 Oct 2022 16:44 INFO     model: Completed Maxent model with file /volumes/output/heuchera_rfolk_sdm/mitella_stylosa/Mitella_stylosa.lambdas
26 Oct 2022 16:44 INFO     model: Completed Maxent map with file /volumes/output/heuchera_rfolk_sdm/mitella_stylosa/Mitella_stylosa.asc
26 Oct 2022 16:44 INFO     model: Delete mask /volumes/env/worldclim1.4/mask.asc
26 Oct 2022 16:44 INFO     create_sdm: 
*** Completed SDM computation for mitella_stylosa

26 Oct 2022 16:44 INFO     create_sdm: 
*** Starting SDM for tolmiea_diplomenziesii, file 19 of 67
26 Oct 2022 16:44 INFO     model: Created mask /volumes/env/worldclim1.4/mask.asc for current SDM
26 Oct 2022 16:44 INFO     model: Create Maxent model
26 Oct 2022 16:44 INFO     model: Completed Maxent model with file /volumes/output/heuchera_rfolk_sdm/tolmiea_diplomenziesii/Tolmiea_diplomenziesii.lambdas
26 Oct 2022 16:44 INFO     model: Completed Maxent map with file /volumes/output/heuchera_rfolk_sdm/tolmiea_diplomenziesii/Tolmiea_diplomenziesii.asc
26 Oct 2022 16:44 INFO     model: Delete mask /volumes/env/worldclim1.4/mask.asc
26 Oct 2022 16:44 INFO     create_sdm: 
*** Completed SDM computation for tolmiea_diplomenziesii

26 Oct 2022 16:44 INFO     create_sdm: 
*** Starting SDM for heuchera_parishii, file 20 of 67
26 Oct 2022 16:44 INFO     model: Created mask /volumes/env/worldclim1.4/mask.asc for current SDM
26 Oct 2022 16:44 INFO     model: Create Maxent model
26 Oct 2022 16:44 INFO     model: Completed Maxent model with file /volumes/output/heuchera_rfolk_sdm/heuchera_parishii/Heuchera_parishii.lambdas
26 Oct 2022 16:44 INFO     model: Completed Maxent map with file /volumes/output/heuchera_rfolk_sdm/heuchera_parishii/Heuchera_parishii.asc
26 Oct 2022 16:44 INFO     model: Delete mask /volumes/env/worldclim1.4/mask.asc
26 Oct 2022 16:44 INFO     create_sdm: 
*** Completed SDM computation for heuchera_parishii

26 Oct 2022 16:44 INFO     create_sdm: 
*** Starting SDM for heuchera_bracteata, file 21 of 67
26 Oct 2022 16:44 INFO     model: Created mask /volumes/env/worldclim1.4/mask.asc for current SDM
26 Oct 2022 16:44 INFO     model: Create Maxent model
26 Oct 2022 16:45 INFO     model: Completed Maxent model with file /volumes/output/heuchera_rfolk_sdm/heuchera_bracteata/Heuchera_bracteata.lambdas
26 Oct 2022 16:45 INFO     model: Completed Maxent map with file /volumes/output/heuchera_rfolk_sdm/heuchera_bracteata/Heuchera_bracteata.asc
26 Oct 2022 16:45 INFO     model: Delete mask /volumes/env/worldclim1.4/mask.asc
26 Oct 2022 16:45 INFO     create_sdm: 
*** Completed SDM computation for heuchera_bracteata

26 Oct 2022 16:45 INFO     create_sdm: 
*** Starting SDM for test, file 22 of 67
26 Oct 2022 16:45 INFO     model: Created mask /volumes/env/worldclim1.4/mask.asc for current SDM
26 Oct 2022 16:45 INFO     model: Create Maxent model
26 Oct 2022 16:45 INFO     model: Completed Maxent model with file /volumes/output/heuchera_rfolk_sdm/test/Test.lambdas
26 Oct 2022 16:45 INFO     model: Completed Maxent map with file /volumes/output/heuchera_rfolk_sdm/test/Test.asc
26 Oct 2022 16:45 INFO     model: Delete mask /volumes/env/worldclim1.4/mask.asc
26 Oct 2022 16:45 INFO     create_sdm: 
*** Completed SDM computation for test

26 Oct 2022 16:45 INFO     create_sdm: 
*** Starting SDM for heuchera_parvifolia, file 23 of 67
26 Oct 2022 16:45 INFO     model: Created mask /volumes/env/worldclim1.4/mask.asc for current SDM
26 Oct 2022 16:45 INFO     model: Create Maxent model
26 Oct 2022 16:45 INFO     model: Completed Maxent model with file /volumes/output/heuchera_rfolk_sdm/heuchera_parvifolia/Heuchera_parvifolia.lambdas
26 Oct 2022 16:45 INFO     model: Completed Maxent map with file /volumes/output/heuchera_rfolk_sdm/heuchera_parvifolia/Heuchera_parvifolia.asc
26 Oct 2022 16:45 INFO     model: Delete mask /volumes/env/worldclim1.4/mask.asc
26 Oct 2022 16:45 INFO     create_sdm: 
*** Completed SDM computation for heuchera_parvifolia

26 Oct 2022 16:45 INFO     create_sdm: 
*** Starting SDM for heuchera_elegans, file 24 of 67
26 Oct 2022 16:45 INFO     model: Created mask /volumes/env/worldclim1.4/mask.asc for current SDM
26 Oct 2022 16:45 INFO     model: Create Maxent model
26 Oct 2022 16:45 INFO     model: Completed Maxent model with file /volumes/output/heuchera_rfolk_sdm/heuchera_elegans/Heuchera_elegans.lambdas
26 Oct 2022 16:45 INFO     model: Completed Maxent map with file /volumes/output/heuchera_rfolk_sdm/heuchera_elegans/Heuchera_elegans.asc
26 Oct 2022 16:45 INFO     model: Delete mask /volumes/env/worldclim1.4/mask.asc
26 Oct 2022 16:45 INFO     create_sdm: 
*** Completed SDM computation for heuchera_elegans

26 Oct 2022 16:45 INFO     create_sdm: 
*** Starting SDM for heuchera_chlorantha, file 25 of 67
26 Oct 2022 16:45 INFO     model: Created mask /volumes/env/worldclim1.4/mask.asc for current SDM
26 Oct 2022 16:45 INFO     model: Create Maxent model
26 Oct 2022 16:45 INFO     model: Completed Maxent model with file /volumes/output/heuchera_rfolk_sdm/heuchera_chlorantha/Heuchera_chlorantha.lambdas
26 Oct 2022 16:45 INFO     model: Completed Maxent map with file /volumes/output/heuchera_rfolk_sdm/heuchera_chlorantha/Heuchera_chlorantha.asc
26 Oct 2022 16:45 INFO     model: Delete mask /volumes/env/worldclim1.4/mask.asc
26 Oct 2022 16:45 INFO     create_sdm: 
*** Completed SDM computation for heuchera_chlorantha

26 Oct 2022 16:45 INFO     create_sdm: 
*** Starting SDM for peltoboykinia_watanabei, file 26 of 67
26 Oct 2022 16:45 INFO     model: Created mask /volumes/env/worldclim1.4/mask.asc for current SDM
26 Oct 2022 16:45 INFO     model: Create Maxent model
26 Oct 2022 16:45 INFO     model: Completed Maxent model with file /volumes/output/heuchera_rfolk_sdm/peltoboykinia_watanabei/Peltoboykinia_watanabei.lambdas
26 Oct 2022 16:45 INFO     model: Completed Maxent map with file /volumes/output/heuchera_rfolk_sdm/peltoboykinia_watanabei/Peltoboykinia_watanabei.asc
26 Oct 2022 16:45 INFO     model: Delete mask /volumes/env/worldclim1.4/mask.asc
26 Oct 2022 16:45 INFO     create_sdm: 
*** Completed SDM computation for peltoboykinia_watanabei

26 Oct 2022 16:45 INFO     create_sdm: 
*** Starting SDM for heuchera_longipetala, file 27 of 67
26 Oct 2022 16:45 INFO     model: Created mask /volumes/env/worldclim1.4/mask.asc for current SDM
26 Oct 2022 16:45 INFO     model: Create Maxent model
26 Oct 2022 16:45 INFO     model: Completed Maxent model with file /volumes/output/heuchera_rfolk_sdm/heuchera_longipetala/Heuchera_longipetala.lambdas
26 Oct 2022 16:45 INFO     model: Completed Maxent map with file /volumes/output/heuchera_rfolk_sdm/heuchera_longipetala/Heuchera_longipetala.asc
26 Oct 2022 16:45 INFO     model: Delete mask /volumes/env/worldclim1.4/mask.asc
26 Oct 2022 16:45 INFO     create_sdm: 
*** Completed SDM computation for heuchera_longipetala

26 Oct 2022 16:45 INFO     create_sdm: 
*** Starting SDM for heuchera_sanguinea, file 28 of 67
26 Oct 2022 16:45 INFO     model: Created mask /volumes/env/worldclim1.4/mask.asc for current SDM
26 Oct 2022 16:45 INFO     model: Create Maxent model
26 Oct 2022 16:45 INFO     model: Completed Maxent model with file /volumes/output/heuchera_rfolk_sdm/heuchera_sanguinea/Heuchera_sanguinea.lambdas
26 Oct 2022 16:45 INFO     model: Completed Maxent map with file /volumes/output/heuchera_rfolk_sdm/heuchera_sanguinea/Heuchera_sanguinea.asc
26 Oct 2022 16:45 INFO     model: Delete mask /volumes/env/worldclim1.4/mask.asc
26 Oct 2022 16:45 INFO     create_sdm: 
*** Completed SDM computation for heuchera_sanguinea

26 Oct 2022 16:45 INFO     create_sdm: 
*** Starting SDM for heuchera_eastwoodiae, file 29 of 67
26 Oct 2022 16:45 INFO     model: Created mask /volumes/env/worldclim1.4/mask.asc for current SDM
26 Oct 2022 16:45 INFO     model: Create Maxent model
26 Oct 2022 16:45 INFO     model: Completed Maxent model with file /volumes/output/heuchera_rfolk_sdm/heuchera_eastwoodiae/Heuchera_eastwoodiae.lambdas
26 Oct 2022 16:45 INFO     model: Completed Maxent map with file /volumes/output/heuchera_rfolk_sdm/heuchera_eastwoodiae/Heuchera_eastwoodiae.asc
26 Oct 2022 16:45 INFO     model: Delete mask /volumes/env/worldclim1.4/mask.asc
26 Oct 2022 16:45 INFO     create_sdm: 
*** Completed SDM computation for heuchera_eastwoodiae

26 Oct 2022 16:45 INFO     create_sdm: 
*** Starting SDM for heuchera_lakelae, file 30 of 67
26 Oct 2022 16:45 INFO     model: Create rare species model and map
26 Oct 2022 16:45 INFO     create_sdm: 
*** Completed SDM computation for heuchera_lakelae

26 Oct 2022 16:45 INFO     create_sdm: 
*** Starting SDM for heuchera_rosendahlii, file 31 of 67
26 Oct 2022 16:45 INFO     model: Create rare species model and map
26 Oct 2022 16:45 INFO     create_sdm: 
*** Completed SDM computation for heuchera_rosendahlii

26 Oct 2022 16:45 INFO     create_sdm: 
*** Starting SDM for heuchera_woodsiaphila, file 32 of 67
26 Oct 2022 16:45 INFO     model: Create rare species model and map
26 Oct 2022 16:45 INFO     create_sdm: 
*** Completed SDM computation for heuchera_woodsiaphila

26 Oct 2022 16:45 INFO     create_sdm: 
*** Starting SDM for heuchera_micrantha, file 33 of 67
26 Oct 2022 16:45 INFO     model: Created mask /volumes/env/worldclim1.4/mask.asc for current SDM
26 Oct 2022 16:45 INFO     model: Create Maxent model
26 Oct 2022 16:45 INFO     model: Completed Maxent model with file /volumes/output/heuchera_rfolk_sdm/heuchera_micrantha/Heuchera_micrantha.lambdas
26 Oct 2022 16:45 INFO     model: Completed Maxent map with file /volumes/output/heuchera_rfolk_sdm/heuchera_micrantha/Heuchera_micrantha.asc
26 Oct 2022 16:45 INFO     model: Delete mask /volumes/env/worldclim1.4/mask.asc
26 Oct 2022 16:45 INFO     create_sdm: 
*** Completed SDM computation for heuchera_micrantha

26 Oct 2022 16:45 INFO     create_sdm: 
*** Starting SDM for heuchera_maxima, file 34 of 67
26 Oct 2022 16:45 INFO     model: Created mask /volumes/env/worldclim1.4/mask.asc for current SDM
26 Oct 2022 16:45 INFO     model: Create Maxent model
26 Oct 2022 16:45 INFO     model: Completed Maxent model with file /volumes/output/heuchera_rfolk_sdm/heuchera_maxima/Heuchera_maxima.lambdas
26 Oct 2022 16:45 INFO     model: Completed Maxent map with file /volumes/output/heuchera_rfolk_sdm/heuchera_maxima/Heuchera_maxima.asc
26 Oct 2022 16:45 INFO     model: Delete mask /volumes/env/worldclim1.4/mask.asc
26 Oct 2022 16:45 INFO     create_sdm: 
*** Completed SDM computation for heuchera_maxima

26 Oct 2022 16:45 INFO     create_sdm: 
*** Starting SDM for mitella_pentandra, file 35 of 67
26 Oct 2022 16:45 INFO     model: Created mask /volumes/env/worldclim1.4/mask.asc for current SDM
26 Oct 2022 16:45 INFO     model: Create Maxent model
26 Oct 2022 16:45 INFO     model: Completed Maxent model with file /volumes/output/heuchera_rfolk_sdm/mitella_pentandra/Mitella_pentandra.lambdas
26 Oct 2022 16:45 INFO     model: Completed Maxent map with file /volumes/output/heuchera_rfolk_sdm/mitella_pentandra/Mitella_pentandra.asc
26 Oct 2022 16:45 INFO     model: Delete mask /volumes/env/worldclim1.4/mask.asc
26 Oct 2022 16:45 INFO     create_sdm: 
*** Completed SDM computation for mitella_pentandra

26 Oct 2022 16:45 INFO     create_sdm: 
*** Starting SDM for heuchera_mexicana, file 36 of 67
26 Oct 2022 16:45 INFO     model: Created mask /volumes/env/worldclim1.4/mask.asc for current SDM
26 Oct 2022 16:45 INFO     model: Create Maxent model
26 Oct 2022 16:45 INFO     model: Completed Maxent model with file /volumes/output/heuchera_rfolk_sdm/heuchera_mexicana/Heuchera_mexicana.lambdas
26 Oct 2022 16:45 INFO     model: Completed Maxent map with file /volumes/output/heuchera_rfolk_sdm/heuchera_mexicana/Heuchera_mexicana.asc
26 Oct 2022 16:45 INFO     model: Delete mask /volumes/env/worldclim1.4/mask.asc
26 Oct 2022 16:45 INFO     create_sdm: 
*** Completed SDM computation for heuchera_mexicana

26 Oct 2022 16:45 INFO     create_sdm: 
*** Starting SDM for heuchera_abramsii, file 37 of 67
26 Oct 2022 16:45 INFO     model: Created mask /volumes/env/worldclim1.4/mask.asc for current SDM
26 Oct 2022 16:45 INFO     model: Create Maxent model
26 Oct 2022 16:46 INFO     model: Completed Maxent model with file /volumes/output/heuchera_rfolk_sdm/heuchera_abramsii/Heuchera_abramsii.lambdas
26 Oct 2022 16:46 INFO     model: Completed Maxent map with file /volumes/output/heuchera_rfolk_sdm/heuchera_abramsii/Heuchera_abramsii.asc
26 Oct 2022 16:46 INFO     model: Delete mask /volumes/env/worldclim1.4/mask.asc
26 Oct 2022 16:46 INFO     create_sdm: 
*** Completed SDM computation for heuchera_abramsii

26 Oct 2022 16:46 INFO     create_sdm: 
*** Starting SDM for tolmiea_menziesii, file 38 of 67
26 Oct 2022 16:46 INFO     model: Created mask /volumes/env/worldclim1.4/mask.asc for current SDM
26 Oct 2022 16:46 INFO     model: Create Maxent model
26 Oct 2022 16:46 INFO     model: Completed Maxent model with file /volumes/output/heuchera_rfolk_sdm/tolmiea_menziesii/Tolmiea_menziesii.lambdas
26 Oct 2022 16:46 INFO     model: Completed Maxent map with file /volumes/output/heuchera_rfolk_sdm/tolmiea_menziesii/Tolmiea_menziesii.asc
26 Oct 2022 16:46 INFO     model: Delete mask /volumes/env/worldclim1.4/mask.asc
26 Oct 2022 16:46 INFO     create_sdm: 
*** Completed SDM computation for tolmiea_menziesii

26 Oct 2022 16:46 INFO     create_sdm: 
*** Starting SDM for heuchera_alba, file 39 of 67
26 Oct 2022 16:46 INFO     model: Created mask /volumes/env/worldclim1.4/mask.asc for current SDM
26 Oct 2022 16:46 INFO     model: Create Maxent model
26 Oct 2022 16:46 INFO     model: Completed Maxent model with file /volumes/output/heuchera_rfolk_sdm/heuchera_alba/Heuchera_alba.lambdas
26 Oct 2022 16:46 INFO     model: Completed Maxent map with file /volumes/output/heuchera_rfolk_sdm/heuchera_alba/Heuchera_alba.asc
26 Oct 2022 16:46 INFO     model: Delete mask /volumes/env/worldclim1.4/mask.asc
26 Oct 2022 16:46 INFO     create_sdm: 
*** Completed SDM computation for heuchera_alba

26 Oct 2022 16:46 INFO     create_sdm: 
*** Starting SDM for heuchera_missouriensis, file 40 of 67
26 Oct 2022 16:46 INFO     model: Created mask /volumes/env/worldclim1.4/mask.asc for current SDM
26 Oct 2022 16:46 INFO     model: Create Maxent model
26 Oct 2022 16:46 INFO     model: Completed Maxent model with file /volumes/output/heuchera_rfolk_sdm/heuchera_missouriensis/Heuchera_missouriensis.lambdas
26 Oct 2022 16:46 INFO     model: Completed Maxent map with file /volumes/output/heuchera_rfolk_sdm/heuchera_missouriensis/Heuchera_missouriensis.asc
26 Oct 2022 16:46 INFO     model: Delete mask /volumes/env/worldclim1.4/mask.asc
26 Oct 2022 16:46 INFO     create_sdm: 
*** Completed SDM computation for heuchera_missouriensis

26 Oct 2022 16:46 INFO     create_sdm: 
*** Starting SDM for elmera_racemosa, file 41 of 67
26 Oct 2022 16:46 INFO     model: Created mask /volumes/env/worldclim1.4/mask.asc for current SDM
26 Oct 2022 16:46 INFO     model: Create Maxent model
26 Oct 2022 16:46 INFO     model: Completed Maxent model with file /volumes/output/heuchera_rfolk_sdm/elmera_racemosa/Elmera_racemosa.lambdas
26 Oct 2022 16:46 INFO     model: Completed Maxent map with file /volumes/output/heuchera_rfolk_sdm/elmera_racemosa/Elmera_racemosa.asc
26 Oct 2022 16:46 INFO     model: Delete mask /volumes/env/worldclim1.4/mask.asc
26 Oct 2022 16:46 INFO     create_sdm: 
*** Completed SDM computation for elmera_racemosa

26 Oct 2022 16:46 INFO     create_sdm: 
*** Starting SDM for heuchera_soltisii, file 42 of 67
26 Oct 2022 16:46 INFO     model: Created mask /volumes/env/worldclim1.4/mask.asc for current SDM
26 Oct 2022 16:46 INFO     model: Create Maxent model
26 Oct 2022 16:46 INFO     model: Completed Maxent model with file /volumes/output/heuchera_rfolk_sdm/heuchera_soltisii/Heuchera_soltisii.lambdas
26 Oct 2022 16:46 INFO     model: Completed Maxent map with file /volumes/output/heuchera_rfolk_sdm/heuchera_soltisii/Heuchera_soltisii.asc
26 Oct 2022 16:46 INFO     model: Delete mask /volumes/env/worldclim1.4/mask.asc
26 Oct 2022 16:46 INFO     create_sdm: 
*** Completed SDM computation for heuchera_soltisii

26 Oct 2022 16:46 INFO     create_sdm: 
*** Starting SDM for heuchera_rubescens, file 43 of 67
26 Oct 2022 16:46 INFO     model: Created mask /volumes/env/worldclim1.4/mask.asc for current SDM
26 Oct 2022 16:46 INFO     model: Create Maxent model
26 Oct 2022 16:46 INFO     model: Completed Maxent model with file /volumes/output/heuchera_rfolk_sdm/heuchera_rubescens/Heuchera_rubescens.lambdas
26 Oct 2022 16:46 INFO     model: Completed Maxent map with file /volumes/output/heuchera_rfolk_sdm/heuchera_rubescens/Heuchera_rubescens.asc
26 Oct 2022 16:46 INFO     model: Delete mask /volumes/env/worldclim1.4/mask.asc
26 Oct 2022 16:46 INFO     create_sdm: 
*** Completed SDM computation for heuchera_rubescens

26 Oct 2022 16:46 INFO     create_sdm: 
*** Starting SDM for mitella_furusei, file 44 of 67
26 Oct 2022 16:46 INFO     model: Created mask /volumes/env/worldclim1.4/mask.asc for current SDM
26 Oct 2022 16:46 INFO     model: Create Maxent model
26 Oct 2022 16:46 INFO     model: Completed Maxent model with file /volumes/output/heuchera_rfolk_sdm/mitella_furusei/Mitella_furusei.lambdas
26 Oct 2022 16:46 INFO     model: Completed Maxent map with file /volumes/output/heuchera_rfolk_sdm/mitella_furusei/Mitella_furusei.asc
26 Oct 2022 16:46 INFO     model: Delete mask /volumes/env/worldclim1.4/mask.asc
26 Oct 2022 16:46 INFO     create_sdm: 
*** Completed SDM computation for mitella_furusei

26 Oct 2022 16:46 INFO     create_sdm: 
*** Starting SDM for heuchera_longiflora, file 45 of 67
26 Oct 2022 16:46 INFO     model: Created mask /volumes/env/worldclim1.4/mask.asc for current SDM
26 Oct 2022 16:46 INFO     model: Create Maxent model
26 Oct 2022 16:46 INFO     model: Completed Maxent model with file /volumes/output/heuchera_rfolk_sdm/heuchera_longiflora/Heuchera_longiflora.lambdas
26 Oct 2022 16:46 INFO     model: Completed Maxent map with file /volumes/output/heuchera_rfolk_sdm/heuchera_longiflora/Heuchera_longiflora.asc
26 Oct 2022 16:46 INFO     model: Delete mask /volumes/env/worldclim1.4/mask.asc
26 Oct 2022 16:46 INFO     create_sdm: 
*** Completed SDM computation for heuchera_longiflora

26 Oct 2022 16:46 INFO     create_sdm: 
*** Starting SDM for heuchera_puberula, file 46 of 67
26 Oct 2022 16:46 INFO     model: Created mask /volumes/env/worldclim1.4/mask.asc for current SDM
26 Oct 2022 16:46 INFO     model: Create Maxent model
26 Oct 2022 16:46 INFO     model: Completed Maxent model with file /volumes/output/heuchera_rfolk_sdm/heuchera_puberula/Heuchera_puberula.lambdas
26 Oct 2022 16:46 INFO     model: Completed Maxent map with file /volumes/output/heuchera_rfolk_sdm/heuchera_puberula/Heuchera_puberula.asc
26 Oct 2022 16:46 INFO     model: Delete mask /volumes/env/worldclim1.4/mask.asc
26 Oct 2022 16:46 INFO     create_sdm: 
*** Completed SDM computation for heuchera_puberula

26 Oct 2022 16:46 INFO     create_sdm: 
*** Starting SDM for telesonix_jamesii, file 47 of 67
26 Oct 2022 16:46 INFO     model: Created mask /volumes/env/worldclim1.4/mask.asc for current SDM
26 Oct 2022 16:46 INFO     model: Create Maxent model
26 Oct 2022 16:46 INFO     model: Completed Maxent model with file /volumes/output/heuchera_rfolk_sdm/telesonix_jamesii/Telesonix_jamesii.lambdas
26 Oct 2022 16:46 INFO     model: Completed Maxent map with file /volumes/output/heuchera_rfolk_sdm/telesonix_jamesii/Telesonix_jamesii.asc
26 Oct 2022 16:46 INFO     model: Delete mask /volumes/env/worldclim1.4/mask.asc
26 Oct 2022 16:46 INFO     create_sdm: 
*** Completed SDM computation for telesonix_jamesii

26 Oct 2022 16:46 INFO     create_sdm: 
*** Starting SDM for heuchera_villosa, file 48 of 67
26 Oct 2022 16:46 INFO     model: Created mask /volumes/env/worldclim1.4/mask.asc for current SDM
26 Oct 2022 16:46 INFO     model: Create Maxent model
26 Oct 2022 16:46 INFO     model: Completed Maxent model with file /volumes/output/heuchera_rfolk_sdm/heuchera_villosa/Heuchera_villosa.lambdas
26 Oct 2022 16:46 INFO     model: Completed Maxent map with file /volumes/output/heuchera_rfolk_sdm/heuchera_villosa/Heuchera_villosa.asc
26 Oct 2022 16:46 INFO     model: Delete mask /volumes/env/worldclim1.4/mask.asc
26 Oct 2022 16:46 INFO     create_sdm: 
*** Completed SDM computation for heuchera_villosa

26 Oct 2022 16:46 INFO     create_sdm: 
*** Starting SDM for heuchera_pilosissima, file 49 of 67
26 Oct 2022 16:46 INFO     model: Created mask /volumes/env/worldclim1.4/mask.asc for current SDM
26 Oct 2022 16:46 INFO     model: Create Maxent model
26 Oct 2022 16:46 INFO     model: Completed Maxent model with file /volumes/output/heuchera_rfolk_sdm/heuchera_pilosissima/Heuchera_pilosissima.lambdas
26 Oct 2022 16:46 INFO     model: Completed Maxent map with file /volumes/output/heuchera_rfolk_sdm/heuchera_pilosissima/Heuchera_pilosissima.asc
26 Oct 2022 16:46 INFO     model: Delete mask /volumes/env/worldclim1.4/mask.asc
26 Oct 2022 16:46 INFO     create_sdm: 
*** Completed SDM computation for heuchera_pilosissima

26 Oct 2022 16:46 INFO     create_sdm: 
*** Starting SDM for mitella_nuda, file 50 of 67
26 Oct 2022 16:46 INFO     model: Created mask /volumes/env/worldclim1.4/mask.asc for current SDM
26 Oct 2022 16:46 INFO     model: Create Maxent model
26 Oct 2022 16:46 INFO     model: Completed Maxent model with file /volumes/output/heuchera_rfolk_sdm/mitella_nuda/Mitella_nuda.lambdas
26 Oct 2022 16:46 INFO     model: Completed Maxent map with file /volumes/output/heuchera_rfolk_sdm/mitella_nuda/Mitella_nuda.asc
26 Oct 2022 16:46 INFO     model: Delete mask /volumes/env/worldclim1.4/mask.asc
26 Oct 2022 16:46 INFO     create_sdm: 
*** Completed SDM computation for mitella_nuda

26 Oct 2022 16:46 INFO     create_sdm: 
*** Starting SDM for mitella_acerina, file 51 of 67
26 Oct 2022 16:46 INFO     model: Created mask /volumes/env/worldclim1.4/mask.asc for current SDM
26 Oct 2022 16:46 INFO     model: Create Maxent model
26 Oct 2022 16:47 INFO     model: Completed Maxent model with file /volumes/output/heuchera_rfolk_sdm/mitella_acerina/Mitella_acerina.lambdas
26 Oct 2022 16:47 INFO     model: Completed Maxent map with file /volumes/output/heuchera_rfolk_sdm/mitella_acerina/Mitella_acerina.asc
26 Oct 2022 16:47 INFO     model: Delete mask /volumes/env/worldclim1.4/mask.asc
26 Oct 2022 16:47 INFO     create_sdm: 
*** Completed SDM computation for mitella_acerina

26 Oct 2022 16:47 INFO     create_sdm: 
*** Starting SDM for heuchera_hallii, file 52 of 67
26 Oct 2022 16:47 INFO     model: Created mask /volumes/env/worldclim1.4/mask.asc for current SDM
26 Oct 2022 16:47 INFO     model: Create Maxent model
26 Oct 2022 16:47 INFO     model: Completed Maxent model with file /volumes/output/heuchera_rfolk_sdm/heuchera_hallii/Heuchera_hallii.lambdas
26 Oct 2022 16:47 INFO     model: Completed Maxent map with file /volumes/output/heuchera_rfolk_sdm/heuchera_hallii/Heuchera_hallii.asc
26 Oct 2022 16:47 INFO     model: Delete mask /volumes/env/worldclim1.4/mask.asc
26 Oct 2022 16:47 INFO     create_sdm: 
*** Completed SDM computation for heuchera_hallii

26 Oct 2022 16:47 INFO     create_sdm: 
*** Starting SDM for mitella_caulescens, file 53 of 67
26 Oct 2022 16:47 INFO     model: Created mask /volumes/env/worldclim1.4/mask.asc for current SDM
26 Oct 2022 16:47 INFO     model: Create Maxent model
26 Oct 2022 16:47 INFO     model: Completed Maxent model with file /volumes/output/heuchera_rfolk_sdm/mitella_caulescens/Mitella_caulescens.lambdas
26 Oct 2022 16:47 INFO     model: Completed Maxent map with file /volumes/output/heuchera_rfolk_sdm/mitella_caulescens/Mitella_caulescens.asc
26 Oct 2022 16:47 INFO     model: Delete mask /volumes/env/worldclim1.4/mask.asc
26 Oct 2022 16:47 INFO     create_sdm: 
*** Completed SDM computation for mitella_caulescens

26 Oct 2022 16:47 INFO     create_sdm: 
*** Starting SDM for heuchera_merriamii, file 54 of 67
26 Oct 2022 16:47 INFO     model: Created mask /volumes/env/worldclim1.4/mask.asc for current SDM
26 Oct 2022 16:47 INFO     model: Create Maxent model
26 Oct 2022 16:47 INFO     model: Completed Maxent model with file /volumes/output/heuchera_rfolk_sdm/heuchera_merriamii/Heuchera_merriamii.lambdas
26 Oct 2022 16:47 INFO     model: Completed Maxent map with file /volumes/output/heuchera_rfolk_sdm/heuchera_merriamii/Heuchera_merriamii.asc
26 Oct 2022 16:47 INFO     model: Delete mask /volumes/env/worldclim1.4/mask.asc
26 Oct 2022 16:47 INFO     create_sdm: 
*** Completed SDM computation for heuchera_merriamii

26 Oct 2022 16:47 INFO     create_sdm: 
*** Starting SDM for heuchera_wellsiae, file 55 of 67
26 Oct 2022 16:47 INFO     model: Create rare species model and map
26 Oct 2022 16:47 INFO     create_sdm: 
*** Completed SDM computation for heuchera_wellsiae

26 Oct 2022 16:47 INFO     create_sdm: 
*** Starting SDM for heuchera_acutifolia, file 56 of 67
26 Oct 2022 16:47 INFO     model: Created mask /volumes/env/worldclim1.4/mask.asc for current SDM
26 Oct 2022 16:47 INFO     model: Create Maxent model
26 Oct 2022 16:47 INFO     model: Completed Maxent model with file /volumes/output/heuchera_rfolk_sdm/heuchera_acutifolia/Heuchera_acutifolia.lambdas
26 Oct 2022 16:47 INFO     model: Completed Maxent map with file /volumes/output/heuchera_rfolk_sdm/heuchera_acutifolia/Heuchera_acutifolia.asc
26 Oct 2022 16:47 INFO     model: Delete mask /volumes/env/worldclim1.4/mask.asc
26 Oct 2022 16:47 INFO     create_sdm: 
*** Completed SDM computation for heuchera_acutifolia

26 Oct 2022 16:47 INFO     create_sdm: 
*** Starting SDM for heuchera_inconstans, file 57 of 67
26 Oct 2022 16:47 INFO     model: Create rare species model and map
26 Oct 2022 16:47 INFO     create_sdm: 
*** Completed SDM computation for heuchera_inconstans

26 Oct 2022 16:47 INFO     create_sdm: 
*** Starting SDM for heuchera_caroliniana, file 58 of 67
26 Oct 2022 16:47 INFO     model: Created mask /volumes/env/worldclim1.4/mask.asc for current SDM
26 Oct 2022 16:47 INFO     model: Create Maxent model
26 Oct 2022 16:47 INFO     model: Completed Maxent model with file /volumes/output/heuchera_rfolk_sdm/heuchera_caroliniana/Heuchera_caroliniana.lambdas
26 Oct 2022 16:47 INFO     model: Completed Maxent map with file /volumes/output/heuchera_rfolk_sdm/heuchera_caroliniana/Heuchera_caroliniana.asc
26 Oct 2022 16:47 INFO     model: Delete mask /volumes/env/worldclim1.4/mask.asc
26 Oct 2022 16:47 INFO     create_sdm: 
*** Completed SDM computation for heuchera_caroliniana

26 Oct 2022 16:47 INFO     create_sdm: 
*** Starting SDM for mitella_pauciflora, file 59 of 67
26 Oct 2022 16:47 INFO     model: Created mask /volumes/env/worldclim1.4/mask.asc for current SDM
26 Oct 2022 16:47 INFO     model: Create Maxent model
26 Oct 2022 16:47 INFO     model: Completed Maxent model with file /volumes/output/heuchera_rfolk_sdm/mitella_pauciflora/Mitella_pauciflora.lambdas
26 Oct 2022 16:47 INFO     model: Completed Maxent map with file /volumes/output/heuchera_rfolk_sdm/mitella_pauciflora/Mitella_pauciflora.asc
26 Oct 2022 16:47 INFO     model: Delete mask /volumes/env/worldclim1.4/mask.asc
26 Oct 2022 16:47 INFO     create_sdm: 
*** Completed SDM computation for mitella_pauciflora

26 Oct 2022 16:47 INFO     create_sdm: 
*** Starting SDM for heuchera_novomexicana, file 60 of 67
26 Oct 2022 16:47 INFO     model: Created mask /volumes/env/worldclim1.4/mask.asc for current SDM
26 Oct 2022 16:47 INFO     model: Create Maxent model
26 Oct 2022 16:47 INFO     model: Completed Maxent model with file /volumes/output/heuchera_rfolk_sdm/heuchera_novomexicana/Heuchera_novomexicana.lambdas
26 Oct 2022 16:47 INFO     model: Completed Maxent map with file /volumes/output/heuchera_rfolk_sdm/heuchera_novomexicana/Heuchera_novomexicana.asc
26 Oct 2022 16:47 INFO     model: Delete mask /volumes/env/worldclim1.4/mask.asc
26 Oct 2022 16:47 INFO     create_sdm: 
*** Completed SDM computation for heuchera_novomexicana

26 Oct 2022 16:47 INFO     create_sdm: 
*** Starting SDM for tiarella_polyphylla, file 61 of 67
26 Oct 2022 16:47 INFO     model: Created mask /volumes/env/worldclim1.4/mask.asc for current SDM
26 Oct 2022 16:47 INFO     model: Create Maxent model
26 Oct 2022 16:47 INFO     model: Completed Maxent model with file /volumes/output/heuchera_rfolk_sdm/tiarella_polyphylla/Tiarella_polyphylla.lambdas
26 Oct 2022 16:47 INFO     model: Completed Maxent map with file /volumes/output/heuchera_rfolk_sdm/tiarella_polyphylla/Tiarella_polyphylla.asc
26 Oct 2022 16:47 INFO     model: Delete mask /volumes/env/worldclim1.4/mask.asc
26 Oct 2022 16:47 INFO     create_sdm: 
*** Completed SDM computation for tiarella_polyphylla

26 Oct 2022 16:47 INFO     create_sdm: 
*** Starting SDM for mitella_diphylla, file 62 of 67
26 Oct 2022 16:47 INFO     model: Created mask /volumes/env/worldclim1.4/mask.asc for current SDM
26 Oct 2022 16:47 INFO     model: Create Maxent model
26 Oct 2022 16:47 INFO     model: Completed Maxent model with file /volumes/output/heuchera_rfolk_sdm/mitella_diphylla/Mitella_diphylla.lambdas
26 Oct 2022 16:47 INFO     model: Completed Maxent map with file /volumes/output/heuchera_rfolk_sdm/mitella_diphylla/Mitella_diphylla.asc
26 Oct 2022 16:47 INFO     model: Delete mask /volumes/env/worldclim1.4/mask.asc
26 Oct 2022 16:47 INFO     create_sdm: 
*** Completed SDM computation for mitella_diphylla

26 Oct 2022 16:47 INFO     create_sdm: 
*** Starting SDM for heuchera_richardsonii, file 63 of 67
26 Oct 2022 16:47 INFO     model: Created mask /volumes/env/worldclim1.4/mask.asc for current SDM
26 Oct 2022 16:47 INFO     model: Create Maxent model
26 Oct 2022 16:47 INFO     model: Completed Maxent model with file /volumes/output/heuchera_rfolk_sdm/heuchera_richardsonii/Heuchera_richardsonii.lambdas
26 Oct 2022 16:47 INFO     model: Completed Maxent map with file /volumes/output/heuchera_rfolk_sdm/heuchera_richardsonii/Heuchera_richardsonii.asc
26 Oct 2022 16:47 INFO     model: Delete mask /volumes/env/worldclim1.4/mask.asc
26 Oct 2022 16:47 INFO     create_sdm: 
*** Completed SDM computation for heuchera_richardsonii

26 Oct 2022 16:47 INFO     create_sdm: 
*** Starting SDM for tellima_grandiflora, file 64 of 67
26 Oct 2022 16:47 INFO     model: Created mask /volumes/env/worldclim1.4/mask.asc for current SDM
26 Oct 2022 16:47 INFO     model: Create Maxent model
26 Oct 2022 16:48 INFO     model: Completed Maxent model with file /volumes/output/heuchera_rfolk_sdm/tellima_grandiflora/Tellima_grandiflora.lambdas
26 Oct 2022 16:48 INFO     model: Completed Maxent map with file /volumes/output/heuchera_rfolk_sdm/tellima_grandiflora/Tellima_grandiflora.asc
26 Oct 2022 16:48 INFO     model: Delete mask /volumes/env/worldclim1.4/mask.asc
26 Oct 2022 16:48 INFO     create_sdm: 
*** Completed SDM computation for tellima_grandiflora

26 Oct 2022 16:48 INFO     create_sdm: 
*** Starting SDM for heuchera_wootonii, file 65 of 67
26 Oct 2022 16:48 INFO     model: Created mask /volumes/env/worldclim1.4/mask.asc for current SDM
26 Oct 2022 16:48 INFO     model: Create Maxent model
26 Oct 2022 16:48 INFO     model: Completed Maxent model with file /volumes/output/heuchera_rfolk_sdm/heuchera_wootonii/Heuchera_wootonii.lambdas
26 Oct 2022 16:48 INFO     model: Completed Maxent map with file /volumes/output/heuchera_rfolk_sdm/heuchera_wootonii/Heuchera_wootonii.asc
26 Oct 2022 16:48 INFO     model: Delete mask /volumes/env/worldclim1.4/mask.asc
26 Oct 2022 16:48 INFO     create_sdm: 
*** Completed SDM computation for heuchera_wootonii

26 Oct 2022 16:48 INFO     create_sdm: 
*** Starting SDM for heuchera_brevistaminea, file 66 of 67
26 Oct 2022 16:48 INFO     model: Created mask /volumes/env/worldclim1.4/mask.asc for current SDM
26 Oct 2022 16:48 INFO     model: Create Maxent model
26 Oct 2022 16:48 INFO     model: Completed Maxent model with file /volumes/output/heuchera_rfolk_sdm/heuchera_brevistaminea/Heuchera_brevistaminea.lambdas
26 Oct 2022 16:48 INFO     model: Completed Maxent map with file /volumes/output/heuchera_rfolk_sdm/heuchera_brevistaminea/Heuchera_brevistaminea.asc
26 Oct 2022 16:48 INFO     model: Delete mask /volumes/env/worldclim1.4/mask.asc
26 Oct 2022 16:48 INFO     create_sdm: 
*** Completed SDM computation for heuchera_brevistaminea

26 Oct 2022 16:48 INFO     create_sdm: 
*** Starting SDM for mitella_breweri, file 67 of 67
26 Oct 2022 16:48 INFO     model: Created mask /volumes/env/worldclim1.4/mask.asc for current SDM
26 Oct 2022 16:48 INFO     model: Create Maxent model
26 Oct 2022 16:48 INFO     model: Completed Maxent model with file /volumes/output/heuchera_rfolk_sdm/mitella_breweri/Mitella_breweri.lambdas
26 Oct 2022 16:48 INFO     model: Completed Maxent map with file /volumes/output/heuchera_rfolk_sdm/mitella_breweri/Mitella_breweri.asc
26 Oct 2022 16:48 INFO     model: Delete mask /volumes/env/worldclim1.4/mask.asc
26 Oct 2022 16:48 INFO     create_sdm: 
*** Completed SDM computation for mitella_breweri

