22 Dec 2022 15:05 INFO     encode_layers: Encode 67 layers for matrix /volumes/output/heuchera_rfolk_global.lmm
22 Dec 2022 15:05 INFO     encode_layers: Start encoding 67 layers to matrix /volumes/output/heuchera_rfolk_global.lmm with presence_absence
22 Dec 2022 15:05 INFO     LayerEncoder: Encode layer to Heuchera_parishii with min_coverage=0.1, max_coverage=1.0, min_coverage=25
22 Dec 2022 15:05 INFO     encode_layers: Encoded /volumes/data/easy_bake/heuchera_rfolk_global/heuchera_parishii/Heuchera_parishii.asc with label Heuchera_parishii using presence_absence method
22 Dec 2022 15:05 INFO     LayerEncoder: Encode layer to Mitella_ovalis with min_coverage=0.1, max_coverage=1.0, min_coverage=25
22 Dec 2022 15:05 INFO     encode_layers: Encoded /volumes/data/easy_bake/heuchera_rfolk_global/mitella_ovalis/Mitella_ovalis.asc with label Mitella_ovalis using presence_absence method
22 Dec 2022 15:05 INFO     LayerEncoder: Encode layer to Heuchera_versicolor with min_coverage=0.1, max_coverage=1.0, min_coverage=25
22 Dec 2022 15:05 INFO     encode_layers: Encoded /volumes/data/easy_bake/heuchera_rfolk_global/heuchera_versicolor/Heuchera_versicolor.asc with label Heuchera_versicolor using presence_absence method
22 Dec 2022 15:05 INFO     LayerEncoder: Encode layer to Heuchera_inconstans with min_coverage=0.1, max_coverage=1.0, min_coverage=25
22 Dec 2022 15:05 INFO     encode_layers: Encoded /volumes/data/easy_bake/heuchera_rfolk_global/heuchera_inconstans/Heuchera_inconstans.asc with label Heuchera_inconstans using presence_absence method
22 Dec 2022 15:05 INFO     LayerEncoder: Encode layer to Tellima_grandiflora with min_coverage=0.1, max_coverage=1.0, min_coverage=25
22 Dec 2022 15:05 INFO     encode_layers: Encoded /volumes/data/easy_bake/heuchera_rfolk_global/tellima_grandiflora/Tellima_grandiflora.asc with label Tellima_grandiflora using presence_absence method
22 Dec 2022 15:05 INFO     LayerEncoder: Encode layer to Mitella_diphylla with min_coverage=0.1, max_coverage=1.0, min_coverage=25
22 Dec 2022 15:06 INFO     encode_layers: Encoded /volumes/data/easy_bake/heuchera_rfolk_global/mitella_diphylla/Mitella_diphylla.asc with label Mitella_diphylla using presence_absence method
22 Dec 2022 15:06 INFO     LayerEncoder: Encode layer to Heuchera_merriamii with min_coverage=0.1, max_coverage=1.0, min_coverage=25
22 Dec 2022 15:06 INFO     encode_layers: Encoded /volumes/data/easy_bake/heuchera_rfolk_global/heuchera_merriamii/Heuchera_merriamii.asc with label Heuchera_merriamii using presence_absence method
22 Dec 2022 15:06 INFO     LayerEncoder: Encode layer to Mitella_breweri with min_coverage=0.1, max_coverage=1.0, min_coverage=25
22 Dec 2022 15:06 INFO     encode_layers: Encoded /volumes/data/easy_bake/heuchera_rfolk_global/mitella_breweri/Mitella_breweri.asc with label Mitella_breweri using presence_absence method
22 Dec 2022 15:06 INFO     LayerEncoder: Encode layer to Heuchera_abramsii with min_coverage=0.1, max_coverage=1.0, min_coverage=25
22 Dec 2022 15:06 INFO     encode_layers: Encoded /volumes/data/easy_bake/heuchera_rfolk_global/heuchera_abramsii/Heuchera_abramsii.asc with label Heuchera_abramsii using presence_absence method
22 Dec 2022 15:06 INFO     LayerEncoder: Encode layer to Lithophragma_parviflorum with min_coverage=0.1, max_coverage=1.0, min_coverage=25
22 Dec 2022 15:06 INFO     encode_layers: Encoded /volumes/data/easy_bake/heuchera_rfolk_global/lithophragma_parviflorum/Lithophragma_parviflorum.asc with label Lithophragma_parviflorum using presence_absence method
22 Dec 2022 15:06 INFO     LayerEncoder: Encode layer to Heuchera_alba with min_coverage=0.1, max_coverage=1.0, min_coverage=25
22 Dec 2022 15:06 INFO     encode_layers: Encoded /volumes/data/easy_bake/heuchera_rfolk_global/heuchera_alba/Heuchera_alba.asc with label Heuchera_alba using presence_absence method
22 Dec 2022 15:06 INFO     LayerEncoder: Encode layer to Heuchera_lakelae with min_coverage=0.1, max_coverage=1.0, min_coverage=25
22 Dec 2022 15:06 INFO     encode_layers: Encoded /volumes/data/easy_bake/heuchera_rfolk_global/heuchera_lakelae/Heuchera_lakelae.asc with label Heuchera_lakelae using presence_absence method
22 Dec 2022 15:06 INFO     LayerEncoder: Encode layer to Heuchera_longipetala with min_coverage=0.1, max_coverage=1.0, min_coverage=25
22 Dec 2022 15:06 INFO     encode_layers: Encoded /volumes/data/easy_bake/heuchera_rfolk_global/heuchera_longipetala/Heuchera_longipetala.asc with label Heuchera_longipetala using presence_absence method
22 Dec 2022 15:06 INFO     LayerEncoder: Encode layer to Mitella_nuda with min_coverage=0.1, max_coverage=1.0, min_coverage=25
22 Dec 2022 15:06 INFO     encode_layers: Encoded /volumes/data/easy_bake/heuchera_rfolk_global/mitella_nuda/Mitella_nuda.asc with label Mitella_nuda using presence_absence method
22 Dec 2022 15:06 INFO     LayerEncoder: Encode layer to Heuchera_elegans with min_coverage=0.1, max_coverage=1.0, min_coverage=25
22 Dec 2022 15:06 INFO     encode_layers: Encoded /volumes/data/easy_bake/heuchera_rfolk_global/heuchera_elegans/Heuchera_elegans.asc with label Heuchera_elegans using presence_absence method
22 Dec 2022 15:06 INFO     LayerEncoder: Encode layer to Mitella_pauciflora with min_coverage=0.1, max_coverage=1.0, min_coverage=25
22 Dec 2022 15:07 INFO     encode_layers: Encoded /volumes/data/easy_bake/heuchera_rfolk_global/mitella_pauciflora/Mitella_pauciflora.asc with label Mitella_pauciflora using presence_absence method
22 Dec 2022 15:07 INFO     LayerEncoder: Encode layer to Mitella_stylosa with min_coverage=0.1, max_coverage=1.0, min_coverage=25
22 Dec 2022 15:07 INFO     encode_layers: Encoded /volumes/data/easy_bake/heuchera_rfolk_global/mitella_stylosa/Mitella_stylosa.asc with label Mitella_stylosa using presence_absence method
22 Dec 2022 15:07 INFO     LayerEncoder: Encode layer to Heuchera_hirsutissima with min_coverage=0.1, max_coverage=1.0, min_coverage=25
22 Dec 2022 15:07 INFO     encode_layers: Encoded /volumes/data/easy_bake/heuchera_rfolk_global/heuchera_hirsutissima/Heuchera_hirsutissima.asc with label Heuchera_hirsutissima using presence_absence method
22 Dec 2022 15:07 INFO     LayerEncoder: Encode layer to Heuchera_mexicana with min_coverage=0.1, max_coverage=1.0, min_coverage=25
22 Dec 2022 15:07 INFO     encode_layers: Encoded /volumes/data/easy_bake/heuchera_rfolk_global/heuchera_mexicana/Heuchera_mexicana.asc with label Heuchera_mexicana using presence_absence method
22 Dec 2022 15:07 INFO     LayerEncoder: Encode layer to Heuchera_soltisii with min_coverage=0.1, max_coverage=1.0, min_coverage=25
22 Dec 2022 15:07 INFO     encode_layers: Encoded /volumes/data/easy_bake/heuchera_rfolk_global/heuchera_soltisii/Heuchera_soltisii.asc with label Heuchera_soltisii using presence_absence method
22 Dec 2022 15:07 INFO     LayerEncoder: Encode layer to Heuchera_novomexicana with min_coverage=0.1, max_coverage=1.0, min_coverage=25
22 Dec 2022 15:07 INFO     encode_layers: Encoded /volumes/data/easy_bake/heuchera_rfolk_global/heuchera_novomexicana/Heuchera_novomexicana.asc with label Heuchera_novomexicana using presence_absence method
22 Dec 2022 15:07 INFO     LayerEncoder: Encode layer to Mitella_japonica with min_coverage=0.1, max_coverage=1.0, min_coverage=25
22 Dec 2022 15:07 INFO     encode_layers: Encoded /volumes/data/easy_bake/heuchera_rfolk_global/mitella_japonica/Mitella_japonica.asc with label Mitella_japonica using presence_absence method
22 Dec 2022 15:07 INFO     LayerEncoder: Encode layer to Heuchera_pilosissima with min_coverage=0.1, max_coverage=1.0, min_coverage=25
22 Dec 2022 15:07 INFO     encode_layers: Encoded /volumes/data/easy_bake/heuchera_rfolk_global/heuchera_pilosissima/Heuchera_pilosissima.asc with label Heuchera_pilosissima using presence_absence method
22 Dec 2022 15:07 INFO     LayerEncoder: Encode layer to Heuchera_eastwoodiae with min_coverage=0.1, max_coverage=1.0, min_coverage=25
22 Dec 2022 15:07 INFO     encode_layers: Encoded /volumes/data/easy_bake/heuchera_rfolk_global/heuchera_eastwoodiae/Heuchera_eastwoodiae.asc with label Heuchera_eastwoodiae using presence_absence method
22 Dec 2022 15:07 INFO     LayerEncoder: Encode layer to Heuchera_chlorantha with min_coverage=0.1, max_coverage=1.0, min_coverage=25
22 Dec 2022 15:08 INFO     encode_layers: Encoded /volumes/data/easy_bake/heuchera_rfolk_global/heuchera_chlorantha/Heuchera_chlorantha.asc with label Heuchera_chlorantha using presence_absence method
22 Dec 2022 15:08 INFO     LayerEncoder: Encode layer to Heuchera_brevistaminea with min_coverage=0.1, max_coverage=1.0, min_coverage=25
22 Dec 2022 15:08 INFO     encode_layers: Encoded /volumes/data/easy_bake/heuchera_rfolk_global/heuchera_brevistaminea/Heuchera_brevistaminea.asc with label Heuchera_brevistaminea using presence_absence method
22 Dec 2022 15:08 INFO     LayerEncoder: Encode layer to Heuchera_sanguinea with min_coverage=0.1, max_coverage=1.0, min_coverage=25
22 Dec 2022 15:08 INFO     encode_layers: Encoded /volumes/data/easy_bake/heuchera_rfolk_global/heuchera_sanguinea/Heuchera_sanguinea.asc with label Heuchera_sanguinea using presence_absence method
22 Dec 2022 15:08 INFO     LayerEncoder: Encode layer to Heuchera_missouriensis with min_coverage=0.1, max_coverage=1.0, min_coverage=25
22 Dec 2022 15:08 INFO     encode_layers: Encoded /volumes/data/easy_bake/heuchera_rfolk_global/heuchera_missouriensis/Heuchera_missouriensis.asc with label Heuchera_missouriensis using presence_absence method
22 Dec 2022 15:08 INFO     LayerEncoder: Encode layer to Conimitella_williamsii with min_coverage=0.1, max_coverage=1.0, min_coverage=25
22 Dec 2022 15:08 INFO     encode_layers: Encoded /volumes/data/easy_bake/heuchera_rfolk_global/conimitella_williamsii/Conimitella_williamsii.asc with label Conimitella_williamsii using presence_absence method
22 Dec 2022 15:08 INFO     LayerEncoder: Encode layer to Tiarella_polyphylla with min_coverage=0.1, max_coverage=1.0, min_coverage=25
22 Dec 2022 15:08 INFO     encode_layers: Encoded /volumes/data/easy_bake/heuchera_rfolk_global/tiarella_polyphylla/Tiarella_polyphylla.asc with label Tiarella_polyphylla using presence_absence method
22 Dec 2022 15:08 INFO     LayerEncoder: Encode layer to Mitella_caulescens with min_coverage=0.1, max_coverage=1.0, min_coverage=25
22 Dec 2022 15:08 INFO     encode_layers: Encoded /volumes/data/easy_bake/heuchera_rfolk_global/mitella_caulescens/Mitella_caulescens.asc with label Mitella_caulescens using presence_absence method
22 Dec 2022 15:08 INFO     LayerEncoder: Encode layer to Heuchera_richardsonii with min_coverage=0.1, max_coverage=1.0, min_coverage=25
22 Dec 2022 15:08 INFO     encode_layers: Encoded /volumes/data/easy_bake/heuchera_rfolk_global/heuchera_richardsonii/Heuchera_richardsonii.asc with label Heuchera_richardsonii using presence_absence method
22 Dec 2022 15:08 INFO     LayerEncoder: Encode layer to Heuchera_caespitosa with min_coverage=0.1, max_coverage=1.0, min_coverage=25
22 Dec 2022 15:08 INFO     encode_layers: Encoded /volumes/data/easy_bake/heuchera_rfolk_global/heuchera_caespitosa/Heuchera_caespitosa.asc with label Heuchera_caespitosa using presence_absence method
22 Dec 2022 15:08 INFO     LayerEncoder: Encode layer to Heuchera_acutifolia with min_coverage=0.1, max_coverage=1.0, min_coverage=25
22 Dec 2022 15:08 INFO     encode_layers: Encoded /volumes/data/easy_bake/heuchera_rfolk_global/heuchera_acutifolia/Heuchera_acutifolia.asc with label Heuchera_acutifolia using presence_absence method
22 Dec 2022 15:08 INFO     LayerEncoder: Encode layer to Heuchera_pulchella with min_coverage=0.1, max_coverage=1.0, min_coverage=25
22 Dec 2022 15:09 INFO     encode_layers: Encoded /volumes/data/easy_bake/heuchera_rfolk_global/heuchera_pulchella/Heuchera_pulchella.asc with label Heuchera_pulchella using presence_absence method
22 Dec 2022 15:09 INFO     LayerEncoder: Encode layer to Mitella_pentandra with min_coverage=0.1, max_coverage=1.0, min_coverage=25
22 Dec 2022 15:09 INFO     encode_layers: Encoded /volumes/data/easy_bake/heuchera_rfolk_global/mitella_pentandra/Mitella_pentandra.asc with label Mitella_pentandra using presence_absence method
22 Dec 2022 15:09 INFO     LayerEncoder: Encode layer to Heuchera_wootonii with min_coverage=0.1, max_coverage=1.0, min_coverage=25
22 Dec 2022 15:09 INFO     encode_layers: Encoded /volumes/data/easy_bake/heuchera_rfolk_global/heuchera_wootonii/Heuchera_wootonii.asc with label Heuchera_wootonii using presence_absence method
22 Dec 2022 15:09 INFO     LayerEncoder: Encode layer to Heuchera_cylindrica with min_coverage=0.1, max_coverage=1.0, min_coverage=25
22 Dec 2022 15:09 INFO     encode_layers: Encoded /volumes/data/easy_bake/heuchera_rfolk_global/heuchera_cylindrica/Heuchera_cylindrica.asc with label Heuchera_cylindrica using presence_absence method
22 Dec 2022 15:09 INFO     LayerEncoder: Encode layer to Heuchera_bracteata with min_coverage=0.1, max_coverage=1.0, min_coverage=25
22 Dec 2022 15:09 INFO     encode_layers: Encoded /volumes/data/easy_bake/heuchera_rfolk_global/heuchera_bracteata/Heuchera_bracteata.asc with label Heuchera_bracteata using presence_absence method
22 Dec 2022 15:09 INFO     LayerEncoder: Encode layer to Heuchera_longiflora with min_coverage=0.1, max_coverage=1.0, min_coverage=25
22 Dec 2022 15:09 INFO     encode_layers: Encoded /volumes/data/easy_bake/heuchera_rfolk_global/heuchera_longiflora/Heuchera_longiflora.asc with label Heuchera_longiflora using presence_absence method
22 Dec 2022 15:09 INFO     LayerEncoder: Encode layer to Heuchera_parvifolia with min_coverage=0.1, max_coverage=1.0, min_coverage=25
22 Dec 2022 15:09 INFO     encode_layers: Encoded /volumes/data/easy_bake/heuchera_rfolk_global/heuchera_parvifolia/Heuchera_parvifolia.asc with label Heuchera_parvifolia using presence_absence method
22 Dec 2022 15:09 INFO     LayerEncoder: Encode layer to Heuchera_maxima with min_coverage=0.1, max_coverage=1.0, min_coverage=25
22 Dec 2022 15:09 INFO     encode_layers: Encoded /volumes/data/easy_bake/heuchera_rfolk_global/heuchera_maxima/Heuchera_maxima.asc with label Heuchera_maxima using presence_absence method
22 Dec 2022 15:09 INFO     LayerEncoder: Encode layer to Bensoniella_oregona with min_coverage=0.1, max_coverage=1.0, min_coverage=25
22 Dec 2022 15:09 INFO     encode_layers: Encoded /volumes/data/easy_bake/heuchera_rfolk_global/bensoniella_oregona/Bensoniella_oregona.asc with label Bensoniella_oregona using presence_absence method
22 Dec 2022 15:09 INFO     LayerEncoder: Encode layer to Test with min_coverage=0.1, max_coverage=1.0, min_coverage=25
22 Dec 2022 15:10 INFO     encode_layers: Encoded /volumes/data/easy_bake/heuchera_rfolk_global/test/Test.asc with label Test using presence_absence method
22 Dec 2022 15:10 INFO     LayerEncoder: Encode layer to Mitella_furusei with min_coverage=0.1, max_coverage=1.0, min_coverage=25
22 Dec 2022 15:10 INFO     encode_layers: Encoded /volumes/data/easy_bake/heuchera_rfolk_global/mitella_furusei/Mitella_furusei.asc with label Mitella_furusei using presence_absence method
22 Dec 2022 15:10 INFO     LayerEncoder: Encode layer to Heuchera_wellsiae with min_coverage=0.1, max_coverage=1.0, min_coverage=25
22 Dec 2022 15:10 INFO     encode_layers: Encoded /volumes/data/easy_bake/heuchera_rfolk_global/heuchera_wellsiae/Heuchera_wellsiae.asc with label Heuchera_wellsiae using presence_absence method
22 Dec 2022 15:10 INFO     LayerEncoder: Encode layer to Heuchera_rosendahlii with min_coverage=0.1, max_coverage=1.0, min_coverage=25
22 Dec 2022 15:10 INFO     encode_layers: Encoded /volumes/data/easy_bake/heuchera_rfolk_global/heuchera_rosendahlii/Heuchera_rosendahlii.asc with label Heuchera_rosendahlii using presence_absence method
22 Dec 2022 15:10 INFO     LayerEncoder: Encode layer to Heuchera_parviflora with min_coverage=0.1, max_coverage=1.0, min_coverage=25
22 Dec 2022 15:10 INFO     encode_layers: Encoded /volumes/data/easy_bake/heuchera_rfolk_global/heuchera_parviflora/Heuchera_parviflora.asc with label Heuchera_parviflora using presence_absence method
22 Dec 2022 15:10 INFO     LayerEncoder: Encode layer to Mitella_stauropetala with min_coverage=0.1, max_coverage=1.0, min_coverage=25
22 Dec 2022 15:10 INFO     encode_layers: Encoded /volumes/data/easy_bake/heuchera_rfolk_global/mitella_stauropetala/Mitella_stauropetala.asc with label Mitella_stauropetala using presence_absence method
22 Dec 2022 15:10 INFO     LayerEncoder: Encode layer to Heuchera_grossulariifolia with min_coverage=0.1, max_coverage=1.0, min_coverage=25
22 Dec 2022 15:10 INFO     encode_layers: Encoded /volumes/data/easy_bake/heuchera_rfolk_global/heuchera_grossulariifolia/Heuchera_grossulariifolia.asc with label Heuchera_grossulariifolia using presence_absence method
22 Dec 2022 15:10 INFO     LayerEncoder: Encode layer to Elmera_racemosa with min_coverage=0.1, max_coverage=1.0, min_coverage=25
22 Dec 2022 15:10 INFO     encode_layers: Encoded /volumes/data/easy_bake/heuchera_rfolk_global/elmera_racemosa/Elmera_racemosa.asc with label Elmera_racemosa using presence_absence method
22 Dec 2022 15:10 INFO     LayerEncoder: Encode layer to Mitella_acerina with min_coverage=0.1, max_coverage=1.0, min_coverage=25
22 Dec 2022 15:10 INFO     encode_layers: Encoded /volumes/data/easy_bake/heuchera_rfolk_global/mitella_acerina/Mitella_acerina.asc with label Mitella_acerina using presence_absence method
22 Dec 2022 15:10 INFO     LayerEncoder: Encode layer to Heuchera_villosa with min_coverage=0.1, max_coverage=1.0, min_coverage=25
22 Dec 2022 15:10 INFO     encode_layers: Encoded /volumes/data/easy_bake/heuchera_rfolk_global/heuchera_villosa/Heuchera_villosa.asc with label Heuchera_villosa using presence_absence method
22 Dec 2022 15:10 INFO     LayerEncoder: Encode layer to Heuchera_caroliniana with min_coverage=0.1, max_coverage=1.0, min_coverage=25
22 Dec 2022 15:11 INFO     encode_layers: Encoded /volumes/data/easy_bake/heuchera_rfolk_global/heuchera_caroliniana/Heuchera_caroliniana.asc with label Heuchera_caroliniana using presence_absence method
22 Dec 2022 15:11 INFO     LayerEncoder: Encode layer to Heuchera_americana with min_coverage=0.1, max_coverage=1.0, min_coverage=25
22 Dec 2022 15:11 INFO     encode_layers: Encoded /volumes/data/easy_bake/heuchera_rfolk_global/heuchera_americana/Heuchera_americana.asc with label Heuchera_americana using presence_absence method
22 Dec 2022 15:11 INFO     LayerEncoder: Encode layer to Heuchera_puberula with min_coverage=0.1, max_coverage=1.0, min_coverage=25
22 Dec 2022 15:11 INFO     encode_layers: Encoded /volumes/data/easy_bake/heuchera_rfolk_global/heuchera_puberula/Heuchera_puberula.asc with label Heuchera_puberula using presence_absence method
22 Dec 2022 15:11 INFO     LayerEncoder: Encode layer to Heuchera_glomerulata with min_coverage=0.1, max_coverage=1.0, min_coverage=25
22 Dec 2022 15:11 INFO     encode_layers: Encoded /volumes/data/easy_bake/heuchera_rfolk_global/heuchera_glomerulata/Heuchera_glomerulata.asc with label Heuchera_glomerulata using presence_absence method
22 Dec 2022 15:11 INFO     LayerEncoder: Encode layer to Peltoboykinia_watanabei with min_coverage=0.1, max_coverage=1.0, min_coverage=25
22 Dec 2022 15:11 INFO     encode_layers: Encoded /volumes/data/easy_bake/heuchera_rfolk_global/peltoboykinia_watanabei/Peltoboykinia_watanabei.asc with label Peltoboykinia_watanabei using presence_absence method
22 Dec 2022 15:11 INFO     LayerEncoder: Encode layer to Tolmiea_menziesii with min_coverage=0.1, max_coverage=1.0, min_coverage=25
22 Dec 2022 15:11 INFO     encode_layers: Encoded /volumes/data/easy_bake/heuchera_rfolk_global/tolmiea_menziesii/Tolmiea_menziesii.asc with label Tolmiea_menziesii using presence_absence method
22 Dec 2022 15:11 INFO     LayerEncoder: Encode layer to Heuchera_micrantha with min_coverage=0.1, max_coverage=1.0, min_coverage=25
22 Dec 2022 15:11 INFO     encode_layers: Encoded /volumes/data/easy_bake/heuchera_rfolk_global/heuchera_micrantha/Heuchera_micrantha.asc with label Heuchera_micrantha using presence_absence method
22 Dec 2022 15:11 INFO     LayerEncoder: Encode layer to Tolmiea_diplomenziesii with min_coverage=0.1, max_coverage=1.0, min_coverage=25
22 Dec 2022 15:11 INFO     encode_layers: Encoded /volumes/data/easy_bake/heuchera_rfolk_global/tolmiea_diplomenziesii/Tolmiea_diplomenziesii.asc with label Tolmiea_diplomenziesii using presence_absence method
22 Dec 2022 15:11 INFO     LayerEncoder: Encode layer to Heuchera_rubescens with min_coverage=0.1, max_coverage=1.0, min_coverage=25
22 Dec 2022 15:12 INFO     encode_layers: Encoded /volumes/data/easy_bake/heuchera_rfolk_global/heuchera_rubescens/Heuchera_rubescens.asc with label Heuchera_rubescens using presence_absence method
22 Dec 2022 15:12 INFO     LayerEncoder: Encode layer to Heuchera_hallii with min_coverage=0.1, max_coverage=1.0, min_coverage=25
22 Dec 2022 15:12 INFO     encode_layers: Encoded /volumes/data/easy_bake/heuchera_rfolk_global/heuchera_hallii/Heuchera_hallii.asc with label Heuchera_hallii using presence_absence method
22 Dec 2022 15:12 INFO     LayerEncoder: Encode layer to Heuchera_woodsiaphila with min_coverage=0.1, max_coverage=1.0, min_coverage=25
22 Dec 2022 15:12 INFO     encode_layers: Encoded /volumes/data/easy_bake/heuchera_rfolk_global/heuchera_woodsiaphila/Heuchera_woodsiaphila.asc with label Heuchera_woodsiaphila using presence_absence method
22 Dec 2022 15:12 INFO     LayerEncoder: Encode layer to Heuchera_glabra with min_coverage=0.1, max_coverage=1.0, min_coverage=25
22 Dec 2022 15:12 INFO     encode_layers: Encoded /volumes/data/easy_bake/heuchera_rfolk_global/heuchera_glabra/Heuchera_glabra.asc with label Heuchera_glabra using presence_absence method
22 Dec 2022 15:12 INFO     LayerEncoder: Encode layer to Heuchera_pubescens with min_coverage=0.1, max_coverage=1.0, min_coverage=25
22 Dec 2022 15:12 INFO     encode_layers: Encoded /volumes/data/easy_bake/heuchera_rfolk_global/heuchera_pubescens/Heuchera_pubescens.asc with label Heuchera_pubescens using presence_absence method
22 Dec 2022 15:12 INFO     LayerEncoder: Encode layer to Telesonix_jamesii with min_coverage=0.1, max_coverage=1.0, min_coverage=25
22 Dec 2022 15:12 INFO     encode_layers: Encoded /volumes/data/easy_bake/heuchera_rfolk_global/telesonix_jamesii/Telesonix_jamesii.asc with label Telesonix_jamesii using presence_absence method
22 Dec 2022 15:12 INFO     encode_layers: ***Completed matrix /volumes/output/heuchera_rfolk_global.lmm
22 Dec 2022 15:12 INFO     encode_layers: Wrote report file to /volumes/output/encode_layers_global.rpt
