08 Nov 2022 20:28 INFO     encode_layers: Encode 60 layers for matrix /volumes/output/heuchera_pam.lmm
08 Nov 2022 20:28 INFO     encode_layers: Start encoding 60 layers to matrix /volumes/output/heuchera_pam.lmm with presence_absence
08 Nov 2022 20:28 INFO     LayerEncoder: Encode layer to Heuchera_parishii with min_coverage=0.1, max_coverage=1.0, min_coverage=25
08 Nov 2022 20:28 INFO     encode_layers: Completed encode of Heuchera_parishii
08 Nov 2022 20:28 INFO     LayerEncoder: Encode layer to Mitella_ovalis with min_coverage=0.1, max_coverage=1.0, min_coverage=25
08 Nov 2022 20:28 INFO     encode_layers: Completed encode of Mitella_ovalis
08 Nov 2022 20:28 INFO     LayerEncoder: Encode layer to Heuchera_versicolor with min_coverage=0.1, max_coverage=1.0, min_coverage=25
08 Nov 2022 20:28 INFO     encode_layers: Completed encode of Heuchera_versicolor
08 Nov 2022 20:28 INFO     LayerEncoder: Encode layer to Heuchera_inconstans with min_coverage=0.1, max_coverage=1.0, min_coverage=25
08 Nov 2022 20:28 INFO     encode_layers: Completed encode of Heuchera_inconstans
08 Nov 2022 20:28 INFO     LayerEncoder: Encode layer to Tellima_grandiflora with min_coverage=0.1, max_coverage=1.0, min_coverage=25
08 Nov 2022 20:28 INFO     encode_layers: Completed encode of Tellima_grandiflora
08 Nov 2022 20:28 INFO     LayerEncoder: Encode layer to Mitella_diphylla with min_coverage=0.1, max_coverage=1.0, min_coverage=25
08 Nov 2022 20:28 INFO     encode_layers: Completed encode of Mitella_diphylla
08 Nov 2022 20:28 INFO     LayerEncoder: Encode layer to Heuchera_merriamii with min_coverage=0.1, max_coverage=1.0, min_coverage=25
08 Nov 2022 20:28 INFO     encode_layers: Completed encode of Heuchera_merriamii
08 Nov 2022 20:28 INFO     LayerEncoder: Encode layer to Mitella_breweri with min_coverage=0.1, max_coverage=1.0, min_coverage=25
08 Nov 2022 20:28 INFO     encode_layers: Completed encode of Mitella_breweri
08 Nov 2022 20:28 INFO     LayerEncoder: Encode layer to Heuchera_abramsii with min_coverage=0.1, max_coverage=1.0, min_coverage=25
08 Nov 2022 20:28 INFO     encode_layers: Completed encode of Heuchera_abramsii
08 Nov 2022 20:28 INFO     LayerEncoder: Encode layer to Lithophragma_parviflorum with min_coverage=0.1, max_coverage=1.0, min_coverage=25
08 Nov 2022 20:28 INFO     encode_layers: Completed encode of Lithophragma_parviflorum
08 Nov 2022 20:28 INFO     LayerEncoder: Encode layer to Heuchera_alba with min_coverage=0.1, max_coverage=1.0, min_coverage=25
08 Nov 2022 20:28 INFO     encode_layers: Completed encode of Heuchera_alba
08 Nov 2022 20:28 INFO     LayerEncoder: Encode layer to Heuchera_lakelae with min_coverage=0.1, max_coverage=1.0, min_coverage=25
08 Nov 2022 20:28 INFO     encode_layers: Completed encode of Heuchera_lakelae
08 Nov 2022 20:28 INFO     LayerEncoder: Encode layer to Heuchera_longipetala with min_coverage=0.1, max_coverage=1.0, min_coverage=25
08 Nov 2022 20:28 INFO     encode_layers: Completed encode of Heuchera_longipetala
08 Nov 2022 20:28 INFO     LayerEncoder: Encode layer to Mitella_nuda with min_coverage=0.1, max_coverage=1.0, min_coverage=25
08 Nov 2022 20:28 INFO     encode_layers: Completed encode of Mitella_nuda
08 Nov 2022 20:28 INFO     LayerEncoder: Encode layer to Heuchera_elegans with min_coverage=0.1, max_coverage=1.0, min_coverage=25
08 Nov 2022 20:28 INFO     encode_layers: Completed encode of Heuchera_elegans
08 Nov 2022 20:28 INFO     LayerEncoder: Encode layer to Heuchera_hirsutissima with min_coverage=0.1, max_coverage=1.0, min_coverage=25
08 Nov 2022 20:28 INFO     encode_layers: Completed encode of Heuchera_hirsutissima
08 Nov 2022 20:28 INFO     LayerEncoder: Encode layer to Heuchera_mexicana with min_coverage=0.1, max_coverage=1.0, min_coverage=25
08 Nov 2022 20:29 INFO     encode_layers: Completed encode of Heuchera_mexicana
08 Nov 2022 20:29 INFO     LayerEncoder: Encode layer to Heuchera_soltisii with min_coverage=0.1, max_coverage=1.0, min_coverage=25
08 Nov 2022 20:29 INFO     encode_layers: Completed encode of Heuchera_soltisii
08 Nov 2022 20:29 INFO     LayerEncoder: Encode layer to Heuchera_novomexicana with min_coverage=0.1, max_coverage=1.0, min_coverage=25
08 Nov 2022 20:29 INFO     encode_layers: Completed encode of Heuchera_novomexicana
08 Nov 2022 20:29 INFO     LayerEncoder: Encode layer to Heuchera_pilosissima with min_coverage=0.1, max_coverage=1.0, min_coverage=25
08 Nov 2022 20:29 INFO     encode_layers: Completed encode of Heuchera_pilosissima
08 Nov 2022 20:29 INFO     LayerEncoder: Encode layer to Heuchera_eastwoodiae with min_coverage=0.1, max_coverage=1.0, min_coverage=25
08 Nov 2022 20:29 INFO     encode_layers: Completed encode of Heuchera_eastwoodiae
08 Nov 2022 20:29 INFO     LayerEncoder: Encode layer to Heuchera_chlorantha with min_coverage=0.1, max_coverage=1.0, min_coverage=25
08 Nov 2022 20:29 INFO     encode_layers: Completed encode of Heuchera_chlorantha
08 Nov 2022 20:29 INFO     LayerEncoder: Encode layer to Heuchera_brevistaminea with min_coverage=0.1, max_coverage=1.0, min_coverage=25
08 Nov 2022 20:29 INFO     encode_layers: Completed encode of Heuchera_brevistaminea
08 Nov 2022 20:29 INFO     LayerEncoder: Encode layer to Heuchera_sanguinea with min_coverage=0.1, max_coverage=1.0, min_coverage=25
08 Nov 2022 20:29 INFO     encode_layers: Completed encode of Heuchera_sanguinea
08 Nov 2022 20:29 INFO     LayerEncoder: Encode layer to Heuchera_missouriensis with min_coverage=0.1, max_coverage=1.0, min_coverage=25
08 Nov 2022 20:29 INFO     encode_layers: Completed encode of Heuchera_missouriensis
08 Nov 2022 20:29 INFO     LayerEncoder: Encode layer to Conimitella_williamsii with min_coverage=0.1, max_coverage=1.0, min_coverage=25
08 Nov 2022 20:29 INFO     encode_layers: Completed encode of Conimitella_williamsii
08 Nov 2022 20:29 INFO     LayerEncoder: Encode layer to Mitella_caulescens with min_coverage=0.1, max_coverage=1.0, min_coverage=25
08 Nov 2022 20:29 INFO     encode_layers: Completed encode of Mitella_caulescens
08 Nov 2022 20:29 INFO     LayerEncoder: Encode layer to Heuchera_richardsonii with min_coverage=0.1, max_coverage=1.0, min_coverage=25
08 Nov 2022 20:29 INFO     encode_layers: Completed encode of Heuchera_richardsonii
08 Nov 2022 20:29 INFO     LayerEncoder: Encode layer to Heuchera_caespitosa with min_coverage=0.1, max_coverage=1.0, min_coverage=25
08 Nov 2022 20:29 INFO     encode_layers: Completed encode of Heuchera_caespitosa
08 Nov 2022 20:29 INFO     LayerEncoder: Encode layer to Heuchera_acutifolia with min_coverage=0.1, max_coverage=1.0, min_coverage=25
08 Nov 2022 20:29 INFO     encode_layers: Completed encode of Heuchera_acutifolia
08 Nov 2022 20:29 INFO     LayerEncoder: Encode layer to Heuchera_pulchella with min_coverage=0.1, max_coverage=1.0, min_coverage=25
08 Nov 2022 20:29 INFO     encode_layers: Completed encode of Heuchera_pulchella
08 Nov 2022 20:29 INFO     LayerEncoder: Encode layer to Mitella_pentandra with min_coverage=0.1, max_coverage=1.0, min_coverage=25
08 Nov 2022 20:29 INFO     encode_layers: Completed encode of Mitella_pentandra
08 Nov 2022 20:29 INFO     LayerEncoder: Encode layer to Heuchera_wootonii with min_coverage=0.1, max_coverage=1.0, min_coverage=25
08 Nov 2022 20:29 INFO     encode_layers: Completed encode of Heuchera_wootonii
08 Nov 2022 20:29 INFO     LayerEncoder: Encode layer to Heuchera_cylindrica with min_coverage=0.1, max_coverage=1.0, min_coverage=25
08 Nov 2022 20:29 INFO     encode_layers: Completed encode of Heuchera_cylindrica
08 Nov 2022 20:29 INFO     LayerEncoder: Encode layer to Heuchera_bracteata with min_coverage=0.1, max_coverage=1.0, min_coverage=25
08 Nov 2022 20:29 INFO     encode_layers: Completed encode of Heuchera_bracteata
08 Nov 2022 20:29 INFO     LayerEncoder: Encode layer to Heuchera_longiflora with min_coverage=0.1, max_coverage=1.0, min_coverage=25
08 Nov 2022 20:29 INFO     encode_layers: Completed encode of Heuchera_longiflora
08 Nov 2022 20:29 INFO     LayerEncoder: Encode layer to Heuchera_parvifolia with min_coverage=0.1, max_coverage=1.0, min_coverage=25
08 Nov 2022 20:29 INFO     encode_layers: Completed encode of Heuchera_parvifolia
08 Nov 2022 20:29 INFO     LayerEncoder: Encode layer to Heuchera_maxima with min_coverage=0.1, max_coverage=1.0, min_coverage=25
08 Nov 2022 20:29 INFO     encode_layers: Completed encode of Heuchera_maxima
08 Nov 2022 20:29 INFO     LayerEncoder: Encode layer to Bensoniella_oregona with min_coverage=0.1, max_coverage=1.0, min_coverage=25
08 Nov 2022 20:29 INFO     encode_layers: Completed encode of Bensoniella_oregona
08 Nov 2022 20:29 INFO     LayerEncoder: Encode layer to Test with min_coverage=0.1, max_coverage=1.0, min_coverage=25
08 Nov 2022 20:29 INFO     encode_layers: Completed encode of Test
08 Nov 2022 20:29 INFO     LayerEncoder: Encode layer to Heuchera_wellsiae with min_coverage=0.1, max_coverage=1.0, min_coverage=25
08 Nov 2022 20:29 INFO     encode_layers: Completed encode of Heuchera_wellsiae
08 Nov 2022 20:29 INFO     LayerEncoder: Encode layer to Heuchera_rosendahlii with min_coverage=0.1, max_coverage=1.0, min_coverage=25
08 Nov 2022 20:29 INFO     encode_layers: Completed encode of Heuchera_rosendahlii
08 Nov 2022 20:29 INFO     LayerEncoder: Encode layer to Heuchera_parviflora with min_coverage=0.1, max_coverage=1.0, min_coverage=25
08 Nov 2022 20:29 INFO     encode_layers: Completed encode of Heuchera_parviflora
08 Nov 2022 20:29 INFO     LayerEncoder: Encode layer to Mitella_stauropetala with min_coverage=0.1, max_coverage=1.0, min_coverage=25
08 Nov 2022 20:29 INFO     encode_layers: Completed encode of Mitella_stauropetala
08 Nov 2022 20:29 INFO     LayerEncoder: Encode layer to Heuchera_grossulariifolia with min_coverage=0.1, max_coverage=1.0, min_coverage=25
08 Nov 2022 20:29 INFO     encode_layers: Completed encode of Heuchera_grossulariifolia
08 Nov 2022 20:29 INFO     LayerEncoder: Encode layer to Elmera_racemosa with min_coverage=0.1, max_coverage=1.0, min_coverage=25
08 Nov 2022 20:29 INFO     encode_layers: Completed encode of Elmera_racemosa
08 Nov 2022 20:29 INFO     LayerEncoder: Encode layer to Heuchera_villosa with min_coverage=0.1, max_coverage=1.0, min_coverage=25
08 Nov 2022 20:29 INFO     encode_layers: Completed encode of Heuchera_villosa
08 Nov 2022 20:29 INFO     LayerEncoder: Encode layer to Heuchera_caroliniana with min_coverage=0.1, max_coverage=1.0, min_coverage=25
08 Nov 2022 20:29 INFO     encode_layers: Completed encode of Heuchera_caroliniana
08 Nov 2022 20:29 INFO     LayerEncoder: Encode layer to Heuchera_americana with min_coverage=0.1, max_coverage=1.0, min_coverage=25
08 Nov 2022 20:29 INFO     encode_layers: Completed encode of Heuchera_americana
08 Nov 2022 20:29 INFO     LayerEncoder: Encode layer to Heuchera_puberula with min_coverage=0.1, max_coverage=1.0, min_coverage=25
08 Nov 2022 20:29 INFO     encode_layers: Completed encode of Heuchera_puberula
08 Nov 2022 20:29 INFO     LayerEncoder: Encode layer to Heuchera_glomerulata with min_coverage=0.1, max_coverage=1.0, min_coverage=25
08 Nov 2022 20:29 INFO     encode_layers: Completed encode of Heuchera_glomerulata
08 Nov 2022 20:29 INFO     LayerEncoder: Encode layer to Tolmiea_menziesii with min_coverage=0.1, max_coverage=1.0, min_coverage=25
08 Nov 2022 20:29 INFO     encode_layers: Completed encode of Tolmiea_menziesii
08 Nov 2022 20:29 INFO     LayerEncoder: Encode layer to Heuchera_micrantha with min_coverage=0.1, max_coverage=1.0, min_coverage=25
08 Nov 2022 20:29 INFO     encode_layers: Completed encode of Heuchera_micrantha
08 Nov 2022 20:29 INFO     LayerEncoder: Encode layer to Tolmiea_diplomenziesii with min_coverage=0.1, max_coverage=1.0, min_coverage=25
08 Nov 2022 20:29 INFO     encode_layers: Completed encode of Tolmiea_diplomenziesii
08 Nov 2022 20:29 INFO     LayerEncoder: Encode layer to Heuchera_rubescens with min_coverage=0.1, max_coverage=1.0, min_coverage=25
08 Nov 2022 20:29 INFO     encode_layers: Completed encode of Heuchera_rubescens
08 Nov 2022 20:29 INFO     LayerEncoder: Encode layer to Heuchera_hallii with min_coverage=0.1, max_coverage=1.0, min_coverage=25
08 Nov 2022 20:29 INFO     encode_layers: Completed encode of Heuchera_hallii
08 Nov 2022 20:29 INFO     LayerEncoder: Encode layer to Heuchera_woodsiaphila with min_coverage=0.1, max_coverage=1.0, min_coverage=25
08 Nov 2022 20:29 INFO     encode_layers: Completed encode of Heuchera_woodsiaphila
08 Nov 2022 20:29 INFO     LayerEncoder: Encode layer to Heuchera_glabra with min_coverage=0.1, max_coverage=1.0, min_coverage=25
08 Nov 2022 20:29 INFO     encode_layers: Completed encode of Heuchera_glabra
08 Nov 2022 20:29 INFO     LayerEncoder: Encode layer to Heuchera_pubescens with min_coverage=0.1, max_coverage=1.0, min_coverage=25
08 Nov 2022 20:29 INFO     encode_layers: Completed encode of Heuchera_pubescens
08 Nov 2022 20:29 INFO     LayerEncoder: Encode layer to Telesonix_jamesii with min_coverage=0.1, max_coverage=1.0, min_coverage=25
08 Nov 2022 20:29 INFO     encode_layers: Completed encode of Telesonix_jamesii
08 Nov 2022 20:29 INFO     encode_layers: ***Completed matrix /volumes/output/heuchera_pam.lmm
