{
    "grid_filename": "/volumes/data/input/grid_na_5deg.shp",
    "layers": {
        "Heuchera_parishii": {
            "filename": "/volumes/data/input/heuchera_rfolk_sdm/heuchera_parishii/Heuchera_parishii.asc",
            "encode_method": "presence_absence",
            "min_presence": 0.1,
            "max_presence": 1.0,
            "min_coverage": 25
        },
        "Mitella_ovalis": {
            "filename": "/volumes/data/input/heuchera_rfolk_sdm/mitella_ovalis/Mitella_ovalis.asc",
            "encode_method": "presence_absence",
            "min_presence": 0.1,
            "max_presence": 1.0,
            "min_coverage": 25
        },
        "Heuchera_versicolor": {
            "filename": "/volumes/data/input/heuchera_rfolk_sdm/heuchera_versicolor/Heuchera_versicolor.asc",
            "encode_method": "presence_absence",
            "min_presence": 0.1,
            "max_presence": 1.0,
            "min_coverage": 25
        },
        "Heuchera_inconstans": {
            "filename": "/volumes/data/input/heuchera_rfolk_sdm/heuchera_inconstans/Heuchera_inconstans.asc",
            "encode_method": "presence_absence",
            "min_presence": 0.1,
            "max_presence": 1.0,
            "min_coverage": 25
        },
        "Tellima_grandiflora": {
            "filename": "/volumes/data/input/heuchera_rfolk_sdm/tellima_grandiflora/Tellima_grandiflora.asc",
            "encode_method": "presence_absence",
            "min_presence": 0.1,
            "max_presence": 1.0,
            "min_coverage": 25
        },
        "Mitella_diphylla": {
            "filename": "/volumes/data/input/heuchera_rfolk_sdm/mitella_diphylla/Mitella_diphylla.asc",
            "encode_method": "presence_absence",
            "min_presence": 0.1,
            "max_presence": 1.0,
            "min_coverage": 25
        },
        "Heuchera_merriamii": {
            "filename": "/volumes/data/input/heuchera_rfolk_sdm/heuchera_merriamii/Heuchera_merriamii.asc",
            "encode_method": "presence_absence",
            "min_presence": 0.1,
            "max_presence": 1.0,
            "min_coverage": 25
        },
        "Mitella_breweri": {
            "filename": "/volumes/data/input/heuchera_rfolk_sdm/mitella_breweri/Mitella_breweri.asc",
            "encode_method": "presence_absence",
            "min_presence": 0.1,
            "max_presence": 1.0,
            "min_coverage": 25
        },
        "Heuchera_abramsii": {
            "filename": "/volumes/data/input/heuchera_rfolk_sdm/heuchera_abramsii/Heuchera_abramsii.asc",
            "encode_method": "presence_absence",
            "min_presence": 0.1,
            "max_presence": 1.0,
            "min_coverage": 25
        },
        "Lithophragma_parviflorum": {
            "filename": "/volumes/data/input/heuchera_rfolk_sdm/lithophragma_parviflorum/Lithophragma_parviflorum.asc",
            "encode_method": "presence_absence",
            "min_presence": 0.1,
            "max_presence": 1.0,
            "min_coverage": 25
        },
        "Heuchera_alba": {
            "filename": "/volumes/data/input/heuchera_rfolk_sdm/heuchera_alba/Heuchera_alba.asc",
            "encode_method": "presence_absence",
            "min_presence": 0.1,
            "max_presence": 1.0,
            "min_coverage": 25
        },
        "Heuchera_lakelae": {
            "filename": "/volumes/data/input/heuchera_rfolk_sdm/heuchera_lakelae/Heuchera_lakelae.asc",
            "encode_method": "presence_absence",
            "min_presence": 0.1,
            "max_presence": 1.0,
            "min_coverage": 25
        },
        "Heuchera_longipetala": {
            "filename": "/volumes/data/input/heuchera_rfolk_sdm/heuchera_longipetala/Heuchera_longipetala.asc",
            "encode_method": "presence_absence",
            "min_presence": 0.1,
            "max_presence": 1.0,
            "min_coverage": 25
        },
        "Mitella_nuda": {
            "filename": "/volumes/data/input/heuchera_rfolk_sdm/mitella_nuda/Mitella_nuda.asc",
            "encode_method": "presence_absence",
            "min_presence": 0.1,
            "max_presence": 1.0,
            "min_coverage": 25
        },
        "Heuchera_elegans": {
            "filename": "/volumes/data/input/heuchera_rfolk_sdm/heuchera_elegans/Heuchera_elegans.asc",
            "encode_method": "presence_absence",
            "min_presence": 0.1,
            "max_presence": 1.0,
            "min_coverage": 25
        },
        "Heuchera_hirsutissima": {
            "filename": "/volumes/data/input/heuchera_rfolk_sdm/heuchera_hirsutissima/Heuchera_hirsutissima.asc",
            "encode_method": "presence_absence",
            "min_presence": 0.1,
            "max_presence": 1.0,
            "min_coverage": 25
        },
        "Heuchera_mexicana": {
            "filename": "/volumes/data/input/heuchera_rfolk_sdm/heuchera_mexicana/Heuchera_mexicana.asc",
            "encode_method": "presence_absence",
            "min_presence": 0.1,
            "max_presence": 1.0,
            "min_coverage": 25
        },
        "Heuchera_soltisii": {
            "filename": "/volumes/data/input/heuchera_rfolk_sdm/heuchera_soltisii/Heuchera_soltisii.asc",
            "encode_method": "presence_absence",
            "min_presence": 0.1,
            "max_presence": 1.0,
            "min_coverage": 25
        },
        "Heuchera_novomexicana": {
            "filename": "/volumes/data/input/heuchera_rfolk_sdm/heuchera_novomexicana/Heuchera_novomexicana.asc",
            "encode_method": "presence_absence",
            "min_presence": 0.1,
            "max_presence": 1.0,
            "min_coverage": 25
        },
        "Heuchera_pilosissima": {
            "filename": "/volumes/data/input/heuchera_rfolk_sdm/heuchera_pilosissima/Heuchera_pilosissima.asc",
            "encode_method": "presence_absence",
            "min_presence": 0.1,
            "max_presence": 1.0,
            "min_coverage": 25
        },
        "Heuchera_eastwoodiae": {
            "filename": "/volumes/data/input/heuchera_rfolk_sdm/heuchera_eastwoodiae/Heuchera_eastwoodiae.asc",
            "encode_method": "presence_absence",
            "min_presence": 0.1,
            "max_presence": 1.0,
            "min_coverage": 25
        },
        "Heuchera_chlorantha": {
            "filename": "/volumes/data/input/heuchera_rfolk_sdm/heuchera_chlorantha/Heuchera_chlorantha.asc",
            "encode_method": "presence_absence",
            "min_presence": 0.1,
            "max_presence": 1.0,
            "min_coverage": 25
        },
        "Heuchera_brevistaminea": {
            "filename": "/volumes/data/input/heuchera_rfolk_sdm/heuchera_brevistaminea/Heuchera_brevistaminea.asc",
            "encode_method": "presence_absence",
            "min_presence": 0.1,
            "max_presence": 1.0,
            "min_coverage": 25
        },
        "Heuchera_sanguinea": {
            "filename": "/volumes/data/input/heuchera_rfolk_sdm/heuchera_sanguinea/Heuchera_sanguinea.asc",
            "encode_method": "presence_absence",
            "min_presence": 0.1,
            "max_presence": 1.0,
            "min_coverage": 25
        },
        "Heuchera_missouriensis": {
            "filename": "/volumes/data/input/heuchera_rfolk_sdm/heuchera_missouriensis/Heuchera_missouriensis.asc",
            "encode_method": "presence_absence",
            "min_presence": 0.1,
            "max_presence": 1.0,
            "min_coverage": 25
        },
        "Conimitella_williamsii": {
            "filename": "/volumes/data/input/heuchera_rfolk_sdm/conimitella_williamsii/Conimitella_williamsii.asc",
            "encode_method": "presence_absence",
            "min_presence": 0.1,
            "max_presence": 1.0,
            "min_coverage": 25
        },
        "Mitella_caulescens": {
            "filename": "/volumes/data/input/heuchera_rfolk_sdm/mitella_caulescens/Mitella_caulescens.asc",
            "encode_method": "presence_absence",
            "min_presence": 0.1,
            "max_presence": 1.0,
            "min_coverage": 25
        },
        "Heuchera_richardsonii": {
            "filename": "/volumes/data/input/heuchera_rfolk_sdm/heuchera_richardsonii/Heuchera_richardsonii.asc",
            "encode_method": "presence_absence",
            "min_presence": 0.1,
            "max_presence": 1.0,
            "min_coverage": 25
        },
        "Heuchera_caespitosa": {
            "filename": "/volumes/data/input/heuchera_rfolk_sdm/heuchera_caespitosa/Heuchera_caespitosa.asc",
            "encode_method": "presence_absence",
            "min_presence": 0.1,
            "max_presence": 1.0,
            "min_coverage": 25
        },
        "Heuchera_acutifolia": {
            "filename": "/volumes/data/input/heuchera_rfolk_sdm/heuchera_acutifolia/Heuchera_acutifolia.asc",
            "encode_method": "presence_absence",
            "min_presence": 0.1,
            "max_presence": 1.0,
            "min_coverage": 25
        },
        "Heuchera_pulchella": {
            "filename": "/volumes/data/input/heuchera_rfolk_sdm/heuchera_pulchella/Heuchera_pulchella.asc",
            "encode_method": "presence_absence",
            "min_presence": 0.1,
            "max_presence": 1.0,
            "min_coverage": 25
        },
        "Mitella_pentandra": {
            "filename": "/volumes/data/input/heuchera_rfolk_sdm/mitella_pentandra/Mitella_pentandra.asc",
            "encode_method": "presence_absence",
            "min_presence": 0.1,
            "max_presence": 1.0,
            "min_coverage": 25
        },
        "Heuchera_wootonii": {
            "filename": "/volumes/data/input/heuchera_rfolk_sdm/heuchera_wootonii/Heuchera_wootonii.asc",
            "encode_method": "presence_absence",
            "min_presence": 0.1,
            "max_presence": 1.0,
            "min_coverage": 25
        },
        "Heuchera_cylindrica": {
            "filename": "/volumes/data/input/heuchera_rfolk_sdm/heuchera_cylindrica/Heuchera_cylindrica.asc",
            "encode_method": "presence_absence",
            "min_presence": 0.1,
            "max_presence": 1.0,
            "min_coverage": 25
        },
        "Heuchera_bracteata": {
            "filename": "/volumes/data/input/heuchera_rfolk_sdm/heuchera_bracteata/Heuchera_bracteata.asc",
            "encode_method": "presence_absence",
            "min_presence": 0.1,
            "max_presence": 1.0,
            "min_coverage": 25
        },
        "Heuchera_longiflora": {
            "filename": "/volumes/data/input/heuchera_rfolk_sdm/heuchera_longiflora/Heuchera_longiflora.asc",
            "encode_method": "presence_absence",
            "min_presence": 0.1,
            "max_presence": 1.0,
            "min_coverage": 25
        },
        "Heuchera_parvifolia": {
            "filename": "/volumes/data/input/heuchera_rfolk_sdm/heuchera_parvifolia/Heuchera_parvifolia.asc",
            "encode_method": "presence_absence",
            "min_presence": 0.1,
            "max_presence": 1.0,
            "min_coverage": 25
        },
        "Heuchera_maxima": {
            "filename": "/volumes/data/input/heuchera_rfolk_sdm/heuchera_maxima/Heuchera_maxima.asc",
            "encode_method": "presence_absence",
            "min_presence": 0.1,
            "max_presence": 1.0,
            "min_coverage": 25
        },
        "Bensoniella_oregona": {
            "filename": "/volumes/data/input/heuchera_rfolk_sdm/bensoniella_oregona/Bensoniella_oregona.asc",
            "encode_method": "presence_absence",
            "min_presence": 0.1,
            "max_presence": 1.0,
            "min_coverage": 25
        },
        "Test": {
            "filename": "/volumes/data/input/heuchera_rfolk_sdm/test/Test.asc",
            "encode_method": "presence_absence",
            "min_presence": 0.1,
            "max_presence": 1.0,
            "min_coverage": 25
        },
        "Heuchera_wellsiae": {
            "filename": "/volumes/data/input/heuchera_rfolk_sdm/heuchera_wellsiae/Heuchera_wellsiae.asc",
            "encode_method": "presence_absence",
            "min_presence": 0.1,
            "max_presence": 1.0,
            "min_coverage": 25
        },
        "Heuchera_rosendahlii": {
            "filename": "/volumes/data/input/heuchera_rfolk_sdm/heuchera_rosendahlii/Heuchera_rosendahlii.asc",
            "encode_method": "presence_absence",
            "min_presence": 0.1,
            "max_presence": 1.0,
            "min_coverage": 25
        },
        "Heuchera_parviflora": {
            "filename": "/volumes/data/input/heuchera_rfolk_sdm/heuchera_parviflora/Heuchera_parviflora.asc",
            "encode_method": "presence_absence",
            "min_presence": 0.1,
            "max_presence": 1.0,
            "min_coverage": 25
        },
        "Mitella_stauropetala": {
            "filename": "/volumes/data/input/heuchera_rfolk_sdm/mitella_stauropetala/Mitella_stauropetala.asc",
            "encode_method": "presence_absence",
            "min_presence": 0.1,
            "max_presence": 1.0,
            "min_coverage": 25
        },
        "Heuchera_grossulariifolia": {
            "filename": "/volumes/data/input/heuchera_rfolk_sdm/heuchera_grossulariifolia/Heuchera_grossulariifolia.asc",
            "encode_method": "presence_absence",
            "min_presence": 0.1,
            "max_presence": 1.0,
            "min_coverage": 25
        },
        "Elmera_racemosa": {
            "filename": "/volumes/data/input/heuchera_rfolk_sdm/elmera_racemosa/Elmera_racemosa.asc",
            "encode_method": "presence_absence",
            "min_presence": 0.1,
            "max_presence": 1.0,
            "min_coverage": 25
        },
        "Heuchera_villosa": {
            "filename": "/volumes/data/input/heuchera_rfolk_sdm/heuchera_villosa/Heuchera_villosa.asc",
            "encode_method": "presence_absence",
            "min_presence": 0.1,
            "max_presence": 1.0,
            "min_coverage": 25
        },
        "Heuchera_caroliniana": {
            "filename": "/volumes/data/input/heuchera_rfolk_sdm/heuchera_caroliniana/Heuchera_caroliniana.asc",
            "encode_method": "presence_absence",
            "min_presence": 0.1,
            "max_presence": 1.0,
            "min_coverage": 25
        },
        "Heuchera_americana": {
            "filename": "/volumes/data/input/heuchera_rfolk_sdm/heuchera_americana/Heuchera_americana.asc",
            "encode_method": "presence_absence",
            "min_presence": 0.1,
            "max_presence": 1.0,
            "min_coverage": 25
        },
        "Heuchera_puberula": {
            "filename": "/volumes/data/input/heuchera_rfolk_sdm/heuchera_puberula/Heuchera_puberula.asc",
            "encode_method": "presence_absence",
            "min_presence": 0.1,
            "max_presence": 1.0,
            "min_coverage": 25
        },
        "Heuchera_glomerulata": {
            "filename": "/volumes/data/input/heuchera_rfolk_sdm/heuchera_glomerulata/Heuchera_glomerulata.asc",
            "encode_method": "presence_absence",
            "min_presence": 0.1,
            "max_presence": 1.0,
            "min_coverage": 25
        },
        "Tolmiea_menziesii": {
            "filename": "/volumes/data/input/heuchera_rfolk_sdm/tolmiea_menziesii/Tolmiea_menziesii.asc",
            "encode_method": "presence_absence",
            "min_presence": 0.1,
            "max_presence": 1.0,
            "min_coverage": 25
        },
        "Heuchera_micrantha": {
            "filename": "/volumes/data/input/heuchera_rfolk_sdm/heuchera_micrantha/Heuchera_micrantha.asc",
            "encode_method": "presence_absence",
            "min_presence": 0.1,
            "max_presence": 1.0,
            "min_coverage": 25
        },
        "Tolmiea_diplomenziesii": {
            "filename": "/volumes/data/input/heuchera_rfolk_sdm/tolmiea_diplomenziesii/Tolmiea_diplomenziesii.asc",
            "encode_method": "presence_absence",
            "min_presence": 0.1,
            "max_presence": 1.0,
            "min_coverage": 25
        },
        "Heuchera_rubescens": {
            "filename": "/volumes/data/input/heuchera_rfolk_sdm/heuchera_rubescens/Heuchera_rubescens.asc",
            "encode_method": "presence_absence",
            "min_presence": 0.1,
            "max_presence": 1.0,
            "min_coverage": 25
        },
        "Heuchera_hallii": {
            "filename": "/volumes/data/input/heuchera_rfolk_sdm/heuchera_hallii/Heuchera_hallii.asc",
            "encode_method": "presence_absence",
            "min_presence": 0.1,
            "max_presence": 1.0,
            "min_coverage": 25
        },
        "Heuchera_woodsiaphila": {
            "filename": "/volumes/data/input/heuchera_rfolk_sdm/heuchera_woodsiaphila/Heuchera_woodsiaphila.asc",
            "encode_method": "presence_absence",
            "min_presence": 0.1,
            "max_presence": 1.0,
            "min_coverage": 25
        },
        "Heuchera_glabra": {
            "filename": "/volumes/data/input/heuchera_rfolk_sdm/heuchera_glabra/Heuchera_glabra.asc",
            "encode_method": "presence_absence",
            "min_presence": 0.1,
            "max_presence": 1.0,
            "min_coverage": 25
        },
        "Heuchera_pubescens": {
            "filename": "/volumes/data/input/heuchera_rfolk_sdm/heuchera_pubescens/Heuchera_pubescens.asc",
            "encode_method": "presence_absence",
            "min_presence": 0.1,
            "max_presence": 1.0,
            "min_coverage": 25
        },
        "Telesonix_jamesii": {
            "filename": "/volumes/data/input/heuchera_rfolk_sdm/telesonix_jamesii/Telesonix_jamesii.asc",
            "encode_method": "presence_absence",
            "min_presence": 0.1,
            "max_presence": 1.0,
            "min_coverage": 25
        }
    },
    "out_matrix_filename": "/volumes/output/heuchera_pam.lmm"
}