{
    "input_data": [
        {
            "type": "DWCA",
            "file": "/volumes/data/input/occurrence_idigbio.zip",
            "x_field": "decimalLongitude",
            "y_field": "decimalLatitude",
            "out_of_range": 1,
            "count": 9035
        },
        {
            "type": "CSV",
            "file": "/volumes/data/input/occurrence_gbif.csv",
            "x_field": "decimalLongitude",
            "y_field": "decimalLatitude",
            "out_of_range": 1091,
            "count": 13334
        }
    ],
    "min_x": -164,
    "min_y": 15,
    "max_x": -53,
    "max_y": 64,
    "resolution": 5.0,
    "min_cell_point_count": 0,
    "max_cell_point_count": 1607,
    "height": 10,
    "width": 23,
    "matrix_type": "int64",
    "band1": "points"
}