{
    "/volumes/data/input/occurrence_gbif.csv": {
        "input_records": 14425,
        "output_records": 14425,
        "wranglers": []
    },
    "species_count": 89,
    "species_list": [
        "Heuchera puberula mack. & bush",
        "Heuchera rubescens var. glandulosa kellogg",
        "Heuchera micrantha douglas ex lindl.",
        "Heuchera mexicana w.schaffn. ex rydb.",
        "Heuchera chlorantha piper",
        "Heuchera flabellifolia rydb.",
        "Heuchera longipetala var. nudicaulis r.a.folk",
        "Heuchera maxima greene",
        "Heuchera micrantha var. diversifolia (rydb.) rosend., butters & lakela",
        "Heuchera parishii rydb.",
        "Heuchera hallii a.gray",
        "Heuchera lakelae folk",
        "Heuchera cylindrica hook.",
        "Heuchera roseola rydb.",
        "Heuchera parvifolia var. arizonica rosend., butters & lakela",
        "Heuchera villosa var. arkansana (rydb.) e.b.sm.",
        "Heuchera rosendahlii r.a.folk",
        "Heuchera villosa michx.",
        "Heuchera merriamii eastw.",
        "Heuchera brevistaminea wiggins",
        "Heuchera cylindrica var. alpina s.watson",
        "Heuchera wellsiae r.a.folk",
        "Heuchera hemsleyana rosend. & lakela",
        "Heuchera longiflora rydb.",
        "Heuchera sanguinea engelm.",
        "Heuchera novomexicana wheelock",
        "Heuchera longipetala var. longipetala",
        "Heuchera soltisii r.a.folk & p.j.alexander",
        "Heuchera halstedii rydb.",
        "Heuchera mexicana var. mexicana",
        "Heuchera glabra willd.",
        "Heuchera pilosella rydb.",
        "Heuchera cylindrica var. orbicularis (rosend., butters & lakela) calder & saville",
        "Heuchera missouriensis rosend.",
        "Heuchera micrantha var. hartwegii (s.watson ex wheelock) rosend.",
        "Heuchera inconstans r.a.folk",
        "Heuchera parvifolia nutt.",
        "Heuchera \u00d7brizoides lemoine",
        "Heuchera micrantha douglas",
        "Heuchera eastwoodiae rosend. & lakela",
        "Heuchera americana var. hirsuticaulis (wheelock) rosend., butters & lakela",
        "Heuchera mexicana var. potosiensis r.a.folk",
        "Heuchera amoena rosend. & lakela",
        "Heuchera rubescens var. truncata rosend., butters & lakela",
        "Heuchera reglensis rydb.",
        "Heuchera rubescens var. alpicola jeps.",
        "Heuchera parvifolia var. flavescens (rydb.) rosend., butters & lakela",
        "Heuchera parviflora bartl.",
        "Heuchera wootonii rydb.",
        "Heuchera parviflora var. saurensis r.a.folk",
        "Heuchera pubescens pursh",
        "Heuchera cylindrica var. septentrionalis rosend., butters & lakela",
        "Heuchera himalayensis decne. ex jacques",
        "Heuchera cylindrica douglas",
        "Heuchera alpestris rosend. & lakela",
        "Heuchera grossulariifolia rydb.",
        "Heuchera richardsonii r.br.",
        "Heuchera glabra willd. ex roem. & schult.",
        "Heuchera parvifolia var. utahensis (rydb.) garrett",
        "Heuchera bracteata (torr.) ser.",
        "Heuchera americana var. americana",
        "Heuchera rubescens torr.",
        "Heuchera pulchella wooton & standl.",
        "Heuchera caespitosa eastw.",
        "Heuchera micrantha var. macropetala shipes & e.f.wells",
        "Heuchera novamexicana wheelock",
        "Heuchera l.",
        "Heuchera acutifolia rose",
        "Heuchera cylindrica var. glabella (torr. & a.gray) wheelock",
        "Heuchera elegans abrams",
        "Heuchera glomerulata rosend. & lakela",
        "Heuchera longipetala moc. ex ser.",
        "Heuchera parvifolia var. nivalis (rosend.butters & lakela) \u00e1.l\u00f6ve.d.l\u00f6ve & b.m.kapoor",
        "Heuchera flabellifolia var. subsecta rosend., butters & lakela",
        "Heuchera hirsutissima rosend. & lakela",
        "Heuchera parvifolia nutt. ex torr. & a.gray",
        "Heuchera woodsiaphila p.j.alexander",
        "Heuchera americana l.",
        "Heuchera rubescens var. versicolor (greene) m.g.stewart",
        "Heuchera pilosissima fisch. & c.a.mey.",
        "Heuchera abramsii rydb.",
        "Heuchera caroliniana (rosend., butters & lakela) e.f.wells",
        "Heuchera micrantha var. erubescens (a.br. & bouch\u00e9) rosend.",
        "Heuchera americana var. hispida (pursh) e.f.wells",
        "Heuchera duranii bacig.",
        "Heuchera rubescens var. rydbergiana rosend., butters & lakela",
        "Heuchera alba rydb.",
        "Heuchera grossulariifolia var. tenuifolia (wheelock) c.l.hitchc.",
        "Heuchera longipetala var. orizabensis (hemsl.) r.a.folk"
    ]
}