{
    "/volumes/data/input/occurrence_idigbio.zip": {
        "input_records": 9036,
        "output_records": 8966,
        "wranglers": [
            {
                "name": "AcceptedNameOccurrenceWrangler",
                "version": "1.0",
                "assessed": 9036,
                "modified": 3569,
                "filtered": 70
            }
        ]
    },
    "/volumes/data/input/occurrence_gbif.csv": {
        "input_records": 14425,
        "output_records": 14422,
        "wranglers": [
            {
                "name": "AcceptedNameOccurrenceWrangler",
                "version": "1.0",
                "assessed": 14425,
                "modified": 14425,
                "filtered": 3
            }
        ]
    },
    "species_count": 85,
    "species_list": [
        "Heuchera villosa arkansana",
        "Heuchera mexicana",
        "Heuchera rubescens",
        "Heuchera flabellifolia",
        "Heuchera amoena",
        "Heuchera rubescens truncata",
        "Heuchera rosendahlii",
        "Heuchera merriamii",
        "Heuchera parviflora saurensis",
        "Heuchera acutifolia",
        "Heuchera americana hispida",
        "Heuchera flabellifolia subsecta",
        "Heuchera rubescens glandulosa",
        "Heuchera parishii",
        "Heuchera cylindrica alpina",
        "Heuchera micrantha macropetala",
        "Heuchera inconstans",
        "Heuchera woodsiaphila",
        "Heuchera rubescens alpicola",
        "Heuchera longipetala orizabensis",
        "Heuchera glomerulata",
        "Heuchera halstedii",
        "Conimitella williamsii",
        "Heuchera micrantha",
        "Heuchera rubescens versicolor",
        "Heuchera alba",
        "Heuchera mexicana potosiensis",
        "Heuchera micrantha erubescens",
        "Heuchera pubescens",
        "Heuchera novomexicana",
        "Heuchera mexicana mexicana",
        "Heuchera americana hirsuticaulis",
        "Heuchera alpestris",
        "Heuchera puberula",
        "Heuchera glabra",
        "Heuchera pulchella",
        "Heuchera parviflora",
        "Heuchera bracteata",
        "Heuchera wootonii",
        "Heuchera parvifolia utahensis",
        "Heuchera parvifolia flavescens",
        "Heuchera longipetala nudicaulis",
        "Heuchera missouriensis",
        "Heuchera rubescens rydbergiana",
        "Heuchera grossulariifolia tenuifolia",
        "Heuchera lakelae",
        "Heuchera elegans",
        "Heuchera micrantha hartwegii",
        "Heuchera longipetala longipetala",
        "Heuchera hallii",
        "Heuchera villosa",
        "Heuchera hemsleyana",
        "Heuchera brizoides",
        "Heuchera cylindrica glabella",
        "Heuchera richardsonii",
        "Heuchera eastwoodiae",
        "Heuchera cylindrica",
        "Heuchera maxima",
        "Heuchera brevistaminea",
        "Heuchera grossulariifolia",
        "Heuchera abramsii",
        "Heuchera hirsutissima",
        "Heuchera reglensis",
        "Heuchera novamexicana",
        "Heuchera longipetala",
        "Heuchera caroliniana",
        "Heuchera americana americana",
        "Heuchera soltisii",
        "Heuchera cuneata",
        "Heuchera americana",
        "Heuchera",
        "Heuchera chlorantha",
        "Heuchera cylindrica orbicularis",
        "Heuchera duranii",
        "Heuchera wellsiae",
        "Heuchera pilosissima",
        "Heuchera parvifolia nivalis",
        "Heuchera parvifolia",
        "Heuchera cylindrica septentrionalis",
        "Heuchera micrantha diversifolia",
        "Heuchera sanguinea",
        "Heuchera caespitosa",
        "Heuchera parvifolia arizonica",
        "Elmera racemosa",
        "Heuchera longiflora"
    ]
}