14 Nov 2022 22:16 INFO     MatchTreeMatrixWrangler: Tree taxon Peltoboykinia watanabei NOT present in matrix
14 Nov 2022 22:16 INFO     MatchTreeMatrixWrangler: Tree taxon Heuchera richardsonii IS present in matrix
14 Nov 2022 22:16 INFO     MatchTreeMatrixWrangler: Tree taxon Heuchera caroliniana IS present in matrix
14 Nov 2022 22:16 INFO     MatchTreeMatrixWrangler: Tree taxon Heuchera pubescens IS present in matrix
14 Nov 2022 22:16 INFO     MatchTreeMatrixWrangler: Tree taxon Heuchera alba IS present in matrix
14 Nov 2022 22:16 INFO     MatchTreeMatrixWrangler: Tree taxon Heuchera longiflora IS present in matrix
14 Nov 2022 22:16 INFO     MatchTreeMatrixWrangler: Tree taxon Heuchera americana IS present in matrix
14 Nov 2022 22:16 INFO     MatchTreeMatrixWrangler: Tree taxon Heuchera parvifolia IS present in matrix
14 Nov 2022 22:16 INFO     MatchTreeMatrixWrangler: Tree taxon Heuchera wootonii IS present in matrix
14 Nov 2022 22:16 INFO     MatchTreeMatrixWrangler: Tree taxon Heuchera inconstans IS present in matrix
14 Nov 2022 22:16 INFO     MatchTreeMatrixWrangler: Tree taxon Heuchera soltisii IS present in matrix
14 Nov 2022 22:16 INFO     MatchTreeMatrixWrangler: Tree taxon Heuchera novomexicana IS present in matrix
14 Nov 2022 22:16 INFO     MatchTreeMatrixWrangler: Tree taxon Heuchera glomerulata IS present in matrix
14 Nov 2022 22:16 INFO     MatchTreeMatrixWrangler: Tree taxon Heuchera eastwoodiae IS present in matrix
14 Nov 2022 22:16 INFO     MatchTreeMatrixWrangler: Tree taxon Heuchera woodsiaphila IS present in matrix
14 Nov 2022 22:16 INFO     MatchTreeMatrixWrangler: Tree taxon Heuchera bracteata IS present in matrix
14 Nov 2022 22:16 INFO     MatchTreeMatrixWrangler: Tree taxon Heuchera hallii IS present in matrix
14 Nov 2022 22:16 INFO     MatchTreeMatrixWrangler: Tree taxon Heuchera mexicana IS present in matrix
14 Nov 2022 22:16 INFO     MatchTreeMatrixWrangler: Tree taxon Heuchera longipetala IS present in matrix
14 Nov 2022 22:16 INFO     MatchTreeMatrixWrangler: Tree taxon Heuchera acutifolia IS present in matrix
14 Nov 2022 22:16 INFO     MatchTreeMatrixWrangler: Tree taxon Heuchera hirsutissima IS present in matrix
14 Nov 2022 22:16 INFO     MatchTreeMatrixWrangler: Tree taxon Heuchera caespitosa IS present in matrix
14 Nov 2022 22:16 INFO     MatchTreeMatrixWrangler: Tree taxon Heuchera abramsii IS present in matrix
14 Nov 2022 22:16 INFO     MatchTreeMatrixWrangler: Tree taxon Heuchera elegans IS present in matrix
14 Nov 2022 22:16 INFO     MatchTreeMatrixWrangler: Tree taxon Heuchera parishii IS present in matrix
14 Nov 2022 22:16 INFO     MatchTreeMatrixWrangler: Tree taxon Heuchera brevistaminea IS present in matrix
14 Nov 2022 22:16 INFO     MatchTreeMatrixWrangler: Tree taxon Heuchera rosendahlii IS present in matrix
14 Nov 2022 22:16 INFO     MatchTreeMatrixWrangler: Tree taxon Heuchera wellsiae IS present in matrix
14 Nov 2022 22:16 INFO     MatchTreeMatrixWrangler: Tree taxon Heuchera sanguinea IS present in matrix
14 Nov 2022 22:16 INFO     MatchTreeMatrixWrangler: Tree taxon Heuchera versicolor IS present in matrix
14 Nov 2022 22:16 INFO     MatchTreeMatrixWrangler: Tree taxon Heuchera pulchella IS present in matrix
14 Nov 2022 22:16 INFO     MatchTreeMatrixWrangler: Tree taxon Heuchera rubescens IS present in matrix
14 Nov 2022 22:16 INFO     MatchTreeMatrixWrangler: Tree taxon Heuchera merriamii NOT present in matrix
14 Nov 2022 22:16 INFO     MatchTreeMatrixWrangler: Tree taxon Heuchera grossulariifolia IS present in matrix
14 Nov 2022 22:16 INFO     MatchTreeMatrixWrangler: Tree taxon Heuchera pilosissima IS present in matrix
14 Nov 2022 22:16 INFO     MatchTreeMatrixWrangler: Tree taxon Heuchera maxima IS present in matrix
14 Nov 2022 22:16 INFO     MatchTreeMatrixWrangler: Tree taxon Heuchera micrantha IS present in matrix
14 Nov 2022 22:16 INFO     MatchTreeMatrixWrangler: Tree taxon Heuchera glabra IS present in matrix
14 Nov 2022 22:16 INFO     MatchTreeMatrixWrangler: Tree taxon Heuchera villosa IS present in matrix
14 Nov 2022 22:16 INFO     MatchTreeMatrixWrangler: Tree taxon Heuchera puberula IS present in matrix
14 Nov 2022 22:16 INFO     MatchTreeMatrixWrangler: Tree taxon Heuchera missouriensis IS present in matrix
14 Nov 2022 22:16 INFO     MatchTreeMatrixWrangler: Tree taxon Heuchera parviflora IS present in matrix
14 Nov 2022 22:16 INFO     MatchTreeMatrixWrangler: Tree taxon Heuchera chlorantha IS present in matrix
14 Nov 2022 22:16 INFO     MatchTreeMatrixWrangler: Tree taxon Heuchera cylindrica IS present in matrix
14 Nov 2022 22:16 INFO     MatchTreeMatrixWrangler: Tree taxon menziesii NOT present in matrix
14 Nov 2022 22:16 INFO     MatchTreeMatrixWrangler: Tree taxon diplomenziesii NOT present in matrix
14 Nov 2022 22:16 INFO     MatchTreeMatrixWrangler: Tree taxon Tellima grandiflora IS present in matrix
14 Nov 2022 22:16 INFO     MatchTreeMatrixWrangler: Tree taxon Mitella pentandra IS present in matrix
14 Nov 2022 22:16 INFO     MatchTreeMatrixWrangler: Tree taxon Mitella stylosa NOT present in matrix
14 Nov 2022 22:16 INFO     MatchTreeMatrixWrangler: Tree taxon Mitella furusei NOT present in matrix
14 Nov 2022 22:16 INFO     MatchTreeMatrixWrangler: Tree taxon Mitella pauciflora NOT present in matrix
14 Nov 2022 22:16 INFO     MatchTreeMatrixWrangler: Tree taxon Mitella japonica NOT present in matrix
14 Nov 2022 22:16 INFO     MatchTreeMatrixWrangler: Tree taxon Mitella breweri IS present in matrix
14 Nov 2022 22:16 INFO     MatchTreeMatrixWrangler: Tree taxon Mitella ovalis IS present in matrix
14 Nov 2022 22:16 INFO     MatchTreeMatrixWrangler: Tree taxon Bensoniella oregona IS present in matrix
14 Nov 2022 22:16 INFO     MatchTreeMatrixWrangler: Tree taxon Lithophragma parviflorum IS present in matrix
14 Nov 2022 22:16 INFO     MatchTreeMatrixWrangler: Tree taxon Mitella nuda IS present in matrix
14 Nov 2022 22:16 INFO     MatchTreeMatrixWrangler: Tree taxon Mitella diphylla IS present in matrix
14 Nov 2022 22:16 INFO     MatchTreeMatrixWrangler: Tree taxon Tiarella polyphylla NOT present in matrix
14 Nov 2022 22:16 INFO     MatchTreeMatrixWrangler: Tree taxon Elmera racemosa NOT present in matrix
14 Nov 2022 22:16 INFO     MatchTreeMatrixWrangler: Tree taxon Mitella caulescens IS present in matrix
14 Nov 2022 22:16 INFO     MatchTreeMatrixWrangler: Tree taxon Conimitella williamsii IS present in matrix
14 Nov 2022 22:16 INFO     MatchTreeMatrixWrangler: Tree taxon Mitella stauropetala IS present in matrix
14 Nov 2022 22:16 INFO     MatchTreeMatrixWrangler: Tree taxon Telesonix jamesii IS present in matrix
14 Nov 2022 22:16 INFO     MatchTreeMatrixWrangler: Matrix taxon Heuchera micrantha not present in tree (but not purged)
14 Nov 2022 22:16 INFO     MatchTreeMatrixWrangler: Matrix taxon Heuchera brevistaminea not present in tree (but not purged)
14 Nov 2022 22:16 INFO     MatchTreeMatrixWrangler: Matrix taxon Heuchera pilosissima not present in tree (but not purged)
14 Nov 2022 22:16 INFO     MatchTreeMatrixWrangler: Matrix taxon Mitella stauropetala not present in tree (but not purged)
14 Nov 2022 22:16 INFO     MatchTreeMatrixWrangler: Matrix taxon Tolmiea menziesii not present in tree (but not purged)
14 Nov 2022 22:16 INFO     MatchTreeMatrixWrangler: Matrix taxon Heuchera rubescens not present in tree (but not purged)
14 Nov 2022 22:16 INFO     MatchTreeMatrixWrangler: Matrix taxon Mitella ovalis not present in tree (but not purged)
14 Nov 2022 22:16 INFO     MatchTreeMatrixWrangler: Matrix taxon Heuchera richardsonii not present in tree (but not purged)
14 Nov 2022 22:16 INFO     MatchTreeMatrixWrangler: Matrix taxon Heuchera puberula not present in tree (but not purged)
14 Nov 2022 22:16 INFO     MatchTreeMatrixWrangler: Matrix taxon Mitella nuda not present in tree (but not purged)
14 Nov 2022 22:16 INFO     MatchTreeMatrixWrangler: Matrix taxon Telesonix jamesii not present in tree (but not purged)
14 Nov 2022 22:16 INFO     MatchTreeMatrixWrangler: Matrix taxon Heuchera novomexicana not present in tree (but not purged)
14 Nov 2022 22:16 INFO     MatchTreeMatrixWrangler: Matrix taxon Mitella pentandra not present in tree (but not purged)
14 Nov 2022 22:16 INFO     MatchTreeMatrixWrangler: Matrix taxon Heuchera_merriamii not present in tree (but not purged)
14 Nov 2022 22:16 INFO     MatchTreeMatrixWrangler: Matrix taxon Heuchera maxima not present in tree (but not purged)
14 Nov 2022 22:16 INFO     MatchTreeMatrixWrangler: Matrix taxon Tolmiea diplomenziesii not present in tree (but not purged)
14 Nov 2022 22:16 INFO     MatchTreeMatrixWrangler: Matrix taxon Heuchera bracteata not present in tree (but not purged)
14 Nov 2022 22:16 INFO     MatchTreeMatrixWrangler: Matrix taxon Heuchera cylindrica not present in tree (but not purged)
14 Nov 2022 22:16 INFO     MatchTreeMatrixWrangler: Matrix taxon Tellima grandiflora not present in tree (but not purged)
14 Nov 2022 22:16 INFO     MatchTreeMatrixWrangler: Matrix taxon Heuchera alba not present in tree (but not purged)
14 Nov 2022 22:16 INFO     MatchTreeMatrixWrangler: Matrix taxon Mitella caulescens not present in tree (but not purged)
14 Nov 2022 22:16 INFO     MatchTreeMatrixWrangler: Matrix taxon Heuchera acutifolia not present in tree (but not purged)
14 Nov 2022 22:16 INFO     MatchTreeMatrixWrangler: Matrix taxon Heuchera grossulariifolia not present in tree (but not purged)
14 Nov 2022 22:16 INFO     MatchTreeMatrixWrangler: Matrix taxon Heuchera abramsii not present in tree (but not purged)
14 Nov 2022 22:16 INFO     MatchTreeMatrixWrangler: Matrix taxon Heuchera eastwoodiae not present in tree (but not purged)
14 Nov 2022 22:16 INFO     MatchTreeMatrixWrangler: Matrix taxon Heuchera chlorantha not present in tree (but not purged)
14 Nov 2022 22:16 INFO     MatchTreeMatrixWrangler: Matrix taxon Heuchera caespitosa not present in tree (but not purged)
14 Nov 2022 22:16 INFO     MatchTreeMatrixWrangler: Matrix taxon Heuchera lakelae not present in tree (but not purged)
14 Nov 2022 22:16 INFO     MatchTreeMatrixWrangler: Matrix taxon Heuchera wellsiae not present in tree (but not purged)
14 Nov 2022 22:16 INFO     MatchTreeMatrixWrangler: Matrix taxon Heuchera hirsutissima not present in tree (but not purged)
14 Nov 2022 22:16 INFO     MatchTreeMatrixWrangler: Matrix taxon Heuchera parishii not present in tree (but not purged)
14 Nov 2022 22:16 INFO     MatchTreeMatrixWrangler: Matrix taxon Heuchera pubescens not present in tree (but not purged)
14 Nov 2022 22:16 INFO     MatchTreeMatrixWrangler: Matrix taxon Heuchera americana not present in tree (but not purged)
14 Nov 2022 22:16 INFO     MatchTreeMatrixWrangler: Matrix taxon Heuchera elegans not present in tree (but not purged)
14 Nov 2022 22:16 INFO     MatchTreeMatrixWrangler: Matrix taxon Mitella diphylla not present in tree (but not purged)
14 Nov 2022 22:16 INFO     MatchTreeMatrixWrangler: Matrix taxon Heuchera parviflora not present in tree (but not purged)
14 Nov 2022 22:16 INFO     MatchTreeMatrixWrangler: Matrix taxon Heuchera hallii not present in tree (but not purged)
14 Nov 2022 22:16 INFO     MatchTreeMatrixWrangler: Matrix taxon Mitella breweri not present in tree (but not purged)
14 Nov 2022 22:16 INFO     MatchTreeMatrixWrangler: Matrix taxon Heuchera rosendahlii not present in tree (but not purged)
14 Nov 2022 22:16 INFO     MatchTreeMatrixWrangler: Matrix taxon Heuchera longiflora not present in tree (but not purged)
14 Nov 2022 22:16 INFO     MatchTreeMatrixWrangler: Matrix taxon Heuchera versicolor not present in tree (but not purged)
14 Nov 2022 22:16 INFO     MatchTreeMatrixWrangler: Matrix taxon Heuchera pulchella not present in tree (but not purged)
14 Nov 2022 22:16 INFO     MatchTreeMatrixWrangler: Matrix taxon Heuchera sanguinea not present in tree (but not purged)
14 Nov 2022 22:16 INFO     MatchTreeMatrixWrangler: Matrix taxon Heuchera glomerulata not present in tree (but not purged)
14 Nov 2022 22:16 INFO     MatchTreeMatrixWrangler: Matrix taxon Conimitella williamsii not present in tree (but not purged)
14 Nov 2022 22:16 INFO     MatchTreeMatrixWrangler: Matrix taxon Elmera_racemosa not present in tree (but not purged)
14 Nov 2022 22:16 INFO     MatchTreeMatrixWrangler: Matrix taxon Heuchera parvifolia not present in tree (but not purged)
14 Nov 2022 22:16 INFO     MatchTreeMatrixWrangler: Matrix taxon Heuchera mexicana not present in tree (but not purged)
14 Nov 2022 22:16 INFO     MatchTreeMatrixWrangler: Matrix taxon Heuchera missouriensis not present in tree (but not purged)
14 Nov 2022 22:16 INFO     MatchTreeMatrixWrangler: Matrix taxon Heuchera woodsiaphila not present in tree (but not purged)
14 Nov 2022 22:16 INFO     MatchTreeMatrixWrangler: Matrix taxon Heuchera wootonii not present in tree (but not purged)
14 Nov 2022 22:16 INFO     MatchTreeMatrixWrangler: Matrix taxon Lithophragma parviflorum not present in tree (but not purged)
14 Nov 2022 22:16 INFO     MatchTreeMatrixWrangler: Matrix taxon Heuchera villosa not present in tree (but not purged)
14 Nov 2022 22:16 INFO     MatchTreeMatrixWrangler: Matrix taxon Heuchera caroliniana not present in tree (but not purged)
14 Nov 2022 22:16 INFO     MatchTreeMatrixWrangler: Matrix taxon Bensoniella oregona not present in tree (but not purged)
14 Nov 2022 22:16 INFO     MatchTreeMatrixWrangler: Matrix taxon Heuchera inconstans not present in tree (but not purged)
14 Nov 2022 22:16 INFO     MatchTreeMatrixWrangler: Matrix taxon Heuchera soltisii not present in tree (but not purged)
14 Nov 2022 22:16 INFO     MatchTreeMatrixWrangler: Matrix taxon Heuchera glabra not present in tree (but not purged)
14 Nov 2022 22:16 INFO     MatchTreeMatrixWrangler: Matrix taxon Heuchera longipetala not present in tree (but not purged)
14 Nov 2022 22:16 DEBUG    MatchTreeMatrixWrangler: Purging {'count': 5, 'species': ['Peltoboykinia watanabei', 'Tiarella polyphylla', 'Elmera racemosa', 'menziesii', 'Mitella japonica', 'Mitella furusei', 'Heuchera merriamii', 'Mitella stylosa', 'diplomenziesii', 'Mitella pauciflora']} species.
14 Nov 2022 22:16 DEBUG    MatchTreeMatrixWrangler: Tree contains 64 tips, 10 are not in matrix
14 Nov 2022 22:16 DEBUG    MatchTreeMatrixWrangler: unmatched_tree_taxa: {'Peltoboykinia watanabei', 'Tiarella polyphylla', 'Elmera racemosa', 'menziesii', 'Mitella japonica', 'Mitella furusei', 'Heuchera merriamii', 'Mitella stylosa', 'diplomenziesii', 'Mitella pauciflora'}
14 Nov 2022 22:16 DEBUG    MatchTreeMatrixWrangler: Matrix contained 59 columns, (purged to 54),  59 were not in tree
14 Nov 2022 22:16 DEBUG    MatchTreeMatrixWrangler: unmatched_matrix_taxa: {'Heuchera micrantha', 'Heuchera brevistaminea', 'Heuchera pilosissima', 'Mitella stauropetala', 'Tolmiea menziesii', 'Heuchera rubescens', 'Mitella ovalis', 'Heuchera richardsonii', 'Heuchera puberula', 'Mitella nuda', 'Telesonix jamesii', 'Heuchera novomexicana', 'Mitella pentandra', 'Heuchera_merriamii', 'Heuchera maxima', 'Tolmiea diplomenziesii', 'Heuchera bracteata', 'Heuchera cylindrica', 'Tellima grandiflora', 'Heuchera alba', 'Mitella caulescens', 'Heuchera acutifolia', 'Heuchera grossulariifolia', 'Heuchera abramsii', 'Heuchera eastwoodiae', 'Heuchera chlorantha', 'Heuchera caespitosa', 'Heuchera lakelae', 'Heuchera wellsiae', 'Heuchera hirsutissima', 'Heuchera parishii', 'Heuchera pubescens', 'Heuchera americana', 'Heuchera elegans', 'Mitella diphylla', 'Heuchera parviflora', 'Heuchera hallii', 'Mitella breweri', 'Heuchera rosendahlii', 'Heuchera longiflora', 'Heuchera versicolor', 'Heuchera pulchella', 'Heuchera sanguinea', 'Heuchera glomerulata', 'Conimitella williamsii', 'Elmera_racemosa', 'Heuchera parvifolia', 'Heuchera mexicana', 'Heuchera missouriensis', 'Heuchera woodsiaphila', 'Heuchera wootonii', 'Lithophragma parviflorum', 'Heuchera villosa', 'Heuchera caroliniana', 'Bensoniella oregona', 'Heuchera inconstans', 'Heuchera soltisii', 'Heuchera glabra', 'Heuchera longipetala'}
14 Nov 2022 22:16 DEBUG    PurgeEmptySlicesWrangler: Purged 154 from axis 0.
14 Nov 2022 22:16 DEBUG    PurgeEmptySlicesWrangler: Purged 25 from axis 1.
