{
    "input_records": 11489,
    "output_records": 7008,
    "wranglers": [
        {
            "name": "DecimalPrecisionFilter",
            "version": "1.0",
            "assessed": 0,
            "modified": 0,
            "filtered": 0
        },
        {
            "name": "UniqueLocalitiesFilter",
            "version": "1.0",
            "assessed": 0,
            "modified": 0,
            "filtered": 0
        },
        {
            "name": "MinimumPointsWrangler",
            "version": "1.0",
            "assessed": 0,
            "modified": 0,
            "filtered": 0
        }
    ]
}