[
    {
        "name": "MatchTreeMatrixWrangler",
        "version": "1.0",
        "changes": {
            "1": {
                "purged": {
                    "count": 5,
                    "species": [
                        "Peltoboykinia watanabei",
                        "Tiarella polyphylla",
                        "Elmera racemosa",
                        "menziesii",
                        "Mitella japonica",
                        "Mitella furusei",
                        "Heuchera merriamii",
                        "Mitella stylosa",
                        "diplomenziesii",
                        "Mitella pauciflora"
                    ]
                }
            }
        }
    },
    {
        "name": "PurgeEmptySlicesWrangler",
        "version": "1.0",
        "changes": {
            "0": {
                "purged": 154
            },
            "1": {
                "purged": 25
            }
        }
    }
]