Wed Dec 28 11:37:24 CST 2022
MaxEnt version 3.4.4
Checking header of /volumes/env/biotaphy_5min_global/ISRICSOILGRIDS_new_average_phx10percent_reduced.asc
Checking header of /volumes/env/biotaphy_5min_global/mask.asc
Reading samples from Pectiantia_pentandra.csv
Read samples: max memory 32178700288, total allocated 2118123520, free 2100613120, used 17510400, increment 17510400
Extractor: max memory 32178700288, total allocated 2118123520, free 2094319616, used 23803904, increment 6293504
Extracting random background and sample data
Warning: Sample at -134.5, 58.61 in Pectiantia_pentandra.csv is missing some environmental data (e.g. ISRICSOILGRIDS_new_average_phx10percent_reduced)
Warning: Skipping sample at -134.5, 58.61
Warning: Sample at -152.72833, 58.44028 in Pectiantia_pentandra.csv is missing some environmental data (e.g. ISRICSOILGRIDS_new_average_phx10percent_reduced)
Warning: Skipping sample at -152.72833, 58.44028
Warning: Sample at -152.27092, 57.4942 in Pectiantia_pentandra.csv is missing some environmental data (e.g. ISRICSOILGRIDS_new_average_phx10percent_reduced)
Warning: Skipping sample at -152.27092, 57.4942
Warning: Sample at -132.85, 56.77 in Pectiantia_pentandra.csv is missing some environmental data (e.g. ISRICSOILGRIDS_new_average_phx10percent_reduced)
Warning: Skipping sample at -132.85, 56.77
Warning: Sample at -123.0009887, 48.99971063 in Pectiantia_pentandra.csv is missing some environmental data (e.g. ISRICSOILGRIDS_new_average_phx10percent_reduced)
Warning: Skipping sample at -123.0009887, 48.99971063
Time since start: 1.033
51468 points with values for all grids
Adding samples to background in feature space
Command line used:  samplesfile=/volumes/output/heuchera_rfolk_5min_global/Pectiantia_pentandra/Pectiantia_pentandra.csv -e /volumes/env/biotaphy_5min_global -o /volumes/output/heuchera_rfolk_5min_global/Pectiantia_pentandra nowarnings nocache autorun -z togglelayertype=mask
Command line to repeat: java density.MaxEnt nowarnings noprefixes outputdirectory=/volumes/output/heuchera_rfolk_5min_global/Pectiantia_pentandra samplesfile=/volumes/output/heuchera_rfolk_5min_global/Pectiantia_pentandra/Pectiantia_pentandra.csv environmentallayers=/volumes/env/biotaphy_5min_global nowarnings autorun novisible nocache -t mask
Species: Pectiantia_pentandra
Layers: ISRICSOILGRIDS_new_average_phx10percent_reduced mask
Layertypes: Continuous Categorical
outputdirectory: /volumes/output/heuchera_rfolk_5min_global/Pectiantia_pentandra
samplesfile: /volumes/output/heuchera_rfolk_5min_global/Pectiantia_pentandra/Pectiantia_pentandra.csv
environmentallayers: /volumes/env/biotaphy_5min_global
warnings: false
autorun: true
visible: false
cache: false

getSamples: max memory 32178700288, total allocated 2118123520, free 915394280, used 1202729240, increment 1178925336
Making features
makeFeatures: max memory 32178700288, total allocated 2118123520, free 915392232, used 1202731288, increment 2048
Pectiantia_pentandra: 
Regularization values: linear/quadratic/product: 0.050, categorical: 0.250, threshold: 1.000, hinge: 0.500
395 samples
Density: max memory 32178700288, total allocated 2118123520, free 913295080, used 1204828440, increment 2097152
linearPredictor: max memory 32178700288, total allocated 2118123520, free 913295080, used 1204828440, increment 0
FeaturedSpace: max memory 32178700288, total allocated 2118123520, free 913295080, used 1204828440, increment 0
Sequential: max memory 32178700288, total allocated 2118123520, free 913295080, used 1204828440, increment 0
Initial loss: 9.210340371976184
240: time = 0.174000 loss = 9.083575
Resulting gain: 0.12676559438311585
Projecting...
Writing file /volumes/output/heuchera_rfolk_5min_global/Pectiantia_pentandra/Pectiantia_pentandra.asc
Time since start: 3.065
Writing /volumes/output/heuchera_rfolk_5min_global/Pectiantia_pentandra/plots/Pectiantia_pentandra.png
Ending
