Thu Dec 22 15:53:53 CST 2022
MaxEnt version 3.4.4
Checking header of /volumes/env/na_2.5min/BIOCLIM_1.asc
Checking header of /volumes/env/na_2.5min/BIOCLIM_12.asc
Checking header of /volumes/env/na_2.5min/BIOCLIM_17.asc
Checking header of /volumes/env/na_2.5min/BIOCLIM_7.asc
Checking header of /volumes/env/na_2.5min/GTOPO30_ELEVATION.asc
Checking header of /volumes/env/na_2.5min/GTOPO30_SLOPE_reduced.asc
Checking header of /volumes/env/na_2.5min/ISRICSOILGRIDS_new_average_coarsefragmentpercent_reduced.asc
Checking header of /volumes/env/na_2.5min/ISRICSOILGRIDS_new_average_phx10percent_reduced.asc
Checking header of /volumes/env/na_2.5min/ISRICSOILGRIDS_new_average_sandpercent_reduced.asc
Checking header of /volumes/env/na_2.5min/ISRICSOILGRIDS_new_average_soilorganiccarboncontent_reduced.asc
Checking header of /volumes/env/na_2.5min/LandCover_1_Needleleaf.asc
Checking header of /volumes/env/na_2.5min/LandCover_6_Herbaceous.asc
Checking header of /volumes/env/na_2.5min/mask.asc
Reading samples from Heuchera_merriamii.csv
Read samples: max memory 12612272128, total allocated 792723456, free 773664592, used 19058864, increment 19058864
Extractor: max memory 12612272128, total allocated 792723456, free 766067408, used 26656048, increment 7597184
Extracting random background and sample data
Time since start: 5.017
2090 points with values for all grids
Adding samples to background in feature space
Command line used:  samplesfile=/volumes/output/heuchera_rfolk_na/heuchera_merriamii/Heuchera_merriamii.csv -e /volumes/env/na_2.5min -o /volumes/output/heuchera_rfolk_na/heuchera_merriamii nowarnings nocache autorun -z togglelayertype=mask
Command line to repeat: java density.MaxEnt nowarnings noprefixes outputdirectory=/volumes/output/heuchera_rfolk_na/heuchera_merriamii samplesfile=/volumes/output/heuchera_rfolk_na/heuchera_merriamii/Heuchera_merriamii.csv environmentallayers=/volumes/env/na_2.5min nowarnings autorun novisible nocache -t mask
Species: Heuchera_merriamii
Layers: BIOCLIM_1 BIOCLIM_12 BIOCLIM_17 BIOCLIM_7 GTOPO30_ELEVATION GTOPO30_SLOPE_reduced ISRICSOILGRIDS_new_average_coarsefragmentpercent_reduced ISRICSOILGRIDS_new_average_phx10percent_reduced ISRICSOILGRIDS_new_average_sandpercent_reduced ISRICSOILGRIDS_new_average_soilorganiccarboncontent_reduced LandCover_1_Needleleaf LandCover_6_Herbaceous mask
Layertypes: Continuous Continuous Continuous Continuous Continuous Continuous Continuous Continuous Continuous Continuous Continuous Continuous Categorical
outputdirectory: /volumes/output/heuchera_rfolk_na/heuchera_merriamii
samplesfile: /volumes/output/heuchera_rfolk_na/heuchera_merriamii/Heuchera_merriamii.csv
environmentallayers: /volumes/env/na_2.5min
warnings: false
autorun: true
visible: false
cache: false

getSamples: max memory 12612272128, total allocated 966787072, free 896476432, used 70310640, increment 43654592
Making features
makeFeatures: max memory 12612272128, total allocated 966787072, free 894379280, used 72407792, increment 2097152
Heuchera_merriamii: 
Regularization values: linear/quadratic/product: 0.244, categorical: 0.250, threshold: 1.680, hinge: 0.500
32 samples
Density: max memory 12612272128, total allocated 966787072, free 891231504, used 75555568, increment 3147776
linearPredictor: max memory 12612272128, total allocated 966787072, free 891231504, used 75555568, increment 0
FeaturedSpace: max memory 12612272128, total allocated 966787072, free 891231504, used 75555568, increment 0
Sequential: max memory 12612272128, total allocated 966787072, free 891231504, used 75555568, increment 0
Initial loss: 7.644919344958857
380: time = 0.553000 loss = 6.479867
Resulting gain: 1.165051911112239
Time since start: 6.35
Projecting...
Writing file /volumes/output/heuchera_rfolk_na/heuchera_merriamii/Heuchera_merriamii.asc
Time since start: 11.117
Writing /volumes/output/heuchera_rfolk_na/heuchera_merriamii/plots/Heuchera_merriamii.png
Ending
