Mon Oct 31 19:34:34 GMT 2022
MaxEnt version 3.4.4
Checking header of /volumes/env/na_2.5min/BIOCLIM_1.asc
Checking header of /volumes/env/na_2.5min/BIOCLIM_12.asc
Checking header of /volumes/env/na_2.5min/BIOCLIM_17.asc
Checking header of /volumes/env/na_2.5min/BIOCLIM_7.asc
Checking header of /volumes/env/na_2.5min/GTOPO30_ELEVATION.asc
Checking header of /volumes/env/na_2.5min/GTOPO30_SLOPE_reduced.asc
Checking header of /volumes/env/na_2.5min/ISRICSOILGRIDS_new_average_coarsefragmentpercent_reduced.asc
Checking header of /volumes/env/na_2.5min/ISRICSOILGRIDS_new_average_phx10percent_reduced.asc
Checking header of /volumes/env/na_2.5min/ISRICSOILGRIDS_new_average_sandpercent_reduced.asc
Checking header of /volumes/env/na_2.5min/ISRICSOILGRIDS_new_average_soilorganiccarboncontent_reduced.asc
Checking header of /volumes/env/na_2.5min/LandCover_1_Needleleaf.asc
Checking header of /volumes/env/na_2.5min/LandCover_6_Herbaceous.asc
Checking header of /volumes/env/na_2.5min/mask.asc
Reading samples from Heuchera_parvifolia.csv
Read samples: max memory 32178700288, total allocated 2118123520, free 2088030208, used 30093312, increment 30093312
Extractor: max memory 32178700288, total allocated 2118123520, free 2073348096, used 44775424, increment 14682112
Extracting random background and sample data
Warning: Sample at -110.6958, 43.9596 in Heuchera_parvifolia.csv is missing some environmental data (e.g. ISRICSOILGRIDS_new_average_coarsefragmentpercent_reduced)
Warning: Skipping sample at -110.6958, 43.9596
Warning: Sample at -110.6031, 43.8451 in Heuchera_parvifolia.csv is missing some environmental data (e.g. ISRICSOILGRIDS_new_average_coarsefragmentpercent_reduced)
Warning: Skipping sample at -110.6031, 43.8451
Time since start: 2.561
1219428 points with values for all grids
Adding samples to background in feature space
Command line used:  samplesfile=/volumes/output/heuchera_rfolk_sdm/heuchera_parvifolia/Heuchera_parvifolia.csv -e /volumes/env/na_2.5min -o /volumes/output/heuchera_rfolk_sdm/heuchera_parvifolia nowarnings nocache autorun -z togglelayertype=mask
Command line to repeat: java density.MaxEnt nowarnings noprefixes outputdirectory=/volumes/output/heuchera_rfolk_sdm/heuchera_parvifolia samplesfile=/volumes/output/heuchera_rfolk_sdm/heuchera_parvifolia/Heuchera_parvifolia.csv environmentallayers=/volumes/env/na_2.5min nowarnings autorun novisible nocache -t mask
Species: Heuchera_parvifolia
Layers: BIOCLIM_1 BIOCLIM_12 BIOCLIM_17 BIOCLIM_7 GTOPO30_ELEVATION GTOPO30_SLOPE_reduced ISRICSOILGRIDS_new_average_coarsefragmentpercent_reduced ISRICSOILGRIDS_new_average_phx10percent_reduced ISRICSOILGRIDS_new_average_sandpercent_reduced ISRICSOILGRIDS_new_average_soilorganiccarboncontent_reduced LandCover_1_Needleleaf LandCover_6_Herbaceous mask
Layertypes: Continuous Continuous Continuous Continuous Continuous Continuous Continuous Continuous Continuous Continuous Continuous Continuous Categorical
outputdirectory: /volumes/output/heuchera_rfolk_sdm/heuchera_parvifolia
samplesfile: /volumes/output/heuchera_rfolk_sdm/heuchera_parvifolia/Heuchera_parvifolia.csv
environmentallayers: /volumes/env/na_2.5min
warnings: false
autorun: true
visible: false
cache: false

getSamples: max memory 32178700288, total allocated 2118123520, free 1727040480, used 391083040, increment 346307616
Making features
makeFeatures: max memory 32178700288, total allocated 2118123520, free 1719130872, used 398992648, increment 7909608
Heuchera_parvifolia: 
Regularization values: linear/quadratic/product: 0.050, categorical: 0.250, threshold: 1.000, hinge: 0.500
1116 samples
Density: max memory 32178700288, total allocated 2118123520, free 1703972744, used 414150776, increment 15158128
linearPredictor: max memory 32178700288, total allocated 2118123520, free 1703972744, used 414150776, increment 0
Deactivating (mask=-9999.0)
FeaturedSpace: max memory 32178700288, total allocated 2118123520, free 1703972744, used 414150776, increment 0
Sequential: max memory 32178700288, total allocated 2118123520, free 1703972744, used 414150776, increment 0
Initial loss: 9.31533081916712
Time since start: 3.831
380: time = 0.964000 loss = 7.394603
Resulting gain: 1.9207278267958658
Projecting...
Writing file /volumes/output/heuchera_rfolk_sdm/heuchera_parvifolia/Heuchera_parvifolia.asc
Time since start: 8.461
Writing /volumes/output/heuchera_rfolk_sdm/heuchera_parvifolia/plots/Heuchera_parvifolia.png
Ending
