Mon Oct 31 19:36:22 GMT 2022
MaxEnt version 3.4.4
Checking header of /volumes/env/na_2.5min/BIOCLIM_1.asc
Checking header of /volumes/env/na_2.5min/BIOCLIM_12.asc
Checking header of /volumes/env/na_2.5min/BIOCLIM_17.asc
Checking header of /volumes/env/na_2.5min/BIOCLIM_7.asc
Checking header of /volumes/env/na_2.5min/GTOPO30_ELEVATION.asc
Checking header of /volumes/env/na_2.5min/GTOPO30_SLOPE_reduced.asc
Checking header of /volumes/env/na_2.5min/ISRICSOILGRIDS_new_average_coarsefragmentpercent_reduced.asc
Checking header of /volumes/env/na_2.5min/ISRICSOILGRIDS_new_average_phx10percent_reduced.asc
Checking header of /volumes/env/na_2.5min/ISRICSOILGRIDS_new_average_sandpercent_reduced.asc
Checking header of /volumes/env/na_2.5min/ISRICSOILGRIDS_new_average_soilorganiccarboncontent_reduced.asc
Checking header of /volumes/env/na_2.5min/LandCover_1_Needleleaf.asc
Checking header of /volumes/env/na_2.5min/LandCover_6_Herbaceous.asc
Checking header of /volumes/env/na_2.5min/mask.asc
Reading samples from Heuchera_parviflora.csv
Read samples: max memory 32178700288, total allocated 2118123520, free 2094317576, used 23805944, increment 23805944
Extractor: max memory 32178700288, total allocated 2118123520, free 2088030208, used 30093312, increment 6287368
Extracting random background and sample data
Time since start: 2.501
1219428 points with values for all grids
Adding samples to background in feature space
Command line used:  samplesfile=/volumes/output/heuchera_rfolk_sdm/heuchera_parviflora/Heuchera_parviflora.csv -e /volumes/env/na_2.5min -o /volumes/output/heuchera_rfolk_sdm/heuchera_parviflora nowarnings nocache autorun -z togglelayertype=mask
Command line to repeat: java density.MaxEnt nowarnings noprefixes outputdirectory=/volumes/output/heuchera_rfolk_sdm/heuchera_parviflora samplesfile=/volumes/output/heuchera_rfolk_sdm/heuchera_parviflora/Heuchera_parviflora.csv environmentallayers=/volumes/env/na_2.5min nowarnings autorun novisible nocache -t mask
Species: Heuchera_parviflora
Layers: BIOCLIM_1 BIOCLIM_12 BIOCLIM_17 BIOCLIM_7 GTOPO30_ELEVATION GTOPO30_SLOPE_reduced ISRICSOILGRIDS_new_average_coarsefragmentpercent_reduced ISRICSOILGRIDS_new_average_phx10percent_reduced ISRICSOILGRIDS_new_average_sandpercent_reduced ISRICSOILGRIDS_new_average_soilorganiccarboncontent_reduced LandCover_1_Needleleaf LandCover_6_Herbaceous mask
Layertypes: Continuous Continuous Continuous Continuous Continuous Continuous Continuous Continuous Continuous Continuous Continuous Continuous Categorical
outputdirectory: /volumes/output/heuchera_rfolk_sdm/heuchera_parviflora
samplesfile: /volumes/output/heuchera_rfolk_sdm/heuchera_parviflora/Heuchera_parviflora.csv
environmentallayers: /volumes/env/na_2.5min
warnings: false
autorun: true
visible: false
cache: false

getSamples: max memory 32178700288, total allocated 2118123520, free 1956212208, used 161911312, increment 131818000
Making features
makeFeatures: max memory 32178700288, total allocated 2118123520, free 1947860256, used 170263264, increment 8351952
Heuchera_parviflora: 
Regularization values: linear/quadratic/product: 0.346, categorical: 0.250, threshold: 1.750, hinge: 0.500
25 samples
Density: max memory 32178700288, total allocated 2118123520, free 1933145584, used 184977936, increment 14714672
linearPredictor: max memory 32178700288, total allocated 2118123520, free 1933145584, used 184977936, increment 0
Deactivating (mask=-9999.0)
FeaturedSpace: max memory 32178700288, total allocated 2118123520, free 1933145584, used 184977936, increment 0
Sequential: max memory 32178700288, total allocated 2118123520, free 1933145584, used 184977936, increment 0
Initial loss: 9.21283725217477
400: time = 0.708000 loss = 4.449535
Resulting gain: 4.7633025119113634
Time since start: 3.61
Projecting...
Writing file /volumes/output/heuchera_rfolk_sdm/heuchera_parviflora/Heuchera_parviflora.asc
Time since start: 7.411
Writing /volumes/output/heuchera_rfolk_sdm/heuchera_parviflora/plots/Heuchera_parviflora.png
Ending
