Mon Oct 31 19:30:29 GMT 2022
MaxEnt version 3.4.4
Checking header of /volumes/env/na_2.5min/BIOCLIM_1.asc
Checking header of /volumes/env/na_2.5min/BIOCLIM_12.asc
Checking header of /volumes/env/na_2.5min/BIOCLIM_17.asc
Checking header of /volumes/env/na_2.5min/BIOCLIM_7.asc
Checking header of /volumes/env/na_2.5min/GTOPO30_ELEVATION.asc
Checking header of /volumes/env/na_2.5min/GTOPO30_SLOPE_reduced.asc
Checking header of /volumes/env/na_2.5min/ISRICSOILGRIDS_new_average_coarsefragmentpercent_reduced.asc
Checking header of /volumes/env/na_2.5min/ISRICSOILGRIDS_new_average_phx10percent_reduced.asc
Checking header of /volumes/env/na_2.5min/ISRICSOILGRIDS_new_average_sandpercent_reduced.asc
Checking header of /volumes/env/na_2.5min/ISRICSOILGRIDS_new_average_soilorganiccarboncontent_reduced.asc
Checking header of /volumes/env/na_2.5min/LandCover_1_Needleleaf.asc
Checking header of /volumes/env/na_2.5min/LandCover_6_Herbaceous.asc
Checking header of /volumes/env/na_2.5min/mask.asc
Reading samples from Heuchera_eastwoodiae.csv
Read samples: max memory 32178700288, total allocated 2118123520, free 2094317576, used 23805944, increment 23805944
Extractor: max memory 32178700288, total allocated 2118123520, free 2088030208, used 30093312, increment 6287368
Extracting random background and sample data
Time since start: 2.521
1219428 points with values for all grids
Adding samples to background in feature space
Command line used:  samplesfile=/volumes/output/heuchera_rfolk_sdm/heuchera_eastwoodiae/Heuchera_eastwoodiae.csv -e /volumes/env/na_2.5min -o /volumes/output/heuchera_rfolk_sdm/heuchera_eastwoodiae nowarnings nocache autorun -z togglelayertype=mask
Command line to repeat: java density.MaxEnt nowarnings noprefixes outputdirectory=/volumes/output/heuchera_rfolk_sdm/heuchera_eastwoodiae samplesfile=/volumes/output/heuchera_rfolk_sdm/heuchera_eastwoodiae/Heuchera_eastwoodiae.csv environmentallayers=/volumes/env/na_2.5min nowarnings autorun novisible nocache -t mask
Species: Heuchera_eastwoodiae
Layers: BIOCLIM_1 BIOCLIM_12 BIOCLIM_17 BIOCLIM_7 GTOPO30_ELEVATION GTOPO30_SLOPE_reduced ISRICSOILGRIDS_new_average_coarsefragmentpercent_reduced ISRICSOILGRIDS_new_average_phx10percent_reduced ISRICSOILGRIDS_new_average_sandpercent_reduced ISRICSOILGRIDS_new_average_soilorganiccarboncontent_reduced LandCover_1_Needleleaf LandCover_6_Herbaceous mask
Layertypes: Continuous Continuous Continuous Continuous Continuous Continuous Continuous Continuous Continuous Continuous Continuous Continuous Categorical
outputdirectory: /volumes/output/heuchera_rfolk_sdm/heuchera_eastwoodiae
samplesfile: /volumes/output/heuchera_rfolk_sdm/heuchera_eastwoodiae/Heuchera_eastwoodiae.csv
environmentallayers: /volumes/env/na_2.5min
warnings: false
autorun: true
visible: false
cache: false

getSamples: max memory 32178700288, total allocated 2118123520, free 1954032904, used 164090616, increment 133997304
Making features
makeFeatures: max memory 32178700288, total allocated 2118123520, free 1945644296, used 172479224, increment 8388608
Heuchera_eastwoodiae: 
Regularization values: linear/quadratic/product: 0.365, categorical: 0.250, threshold: 1.760, hinge: 0.500
24 samples
Density: max memory 32178700288, total allocated 2118123520, free 1935078328, used 183045192, increment 10565968
linearPredictor: max memory 32178700288, total allocated 2118123520, free 1935078328, used 183045192, increment 0
Deactivating (mask=-9999.0)
FeaturedSpace: max memory 32178700288, total allocated 2118123520, free 1935078328, used 183045192, increment 0
Sequential: max memory 32178700288, total allocated 2118123520, free 1935078328, used 183045192, increment 0
Initial loss: 9.212737496575905
100: time = 0.226000 loss = 3.614888
Resulting gain: 5.597849601462099
Projecting...
Writing file /volumes/output/heuchera_rfolk_sdm/heuchera_eastwoodiae/Heuchera_eastwoodiae.asc
Time since start: 6.919
Writing /volumes/output/heuchera_rfolk_sdm/heuchera_eastwoodiae/plots/Heuchera_eastwoodiae.png
Ending
