Thu Dec 22 15:40:04 CST 2022
MaxEnt version 3.4.4
Checking header of /volumes/env/na_2.5min/BIOCLIM_1.asc
Checking header of /volumes/env/na_2.5min/BIOCLIM_12.asc
Checking header of /volumes/env/na_2.5min/BIOCLIM_17.asc
Checking header of /volumes/env/na_2.5min/BIOCLIM_7.asc
Checking header of /volumes/env/na_2.5min/GTOPO30_ELEVATION.asc
Checking header of /volumes/env/na_2.5min/GTOPO30_SLOPE_reduced.asc
Checking header of /volumes/env/na_2.5min/ISRICSOILGRIDS_new_average_coarsefragmentpercent_reduced.asc
Checking header of /volumes/env/na_2.5min/ISRICSOILGRIDS_new_average_phx10percent_reduced.asc
Checking header of /volumes/env/na_2.5min/ISRICSOILGRIDS_new_average_sandpercent_reduced.asc
Checking header of /volumes/env/na_2.5min/ISRICSOILGRIDS_new_average_soilorganiccarboncontent_reduced.asc
Checking header of /volumes/env/na_2.5min/LandCover_1_Needleleaf.asc
Checking header of /volumes/env/na_2.5min/LandCover_6_Herbaceous.asc
Checking header of /volumes/env/na_2.5min/mask.asc
Reading samples from Heuchera_mexicana.csv
Read samples: max memory 12612272128, total allocated 792723456, free 773115904, used 19607552, increment 19607552
Extractor: max memory 12612272128, total allocated 792723456, free 765312408, used 27411048, increment 7803496
Extracting random background and sample data
Time since start: 6.119
44059 points with values for all grids
Adding samples to background in feature space
Command line used:  samplesfile=/volumes/output/heuchera_rfolk_na/heuchera_mexicana/Heuchera_mexicana.csv -e /volumes/env/na_2.5min -o /volumes/output/heuchera_rfolk_na/heuchera_mexicana nowarnings nocache autorun -z togglelayertype=mask
Command line to repeat: java density.MaxEnt nowarnings noprefixes outputdirectory=/volumes/output/heuchera_rfolk_na/heuchera_mexicana samplesfile=/volumes/output/heuchera_rfolk_na/heuchera_mexicana/Heuchera_mexicana.csv environmentallayers=/volumes/env/na_2.5min nowarnings autorun novisible nocache -t mask
Species: Heuchera_mexicana
Layers: BIOCLIM_1 BIOCLIM_12 BIOCLIM_17 BIOCLIM_7 GTOPO30_ELEVATION GTOPO30_SLOPE_reduced ISRICSOILGRIDS_new_average_coarsefragmentpercent_reduced ISRICSOILGRIDS_new_average_phx10percent_reduced ISRICSOILGRIDS_new_average_sandpercent_reduced ISRICSOILGRIDS_new_average_soilorganiccarboncontent_reduced LandCover_1_Needleleaf LandCover_6_Herbaceous mask
Layertypes: Continuous Continuous Continuous Continuous Continuous Continuous Continuous Continuous Continuous Continuous Continuous Continuous Categorical
outputdirectory: /volumes/output/heuchera_rfolk_na/heuchera_mexicana
samplesfile: /volumes/output/heuchera_rfolk_na/heuchera_mexicana/Heuchera_mexicana.csv
environmentallayers: /volumes/env/na_2.5min
warnings: false
autorun: true
visible: false
cache: false

getSamples: max memory 12612272128, total allocated 1142947840, free 813209184, used 329738656, increment 302327608
Making features
makeFeatures: max memory 12612272128, total allocated 1142947840, free 806197520, used 336750320, increment 7011664
Heuchera_mexicana: 
Regularization values: linear/quadratic/product: 0.164, categorical: 0.250, threshold: 1.160, hinge: 0.500
84 samples
Density: max memory 12612272128, total allocated 1142947840, free 794334816, used 348613024, increment 11862704
linearPredictor: max memory 12612272128, total allocated 1142947840, free 794334816, used 348613024, increment 0
FeaturedSpace: max memory 12612272128, total allocated 1142947840, free 794334816, used 348613024, increment 0
Sequential: max memory 12612272128, total allocated 1142947840, free 794334816, used 348613024, increment 0
Initial loss: 9.21632244365373
Time since start: 9.403
500: time = 2.681000 loss = 7.984201
Resulting gain: 1.2321215935004641
Projecting...
Writing file /volumes/output/heuchera_rfolk_na/heuchera_mexicana/Heuchera_mexicana.asc
Time since start: 16.3
Writing /volumes/output/heuchera_rfolk_na/heuchera_mexicana/plots/Heuchera_mexicana.png
Time since start: 17.95
Ending
