Tue Dec 27 15:06:37 CST 2022
MaxEnt version 3.4.4
Checking header of /volumes/env/na_2.5min/BIOCLIM_1.asc
Checking header of /volumes/env/na_2.5min/BIOCLIM_12.asc
Checking header of /volumes/env/na_2.5min/BIOCLIM_17.asc
Checking header of /volumes/env/na_2.5min/BIOCLIM_7.asc
Checking header of /volumes/env/na_2.5min/GTOPO30_ELEVATION.asc
Checking header of /volumes/env/na_2.5min/GTOPO30_SLOPE_reduced.asc
Checking header of /volumes/env/na_2.5min/ISRICSOILGRIDS_new_average_coarsefragmentpercent_reduced.asc
Checking header of /volumes/env/na_2.5min/ISRICSOILGRIDS_new_average_phx10percent_reduced.asc
Checking header of /volumes/env/na_2.5min/ISRICSOILGRIDS_new_average_sandpercent_reduced.asc
Checking header of /volumes/env/na_2.5min/ISRICSOILGRIDS_new_average_soilorganiccarboncontent_reduced.asc
Checking header of /volumes/env/na_2.5min/LandCover_1_Needleleaf.asc
Checking header of /volumes/env/na_2.5min/LandCover_6_Herbaceous.asc
Checking header of /volumes/env/na_2.5min/mask.asc
Reading samples from Heuchera_grossulariifolia.csv
Read samples: max memory 32178700288, total allocated 2118123520, free 2096418816, used 21704704, increment 21704704
Extractor: max memory 32178700288, total allocated 2118123520, free 2088030208, used 30093312, increment 8388608
Extracting random background and sample data
Time since start: 2.125
17069 points with values for all grids
Adding samples to background in feature space
Command line used:  samplesfile=/volumes/output/heuchera_rfolk_2.5min_na/heuchera_grossulariifolia/Heuchera_grossulariifolia.csv -e /volumes/env/na_2.5min -o /volumes/output/heuchera_rfolk_2.5min_na/heuchera_grossulariifolia nowarnings nocache autorun -z togglelayertype=mask
Command line to repeat: java density.MaxEnt nowarnings noprefixes outputdirectory=/volumes/output/heuchera_rfolk_2.5min_na/heuchera_grossulariifolia samplesfile=/volumes/output/heuchera_rfolk_2.5min_na/heuchera_grossulariifolia/Heuchera_grossulariifolia.csv environmentallayers=/volumes/env/na_2.5min nowarnings autorun novisible nocache -t mask
Species: Heuchera_grossulariifolia
Layers: BIOCLIM_1 BIOCLIM_12 BIOCLIM_17 BIOCLIM_7 GTOPO30_ELEVATION GTOPO30_SLOPE_reduced ISRICSOILGRIDS_new_average_coarsefragmentpercent_reduced ISRICSOILGRIDS_new_average_phx10percent_reduced ISRICSOILGRIDS_new_average_sandpercent_reduced ISRICSOILGRIDS_new_average_soilorganiccarboncontent_reduced LandCover_1_Needleleaf LandCover_6_Herbaceous mask
Layertypes: Continuous Continuous Continuous Continuous Continuous Continuous Continuous Continuous Continuous Continuous Continuous Continuous Categorical
outputdirectory: /volumes/output/heuchera_rfolk_2.5min_na/heuchera_grossulariifolia
samplesfile: /volumes/output/heuchera_rfolk_2.5min_na/heuchera_grossulariifolia/Heuchera_grossulariifolia.csv
environmentallayers: /volumes/env/na_2.5min
warnings: false
autorun: true
visible: false
cache: false

getSamples: max memory 32178700288, total allocated 2118123520, free 1962442488, used 155681032, increment 125587720
Making features
makeFeatures: max memory 32178700288, total allocated 2118123520, free 1956582632, used 161540888, increment 5859856
Heuchera_grossulariifolia: 
Regularization values: linear/quadratic/product: 0.144, categorical: 0.250, threshold: 1.330, hinge: 0.500
67 samples
Density: max memory 32178700288, total allocated 2118123520, free 1943568120, used 174555400, increment 13014512
linearPredictor: max memory 32178700288, total allocated 2118123520, free 1943568120, used 174555400, increment 0
FeaturedSpace: max memory 32178700288, total allocated 2118123520, free 1943568120, used 174555400, increment 0
Sequential: max memory 32178700288, total allocated 2118123520, free 1943568120, used 174555400, increment 0
Initial loss: 9.213535262872702
Time since start: 3.209
500: time = 0.866000 loss = 8.308787
Resulting gain: 0.904748108334644
Projecting...
Writing file /volumes/output/heuchera_rfolk_2.5min_na/heuchera_grossulariifolia/Heuchera_grossulariifolia.asc
Time since start: 6.078
Writing /volumes/output/heuchera_rfolk_2.5min_na/heuchera_grossulariifolia/plots/Heuchera_grossulariifolia.png
Ending
