Tue Dec 27 14:27:02 CST 2022
MaxEnt version 3.4.4
Checking header of /volumes/env/biotaphy_5min_global/ISRICSOILGRIDS_new_average_phx10percent_reduced.asc
Checking header of /volumes/env/biotaphy_5min_global/mask.asc
Reading samples from Tolmiea_menziesii.csv
Read samples: max memory 32178700288, total allocated 2118123520, free 2100613120, used 17510400, increment 17510400
Extractor: max memory 32178700288, total allocated 2118123520, free 2096418816, used 21704704, increment 4194304
Extracting random background and sample data
Warning: Sample at -123.2208333, 49.27916667 in Tolmiea_menziesii.csv is missing some environmental data (e.g. ISRICSOILGRIDS_new_average_phx10percent_reduced)
Warning: Skipping sample at -123.2208333, 49.27916667
Warning: Sample at -122.8708333, 49.02916667 in Tolmiea_menziesii.csv is missing some environmental data (e.g. ISRICSOILGRIDS_new_average_phx10percent_reduced)
Warning: Skipping sample at -122.8708333, 49.02916667
Warning: Sample at -123.0041667, 49.00416667 in Tolmiea_menziesii.csv is missing some environmental data (e.g. ISRICSOILGRIDS_new_average_phx10percent_reduced)
Warning: Skipping sample at -123.0041667, 49.00416667
Warning: Sample at -122.3791667, 47.8125 in Tolmiea_menziesii.csv is missing some environmental data (e.g. ISRICSOILGRIDS_new_average_phx10percent_reduced)
Warning: Skipping sample at -122.3791667, 47.8125
Warning: Sample at -122.5208333, 47.62916667 in Tolmiea_menziesii.csv is missing some environmental data (e.g. ISRICSOILGRIDS_new_average_phx10percent_reduced)
Warning: Skipping sample at -122.5208333, 47.62916667
Warning: Sample at -123.9625, 45.77083333 in Tolmiea_menziesii.csv is missing some environmental data (e.g. ISRICSOILGRIDS_new_average_phx10percent_reduced)
Warning: Skipping sample at -123.9625, 45.77083333
Time since start: 1.022
6042 points with values for all grids
Adding samples to background in feature space
Command line used:  samplesfile=/volumes/output/heuchera_rfolk_5min_global/tolmiea_menziesii/Tolmiea_menziesii.csv -e /volumes/env/biotaphy_5min_global -o /volumes/output/heuchera_rfolk_5min_global/tolmiea_menziesii nowarnings nocache autorun -z togglelayertype=mask
Command line to repeat: java density.MaxEnt nowarnings noprefixes outputdirectory=/volumes/output/heuchera_rfolk_5min_global/tolmiea_menziesii samplesfile=/volumes/output/heuchera_rfolk_5min_global/tolmiea_menziesii/Tolmiea_menziesii.csv environmentallayers=/volumes/env/biotaphy_5min_global nowarnings autorun novisible nocache -t mask
Species: Tolmiea_menziesii
Layers: ISRICSOILGRIDS_new_average_phx10percent_reduced mask
Layertypes: Continuous Categorical
outputdirectory: /volumes/output/heuchera_rfolk_5min_global/tolmiea_menziesii
samplesfile: /volumes/output/heuchera_rfolk_5min_global/tolmiea_menziesii/Tolmiea_menziesii.csv
environmentallayers: /volumes/env/biotaphy_5min_global
warnings: false
autorun: true
visible: false
cache: false

getSamples: max memory 32178700288, total allocated 2118123520, free 919947104, used 1198176416, increment 1176471712
Making features
makeFeatures: max memory 32178700288, total allocated 2118123520, free 917847904, used 1200275616, increment 2099200
Tolmiea_menziesii: 
Regularization values: linear/quadratic/product: 0.050, categorical: 0.250, threshold: 1.000, hinge: 0.500
164 samples
Density: max memory 32178700288, total allocated 2118123520, free 917847904, used 1200275616, increment 0
linearPredictor: max memory 32178700288, total allocated 2118123520, free 917847904, used 1200275616, increment 0
FeaturedSpace: max memory 32178700288, total allocated 2118123520, free 917847904, used 1200275616, increment 0
Sequential: max memory 32178700288, total allocated 2118123520, free 917847904, used 1200275616, increment 0
Initial loss: 8.706490361946617
80: time = 0.068000 loss = 8.688188
Resulting gain: 0.018302250648947194
Projecting...
Writing file /volumes/output/heuchera_rfolk_5min_global/tolmiea_menziesii/Tolmiea_menziesii.asc
Time since start: 2.885
Writing /volumes/output/heuchera_rfolk_5min_global/tolmiea_menziesii/plots/Tolmiea_menziesii.png
Ending
