Mon Oct 31 19:32:48 GMT 2022
MaxEnt version 3.4.4
Checking header of /volumes/env/na_2.5min/BIOCLIM_1.asc
Checking header of /volumes/env/na_2.5min/BIOCLIM_12.asc
Checking header of /volumes/env/na_2.5min/BIOCLIM_17.asc
Checking header of /volumes/env/na_2.5min/BIOCLIM_7.asc
Checking header of /volumes/env/na_2.5min/GTOPO30_ELEVATION.asc
Checking header of /volumes/env/na_2.5min/GTOPO30_SLOPE_reduced.asc
Checking header of /volumes/env/na_2.5min/ISRICSOILGRIDS_new_average_coarsefragmentpercent_reduced.asc
Checking header of /volumes/env/na_2.5min/ISRICSOILGRIDS_new_average_phx10percent_reduced.asc
Checking header of /volumes/env/na_2.5min/ISRICSOILGRIDS_new_average_sandpercent_reduced.asc
Checking header of /volumes/env/na_2.5min/ISRICSOILGRIDS_new_average_soilorganiccarboncontent_reduced.asc
Checking header of /volumes/env/na_2.5min/LandCover_1_Needleleaf.asc
Checking header of /volumes/env/na_2.5min/LandCover_6_Herbaceous.asc
Checking header of /volumes/env/na_2.5min/mask.asc
Reading samples from Heuchera_pubescens.csv
Read samples: max memory 32178700288, total allocated 2118123520, free 2094319616, used 23803904, increment 23803904
Extractor: max memory 32178700288, total allocated 2118123520, free 2088030208, used 30093312, increment 6289408
Extracting random background and sample data
Time since start: 2.534
1219428 points with values for all grids
Adding samples to background in feature space
Command line used:  samplesfile=/volumes/output/heuchera_rfolk_sdm/heuchera_pubescens/Heuchera_pubescens.csv -e /volumes/env/na_2.5min -o /volumes/output/heuchera_rfolk_sdm/heuchera_pubescens nowarnings nocache autorun -z togglelayertype=mask
Command line to repeat: java density.MaxEnt nowarnings noprefixes outputdirectory=/volumes/output/heuchera_rfolk_sdm/heuchera_pubescens samplesfile=/volumes/output/heuchera_rfolk_sdm/heuchera_pubescens/Heuchera_pubescens.csv environmentallayers=/volumes/env/na_2.5min nowarnings autorun novisible nocache -t mask
Species: Heuchera_pubescens
Layers: BIOCLIM_1 BIOCLIM_12 BIOCLIM_17 BIOCLIM_7 GTOPO30_ELEVATION GTOPO30_SLOPE_reduced ISRICSOILGRIDS_new_average_coarsefragmentpercent_reduced ISRICSOILGRIDS_new_average_phx10percent_reduced ISRICSOILGRIDS_new_average_sandpercent_reduced ISRICSOILGRIDS_new_average_soilorganiccarboncontent_reduced LandCover_1_Needleleaf LandCover_6_Herbaceous mask
Layertypes: Continuous Continuous Continuous Continuous Continuous Continuous Continuous Continuous Continuous Continuous Continuous Continuous Categorical
outputdirectory: /volumes/output/heuchera_rfolk_sdm/heuchera_pubescens
samplesfile: /volumes/output/heuchera_rfolk_sdm/heuchera_pubescens/Heuchera_pubescens.csv
environmentallayers: /volumes/env/na_2.5min
warnings: false
autorun: true
visible: false
cache: false

getSamples: max memory 32178700288, total allocated 2118123520, free 1954112496, used 164011024, increment 133917712
Making features
makeFeatures: max memory 32178700288, total allocated 2118123520, free 1947429264, used 170694256, increment 6683232
Heuchera_pubescens: 
Regularization values: linear/quadratic/product: 0.239, categorical: 0.250, threshold: 1.660, hinge: 0.500
34 samples
Density: max memory 32178700288, total allocated 2118123520, free 1933140976, used 184982544, increment 14288288
linearPredictor: max memory 32178700288, total allocated 2118123520, free 1933140976, used 184982544, increment 0
Deactivating (mask=-9999.0)
FeaturedSpace: max memory 32178700288, total allocated 2118123520, free 1933140976, used 184982544, increment 0
Sequential: max memory 32178700288, total allocated 2118123520, free 1933140976, used 184982544, increment 0
Initial loss: 9.213734605044198
260: time = 0.532000 loss = 4.711050
Resulting gain: 4.502684963194926
Projecting...
Writing file /volumes/output/heuchera_rfolk_sdm/heuchera_pubescens/Heuchera_pubescens.asc
Time since start: 7.394
Writing /volumes/output/heuchera_rfolk_sdm/heuchera_pubescens/plots/Heuchera_pubescens.png
Ending
