Mon Oct 24 19:50:47 GMT 2022
MaxEnt version 3.4.4
Checking header of /volumes/env/na_2.5min/BIOCLIM_1.asc
Checking header of /volumes/env/na_2.5min/BIOCLIM_10.asc
Checking header of /volumes/env/na_2.5min/BIOCLIM_17.asc
Checking header of /volumes/env/na_2.5min/BIOCLIM_18.asc
Checking header of /volumes/env/na_2.5min/BIOCLIM_19.asc
Checking header of /volumes/env/na_2.5min/BIOCLIM_6.asc
Checking header of /volumes/env/na_2.5min/BIOCLIM_8.asc
Checking header of /volumes/env/na_2.5min/GTOPO30_ASPECT_reduced.asc
Checking header of /volumes/env/na_2.5min/GTOPO30_ELEVATION.asc
Checking header of /volumes/env/na_2.5min/GTOPO30_SLOPE_reduced.asc
Checking header of /volumes/env/na_2.5min/ISRICSOILGRIDS_new_average_coarsefragmentpercent_reduced.asc
Checking header of /volumes/env/na_2.5min/ISRICSOILGRIDS_new_average_siltpercent_reduced.asc
Checking header of /volumes/env/na_2.5min/ISRICSOILGRIDS_new_average_soilorganiccarboncontent_reduced.asc
Checking header of /volumes/env/na_2.5min/LandCover_4_Mixedtrees.asc
Checking header of /volumes/env/na_2.5min/LandCover_5_Shrubs.asc
Checking header of /volumes/env/na_2.5min/mask.asc
Reading samples from Heuchera_grossulariifolia.csv
Read samples: max memory 32178700288, total allocated 2118123520, free 2096418816, used 21704704, increment 21704704
Extractor: max memory 32178700288, total allocated 2118123520, free 2088030208, used 30093312, increment 8388608
Extracting random background and sample data
Warning: Sample at -115.36475, 47.67363 in Heuchera_grossulariifolia.csv is missing some environmental data (e.g. ISRICSOILGRIDS_new_average_siltpercent_reduced)
Warning: Skipping sample at -115.36475, 47.67363
Warning: Sample at -115.10851, 47.55826 in Heuchera_grossulariifolia.csv is missing some environmental data (e.g. ISRICSOILGRIDS_new_average_siltpercent_reduced)
Warning: Skipping sample at -115.10851, 47.55826
Warning: Sample at -116.05016, 47.53761 in Heuchera_grossulariifolia.csv is missing some environmental data (e.g. ISRICSOILGRIDS_new_average_siltpercent_reduced)
Warning: Skipping sample at -116.05016, 47.53761
Warning: Sample at -115.72846, 47.51159 in Heuchera_grossulariifolia.csv is missing some environmental data (e.g. ISRICSOILGRIDS_new_average_siltpercent_reduced)
Warning: Skipping sample at -115.72846, 47.51159
Warning: Sample at -115.76482, 47.37745 in Heuchera_grossulariifolia.csv is missing some environmental data (e.g. ISRICSOILGRIDS_new_average_siltpercent_reduced)
Warning: Skipping sample at -115.76482, 47.37745
Warning: Sample at -115.95471, 47.01045 in Heuchera_grossulariifolia.csv is missing some environmental data (e.g. ISRICSOILGRIDS_new_average_siltpercent_reduced)
Warning: Skipping sample at -115.95471, 47.01045
Warning: Sample at -115.91225, 47.01033 in Heuchera_grossulariifolia.csv is missing some environmental data (e.g. ISRICSOILGRIDS_new_average_siltpercent_reduced)
Warning: Skipping sample at -115.91225, 47.01033
Warning: Sample at -116.52896, 46.50861 in Heuchera_grossulariifolia.csv is missing some environmental data (e.g. ISRICSOILGRIDS_new_average_siltpercent_reduced)
Warning: Skipping sample at -116.52896, 46.50861
Warning: Sample at -113.73225, 46.51036 in Heuchera_grossulariifolia.csv is missing some environmental data (e.g. ISRICSOILGRIDS_new_average_siltpercent_reduced)
Warning: Skipping sample at -113.73225, 46.51036
Warning: Sample at -116.78448, 46.45598 in Heuchera_grossulariifolia.csv is missing some environmental data (e.g. ISRICSOILGRIDS_new_average_siltpercent_reduced)
Warning: Skipping sample at -116.78448, 46.45598
Warning: Sample at -115.51111, 46.44611 in Heuchera_grossulariifolia.csv is missing some environmental data (e.g. ISRICSOILGRIDS_new_average_siltpercent_reduced)
Warning: Skipping sample at -115.51111, 46.44611
Warning: Sample at -116.25417, 46.40705 in Heuchera_grossulariifolia.csv is missing some environmental data (e.g. ISRICSOILGRIDS_new_average_siltpercent_reduced)
Warning: Skipping sample at -116.25417, 46.40705
Warning: Sample at -113.82658, 46.2874 in Heuchera_grossulariifolia.csv is missing some environmental data (e.g. ISRICSOILGRIDS_new_average_siltpercent_reduced)
Warning: Skipping sample at -113.82658, 46.2874
Warning: Sample at -115.42532, 46.08229 in Heuchera_grossulariifolia.csv is missing some environmental data (e.g. ISRICSOILGRIDS_new_average_siltpercent_reduced)
Warning: Skipping sample at -115.42532, 46.08229
Warning: Sample at -115.30654, 46.05175 in Heuchera_grossulariifolia.csv is missing some environmental data (e.g. ISRICSOILGRIDS_new_average_siltpercent_reduced)
Warning: Skipping sample at -115.30654, 46.05175
Warning: Sample at -115.89, 46.0225 in Heuchera_grossulariifolia.csv is missing some environmental data (e.g. ISRICSOILGRIDS_new_average_siltpercent_reduced)
Warning: Skipping sample at -115.89, 46.0225
Warning: Sample at -115.06111, 45.91278 in Heuchera_grossulariifolia.csv is missing some environmental data (e.g. ISRICSOILGRIDS_new_average_siltpercent_reduced)
Warning: Skipping sample at -115.06111, 45.91278
Warning: Sample at -116.30163, 45.8621 in Heuchera_grossulariifolia.csv is missing some environmental data (e.g. ISRICSOILGRIDS_new_average_siltpercent_reduced)
Warning: Skipping sample at -116.30163, 45.8621
Warning: Sample at -116.54248, 45.7473 in Heuchera_grossulariifolia.csv is missing some environmental data (e.g. ISRICSOILGRIDS_new_average_siltpercent_reduced)
Warning: Skipping sample at -116.54248, 45.7473
Warning: Sample at -121.4383, 45.7056 in Heuchera_grossulariifolia.csv is missing some environmental data (e.g. ISRICSOILGRIDS_new_average_siltpercent_reduced)
Warning: Skipping sample at -121.4383, 45.7056
Warning: Sample at -121.3961, 45.6836 in Heuchera_grossulariifolia.csv is missing some environmental data (e.g. ISRICSOILGRIDS_new_average_siltpercent_reduced)
Warning: Skipping sample at -121.3961, 45.6836
Warning: Sample at -121.3033, 45.6836 in Heuchera_grossulariifolia.csv is missing some environmental data (e.g. ISRICSOILGRIDS_new_average_siltpercent_reduced)
Warning: Skipping sample at -121.3033, 45.6836
Warning: Sample at -115.68911, 45.60308 in Heuchera_grossulariifolia.csv is missing some environmental data (e.g. ISRICSOILGRIDS_new_average_siltpercent_reduced)
Warning: Skipping sample at -115.68911, 45.60308
Warning: Sample at -115.7, 45.62056 in Heuchera_grossulariifolia.csv is missing some environmental data (e.g. ISRICSOILGRIDS_new_average_siltpercent_reduced)
Warning: Skipping sample at -115.7, 45.62056
Warning: Sample at -116.9361, 45.5594 in Heuchera_grossulariifolia.csv is missing some environmental data (e.g. ISRICSOILGRIDS_new_average_siltpercent_reduced)
Warning: Skipping sample at -116.9361, 45.5594
Warning: Sample at -115.93128, 45.48197 in Heuchera_grossulariifolia.csv is missing some environmental data (e.g. ISRICSOILGRIDS_new_average_siltpercent_reduced)
Warning: Skipping sample at -115.93128, 45.48197
Warning: Sample at -115.28194, 45.46833 in Heuchera_grossulariifolia.csv is missing some environmental data (e.g. ISRICSOILGRIDS_new_average_siltpercent_reduced)
Warning: Skipping sample at -115.28194, 45.46833
Warning: Sample at -115.73096, 45.43318 in Heuchera_grossulariifolia.csv is missing some environmental data (e.g. ISRICSOILGRIDS_new_average_siltpercent_reduced)
Warning: Skipping sample at -115.73096, 45.43318
Warning: Sample at -114.02127, 45.40841 in Heuchera_grossulariifolia.csv is missing some environmental data (e.g. ISRICSOILGRIDS_new_average_siltpercent_reduced)
Warning: Skipping sample at -114.02127, 45.40841
Warning: Sample at -116.34242, 45.34379 in Heuchera_grossulariifolia.csv is missing some environmental data (e.g. ISRICSOILGRIDS_new_average_siltpercent_reduced)
Warning: Skipping sample at -116.34242, 45.34379
Warning: Sample at -116.675, 45.313 in Heuchera_grossulariifolia.csv is missing some environmental data (e.g. ISRICSOILGRIDS_new_average_siltpercent_reduced)
Warning: Skipping sample at -116.675, 45.313
Warning: Sample at -116.6891, 45.3167 in Heuchera_grossulariifolia.csv is missing some environmental data (e.g. ISRICSOILGRIDS_new_average_siltpercent_reduced)
Warning: Skipping sample at -116.6891, 45.3167
Warning: Sample at -116.31508, 45.21459 in Heuchera_grossulariifolia.csv is missing some environmental data (e.g. ISRICSOILGRIDS_new_average_siltpercent_reduced)
Warning: Skipping sample at -116.31508, 45.21459
Warning: Sample at -116.31184, 45.20606 in Heuchera_grossulariifolia.csv is missing some environmental data (e.g. ISRICSOILGRIDS_new_average_siltpercent_reduced)
Warning: Skipping sample at -116.31184, 45.20606
Warning: Sample at -116.76373, 45.10892 in Heuchera_grossulariifolia.csv is missing some environmental data (e.g. ISRICSOILGRIDS_new_average_siltpercent_reduced)
Warning: Skipping sample at -116.76373, 45.10892
Warning: Sample at -116.78396, 45.05684 in Heuchera_grossulariifolia.csv is missing some environmental data (e.g. ISRICSOILGRIDS_new_average_siltpercent_reduced)
Warning: Skipping sample at -116.78396, 45.05684
Warning: Sample at -117.0757, 45.0083 in Heuchera_grossulariifolia.csv is missing some environmental data (e.g. ISRICSOILGRIDS_new_average_siltpercent_reduced)
Warning: Skipping sample at -117.0757, 45.0083
Warning: Sample at -113.895, 45.03102 in Heuchera_grossulariifolia.csv is missing some environmental data (e.g. ISRICSOILGRIDS_new_average_siltpercent_reduced)
Warning: Skipping sample at -113.895, 45.03102
Warning: Sample at -115.19771, 44.96488 in Heuchera_grossulariifolia.csv is missing some environmental data (e.g. ISRICSOILGRIDS_new_average_siltpercent_reduced)
Warning: Skipping sample at -115.19771, 44.96488
Warning: Sample at -116.04056, 44.90361 in Heuchera_grossulariifolia.csv is missing some environmental data (e.g. ISRICSOILGRIDS_new_average_siltpercent_reduced)
Warning: Skipping sample at -116.04056, 44.90361
Warning: Sample at -113.97934, 44.88008 in Heuchera_grossulariifolia.csv is missing some environmental data (e.g. ISRICSOILGRIDS_new_average_siltpercent_reduced)
Warning: Skipping sample at -113.97934, 44.88008
Warning: Sample at -114.90653, 44.83032 in Heuchera_grossulariifolia.csv is missing some environmental data (e.g. ISRICSOILGRIDS_new_average_siltpercent_reduced)
Warning: Skipping sample at -114.90653, 44.83032
Warning: Sample at -114.80056, 44.79278 in Heuchera_grossulariifolia.csv is missing some environmental data (e.g. ISRICSOILGRIDS_new_average_siltpercent_reduced)
Warning: Skipping sample at -114.80056, 44.79278
Warning: Sample at -115.83667, 44.67194 in Heuchera_grossulariifolia.csv is missing some environmental data (e.g. ISRICSOILGRIDS_new_average_siltpercent_reduced)
Warning: Skipping sample at -115.83667, 44.67194
Warning: Sample at -114.22625, 44.66077 in Heuchera_grossulariifolia.csv is missing some environmental data (e.g. ISRICSOILGRIDS_new_average_siltpercent_reduced)
Warning: Skipping sample at -114.22625, 44.66077
Warning: Sample at -115.84881, 44.59865 in Heuchera_grossulariifolia.csv is missing some environmental data (e.g. ISRICSOILGRIDS_new_average_siltpercent_reduced)
Warning: Skipping sample at -115.84881, 44.59865
Warning: Sample at -117.1562, 44.5445 in Heuchera_grossulariifolia.csv is missing some environmental data (e.g. ISRICSOILGRIDS_new_average_siltpercent_reduced)
Warning: Skipping sample at -117.1562, 44.5445
Warning: Sample at -114.23083, 44.53369 in Heuchera_grossulariifolia.csv is missing some environmental data (e.g. ISRICSOILGRIDS_new_average_siltpercent_reduced)
Warning: Skipping sample at -114.23083, 44.53369
Warning: Sample at -114.53637, 44.49744 in Heuchera_grossulariifolia.csv is missing some environmental data (e.g. ISRICSOILGRIDS_new_average_siltpercent_reduced)
Warning: Skipping sample at -114.53637, 44.49744
Warning: Sample at -114.63665, 44.4139 in Heuchera_grossulariifolia.csv is missing some environmental data (e.g. ISRICSOILGRIDS_new_average_siltpercent_reduced)
Warning: Skipping sample at -114.63665, 44.4139
Warning: Sample at -114.73372, 44.26991 in Heuchera_grossulariifolia.csv is missing some environmental data (e.g. ISRICSOILGRIDS_new_average_siltpercent_reduced)
Warning: Skipping sample at -114.73372, 44.26991
Warning: Sample at -114.945, 44.21139 in Heuchera_grossulariifolia.csv is missing some environmental data (e.g. ISRICSOILGRIDS_new_average_siltpercent_reduced)
Warning: Skipping sample at -114.945, 44.21139
Warning: Sample at -116.09147, 44.09586 in Heuchera_grossulariifolia.csv is missing some environmental data (e.g. ISRICSOILGRIDS_new_average_siltpercent_reduced)
Warning: Skipping sample at -116.09147, 44.09586
Warning: Sample at -115.39793, 44.0834 in Heuchera_grossulariifolia.csv is missing some environmental data (e.g. ISRICSOILGRIDS_new_average_siltpercent_reduced)
Warning: Skipping sample at -115.39793, 44.0834
Warning: Sample at -115.75094, 44.07163 in Heuchera_grossulariifolia.csv is missing some environmental data (e.g. ISRICSOILGRIDS_new_average_siltpercent_reduced)
Warning: Skipping sample at -115.75094, 44.07163
Warning: Sample at -113.45533, 44.01385 in Heuchera_grossulariifolia.csv is missing some environmental data (e.g. ISRICSOILGRIDS_new_average_siltpercent_reduced)
Warning: Skipping sample at -113.45533, 44.01385
Warning: Sample at -114.95556, 43.93833 in Heuchera_grossulariifolia.csv is missing some environmental data (e.g. ISRICSOILGRIDS_new_average_siltpercent_reduced)
Warning: Skipping sample at -114.95556, 43.93833
Warning: Sample at -114.92334, 43.90563 in Heuchera_grossulariifolia.csv is missing some environmental data (e.g. ISRICSOILGRIDS_new_average_siltpercent_reduced)
Warning: Skipping sample at -114.92334, 43.90563
Warning: Sample at -114.90746, 43.8956 in Heuchera_grossulariifolia.csv is missing some environmental data (e.g. ISRICSOILGRIDS_new_average_siltpercent_reduced)
Warning: Skipping sample at -114.90746, 43.8956
Warning: Sample at -115.35811, 43.81863 in Heuchera_grossulariifolia.csv is missing some environmental data (e.g. ISRICSOILGRIDS_new_average_siltpercent_reduced)
Warning: Skipping sample at -115.35811, 43.81863
Warning: Sample at -115.13206, 43.80614 in Heuchera_grossulariifolia.csv is missing some environmental data (e.g. ISRICSOILGRIDS_new_average_siltpercent_reduced)
Warning: Skipping sample at -115.13206, 43.80614
Warning: Sample at -115.19318, 43.78173 in Heuchera_grossulariifolia.csv is missing some environmental data (e.g. ISRICSOILGRIDS_new_average_siltpercent_reduced)
Warning: Skipping sample at -115.19318, 43.78173
Warning: Sample at -113.76389, 43.77167 in Heuchera_grossulariifolia.csv is missing some environmental data (e.g. ISRICSOILGRIDS_new_average_siltpercent_reduced)
Warning: Skipping sample at -113.76389, 43.77167
Warning: Sample at -114.14841, 43.72889 in Heuchera_grossulariifolia.csv is missing some environmental data (e.g. ISRICSOILGRIDS_new_average_siltpercent_reduced)
Warning: Skipping sample at -114.14841, 43.72889
Warning: Sample at -114.67635, 43.69435 in Heuchera_grossulariifolia.csv is missing some environmental data (e.g. ISRICSOILGRIDS_new_average_siltpercent_reduced)
Warning: Skipping sample at -114.67635, 43.69435
Warning: Sample at -116.08333, 43.63333 in Heuchera_grossulariifolia.csv is missing some environmental data (e.g. ISRICSOILGRIDS_new_average_siltpercent_reduced)
Warning: Skipping sample at -116.08333, 43.63333
Warning: Sample at -115.12583, 43.65683 in Heuchera_grossulariifolia.csv is missing some environmental data (e.g. ISRICSOILGRIDS_new_average_siltpercent_reduced)
Warning: Skipping sample at -115.12583, 43.65683
Warning: Sample at -115.45727, 43.60983 in Heuchera_grossulariifolia.csv is missing some environmental data (e.g. ISRICSOILGRIDS_new_average_siltpercent_reduced)
Warning: Skipping sample at -115.45727, 43.60983
Warning: Sample at -115.31439, 43.53049 in Heuchera_grossulariifolia.csv is missing some environmental data (e.g. ISRICSOILGRIDS_new_average_siltpercent_reduced)
Warning: Skipping sample at -115.31439, 43.53049
Time since start: 1.889
0 points with values for all grids
No background points with data in all layers
java.lang.Exception
	at density.Utils.logError(Utils.java:218)
	at density.Utils.popupError(Utils.java:224)
	at density.Runner.popupError(Runner.java:107)
	at density.Runner.start(Runner.java:328)
	at density.MaxEnt.main(MaxEnt.java:59)
Ending
