Tue Dec 27 14:31:57 CST 2022
MaxEnt version 3.4.4
Checking header of /volumes/env/biotaphy_5min_global/ISRICSOILGRIDS_new_average_phx10percent_reduced.asc
Checking header of /volumes/env/biotaphy_5min_global/mask.asc
Reading samples from Heuchera_grossulariifolia.csv
Read samples: max memory 32178700288, total allocated 2118123520, free 2100613120, used 17510400, increment 17510400
Extractor: max memory 32178700288, total allocated 2118123520, free 2098513920, used 19609600, increment 2099200
Extracting random background and sample data
Time since start: 1.028
4277 points with values for all grids
Adding samples to background in feature space
Command line used:  samplesfile=/volumes/output/heuchera_rfolk_5min_global/heuchera_grossulariifolia/Heuchera_grossulariifolia.csv -e /volumes/env/biotaphy_5min_global -o /volumes/output/heuchera_rfolk_5min_global/heuchera_grossulariifolia nowarnings nocache autorun -z togglelayertype=mask
Command line to repeat: java density.MaxEnt nowarnings noprefixes outputdirectory=/volumes/output/heuchera_rfolk_5min_global/heuchera_grossulariifolia samplesfile=/volumes/output/heuchera_rfolk_5min_global/heuchera_grossulariifolia/Heuchera_grossulariifolia.csv environmentallayers=/volumes/env/biotaphy_5min_global nowarnings autorun novisible nocache -t mask
Species: Heuchera_grossulariifolia
Layers: ISRICSOILGRIDS_new_average_phx10percent_reduced mask
Layertypes: Continuous Categorical
outputdirectory: /volumes/output/heuchera_rfolk_5min_global/heuchera_grossulariifolia
samplesfile: /volumes/output/heuchera_rfolk_5min_global/heuchera_grossulariifolia/Heuchera_grossulariifolia.csv
environmentallayers: /volumes/env/biotaphy_5min_global
warnings: false
autorun: true
visible: false
cache: false

getSamples: max memory 32178700288, total allocated 2118123520, free 920166192, used 1197957328, increment 1178347728
Making features
makeFeatures: max memory 32178700288, total allocated 2118123520, free 920166192, used 1197957328, increment 0
Heuchera_grossulariifolia: 
Regularization values: linear/quadratic/product: 0.147, categorical: 0.250, threshold: 1.340, hinge: 0.500
66 samples
Density: max memory 32178700288, total allocated 2118123520, free 918051648, used 1200071872, increment 2114544
linearPredictor: max memory 32178700288, total allocated 2118123520, free 918051648, used 1200071872, increment 0
FeaturedSpace: max memory 32178700288, total allocated 2118123520, free 918051648, used 1200071872, increment 0
Sequential: max memory 32178700288, total allocated 2118123520, free 918051648, used 1200071872, increment 0
Initial loss: 8.361007108226909
80: time = 0.062000 loss = 8.230871
Resulting gain: 0.1301365183515486
Projecting...
Writing file /volumes/output/heuchera_rfolk_5min_global/heuchera_grossulariifolia/Heuchera_grossulariifolia.asc
Time since start: 2.88
Writing /volumes/output/heuchera_rfolk_5min_global/heuchera_grossulariifolia/plots/Heuchera_grossulariifolia.png
Ending
