Wed Dec 28 11:39:45 CST 2022
MaxEnt version 3.4.4
Checking header of /volumes/env/biotaphy_5min_global/ISRICSOILGRIDS_new_average_phx10percent_reduced.asc
Checking header of /volumes/env/biotaphy_5min_global/mask.asc
Reading samples from Peltoboykinia_tellimoides.csv
Read samples: max memory 32178700288, total allocated 2118123520, free 2102708224, used 15415296, increment 15415296
Extractor: max memory 32178700288, total allocated 2118123520, free 2100613120, used 17510400, increment 2095104
Extracting random background and sample data
Time since start: 1.027
563 points with values for all grids
Adding samples to background in feature space
Command line used:  samplesfile=/volumes/output/heuchera_rfolk_5min_global/Peltoboykinia_tellimoides/Peltoboykinia_tellimoides.csv -e /volumes/env/biotaphy_5min_global -o /volumes/output/heuchera_rfolk_5min_global/Peltoboykinia_tellimoides nowarnings nocache autorun -z togglelayertype=mask
Command line to repeat: java density.MaxEnt nowarnings noprefixes outputdirectory=/volumes/output/heuchera_rfolk_5min_global/Peltoboykinia_tellimoides samplesfile=/volumes/output/heuchera_rfolk_5min_global/Peltoboykinia_tellimoides/Peltoboykinia_tellimoides.csv environmentallayers=/volumes/env/biotaphy_5min_global nowarnings autorun novisible nocache -t mask
Species: Peltoboykinia_tellimoides
Layers: ISRICSOILGRIDS_new_average_phx10percent_reduced mask
Layertypes: Continuous Categorical
outputdirectory: /volumes/output/heuchera_rfolk_5min_global/Peltoboykinia_tellimoides
samplesfile: /volumes/output/heuchera_rfolk_5min_global/Peltoboykinia_tellimoides/Peltoboykinia_tellimoides.csv
environmentallayers: /volumes/env/biotaphy_5min_global
warnings: false
autorun: true
visible: false
cache: false

getSamples: max memory 32178700288, total allocated 2118123520, free 922555184, used 1195568336, increment 1178057936
Making features
makeFeatures: max memory 32178700288, total allocated 2118123520, free 922555184, used 1195568336, increment 0
Peltoboykinia_tellimoides: 
Regularization values: linear/quadratic/product: 0.629, categorical: 0.357, threshold: 1.860, hinge: 0.500
14 samples
Density: max memory 32178700288, total allocated 2118123520, free 922555184, used 1195568336, increment 0
linearPredictor: max memory 32178700288, total allocated 2118123520, free 922555184, used 1195568336, increment 0
FeaturedSpace: max memory 32178700288, total allocated 2118123520, free 922555184, used 1195568336, increment 0
Sequential: max memory 32178700288, total allocated 2118123520, free 922555184, used 1195568336, increment 0
Initial loss: 6.333279628139691
60: time = 0.010000 loss = 6.330837
Resulting gain: 0.0024426583641385946
Projecting...
Writing file /volumes/output/heuchera_rfolk_5min_global/Peltoboykinia_tellimoides/Peltoboykinia_tellimoides.asc
Time since start: 2.818
Writing /volumes/output/heuchera_rfolk_5min_global/Peltoboykinia_tellimoides/plots/Peltoboykinia_tellimoides.png
Ending
