Tue Dec 27 15:06:45 CST 2022
MaxEnt version 3.4.4
Checking header of /volumes/env/na_2.5min/BIOCLIM_1.asc
Checking header of /volumes/env/na_2.5min/BIOCLIM_12.asc
Checking header of /volumes/env/na_2.5min/BIOCLIM_17.asc
Checking header of /volumes/env/na_2.5min/BIOCLIM_7.asc
Checking header of /volumes/env/na_2.5min/GTOPO30_ELEVATION.asc
Checking header of /volumes/env/na_2.5min/GTOPO30_SLOPE_reduced.asc
Checking header of /volumes/env/na_2.5min/ISRICSOILGRIDS_new_average_coarsefragmentpercent_reduced.asc
Checking header of /volumes/env/na_2.5min/ISRICSOILGRIDS_new_average_phx10percent_reduced.asc
Checking header of /volumes/env/na_2.5min/ISRICSOILGRIDS_new_average_sandpercent_reduced.asc
Checking header of /volumes/env/na_2.5min/ISRICSOILGRIDS_new_average_soilorganiccarboncontent_reduced.asc
Checking header of /volumes/env/na_2.5min/LandCover_1_Needleleaf.asc
Checking header of /volumes/env/na_2.5min/LandCover_6_Herbaceous.asc
Checking header of /volumes/env/na_2.5min/mask.asc
Reading samples from Heuchera_bracteata.csv
Read samples: max memory 32178700288, total allocated 2118123520, free 2094319616, used 23803904, increment 23803904
Extractor: max memory 32178700288, total allocated 2118123520, free 2085931008, used 32192512, increment 8388608
Extracting random background and sample data
Time since start: 2.107
1878 points with values for all grids
Adding samples to background in feature space
Command line used:  samplesfile=/volumes/output/heuchera_rfolk_2.5min_na/heuchera_bracteata/Heuchera_bracteata.csv -e /volumes/env/na_2.5min -o /volumes/output/heuchera_rfolk_2.5min_na/heuchera_bracteata nowarnings nocache autorun -z togglelayertype=mask
Command line to repeat: java density.MaxEnt nowarnings noprefixes outputdirectory=/volumes/output/heuchera_rfolk_2.5min_na/heuchera_bracteata samplesfile=/volumes/output/heuchera_rfolk_2.5min_na/heuchera_bracteata/Heuchera_bracteata.csv environmentallayers=/volumes/env/na_2.5min nowarnings autorun novisible nocache -t mask
Species: Heuchera_bracteata
Layers: BIOCLIM_1 BIOCLIM_12 BIOCLIM_17 BIOCLIM_7 GTOPO30_ELEVATION GTOPO30_SLOPE_reduced ISRICSOILGRIDS_new_average_coarsefragmentpercent_reduced ISRICSOILGRIDS_new_average_phx10percent_reduced ISRICSOILGRIDS_new_average_sandpercent_reduced ISRICSOILGRIDS_new_average_soilorganiccarboncontent_reduced LandCover_1_Needleleaf LandCover_6_Herbaceous mask
Layertypes: Continuous Continuous Continuous Continuous Continuous Continuous Continuous Continuous Continuous Continuous Continuous Continuous Categorical
outputdirectory: /volumes/output/heuchera_rfolk_2.5min_na/heuchera_bracteata
samplesfile: /volumes/output/heuchera_rfolk_2.5min_na/heuchera_bracteata/Heuchera_bracteata.csv
environmentallayers: /volumes/env/na_2.5min
warnings: false
autorun: true
visible: false
cache: false

getSamples: max memory 32178700288, total allocated 2118123520, free 1966036736, used 152086784, increment 119894272
Making features
makeFeatures: max memory 32178700288, total allocated 2118123520, free 1961829440, used 156294080, increment 4207296
Heuchera_bracteata: 
Regularization values: linear/quadratic/product: 0.181, categorical: 0.250, threshold: 1.460, hinge: 0.500
54 samples
Density: max memory 32178700288, total allocated 2118123520, free 1957648128, used 160475392, increment 4181312
linearPredictor: max memory 32178700288, total allocated 2118123520, free 1957648128, used 160475392, increment 0
FeaturedSpace: max memory 32178700288, total allocated 2118123520, free 1957648128, used 160475392, increment 0
Sequential: max memory 32178700288, total allocated 2118123520, free 1957648128, used 160475392, increment 0
Initial loss: 7.537962659768208
480: time = 0.253000 loss = 6.775145
Resulting gain: 0.7628176721211668
Time since start: 3.175
Projecting...
Writing file /volumes/output/heuchera_rfolk_2.5min_na/heuchera_bracteata/Heuchera_bracteata.asc
Time since start: 5.17
Writing /volumes/output/heuchera_rfolk_2.5min_na/heuchera_bracteata/plots/Heuchera_bracteata.png
Ending
