Thu Dec 22 16:06:43 CST 2022
MaxEnt version 3.4.4
Checking header of /volumes/env/worldclim1.4/alt.mxe
Checking header of /volumes/env/worldclim1.4/alt.mxe
Checking header of /volumes/env/worldclim1.4/bio1.mxe
Checking header of /volumes/env/worldclim1.4/bio1.mxe
Checking header of /volumes/env/worldclim1.4/bio10.mxe
Checking header of /volumes/env/worldclim1.4/bio10.mxe
Checking header of /volumes/env/worldclim1.4/bio11.mxe
Checking header of /volumes/env/worldclim1.4/bio11.mxe
Checking header of /volumes/env/worldclim1.4/bio12.mxe
Checking header of /volumes/env/worldclim1.4/bio12.mxe
Checking header of /volumes/env/worldclim1.4/bio13.mxe
Checking header of /volumes/env/worldclim1.4/bio13.mxe
Checking header of /volumes/env/worldclim1.4/bio14.mxe
Checking header of /volumes/env/worldclim1.4/bio14.mxe
Checking header of /volumes/env/worldclim1.4/bio15.mxe
Checking header of /volumes/env/worldclim1.4/bio15.mxe
Checking header of /volumes/env/worldclim1.4/bio16.mxe
Checking header of /volumes/env/worldclim1.4/bio16.mxe
Checking header of /volumes/env/worldclim1.4/bio17.mxe
Checking header of /volumes/env/worldclim1.4/bio17.mxe
Checking header of /volumes/env/worldclim1.4/bio18.mxe
Checking header of /volumes/env/worldclim1.4/bio18.mxe
Checking header of /volumes/env/worldclim1.4/bio19.mxe
Checking header of /volumes/env/worldclim1.4/bio19.mxe
Checking header of /volumes/env/worldclim1.4/bio2.mxe
Checking header of /volumes/env/worldclim1.4/bio2.mxe
Checking header of /volumes/env/worldclim1.4/bio3.mxe
Checking header of /volumes/env/worldclim1.4/bio3.mxe
Checking header of /volumes/env/worldclim1.4/bio4.mxe
Checking header of /volumes/env/worldclim1.4/bio4.mxe
Checking header of /volumes/env/worldclim1.4/bio5.mxe
Checking header of /volumes/env/worldclim1.4/bio5.mxe
Checking header of /volumes/env/worldclim1.4/bio6.mxe
Checking header of /volumes/env/worldclim1.4/bio6.mxe
Checking header of /volumes/env/worldclim1.4/bio7.mxe
Checking header of /volumes/env/worldclim1.4/bio7.mxe
Checking header of /volumes/env/worldclim1.4/bio8.mxe
Checking header of /volumes/env/worldclim1.4/bio8.mxe
Checking header of /volumes/env/worldclim1.4/bio9.mxe
Checking header of /volumes/env/worldclim1.4/bio9.mxe
Checking header of /volumes/env/worldclim1.4/mask.asc
Reading samples from Mitella_stauropetala.csv
Read samples: max memory 12612272128, total allocated 792723456, free 779976104, used 12747352, increment 12747352
Extractor: max memory 12612272128, total allocated 792723456, free 777886376, used 14837080, increment 2089728
Extracting random background and sample data
Time since start: 2.471
3590 points with values for all grids
Adding samples to background in feature space
Command line used:  samplesfile=/volumes/output/heuchera_rfolk_global/mitella_stauropetala/Mitella_stauropetala.csv -e /volumes/env/worldclim1.4 -o /volumes/output/heuchera_rfolk_global/mitella_stauropetala nowarnings nocache autorun -z togglelayertype=mask
Command line to repeat: java density.MaxEnt nowarnings noprefixes outputdirectory=/volumes/output/heuchera_rfolk_global/mitella_stauropetala samplesfile=/volumes/output/heuchera_rfolk_global/mitella_stauropetala/Mitella_stauropetala.csv environmentallayers=/volumes/env/worldclim1.4 nowarnings autorun novisible nocache -t mask
Species: Mitella_stauropetala
Layers: alt alt bio1 bio1 bio10 bio10 bio11 bio11 bio12 bio12 bio13 bio13 bio14 bio14 bio15 bio15 bio16 bio16 bio17 bio17 bio18 bio18 bio19 bio19 bio2 bio2 bio3 bio3 bio4 bio4 bio5 bio5 bio6 bio6 bio7 bio7 bio8 bio8 bio9 bio9 mask
Layertypes: Continuous Continuous Continuous Continuous Continuous Continuous Continuous Continuous Continuous Continuous Continuous Continuous Continuous Continuous Continuous Continuous Continuous Continuous Continuous Continuous Continuous Continuous Continuous Continuous Continuous Continuous Continuous Continuous Continuous Continuous Continuous Continuous Continuous Continuous Continuous Continuous Continuous Continuous Continuous Continuous Categorical
outputdirectory: /volumes/output/heuchera_rfolk_global/mitella_stauropetala
samplesfile: /volumes/output/heuchera_rfolk_global/mitella_stauropetala/Mitella_stauropetala.csv
environmentallayers: /volumes/env/worldclim1.4
warnings: false
autorun: true
visible: false
cache: false

getSamples: max memory 12612272128, total allocated 792723456, free 477511392, used 315212064, increment 300374984
Making features
makeFeatures: max memory 12612272128, total allocated 792723456, free 452345568, used 340377888, increment 25165824
Mitella_stauropetala: 
Regularization values: linear/quadratic/product: 0.050, categorical: 0.250, threshold: 1.000, hinge: 0.500
102 samples
Density: max memory 12612272128, total allocated 792723456, free 435568352, used 357155104, increment 16777216
linearPredictor: max memory 12612272128, total allocated 792723456, free 435568352, used 357155104, increment 0
FeaturedSpace: max memory 12612272128, total allocated 792723456, free 435568352, used 357155104, increment 0
Sequential: max memory 12612272128, total allocated 792723456, free 435568352, used 357155104, increment 0
Initial loss: 8.185907481482324
Time since start: 8.643
500: time = 5.308000 loss = 7.030270
Resulting gain: 1.1556378433348184
Projecting...
Writing file /volumes/output/heuchera_rfolk_global/mitella_stauropetala/Mitella_stauropetala.asc
Time since start: 10.722
Writing /volumes/output/heuchera_rfolk_global/mitella_stauropetala/plots/Mitella_stauropetala.png
Time since start: 13.381
Ending
