Tue Dec 27 15:07:25 CST 2022
MaxEnt version 3.4.4
Checking header of /volumes/env/na_2.5min/BIOCLIM_1.asc
Checking header of /volumes/env/na_2.5min/BIOCLIM_12.asc
Checking header of /volumes/env/na_2.5min/BIOCLIM_17.asc
Checking header of /volumes/env/na_2.5min/BIOCLIM_7.asc
Checking header of /volumes/env/na_2.5min/GTOPO30_ELEVATION.asc
Checking header of /volumes/env/na_2.5min/GTOPO30_SLOPE_reduced.asc
Checking header of /volumes/env/na_2.5min/ISRICSOILGRIDS_new_average_coarsefragmentpercent_reduced.asc
Checking header of /volumes/env/na_2.5min/ISRICSOILGRIDS_new_average_phx10percent_reduced.asc
Checking header of /volumes/env/na_2.5min/ISRICSOILGRIDS_new_average_sandpercent_reduced.asc
Checking header of /volumes/env/na_2.5min/ISRICSOILGRIDS_new_average_soilorganiccarboncontent_reduced.asc
Checking header of /volumes/env/na_2.5min/LandCover_1_Needleleaf.asc
Checking header of /volumes/env/na_2.5min/LandCover_6_Herbaceous.asc
Checking header of /volumes/env/na_2.5min/mask.asc
Reading samples from Heuchera_maxima.csv
Read samples: max memory 32178700288, total allocated 2118123520, free 2098513920, used 19609600, increment 19609600
Extractor: max memory 32178700288, total allocated 2118123520, free 2090107344, used 28016176, increment 8406576
Extracting random background and sample data
Warning: Sample at -119.5676, 34.046 in Heuchera_maxima.csv is missing some environmental data (e.g. BIOCLIM_1)
Warning: Skipping sample at -119.5676, 34.046
Warning: Sample at -120.0942, 34.0107 in Heuchera_maxima.csv is missing some environmental data (e.g. GTOPO30_SLOPE_reduced)
Warning: Skipping sample at -120.0942, 34.0107
Warning: Sample at -120.0885, 34.001 in Heuchera_maxima.csv is missing some environmental data (e.g. GTOPO30_SLOPE_reduced)
Warning: Skipping sample at -120.0885, 34.001
Warning: Sample at -119.998, 33.969 in Heuchera_maxima.csv is missing some environmental data (e.g. GTOPO30_SLOPE_reduced)
Warning: Skipping sample at -119.998, 33.969
Warning: Sample at -119.6995, 33.9913 in Heuchera_maxima.csv is missing some environmental data (e.g. GTOPO30_SLOPE_reduced)
Warning: Skipping sample at -119.6995, 33.9913
Time since start: 2.112
79 points with values for all grids
Adding samples to background in feature space
Command line used:  samplesfile=/volumes/output/heuchera_rfolk_2.5min_na/heuchera_maxima/Heuchera_maxima.csv -e /volumes/env/na_2.5min -o /volumes/output/heuchera_rfolk_2.5min_na/heuchera_maxima nowarnings nocache autorun -z togglelayertype=mask
Command line to repeat: java density.MaxEnt nowarnings noprefixes outputdirectory=/volumes/output/heuchera_rfolk_2.5min_na/heuchera_maxima samplesfile=/volumes/output/heuchera_rfolk_2.5min_na/heuchera_maxima/Heuchera_maxima.csv environmentallayers=/volumes/env/na_2.5min nowarnings autorun novisible nocache -t mask
Species: Heuchera_maxima
Layers: BIOCLIM_1 BIOCLIM_12 BIOCLIM_17 BIOCLIM_7 GTOPO30_ELEVATION GTOPO30_SLOPE_reduced ISRICSOILGRIDS_new_average_coarsefragmentpercent_reduced ISRICSOILGRIDS_new_average_phx10percent_reduced ISRICSOILGRIDS_new_average_sandpercent_reduced ISRICSOILGRIDS_new_average_soilorganiccarboncontent_reduced LandCover_1_Needleleaf LandCover_6_Herbaceous mask
Layertypes: Continuous Continuous Continuous Continuous Continuous Continuous Continuous Continuous Continuous Continuous Continuous Continuous Categorical
outputdirectory: /volumes/output/heuchera_rfolk_2.5min_na/heuchera_maxima
samplesfile: /volumes/output/heuchera_rfolk_2.5min_na/heuchera_maxima/Heuchera_maxima.csv
environmentallayers: /volumes/env/na_2.5min
warnings: false
autorun: true
visible: false
cache: false

getSamples: max memory 32178700288, total allocated 2118123520, free 1972621240, used 145502280, increment 117486104
Making features
makeFeatures: max memory 32178700288, total allocated 2118123520, free 1972619192, used 145504328, increment 2048
Heuchera_maxima: 
Regularization values: linear/quadratic/product: 1.000, categorical: 0.530, threshold: 1.920, hinge: 0.500
8 samples
Density: max memory 32178700288, total allocated 2118123520, free 1970522040, used 147601480, increment 2097152
linearPredictor: max memory 32178700288, total allocated 2118123520, free 1970522040, used 147601480, increment 0
FeaturedSpace: max memory 32178700288, total allocated 2118123520, free 1970522040, used 147601480, increment 0
Sequential: max memory 32178700288, total allocated 2118123520, free 1970522040, used 147601480, increment 0
Initial loss: 4.3694478524670215
80: time = 0.007000 loss = 3.320337
Resulting gain: 1.0491110047248204
Projecting...
Writing file /volumes/output/heuchera_rfolk_2.5min_na/heuchera_maxima/Heuchera_maxima.asc
Time since start: 4.843
Writing /volumes/output/heuchera_rfolk_2.5min_na/heuchera_maxima/plots/Heuchera_maxima.png
Ending
