Thu Dec 22 15:53:22 CST 2022
MaxEnt version 3.4.4
Checking header of /volumes/env/na_2.5min/BIOCLIM_1.asc
Checking header of /volumes/env/na_2.5min/BIOCLIM_12.asc
Checking header of /volumes/env/na_2.5min/BIOCLIM_17.asc
Checking header of /volumes/env/na_2.5min/BIOCLIM_7.asc
Checking header of /volumes/env/na_2.5min/GTOPO30_ELEVATION.asc
Checking header of /volumes/env/na_2.5min/GTOPO30_SLOPE_reduced.asc
Checking header of /volumes/env/na_2.5min/ISRICSOILGRIDS_new_average_coarsefragmentpercent_reduced.asc
Checking header of /volumes/env/na_2.5min/ISRICSOILGRIDS_new_average_phx10percent_reduced.asc
Checking header of /volumes/env/na_2.5min/ISRICSOILGRIDS_new_average_sandpercent_reduced.asc
Checking header of /volumes/env/na_2.5min/ISRICSOILGRIDS_new_average_soilorganiccarboncontent_reduced.asc
Checking header of /volumes/env/na_2.5min/LandCover_1_Needleleaf.asc
Checking header of /volumes/env/na_2.5min/LandCover_6_Herbaceous.asc
Checking header of /volumes/env/na_2.5min/mask.asc
Reading samples from Heuchera_parviflora.csv
Read samples: max memory 12612272128, total allocated 792723456, free 773701008, used 19022448, increment 19022448
Extractor: max memory 12612272128, total allocated 792723456, free 765312408, used 27411048, increment 8388600
Extracting random background and sample data
Time since start: 5.192
10182 points with values for all grids
Adding samples to background in feature space
Command line used:  samplesfile=/volumes/output/heuchera_rfolk_na/heuchera_parviflora/Heuchera_parviflora.csv -e /volumes/env/na_2.5min -o /volumes/output/heuchera_rfolk_na/heuchera_parviflora nowarnings nocache autorun -z togglelayertype=mask
Command line to repeat: java density.MaxEnt nowarnings noprefixes outputdirectory=/volumes/output/heuchera_rfolk_na/heuchera_parviflora samplesfile=/volumes/output/heuchera_rfolk_na/heuchera_parviflora/Heuchera_parviflora.csv environmentallayers=/volumes/env/na_2.5min nowarnings autorun novisible nocache -t mask
Species: Heuchera_parviflora
Layers: BIOCLIM_1 BIOCLIM_12 BIOCLIM_17 BIOCLIM_7 GTOPO30_ELEVATION GTOPO30_SLOPE_reduced ISRICSOILGRIDS_new_average_coarsefragmentpercent_reduced ISRICSOILGRIDS_new_average_phx10percent_reduced ISRICSOILGRIDS_new_average_sandpercent_reduced ISRICSOILGRIDS_new_average_soilorganiccarboncontent_reduced LandCover_1_Needleleaf LandCover_6_Herbaceous mask
Layertypes: Continuous Continuous Continuous Continuous Continuous Continuous Continuous Continuous Continuous Continuous Continuous Continuous Categorical
outputdirectory: /volumes/output/heuchera_rfolk_na/heuchera_parviflora
samplesfile: /volumes/output/heuchera_rfolk_na/heuchera_parviflora/Heuchera_parviflora.csv
environmentallayers: /volumes/env/na_2.5min
warnings: false
autorun: true
visible: false
cache: false

getSamples: max memory 12612272128, total allocated 1176502272, free 968435776, used 208066496, increment 180655448
Making features
makeFeatures: max memory 12612272128, total allocated 1176502272, free 960072272, used 216430000, increment 8363504
Heuchera_parviflora: 
Regularization values: linear/quadratic/product: 0.346, categorical: 0.250, threshold: 1.750, hinge: 0.500
25 samples
Density: max memory 12612272128, total allocated 1176502272, free 949561408, used 226940864, increment 10510864
linearPredictor: max memory 12612272128, total allocated 1176502272, free 949561408, used 226940864, increment 0
FeaturedSpace: max memory 12612272128, total allocated 1176502272, free 949561408, used 226940864, increment 0
Sequential: max memory 12612272128, total allocated 1176502272, free 949561408, used 226940864, increment 0
Initial loss: 9.210340371976184
Time since start: 7.926
500: time = 2.373000 loss = 8.301554
Resulting gain: 0.9087868511750798
Projecting...
Writing file /volumes/output/heuchera_rfolk_na/heuchera_parviflora/Heuchera_parviflora.asc
Time since start: 13.656
Writing /volumes/output/heuchera_rfolk_na/heuchera_parviflora/plots/Heuchera_parviflora.png
Time since start: 15.04
Ending
