Mon Oct 31 19:36:03 GMT 2022
MaxEnt version 3.4.4
Checking header of /volumes/env/na_2.5min/BIOCLIM_1.asc
Checking header of /volumes/env/na_2.5min/BIOCLIM_12.asc
Checking header of /volumes/env/na_2.5min/BIOCLIM_17.asc
Checking header of /volumes/env/na_2.5min/BIOCLIM_7.asc
Checking header of /volumes/env/na_2.5min/GTOPO30_ELEVATION.asc
Checking header of /volumes/env/na_2.5min/GTOPO30_SLOPE_reduced.asc
Checking header of /volumes/env/na_2.5min/ISRICSOILGRIDS_new_average_coarsefragmentpercent_reduced.asc
Checking header of /volumes/env/na_2.5min/ISRICSOILGRIDS_new_average_phx10percent_reduced.asc
Checking header of /volumes/env/na_2.5min/ISRICSOILGRIDS_new_average_sandpercent_reduced.asc
Checking header of /volumes/env/na_2.5min/ISRICSOILGRIDS_new_average_soilorganiccarboncontent_reduced.asc
Checking header of /volumes/env/na_2.5min/LandCover_1_Needleleaf.asc
Checking header of /volumes/env/na_2.5min/LandCover_6_Herbaceous.asc
Checking header of /volumes/env/na_2.5min/mask.asc
Reading samples from Heuchera_micrantha.csv
Read samples: max memory 32178700288, total allocated 2118123520, free 2090125312, used 27998208, increment 27998208
Extractor: max memory 32178700288, total allocated 2118123520, free 2079641600, used 38481920, increment 10483712
Extracting random background and sample data
Warning: Sample at -124.73333, 50.21667 in Heuchera_micrantha.csv is missing some environmental data (e.g. GTOPO30_SLOPE_reduced)
Warning: Skipping sample at -124.73333, 50.21667
Warning: Sample at -124.81667, 49.53333 in Heuchera_micrantha.csv is missing some environmental data (e.g. BIOCLIM_1)
Warning: Skipping sample at -124.81667, 49.53333
Warning: Sample at -123.25, 49.5 in Heuchera_micrantha.csv is missing some environmental data (e.g. BIOCLIM_1)
Warning: Skipping sample at -123.25, 49.5
Warning: Sample at -123.25, 49.53333 in Heuchera_micrantha.csv is missing some environmental data (e.g. BIOCLIM_1)
Warning: Skipping sample at -123.25, 49.53333
Warning: Sample at -123.26667, 49.36667 in Heuchera_micrantha.csv is missing some environmental data (e.g. GTOPO30_SLOPE_reduced)
Warning: Skipping sample at -123.26667, 49.36667
Warning: Sample at -123.25, 49.33333 in Heuchera_micrantha.csv is missing some environmental data (e.g. BIOCLIM_1)
Warning: Skipping sample at -123.25, 49.33333
Warning: Sample at -123.06667, 49.31667 in Heuchera_micrantha.csv is missing some environmental data (e.g. GTOPO30_SLOPE_reduced)
Warning: Skipping sample at -123.06667, 49.31667
Warning: Sample at -123.38333, 49.28333 in Heuchera_micrantha.csv is missing some environmental data (e.g. BIOCLIM_1)
Warning: Skipping sample at -123.38333, 49.28333
Warning: Sample at -123.48444, 48.93468 in Heuchera_micrantha.csv is missing some environmental data (e.g. GTOPO30_SLOPE_reduced)
Warning: Skipping sample at -123.48444, 48.93468
Warning: Sample at -123.40668, 48.89695 in Heuchera_micrantha.csv is missing some environmental data (e.g. BIOCLIM_1)
Warning: Skipping sample at -123.40668, 48.89695
Warning: Sample at -123.38235, 48.87119 in Heuchera_micrantha.csv is missing some environmental data (e.g. BIOCLIM_1)
Warning: Skipping sample at -123.38235, 48.87119
Warning: Sample at -123.33853, 48.86755 in Heuchera_micrantha.csv is missing some environmental data (e.g. BIOCLIM_1)
Warning: Skipping sample at -123.33853, 48.86755
Warning: Sample at -123.21667, 48.76667 in Heuchera_micrantha.csv is missing some environmental data (e.g. BIOCLIM_1)
Warning: Skipping sample at -123.21667, 48.76667
Warning: Sample at -123.15, 48.78333 in Heuchera_micrantha.csv is missing some environmental data (e.g. GTOPO30_SLOPE_reduced)
Warning: Skipping sample at -123.15, 48.78333
Warning: Sample at -122.91997, 48.75472 in Heuchera_micrantha.csv is missing some environmental data (e.g. BIOCLIM_1)
Warning: Skipping sample at -122.91997, 48.75472
Warning: Sample at -122.89101, 48.75672 in Heuchera_micrantha.csv is missing some environmental data (e.g. GTOPO30_SLOPE_reduced)
Warning: Skipping sample at -122.89101, 48.75672
Warning: Sample at -122.88718, 48.76435 in Heuchera_micrantha.csv is missing some environmental data (e.g. GTOPO30_SLOPE_reduced)
Warning: Skipping sample at -122.88718, 48.76435
Warning: Sample at -122.88818, 48.76434 in Heuchera_micrantha.csv is missing some environmental data (e.g. GTOPO30_SLOPE_reduced)
Warning: Skipping sample at -122.88818, 48.76434
Warning: Sample at -122.88631, 48.76422 in Heuchera_micrantha.csv is missing some environmental data (e.g. GTOPO30_SLOPE_reduced)
Warning: Skipping sample at -122.88631, 48.76422
Warning: Sample at -122.88758, 48.76451 in Heuchera_micrantha.csv is missing some environmental data (e.g. GTOPO30_SLOPE_reduced)
Warning: Skipping sample at -122.88758, 48.76451
Warning: Sample at -122.88093, 48.76455 in Heuchera_micrantha.csv is missing some environmental data (e.g. GTOPO30_SLOPE_reduced)
Warning: Skipping sample at -122.88093, 48.76455
Warning: Sample at -122.88579, 48.76398 in Heuchera_micrantha.csv is missing some environmental data (e.g. GTOPO30_SLOPE_reduced)
Warning: Skipping sample at -122.88579, 48.76398
Warning: Sample at -123.1729, 48.66315 in Heuchera_micrantha.csv is missing some environmental data (e.g. BIOCLIM_1)
Warning: Skipping sample at -123.1729, 48.66315
Warning: Sample at -123.15232, 48.64 in Heuchera_micrantha.csv is missing some environmental data (e.g. GTOPO30_SLOPE_reduced)
Warning: Skipping sample at -123.15232, 48.64
Warning: Sample at -123.07845, 48.64785 in Heuchera_micrantha.csv is missing some environmental data (e.g. BIOCLIM_1)
Warning: Skipping sample at -123.07845, 48.64785
Warning: Sample at -122.98613, 48.63905 in Heuchera_micrantha.csv is missing some environmental data (e.g. GTOPO30_SLOPE_reduced)
Warning: Skipping sample at -122.98613, 48.63905
Warning: Sample at -123.15083, 48.61028 in Heuchera_micrantha.csv is missing some environmental data (e.g. BIOCLIM_1)
Warning: Skipping sample at -123.15083, 48.61028
Warning: Sample at -123.00702, 48.61422 in Heuchera_micrantha.csv is missing some environmental data (e.g. BIOCLIM_1)
Warning: Skipping sample at -123.00702, 48.61422
Warning: Sample at -123.01783, 48.59115 in Heuchera_micrantha.csv is missing some environmental data (e.g. BIOCLIM_1)
Warning: Skipping sample at -123.01783, 48.59115
Warning: Sample at -123.01858, 48.59542 in Heuchera_micrantha.csv is missing some environmental data (e.g. BIOCLIM_1)
Warning: Skipping sample at -123.01858, 48.59542
Warning: Sample at -123.02448, 48.59578 in Heuchera_micrantha.csv is missing some environmental data (e.g. BIOCLIM_1)
Warning: Skipping sample at -123.02448, 48.59578
Warning: Sample at -123.01377, 48.58985 in Heuchera_micrantha.csv is missing some environmental data (e.g. BIOCLIM_1)
Warning: Skipping sample at -123.01377, 48.58985
Warning: Sample at -122.97453, 48.61385 in Heuchera_micrantha.csv is missing some environmental data (e.g. GTOPO30_SLOPE_reduced)
Warning: Skipping sample at -122.97453, 48.61385
Warning: Sample at -122.9701, 48.59232 in Heuchera_micrantha.csv is missing some environmental data (e.g. GTOPO30_SLOPE_reduced)
Warning: Skipping sample at -122.9701, 48.59232
Warning: Sample at -122.8539, 48.54536 in Heuchera_micrantha.csv is missing some environmental data (e.g. BIOCLIM_1)
Warning: Skipping sample at -122.8539, 48.54536
Warning: Sample at -123.00361, 48.53833 in Heuchera_micrantha.csv is missing some environmental data (e.g. GTOPO30_SLOPE_reduced)
Warning: Skipping sample at -123.00361, 48.53833
Warning: Sample at -123.0225, 48.54139 in Heuchera_micrantha.csv is missing some environmental data (e.g. GTOPO30_SLOPE_reduced)
Warning: Skipping sample at -123.0225, 48.54139
Warning: Sample at -123.00528, 48.53528 in Heuchera_micrantha.csv is missing some environmental data (e.g. GTOPO30_SLOPE_reduced)
Warning: Skipping sample at -123.00528, 48.53528
Warning: Sample at -122.97033, 48.533 in Heuchera_micrantha.csv is missing some environmental data (e.g. GTOPO30_SLOPE_reduced)
Warning: Skipping sample at -122.97033, 48.533
Warning: Sample at -122.82242, 48.5404 in Heuchera_micrantha.csv is missing some environmental data (e.g. GTOPO30_SLOPE_reduced)
Warning: Skipping sample at -122.82242, 48.5404
Warning: Sample at -122.61666, 48.53333 in Heuchera_micrantha.csv is missing some environmental data (e.g. GTOPO30_SLOPE_reduced)
Warning: Skipping sample at -122.61666, 48.53333
Warning: Sample at -122.55555, 48.53528 in Heuchera_micrantha.csv is missing some environmental data (e.g. BIOCLIM_1)
Warning: Skipping sample at -122.55555, 48.53528
Warning: Sample at -122.55352, 48.53402 in Heuchera_micrantha.csv is missing some environmental data (e.g. BIOCLIM_1)
Warning: Skipping sample at -122.55352, 48.53402
Warning: Sample at -122.54547, 48.5221 in Heuchera_micrantha.csv is missing some environmental data (e.g. BIOCLIM_1)
Warning: Skipping sample at -122.54547, 48.5221
Warning: Sample at -122.83807, 48.46537 in Heuchera_micrantha.csv is missing some environmental data (e.g. GTOPO30_SLOPE_reduced)
Warning: Skipping sample at -122.83807, 48.46537
Warning: Sample at -122.82117, 48.48495 in Heuchera_micrantha.csv is missing some environmental data (e.g. BIOCLIM_1)
Warning: Skipping sample at -122.82117, 48.48495
Warning: Sample at -122.82922, 48.47997 in Heuchera_micrantha.csv is missing some environmental data (e.g. BIOCLIM_1)
Warning: Skipping sample at -122.82922, 48.47997
Warning: Sample at -122.82176, 48.42104 in Heuchera_micrantha.csv is missing some environmental data (e.g. GTOPO30_SLOPE_reduced)
Warning: Skipping sample at -122.82176, 48.42104
Warning: Sample at -124.70022, 48.37803 in Heuchera_micrantha.csv is missing some environmental data (e.g. BIOCLIM_1)
Warning: Skipping sample at -124.70022, 48.37803
Warning: Sample at -123.98333, 48.39167 in Heuchera_micrantha.csv is missing some environmental data (e.g. GTOPO30_SLOPE_reduced)
Warning: Skipping sample at -123.98333, 48.39167
Warning: Sample at -124.42072, 48.30255 in Heuchera_micrantha.csv is missing some environmental data (e.g. BIOCLIM_1)
Warning: Skipping sample at -124.42072, 48.30255
Warning: Sample at -122.40667, 48.04167 in Heuchera_micrantha.csv is missing some environmental data (e.g. BIOCLIM_1)
Warning: Skipping sample at -122.40667, 48.04167
Warning: Sample at -123.66906, 46.26742 in Heuchera_micrantha.csv is missing some environmental data (e.g. BIOCLIM_1)
Warning: Skipping sample at -123.66906, 46.26742
Warning: Sample at -123.9214, 45.9933 in Heuchera_micrantha.csv is missing some environmental data (e.g. GTOPO30_SLOPE_reduced)
Warning: Skipping sample at -123.9214, 45.9933
Warning: Sample at -122.1742, 45.5592 in Heuchera_micrantha.csv is missing some environmental data (e.g. ISRICSOILGRIDS_new_average_coarsefragmentpercent_reduced)
Warning: Skipping sample at -122.1742, 45.5592
Warning: Sample at -124.18083, 40.78694 in Heuchera_micrantha.csv is missing some environmental data (e.g. GTOPO30_SLOPE_reduced)
Warning: Skipping sample at -124.18083, 40.78694
Warning: Sample at -122.47083, 37.89583 in Heuchera_micrantha.csv is missing some environmental data (e.g. GTOPO30_SLOPE_reduced)
Warning: Skipping sample at -122.47083, 37.89583
Warning: Sample at -122.50975, 37.58526 in Heuchera_micrantha.csv is missing some environmental data (e.g. BIOCLIM_1)
Warning: Skipping sample at -122.50975, 37.58526
Warning: Sample at -122.11404, 37.46562 in Heuchera_micrantha.csv is missing some environmental data (e.g. BIOCLIM_1)
Warning: Skipping sample at -122.11404, 37.46562
Warning: Sample at -121.9138, 36.5998 in Heuchera_micrantha.csv is missing some environmental data (e.g. GTOPO30_SLOPE_reduced)
Warning: Skipping sample at -121.9138, 36.5998
Warning: Sample at -121.5938, 36.0802 in Heuchera_micrantha.csv is missing some environmental data (e.g. BIOCLIM_1)
Warning: Skipping sample at -121.5938, 36.0802
Warning: Sample at -121.51652, 36.0112 in Heuchera_micrantha.csv is missing some environmental data (e.g. GTOPO30_SLOPE_reduced)
Warning: Skipping sample at -121.51652, 36.0112
Time since start: 2.676
1219428 points with values for all grids
Adding samples to background in feature space
Command line used:  samplesfile=/volumes/output/heuchera_rfolk_sdm/heuchera_micrantha/Heuchera_micrantha.csv -e /volumes/env/na_2.5min -o /volumes/output/heuchera_rfolk_sdm/heuchera_micrantha nowarnings nocache autorun -z togglelayertype=mask
Command line to repeat: java density.MaxEnt nowarnings noprefixes outputdirectory=/volumes/output/heuchera_rfolk_sdm/heuchera_micrantha samplesfile=/volumes/output/heuchera_rfolk_sdm/heuchera_micrantha/Heuchera_micrantha.csv environmentallayers=/volumes/env/na_2.5min nowarnings autorun novisible nocache -t mask
Species: Heuchera_micrantha
Layers: BIOCLIM_1 BIOCLIM_12 BIOCLIM_17 BIOCLIM_7 GTOPO30_ELEVATION GTOPO30_SLOPE_reduced ISRICSOILGRIDS_new_average_coarsefragmentpercent_reduced ISRICSOILGRIDS_new_average_phx10percent_reduced ISRICSOILGRIDS_new_average_sandpercent_reduced ISRICSOILGRIDS_new_average_soilorganiccarboncontent_reduced LandCover_1_Needleleaf LandCover_6_Herbaceous mask
Layertypes: Continuous Continuous Continuous Continuous Continuous Continuous Continuous Continuous Continuous Continuous Continuous Continuous Categorical
outputdirectory: /volumes/output/heuchera_rfolk_sdm/heuchera_micrantha
samplesfile: /volumes/output/heuchera_rfolk_sdm/heuchera_micrantha/Heuchera_micrantha.csv
environmentallayers: /volumes/env/na_2.5min
warnings: false
autorun: true
visible: false
cache: false

getSamples: max memory 32178700288, total allocated 2118123520, free 1932869136, used 185254384, increment 146772464
Making features
makeFeatures: max memory 32178700288, total allocated 2118123520, free 1926494496, used 191629024, increment 6374640
Heuchera_micrantha: 
Regularization values: linear/quadratic/product: 0.050, categorical: 0.250, threshold: 1.000, hinge: 0.500
399 samples
Density: max memory 32178700288, total allocated 2118123520, free 1913909536, used 204213984, increment 12584960
linearPredictor: max memory 32178700288, total allocated 2118123520, free 1913826352, used 204297168, increment 83184
Deactivating (mask=-9999.0)
FeaturedSpace: max memory 32178700288, total allocated 2118123520, free 1913826352, used 204297168, increment 0
Sequential: max memory 32178700288, total allocated 2118123520, free 1911897616, used 206225904, increment 1928736
Initial loss: 9.249176395761381
Time since start: 3.957
500: time = 1.026000 loss = 6.463081
Resulting gain: 2.7860956364424823
Projecting...
Writing file /volumes/output/heuchera_rfolk_sdm/heuchera_micrantha/Heuchera_micrantha.asc
Time since start: 8.827
Writing /volumes/output/heuchera_rfolk_sdm/heuchera_micrantha/plots/Heuchera_micrantha.png
Ending
