Wed Sep 14 16:27:09 CDT 2022
MaxEnt version 3.4.4
Checking header of /volumes/env/worldclim1.4/alt.mxe
Checking header of /volumes/env/worldclim1.4/alt.mxe
Checking header of /volumes/env/worldclim1.4/bio1.mxe
Checking header of /volumes/env/worldclim1.4/bio1.mxe
Checking header of /volumes/env/worldclim1.4/bio10.mxe
Checking header of /volumes/env/worldclim1.4/bio10.mxe
Checking header of /volumes/env/worldclim1.4/bio11.mxe
Checking header of /volumes/env/worldclim1.4/bio11.mxe
Checking header of /volumes/env/worldclim1.4/bio12.mxe
Checking header of /volumes/env/worldclim1.4/bio12.mxe
Checking header of /volumes/env/worldclim1.4/bio13.mxe
Checking header of /volumes/env/worldclim1.4/bio13.mxe
Checking header of /volumes/env/worldclim1.4/bio14.mxe
Checking header of /volumes/env/worldclim1.4/bio14.mxe
Checking header of /volumes/env/worldclim1.4/bio15.mxe
Checking header of /volumes/env/worldclim1.4/bio15.mxe
Checking header of /volumes/env/worldclim1.4/bio16.mxe
Checking header of /volumes/env/worldclim1.4/bio16.mxe
Checking header of /volumes/env/worldclim1.4/bio17.mxe
Checking header of /volumes/env/worldclim1.4/bio17.mxe
Checking header of /volumes/env/worldclim1.4/bio18.mxe
Checking header of /volumes/env/worldclim1.4/bio18.mxe
Checking header of /volumes/env/worldclim1.4/bio19.mxe
Checking header of /volumes/env/worldclim1.4/bio19.mxe
Checking header of /volumes/env/worldclim1.4/bio2.mxe
Checking header of /volumes/env/worldclim1.4/bio2.mxe
Checking header of /volumes/env/worldclim1.4/bio3.mxe
Checking header of /volumes/env/worldclim1.4/bio3.mxe
Checking header of /volumes/env/worldclim1.4/bio4.mxe
Checking header of /volumes/env/worldclim1.4/bio4.mxe
Checking header of /volumes/env/worldclim1.4/bio5.mxe
Checking header of /volumes/env/worldclim1.4/bio5.mxe
Checking header of /volumes/env/worldclim1.4/bio6.mxe
Checking header of /volumes/env/worldclim1.4/bio6.mxe
Checking header of /volumes/env/worldclim1.4/bio7.mxe
Checking header of /volumes/env/worldclim1.4/bio7.mxe
Checking header of /volumes/env/worldclim1.4/bio8.mxe
Checking header of /volumes/env/worldclim1.4/bio8.mxe
Checking header of /volumes/env/worldclim1.4/bio9.mxe
Checking header of /volumes/env/worldclim1.4/bio9.mxe
Checking header of /volumes/env/worldclim1.4/mask.asc
Reading samples from Heuchera cylindrica orbicularis.csv
Read samples: max memory 32178700288, total allocated 2118123520, free 2104805376, used 13318144, increment 13318144
Extractor: max memory 32178700288, total allocated 2118123520, free 2102708224, used 15415296, increment 2097152
Extracting random background and sample data
Warning: Sample at -121.0, 49.0 in Heuchera cylindrica orbicularis.csv is missing some environmental data (e.g. mask)
Warning: Skipping sample at -121.0, 49.0
1494 points with values for all grids
Adding samples to background in feature space
Command line used:  samplesfile=/volumes/output/heuchera_sdm/Heuchera_cylindrica_orbicularis/Heuchera cylindrica orbicularis.csv -e /volumes/env/worldclim1.4 -o /volumes/output/heuchera_sdm/Heuchera_cylindrica_orbicularis nowarnings nocache autorun -z togglelayertype=mask
Command line to repeat: java density.MaxEnt nowarnings noprefixes outputdirectory=/volumes/output/heuchera_sdm/Heuchera_cylindrica_orbicularis "samplesfile=/volumes/output/heuchera_sdm/Heuchera_cylindrica_orbicularis/Heuchera cylindrica orbicularis.csv" environmentallayers=/volumes/env/worldclim1.4 nowarnings autorun novisible nocache -t mask
Species: Heuchera_cylindrica_orbicularis
Layers: alt alt bio1 bio1 bio10 bio10 bio11 bio11 bio12 bio12 bio13 bio13 bio14 bio14 bio15 bio15 bio16 bio16 bio17 bio17 bio18 bio18 bio19 bio19 bio2 bio2 bio3 bio3 bio4 bio4 bio5 bio5 bio6 bio6 bio7 bio7 bio8 bio8 bio9 bio9 mask
Layertypes: Continuous Continuous Continuous Continuous Continuous Continuous Continuous Continuous Continuous Continuous Continuous Continuous Continuous Continuous Continuous Continuous Continuous Continuous Continuous Continuous Continuous Continuous Continuous Continuous Continuous Continuous Continuous Continuous Continuous Continuous Continuous Continuous Continuous Continuous Continuous Continuous Continuous Continuous Continuous Continuous Categorical
outputdirectory: /volumes/output/heuchera_sdm/Heuchera_cylindrica_orbicularis
samplesfile: /volumes/output/heuchera_sdm/Heuchera_cylindrica_orbicularis/Heuchera cylindrica orbicularis.csv
environmentallayers: /volumes/env/worldclim1.4
warnings: false
autorun: true
visible: false
cache: false

getSamples: max memory 32178700288, total allocated 2118123520, free 1869968688, used 248154832, increment 232739536
Making features
makeFeatures: max memory 32178700288, total allocated 2118123520, free 1857385776, used 260737744, increment 12582912
Heuchera_cylindrica_orbicularis: 
Regularization values: linear/quadratic/product: 0.442, categorical: 0.250, threshold: 1.800, hinge: 0.500
Time since start: 1.018
20 samples
Density: max memory 32178700288, total allocated 2118123520, free 1848997168, used 269126352, increment 8388608
linearPredictor: max memory 32178700288, total allocated 2118123520, free 1848997168, used 269126352, increment 0
FeaturedSpace: max memory 32178700288, total allocated 2118123520, free 1848997168, used 269126352, increment 0
Sequential: max memory 32178700288, total allocated 2118123520, free 1848997168, used 269126352, increment 0
Initial loss: 7.309212365692763
Time since start: 2.025
500: time = 0.982000 loss = 6.569015
Resulting gain: 0.7401978098295832
Projecting...
Writing file /volumes/output/heuchera_sdm/Heuchera_cylindrica_orbicularis/Heuchera_cylindrica_orbicularis.asc
Time since start: 3.238
Writing /volumes/output/heuchera_sdm/Heuchera_cylindrica_orbicularis/plots/Heuchera_cylindrica_orbicularis.png
Ending
