Tue Dec 27 15:04:05 CST 2022
MaxEnt version 3.4.4
Checking header of /volumes/env/na_2.5min/BIOCLIM_1.asc
Checking header of /volumes/env/na_2.5min/BIOCLIM_12.asc
Checking header of /volumes/env/na_2.5min/BIOCLIM_17.asc
Checking header of /volumes/env/na_2.5min/BIOCLIM_7.asc
Checking header of /volumes/env/na_2.5min/GTOPO30_ELEVATION.asc
Checking header of /volumes/env/na_2.5min/GTOPO30_SLOPE_reduced.asc
Checking header of /volumes/env/na_2.5min/ISRICSOILGRIDS_new_average_coarsefragmentpercent_reduced.asc
Checking header of /volumes/env/na_2.5min/ISRICSOILGRIDS_new_average_phx10percent_reduced.asc
Checking header of /volumes/env/na_2.5min/ISRICSOILGRIDS_new_average_sandpercent_reduced.asc
Checking header of /volumes/env/na_2.5min/ISRICSOILGRIDS_new_average_soilorganiccarboncontent_reduced.asc
Checking header of /volumes/env/na_2.5min/LandCover_1_Needleleaf.asc
Checking header of /volumes/env/na_2.5min/LandCover_6_Herbaceous.asc
Checking header of /volumes/env/na_2.5min/mask.asc
Reading samples from Heuchera_parishii.csv
Read samples: max memory 32178700288, total allocated 2118123520, free 2094319616, used 23803904, increment 23803904
Extractor: max memory 32178700288, total allocated 2118123520, free 2085931008, used 32192512, increment 8388608
Extracting random background and sample data
Time since start: 2.117
795 points with values for all grids
Adding samples to background in feature space
Command line used:  samplesfile=/volumes/output/heuchera_rfolk_2.5min_na/heuchera_parishii/Heuchera_parishii.csv -e /volumes/env/na_2.5min -o /volumes/output/heuchera_rfolk_2.5min_na/heuchera_parishii nowarnings nocache autorun -z togglelayertype=mask
Command line to repeat: java density.MaxEnt nowarnings noprefixes outputdirectory=/volumes/output/heuchera_rfolk_2.5min_na/heuchera_parishii samplesfile=/volumes/output/heuchera_rfolk_2.5min_na/heuchera_parishii/Heuchera_parishii.csv environmentallayers=/volumes/env/na_2.5min nowarnings autorun novisible nocache -t mask
Species: Heuchera_parishii
Layers: BIOCLIM_1 BIOCLIM_12 BIOCLIM_17 BIOCLIM_7 GTOPO30_ELEVATION GTOPO30_SLOPE_reduced ISRICSOILGRIDS_new_average_coarsefragmentpercent_reduced ISRICSOILGRIDS_new_average_phx10percent_reduced ISRICSOILGRIDS_new_average_sandpercent_reduced ISRICSOILGRIDS_new_average_soilorganiccarboncontent_reduced LandCover_1_Needleleaf LandCover_6_Herbaceous mask
Layertypes: Continuous Continuous Continuous Continuous Continuous Continuous Continuous Continuous Continuous Continuous Continuous Continuous Categorical
outputdirectory: /volumes/output/heuchera_rfolk_2.5min_na/heuchera_parishii
samplesfile: /volumes/output/heuchera_rfolk_2.5min_na/heuchera_parishii/Heuchera_parishii.csv
environmentallayers: /volumes/env/na_2.5min
warnings: false
autorun: true
visible: false
cache: false

getSamples: max memory 32178700288, total allocated 2118123520, free 1966145784, used 151977736, increment 119785224
Making features
makeFeatures: max memory 32178700288, total allocated 2118123520, free 1964050680, used 154072840, increment 2095104
Heuchera_parishii: 
Regularization values: linear/quadratic/product: 0.288, categorical: 0.250, threshold: 1.720, hinge: 0.500
28 samples
Density: max memory 32178700288, total allocated 2118123520, free 1959856376, used 158267144, increment 4194304
linearPredictor: max memory 32178700288, total allocated 2118123520, free 1959856376, used 158267144, increment 0
FeaturedSpace: max memory 32178700288, total allocated 2118123520, free 1959856376, used 158267144, increment 0
Sequential: max memory 32178700288, total allocated 2118123520, free 1959856376, used 158267144, increment 0
Initial loss: 6.678342114654332
500: time = 0.164000 loss = 4.742822
Resulting gain: 1.9355204152969687
Projecting...
Writing file /volumes/output/heuchera_rfolk_2.5min_na/heuchera_parishii/Heuchera_parishii.asc
Time since start: 5.005
Writing /volumes/output/heuchera_rfolk_2.5min_na/heuchera_parishii/plots/Heuchera_parishii.png
Ending
