Thu Dec 22 15:45:49 CST 2022
MaxEnt version 3.4.4
Checking header of /volumes/env/na_2.5min/BIOCLIM_1.asc
Checking header of /volumes/env/na_2.5min/BIOCLIM_12.asc
Checking header of /volumes/env/na_2.5min/BIOCLIM_17.asc
Checking header of /volumes/env/na_2.5min/BIOCLIM_7.asc
Checking header of /volumes/env/na_2.5min/GTOPO30_ELEVATION.asc
Checking header of /volumes/env/na_2.5min/GTOPO30_SLOPE_reduced.asc
Checking header of /volumes/env/na_2.5min/ISRICSOILGRIDS_new_average_coarsefragmentpercent_reduced.asc
Checking header of /volumes/env/na_2.5min/ISRICSOILGRIDS_new_average_phx10percent_reduced.asc
Checking header of /volumes/env/na_2.5min/ISRICSOILGRIDS_new_average_sandpercent_reduced.asc
Checking header of /volumes/env/na_2.5min/ISRICSOILGRIDS_new_average_soilorganiccarboncontent_reduced.asc
Checking header of /volumes/env/na_2.5min/LandCover_1_Needleleaf.asc
Checking header of /volumes/env/na_2.5min/LandCover_6_Herbaceous.asc
Checking header of /volumes/env/na_2.5min/mask.asc
Reading samples from Heuchera_longiflora.csv
Read samples: max memory 12612272128, total allocated 792723456, free 773701024, used 19022432, increment 19022432
Extractor: max memory 12612272128, total allocated 792723456, free 766067400, used 26656056, increment 7633624
Extracting random background and sample data
Time since start: 5.023
11268 points with values for all grids
Adding samples to background in feature space
Command line used:  samplesfile=/volumes/output/heuchera_rfolk_na/heuchera_longiflora/Heuchera_longiflora.csv -e /volumes/env/na_2.5min -o /volumes/output/heuchera_rfolk_na/heuchera_longiflora nowarnings nocache autorun -z togglelayertype=mask
Command line to repeat: java density.MaxEnt nowarnings noprefixes outputdirectory=/volumes/output/heuchera_rfolk_na/heuchera_longiflora samplesfile=/volumes/output/heuchera_rfolk_na/heuchera_longiflora/Heuchera_longiflora.csv environmentallayers=/volumes/env/na_2.5min nowarnings autorun novisible nocache -t mask
Species: Heuchera_longiflora
Layers: BIOCLIM_1 BIOCLIM_12 BIOCLIM_17 BIOCLIM_7 GTOPO30_ELEVATION GTOPO30_SLOPE_reduced ISRICSOILGRIDS_new_average_coarsefragmentpercent_reduced ISRICSOILGRIDS_new_average_phx10percent_reduced ISRICSOILGRIDS_new_average_sandpercent_reduced ISRICSOILGRIDS_new_average_soilorganiccarboncontent_reduced LandCover_1_Needleleaf LandCover_6_Herbaceous mask
Layertypes: Continuous Continuous Continuous Continuous Continuous Continuous Continuous Continuous Continuous Continuous Continuous Continuous Categorical
outputdirectory: /volumes/output/heuchera_rfolk_na/heuchera_longiflora
samplesfile: /volumes/output/heuchera_rfolk_na/heuchera_longiflora/Heuchera_longiflora.csv
environmentallayers: /volumes/env/na_2.5min
warnings: false
autorun: true
visible: false
cache: false

getSamples: max memory 12612272128, total allocated 1151336448, free 851088800, used 300247648, increment 273591592
Making features
makeFeatures: max memory 12612272128, total allocated 1151336448, free 843534528, used 307801920, increment 7554272
Heuchera_longiflora: 
Regularization values: linear/quadratic/product: 0.176, categorical: 0.250, threshold: 1.440, hinge: 0.500
56 samples
Density: max memory 12612272128, total allocated 1151336448, free 832216480, used 319119968, increment 11318048
linearPredictor: max memory 12612272128, total allocated 1151336448, free 832216480, used 319119968, increment 0
FeaturedSpace: max memory 12612272128, total allocated 1151336448, free 832216480, used 319119968, increment 0
Sequential: max memory 12612272128, total allocated 1151336448, free 832216480, used 319119968, increment 0
Initial loss: 9.21074029199751
Time since start: 7.155
500: time = 1.657000 loss = 7.794940
Resulting gain: 1.4158001301572067
Projecting...
Writing file /volumes/output/heuchera_rfolk_na/heuchera_longiflora/Heuchera_longiflora.asc
Time since start: 12.738
Writing /volumes/output/heuchera_rfolk_na/heuchera_longiflora/plots/Heuchera_longiflora.png
Time since start: 14.168
Ending
