Mon Oct 31 19:38:52 GMT 2022
MaxEnt version 3.4.4
Checking header of /volumes/env/na_2.5min/BIOCLIM_1.asc
Checking header of /volumes/env/na_2.5min/BIOCLIM_12.asc
Checking header of /volumes/env/na_2.5min/BIOCLIM_17.asc
Checking header of /volumes/env/na_2.5min/BIOCLIM_7.asc
Checking header of /volumes/env/na_2.5min/GTOPO30_ELEVATION.asc
Checking header of /volumes/env/na_2.5min/GTOPO30_SLOPE_reduced.asc
Checking header of /volumes/env/na_2.5min/ISRICSOILGRIDS_new_average_coarsefragmentpercent_reduced.asc
Checking header of /volumes/env/na_2.5min/ISRICSOILGRIDS_new_average_phx10percent_reduced.asc
Checking header of /volumes/env/na_2.5min/ISRICSOILGRIDS_new_average_sandpercent_reduced.asc
Checking header of /volumes/env/na_2.5min/ISRICSOILGRIDS_new_average_soilorganiccarboncontent_reduced.asc
Checking header of /volumes/env/na_2.5min/LandCover_1_Needleleaf.asc
Checking header of /volumes/env/na_2.5min/LandCover_6_Herbaceous.asc
Checking header of /volumes/env/na_2.5min/mask.asc
Reading samples from Heuchera_glomerulata.csv
Read samples: max memory 32178700288, total allocated 2118123520, free 2094319616, used 23803904, increment 23803904
Extractor: max memory 32178700288, total allocated 2118123520, free 2085931008, used 32192512, increment 8388608
Extracting random background and sample data
Time since start: 2.51
1219428 points with values for all grids
Adding samples to background in feature space
Command line used:  samplesfile=/volumes/output/heuchera_rfolk_sdm/heuchera_glomerulata/Heuchera_glomerulata.csv -e /volumes/env/na_2.5min -o /volumes/output/heuchera_rfolk_sdm/heuchera_glomerulata nowarnings nocache autorun -z togglelayertype=mask
Command line to repeat: java density.MaxEnt nowarnings noprefixes outputdirectory=/volumes/output/heuchera_rfolk_sdm/heuchera_glomerulata samplesfile=/volumes/output/heuchera_rfolk_sdm/heuchera_glomerulata/Heuchera_glomerulata.csv environmentallayers=/volumes/env/na_2.5min nowarnings autorun novisible nocache -t mask
Species: Heuchera_glomerulata
Layers: BIOCLIM_1 BIOCLIM_12 BIOCLIM_17 BIOCLIM_7 GTOPO30_ELEVATION GTOPO30_SLOPE_reduced ISRICSOILGRIDS_new_average_coarsefragmentpercent_reduced ISRICSOILGRIDS_new_average_phx10percent_reduced ISRICSOILGRIDS_new_average_sandpercent_reduced ISRICSOILGRIDS_new_average_soilorganiccarboncontent_reduced LandCover_1_Needleleaf LandCover_6_Herbaceous mask
Layertypes: Continuous Continuous Continuous Continuous Continuous Continuous Continuous Continuous Continuous Continuous Continuous Continuous Categorical
outputdirectory: /volumes/output/heuchera_rfolk_sdm/heuchera_glomerulata
samplesfile: /volumes/output/heuchera_rfolk_sdm/heuchera_glomerulata/Heuchera_glomerulata.csv
environmentallayers: /volumes/env/na_2.5min
warnings: false
autorun: true
visible: false
cache: false

getSamples: max memory 32178700288, total allocated 2118123520, free 1947730000, used 170393520, increment 138201008
Making features
makeFeatures: max memory 32178700288, total allocated 2118123520, free 1937246288, used 180877232, increment 10483712
Heuchera_glomerulata: 
Regularization values: linear/quadratic/product: 0.227, categorical: 0.250, threshold: 1.620, hinge: 0.500
38 samples
Density: max memory 32178700288, total allocated 2118123520, free 1924663376, used 193460144, increment 12582912
linearPredictor: max memory 32178700288, total allocated 2118123520, free 1924663376, used 193460144, increment 0
Deactivating (mask=-9999.0)
FeaturedSpace: max memory 32178700288, total allocated 2118123520, free 1924663376, used 193460144, increment 0
Sequential: max memory 32178700288, total allocated 2118123520, free 1924663376, used 193460144, increment 0
Initial loss: 9.214133170214879
280: time = 0.552000 loss = 4.298101
Resulting gain: 4.916031694577927
Projecting...
Writing file /volumes/output/heuchera_rfolk_sdm/heuchera_glomerulata/Heuchera_glomerulata.asc
Time since start: 7.361
Writing /volumes/output/heuchera_rfolk_sdm/heuchera_glomerulata/plots/Heuchera_glomerulata.png
Ending
