Wed Sep 14 16:27:36 CDT 2022
MaxEnt version 3.4.4
Checking header of /volumes/env/worldclim1.4/alt.mxe
Checking header of /volumes/env/worldclim1.4/alt.mxe
Checking header of /volumes/env/worldclim1.4/bio1.mxe
Checking header of /volumes/env/worldclim1.4/bio1.mxe
Checking header of /volumes/env/worldclim1.4/bio10.mxe
Checking header of /volumes/env/worldclim1.4/bio10.mxe
Checking header of /volumes/env/worldclim1.4/bio11.mxe
Checking header of /volumes/env/worldclim1.4/bio11.mxe
Checking header of /volumes/env/worldclim1.4/bio12.mxe
Checking header of /volumes/env/worldclim1.4/bio12.mxe
Checking header of /volumes/env/worldclim1.4/bio13.mxe
Checking header of /volumes/env/worldclim1.4/bio13.mxe
Checking header of /volumes/env/worldclim1.4/bio14.mxe
Checking header of /volumes/env/worldclim1.4/bio14.mxe
Checking header of /volumes/env/worldclim1.4/bio15.mxe
Checking header of /volumes/env/worldclim1.4/bio15.mxe
Checking header of /volumes/env/worldclim1.4/bio16.mxe
Checking header of /volumes/env/worldclim1.4/bio16.mxe
Checking header of /volumes/env/worldclim1.4/bio17.mxe
Checking header of /volumes/env/worldclim1.4/bio17.mxe
Checking header of /volumes/env/worldclim1.4/bio18.mxe
Checking header of /volumes/env/worldclim1.4/bio18.mxe
Checking header of /volumes/env/worldclim1.4/bio19.mxe
Checking header of /volumes/env/worldclim1.4/bio19.mxe
Checking header of /volumes/env/worldclim1.4/bio2.mxe
Checking header of /volumes/env/worldclim1.4/bio2.mxe
Checking header of /volumes/env/worldclim1.4/bio3.mxe
Checking header of /volumes/env/worldclim1.4/bio3.mxe
Checking header of /volumes/env/worldclim1.4/bio4.mxe
Checking header of /volumes/env/worldclim1.4/bio4.mxe
Checking header of /volumes/env/worldclim1.4/bio5.mxe
Checking header of /volumes/env/worldclim1.4/bio5.mxe
Checking header of /volumes/env/worldclim1.4/bio6.mxe
Checking header of /volumes/env/worldclim1.4/bio6.mxe
Checking header of /volumes/env/worldclim1.4/bio7.mxe
Checking header of /volumes/env/worldclim1.4/bio7.mxe
Checking header of /volumes/env/worldclim1.4/bio8.mxe
Checking header of /volumes/env/worldclim1.4/bio8.mxe
Checking header of /volumes/env/worldclim1.4/bio9.mxe
Checking header of /volumes/env/worldclim1.4/bio9.mxe
Checking header of /volumes/env/worldclim1.4/mask.asc
Reading samples from Heuchera acutifolia.csv
Read samples: max memory 32178700288, total allocated 2118123520, free 2102708224, used 15415296, increment 15415296
Extractor: max memory 32178700288, total allocated 2118123520, free 2100613120, used 17510400, increment 2095104
Extracting random background and sample data
Warning: Sample at -99.0, 20.5 in Heuchera acutifolia.csv is missing some environmental data (e.g. mask)
Warning: Skipping sample at -99.0, 20.5
128 points with values for all grids
Adding samples to background in feature space
Command line used:  samplesfile=/volumes/output/heuchera_sdm/Heuchera_acutifolia/Heuchera acutifolia.csv -e /volumes/env/worldclim1.4 -o /volumes/output/heuchera_sdm/Heuchera_acutifolia nowarnings nocache autorun -z togglelayertype=mask
Command line to repeat: java density.MaxEnt nowarnings noprefixes outputdirectory=/volumes/output/heuchera_sdm/Heuchera_acutifolia "samplesfile=/volumes/output/heuchera_sdm/Heuchera_acutifolia/Heuchera acutifolia.csv" environmentallayers=/volumes/env/worldclim1.4 nowarnings autorun novisible nocache -t mask
Species: Heuchera_acutifolia
Layers: alt alt bio1 bio1 bio10 bio10 bio11 bio11 bio12 bio12 bio13 bio13 bio14 bio14 bio15 bio15 bio16 bio16 bio17 bio17 bio18 bio18 bio19 bio19 bio2 bio2 bio3 bio3 bio4 bio4 bio5 bio5 bio6 bio6 bio7 bio7 bio8 bio8 bio9 bio9 mask
Layertypes: Continuous Continuous Continuous Continuous Continuous Continuous Continuous Continuous Continuous Continuous Continuous Continuous Continuous Continuous Continuous Continuous Continuous Continuous Continuous Continuous Continuous Continuous Continuous Continuous Continuous Continuous Continuous Continuous Continuous Continuous Continuous Continuous Continuous Continuous Continuous Continuous Continuous Continuous Continuous Continuous Categorical
outputdirectory: /volumes/output/heuchera_sdm/Heuchera_acutifolia
samplesfile: /volumes/output/heuchera_sdm/Heuchera_acutifolia/Heuchera acutifolia.csv
environmentallayers: /volumes/env/worldclim1.4
warnings: false
autorun: true
visible: false
cache: false

getSamples: max memory 32178700288, total allocated 2118123520, free 1872203704, used 245919816, increment 228409416
Making features
makeFeatures: max memory 32178700288, total allocated 2118123520, free 1870104504, used 248019016, increment 2099200
Heuchera_acutifolia: 
Regularization values: linear/quadratic/product: 0.671, categorical: 0.393, threshold: 1.870, hinge: 0.500
13 samples
Density: max memory 32178700288, total allocated 2118123520, free 1870104504, used 248019016, increment 0
linearPredictor: max memory 32178700288, total allocated 2118123520, free 1870104504, used 248019016, increment 0
FeaturedSpace: max memory 32178700288, total allocated 2118123520, free 1870104504, used 248019016, increment 0
Sequential: max memory 32178700288, total allocated 2118123520, free 1870104504, used 248019016, increment 0
Initial loss: 4.852030263919617
120: time = 0.014000 loss = 4.502709
Resulting gain: 0.34932102427909495
Time since start: 1.672
Projecting...
Writing file /volumes/output/heuchera_sdm/Heuchera_acutifolia/Heuchera_acutifolia.asc
Writing /volumes/output/heuchera_sdm/Heuchera_acutifolia/plots/Heuchera_acutifolia.png
Ending
