Wed Sep 14 16:23:14 CDT 2022
MaxEnt version 3.4.4
Checking header of /volumes/env/worldclim1.4/alt.mxe
Checking header of /volumes/env/worldclim1.4/alt.mxe
Checking header of /volumes/env/worldclim1.4/bio1.mxe
Checking header of /volumes/env/worldclim1.4/bio1.mxe
Checking header of /volumes/env/worldclim1.4/bio10.mxe
Checking header of /volumes/env/worldclim1.4/bio10.mxe
Checking header of /volumes/env/worldclim1.4/bio11.mxe
Checking header of /volumes/env/worldclim1.4/bio11.mxe
Checking header of /volumes/env/worldclim1.4/bio12.mxe
Checking header of /volumes/env/worldclim1.4/bio12.mxe
Checking header of /volumes/env/worldclim1.4/bio13.mxe
Checking header of /volumes/env/worldclim1.4/bio13.mxe
Checking header of /volumes/env/worldclim1.4/bio14.mxe
Checking header of /volumes/env/worldclim1.4/bio14.mxe
Checking header of /volumes/env/worldclim1.4/bio15.mxe
Checking header of /volumes/env/worldclim1.4/bio15.mxe
Checking header of /volumes/env/worldclim1.4/bio16.mxe
Checking header of /volumes/env/worldclim1.4/bio16.mxe
Checking header of /volumes/env/worldclim1.4/bio17.mxe
Checking header of /volumes/env/worldclim1.4/bio17.mxe
Checking header of /volumes/env/worldclim1.4/bio18.mxe
Checking header of /volumes/env/worldclim1.4/bio18.mxe
Checking header of /volumes/env/worldclim1.4/bio19.mxe
Checking header of /volumes/env/worldclim1.4/bio19.mxe
Checking header of /volumes/env/worldclim1.4/bio2.mxe
Checking header of /volumes/env/worldclim1.4/bio2.mxe
Checking header of /volumes/env/worldclim1.4/bio3.mxe
Checking header of /volumes/env/worldclim1.4/bio3.mxe
Checking header of /volumes/env/worldclim1.4/bio4.mxe
Checking header of /volumes/env/worldclim1.4/bio4.mxe
Checking header of /volumes/env/worldclim1.4/bio5.mxe
Checking header of /volumes/env/worldclim1.4/bio5.mxe
Checking header of /volumes/env/worldclim1.4/bio6.mxe
Checking header of /volumes/env/worldclim1.4/bio6.mxe
Checking header of /volumes/env/worldclim1.4/bio7.mxe
Checking header of /volumes/env/worldclim1.4/bio7.mxe
Checking header of /volumes/env/worldclim1.4/bio8.mxe
Checking header of /volumes/env/worldclim1.4/bio8.mxe
Checking header of /volumes/env/worldclim1.4/bio9.mxe
Checking header of /volumes/env/worldclim1.4/bio9.mxe
Checking header of /volumes/env/worldclim1.4/mask.asc
Reading samples from Heuchera maxima.csv
Read samples: max memory 32178700288, total allocated 2118123520, free 2102703088, used 15420432, increment 15420432
Extractor: max memory 32178700288, total allocated 2118123520, free 2100611072, used 17512448, increment 2092016
Extracting random background and sample data
Warning: Sample at -119.676415, 34.183819 in Heuchera maxima.csv is missing some environmental data (e.g. alt)
Warning: Skipping sample at -119.676415, 34.183819
Warning: Sample at -119.641331, 34.195802 in Heuchera maxima.csv is missing some environmental data (e.g. alt)
Warning: Skipping sample at -119.641331, 34.195802
Warning: Sample at -119.707625, 33.817559 in Heuchera maxima.csv is missing some environmental data (e.g. alt)
Warning: Skipping sample at -119.707625, 33.817559
140 points with values for all grids
Adding samples to background in feature space
Command line used:  samplesfile=/volumes/output/heuchera_sdm/Heuchera_maxima/Heuchera maxima.csv -e /volumes/env/worldclim1.4 -o /volumes/output/heuchera_sdm/Heuchera_maxima nowarnings nocache autorun -z togglelayertype=mask
Command line to repeat: java density.MaxEnt nowarnings noprefixes outputdirectory=/volumes/output/heuchera_sdm/Heuchera_maxima "samplesfile=/volumes/output/heuchera_sdm/Heuchera_maxima/Heuchera maxima.csv" environmentallayers=/volumes/env/worldclim1.4 nowarnings autorun novisible nocache -t mask
Species: Heuchera_maxima
Layers: alt alt bio1 bio1 bio10 bio10 bio11 bio11 bio12 bio12 bio13 bio13 bio14 bio14 bio15 bio15 bio16 bio16 bio17 bio17 bio18 bio18 bio19 bio19 bio2 bio2 bio3 bio3 bio4 bio4 bio5 bio5 bio6 bio6 bio7 bio7 bio8 bio8 bio9 bio9 mask
Layertypes: Continuous Continuous Continuous Continuous Continuous Continuous Continuous Continuous Continuous Continuous Continuous Continuous Continuous Continuous Continuous Continuous Continuous Continuous Continuous Continuous Continuous Continuous Continuous Continuous Continuous Continuous Continuous Continuous Continuous Continuous Continuous Continuous Continuous Continuous Continuous Continuous Continuous Continuous Continuous Continuous Categorical
outputdirectory: /volumes/output/heuchera_sdm/Heuchera_maxima
samplesfile: /volumes/output/heuchera_sdm/Heuchera_maxima/Heuchera maxima.csv
environmentallayers: /volumes/env/worldclim1.4
warnings: false
autorun: true
visible: false
cache: false

getSamples: max memory 32178700288, total allocated 2118123520, free 1869997584, used 248125936, increment 230613488
Making features
makeFeatures: max memory 32178700288, total allocated 2118123520, free 1865803280, used 252320240, increment 4194304
Heuchera_maxima: 
Regularization values: linear/quadratic/product: 0.586, categorical: 0.321, threshold: 1.850, hinge: 0.500
15 samples
Density: max memory 32178700288, total allocated 2118123520, free 1863708176, used 254415344, increment 2095104
linearPredictor: max memory 32178700288, total allocated 2118123520, free 1863708176, used 254415344, increment 0
FeaturedSpace: max memory 32178700288, total allocated 2118123520, free 1863708176, used 254415344, increment 0
Sequential: max memory 32178700288, total allocated 2118123520, free 1863708176, used 254415344, increment 0
Initial loss: 4.941642422609304
Time since start: 1.143
400: time = 0.203000 loss = 3.867751
Resulting gain: 1.073891711067616
Projecting...
Writing file /volumes/output/heuchera_sdm/Heuchera_maxima/Heuchera_maxima.asc
Time since start: 2.437
Writing /volumes/output/heuchera_sdm/Heuchera_maxima/plots/Heuchera_maxima.png
Ending
