Fri Oct 21 20:05:29 GMT 2022
MaxEnt version 3.4.4
Checking header of /volumes/env/worldclim1.4/alt.mxe
Checking header of /volumes/env/worldclim1.4/alt.mxe
Checking header of /volumes/env/worldclim1.4/bio1.mxe
Checking header of /volumes/env/worldclim1.4/bio1.mxe
Checking header of /volumes/env/worldclim1.4/bio10.mxe
Checking header of /volumes/env/worldclim1.4/bio10.mxe
Checking header of /volumes/env/worldclim1.4/bio11.mxe
Checking header of /volumes/env/worldclim1.4/bio11.mxe
Checking header of /volumes/env/worldclim1.4/bio12.mxe
Checking header of /volumes/env/worldclim1.4/bio12.mxe
Checking header of /volumes/env/worldclim1.4/bio13.mxe
Checking header of /volumes/env/worldclim1.4/bio13.mxe
Checking header of /volumes/env/worldclim1.4/bio14.mxe
Checking header of /volumes/env/worldclim1.4/bio14.mxe
Checking header of /volumes/env/worldclim1.4/bio15.mxe
Checking header of /volumes/env/worldclim1.4/bio15.mxe
Checking header of /volumes/env/worldclim1.4/bio16.mxe
Checking header of /volumes/env/worldclim1.4/bio16.mxe
Checking header of /volumes/env/worldclim1.4/bio17.mxe
Checking header of /volumes/env/worldclim1.4/bio17.mxe
Checking header of /volumes/env/worldclim1.4/bio18.mxe
Checking header of /volumes/env/worldclim1.4/bio18.mxe
Checking header of /volumes/env/worldclim1.4/bio19.mxe
Checking header of /volumes/env/worldclim1.4/bio19.mxe
Checking header of /volumes/env/worldclim1.4/bio2.mxe
Checking header of /volumes/env/worldclim1.4/bio2.mxe
Checking header of /volumes/env/worldclim1.4/bio3.mxe
Checking header of /volumes/env/worldclim1.4/bio3.mxe
Checking header of /volumes/env/worldclim1.4/bio4.mxe
Checking header of /volumes/env/worldclim1.4/bio4.mxe
Checking header of /volumes/env/worldclim1.4/bio5.mxe
Checking header of /volumes/env/worldclim1.4/bio5.mxe
Checking header of /volumes/env/worldclim1.4/bio6.mxe
Checking header of /volumes/env/worldclim1.4/bio6.mxe
Checking header of /volumes/env/worldclim1.4/bio7.mxe
Checking header of /volumes/env/worldclim1.4/bio7.mxe
Checking header of /volumes/env/worldclim1.4/bio8.mxe
Checking header of /volumes/env/worldclim1.4/bio8.mxe
Checking header of /volumes/env/worldclim1.4/bio9.mxe
Checking header of /volumes/env/worldclim1.4/bio9.mxe
Checking header of /volumes/env/worldclim1.4/mask.asc
Reading samples from Heuchera_sanguinea.csv
Read samples: max memory 32178700288, total allocated 2118123520, free 2102706096, used 15417424, increment 15417424
Extractor: max memory 32178700288, total allocated 2118123520, free 2100613120, used 17510400, increment 2092976
Extracting random background and sample data
1288 points with values for all grids
Adding samples to background in feature space
Command line used:  samplesfile=/volumes/output/heuchera_rfolk/heuchera_sanguinea/Heuchera_sanguinea.csv -e /volumes/env/worldclim1.4 -o /volumes/output/heuchera_rfolk/heuchera_sanguinea nowarnings nocache autorun -z togglelayertype=mask
Command line to repeat: java density.MaxEnt nowarnings noprefixes outputdirectory=/volumes/output/heuchera_rfolk/heuchera_sanguinea samplesfile=/volumes/output/heuchera_rfolk/heuchera_sanguinea/Heuchera_sanguinea.csv environmentallayers=/volumes/env/worldclim1.4 nowarnings autorun novisible nocache -t mask
Species: Heuchera_sanguinea
Layers: alt alt bio1 bio1 bio10 bio10 bio11 bio11 bio12 bio12 bio13 bio13 bio14 bio14 bio15 bio15 bio16 bio16 bio17 bio17 bio18 bio18 bio19 bio19 bio2 bio2 bio3 bio3 bio4 bio4 bio5 bio5 bio6 bio6 bio7 bio7 bio8 bio8 bio9 bio9 mask
Layertypes: Continuous Continuous Continuous Continuous Continuous Continuous Continuous Continuous Continuous Continuous Continuous Continuous Continuous Continuous Continuous Continuous Continuous Continuous Continuous Continuous Continuous Continuous Continuous Continuous Continuous Continuous Continuous Continuous Continuous Continuous Continuous Continuous Continuous Continuous Continuous Continuous Continuous Continuous Continuous Continuous Categorical
outputdirectory: /volumes/output/heuchera_rfolk/heuchera_sanguinea
samplesfile: /volumes/output/heuchera_rfolk/heuchera_sanguinea/Heuchera_sanguinea.csv
environmentallayers: /volumes/env/worldclim1.4
warnings: false
autorun: true
visible: false
cache: false

getSamples: max memory 32178700288, total allocated 2118123520, free 1867903280, used 250220240, increment 232709840
Making features
Time since start: 1.032
makeFeatures: max memory 32178700288, total allocated 2118123520, free 1857407200, used 260716320, increment 10496080
Heuchera_sanguinea: 
Regularization values: linear/quadratic/product: 0.190, categorical: 0.250, threshold: 1.490, hinge: 0.500
51 samples
Density: max memory 32178700288, total allocated 2118123520, free 1851126064, used 266997456, increment 6281136
linearPredictor: max memory 32178700288, total allocated 2118123520, free 1851126064, used 266997456, increment 0
FeaturedSpace: max memory 32178700288, total allocated 2118123520, free 1851126064, used 266997456, increment 0
Sequential: max memory 32178700288, total allocated 2118123520, free 1851126064, used 266997456, increment 0
Initial loss: 7.160845906664299
500: time = 0.877000 loss = 5.953922
Resulting gain: 1.206923977919005
Time since start: 2.164
Projecting...
Writing file /volumes/output/heuchera_rfolk/heuchera_sanguinea/Heuchera_sanguinea.asc
Writing /volumes/output/heuchera_rfolk/heuchera_sanguinea/plots/Heuchera_sanguinea.png
Ending
