Mon Oct 31 19:30:52 GMT 2022
MaxEnt version 3.4.4
Checking header of /volumes/env/na_2.5min/BIOCLIM_1.asc
Checking header of /volumes/env/na_2.5min/BIOCLIM_12.asc
Checking header of /volumes/env/na_2.5min/BIOCLIM_17.asc
Checking header of /volumes/env/na_2.5min/BIOCLIM_7.asc
Checking header of /volumes/env/na_2.5min/GTOPO30_ELEVATION.asc
Checking header of /volumes/env/na_2.5min/GTOPO30_SLOPE_reduced.asc
Checking header of /volumes/env/na_2.5min/ISRICSOILGRIDS_new_average_coarsefragmentpercent_reduced.asc
Checking header of /volumes/env/na_2.5min/ISRICSOILGRIDS_new_average_phx10percent_reduced.asc
Checking header of /volumes/env/na_2.5min/ISRICSOILGRIDS_new_average_sandpercent_reduced.asc
Checking header of /volumes/env/na_2.5min/ISRICSOILGRIDS_new_average_soilorganiccarboncontent_reduced.asc
Checking header of /volumes/env/na_2.5min/LandCover_1_Needleleaf.asc
Checking header of /volumes/env/na_2.5min/LandCover_6_Herbaceous.asc
Checking header of /volumes/env/na_2.5min/mask.asc
Reading samples from Tolmiea_menziesii.csv
Read samples: max memory 32178700288, total allocated 2118123520, free 2096418816, used 21704704, increment 21704704
Extractor: max memory 32178700288, total allocated 2118123520, free 2088030208, used 30093312, increment 8388608
Extracting random background and sample data
Warning: Sample at -131.7208333, 55.5125 in Tolmiea_menziesii.csv is missing some environmental data (e.g. BIOCLIM_1)
Warning: Skipping sample at -131.7208333, 55.5125
Warning: Sample at -132.6041667, 53.62916667 in Tolmiea_menziesii.csv is missing some environmental data (e.g. GTOPO30_SLOPE_reduced)
Warning: Skipping sample at -132.6041667, 53.62916667
Warning: Sample at -127.3708333, 50.02916667 in Tolmiea_menziesii.csv is missing some environmental data (e.g. BIOCLIM_1)
Warning: Skipping sample at -127.3708333, 50.02916667
Warning: Sample at -124.2208333, 49.32083333 in Tolmiea_menziesii.csv is missing some environmental data (e.g. BIOCLIM_1)
Warning: Skipping sample at -124.2208333, 49.32083333
Warning: Sample at -123.1291667, 49.25416667 in Tolmiea_menziesii.csv is missing some environmental data (e.g. GTOPO30_SLOPE_reduced)
Warning: Skipping sample at -123.1291667, 49.25416667
Warning: Sample at -123.2541667, 49.17083333 in Tolmiea_menziesii.csv is missing some environmental data (e.g. BIOCLIM_1)
Warning: Skipping sample at -123.2541667, 49.17083333
Warning: Sample at -123.0041667, 49.00416667 in Tolmiea_menziesii.csv is missing some environmental data (e.g. BIOCLIM_1)
Warning: Skipping sample at -123.0041667, 49.00416667
Warning: Sample at -122.8708333, 49.02916667 in Tolmiea_menziesii.csv is missing some environmental data (e.g. BIOCLIM_1)
Warning: Skipping sample at -122.8708333, 49.02916667
Warning: Sample at -123.7208333, 48.92083333 in Tolmiea_menziesii.csv is missing some environmental data (e.g. BIOCLIM_1)
Warning: Skipping sample at -123.7208333, 48.92083333
Warning: Sample at -123.9791667, 48.37916667 in Tolmiea_menziesii.csv is missing some environmental data (e.g. GTOPO30_SLOPE_reduced)
Warning: Skipping sample at -123.9791667, 48.37916667
Warning: Sample at -122.3791667, 47.8125 in Tolmiea_menziesii.csv is missing some environmental data (e.g. BIOCLIM_1)
Warning: Skipping sample at -122.3791667, 47.8125
Warning: Sample at -122.4208333, 47.65416667 in Tolmiea_menziesii.csv is missing some environmental data (e.g. BIOCLIM_1)
Warning: Skipping sample at -122.4208333, 47.65416667
Warning: Sample at -122.4125, 47.57916667 in Tolmiea_menziesii.csv is missing some environmental data (e.g. GTOPO30_SLOPE_reduced)
Warning: Skipping sample at -122.4125, 47.57916667
Warning: Sample at -123.8458333, 47.47083333 in Tolmiea_menziesii.csv is missing some environmental data (e.g. ISRICSOILGRIDS_new_average_coarsefragmentpercent_reduced)
Warning: Skipping sample at -123.8458333, 47.47083333
Warning: Sample at -123.1125, 47.3375 in Tolmiea_menziesii.csv is missing some environmental data (e.g. GTOPO30_SLOPE_reduced)
Warning: Skipping sample at -123.1125, 47.3375
Warning: Sample at -122.4458333, 47.25416667 in Tolmiea_menziesii.csv is missing some environmental data (e.g. BIOCLIM_1)
Warning: Skipping sample at -122.4458333, 47.25416667
Warning: Sample at -123.8875, 46.97916667 in Tolmiea_menziesii.csv is missing some environmental data (e.g. GTOPO30_SLOPE_reduced)
Warning: Skipping sample at -123.8875, 46.97916667
Warning: Sample at -123.9625, 45.77083333 in Tolmiea_menziesii.csv is missing some environmental data (e.g. GTOPO30_SLOPE_reduced)
Warning: Skipping sample at -123.9625, 45.77083333
Warning: Sample at -122.1708333, 45.5625 in Tolmiea_menziesii.csv is missing some environmental data (e.g. ISRICSOILGRIDS_new_average_coarsefragmentpercent_reduced)
Warning: Skipping sample at -122.1708333, 45.5625
Warning: Sample at -122.1791667, 45.55416667 in Tolmiea_menziesii.csv is missing some environmental data (e.g. ISRICSOILGRIDS_new_average_coarsefragmentpercent_reduced)
Warning: Skipping sample at -122.1791667, 45.55416667
Warning: Sample at -122.1708333, 45.55416667 in Tolmiea_menziesii.csv is missing some environmental data (e.g. ISRICSOILGRIDS_new_average_coarsefragmentpercent_reduced)
Warning: Skipping sample at -122.1708333, 45.55416667
Warning: Sample at -123.9208333, 45.42916667 in Tolmiea_menziesii.csv is missing some environmental data (e.g. GTOPO30_SLOPE_reduced)
Warning: Skipping sample at -123.9208333, 45.42916667
Warning: Sample at -124.0041667, 45.05416667 in Tolmiea_menziesii.csv is missing some environmental data (e.g. BIOCLIM_1)
Warning: Skipping sample at -124.0041667, 45.05416667
Time since start: 2.494
1219428 points with values for all grids
Adding samples to background in feature space
Command line used:  samplesfile=/volumes/output/heuchera_rfolk_sdm/tolmiea_menziesii/Tolmiea_menziesii.csv -e /volumes/env/na_2.5min -o /volumes/output/heuchera_rfolk_sdm/tolmiea_menziesii nowarnings nocache autorun -z togglelayertype=mask
Command line to repeat: java density.MaxEnt nowarnings noprefixes outputdirectory=/volumes/output/heuchera_rfolk_sdm/tolmiea_menziesii samplesfile=/volumes/output/heuchera_rfolk_sdm/tolmiea_menziesii/Tolmiea_menziesii.csv environmentallayers=/volumes/env/na_2.5min nowarnings autorun novisible nocache -t mask
Species: Tolmiea_menziesii
Layers: BIOCLIM_1 BIOCLIM_12 BIOCLIM_17 BIOCLIM_7 GTOPO30_ELEVATION GTOPO30_SLOPE_reduced ISRICSOILGRIDS_new_average_coarsefragmentpercent_reduced ISRICSOILGRIDS_new_average_phx10percent_reduced ISRICSOILGRIDS_new_average_sandpercent_reduced ISRICSOILGRIDS_new_average_soilorganiccarboncontent_reduced LandCover_1_Needleleaf LandCover_6_Herbaceous mask
Layertypes: Continuous Continuous Continuous Continuous Continuous Continuous Continuous Continuous Continuous Continuous Continuous Continuous Categorical
outputdirectory: /volumes/output/heuchera_rfolk_sdm/tolmiea_menziesii
samplesfile: /volumes/output/heuchera_rfolk_sdm/tolmiea_menziesii/Tolmiea_menziesii.csv
environmentallayers: /volumes/env/na_2.5min
warnings: false
autorun: true
visible: false
cache: false

getSamples: max memory 32178700288, total allocated 2118123520, free 1949757328, used 168366192, increment 138272880
Making features
makeFeatures: max memory 32178700288, total allocated 2118123520, free 1941106896, used 177016624, increment 8650432
Tolmiea_menziesii: 
Regularization values: linear/quadratic/product: 0.050, categorical: 0.250, threshold: 1.000, hinge: 0.500
166 samples
Density: max memory 32178700288, total allocated 2118123520, free 1928787856, used 189335664, increment 12319040
linearPredictor: max memory 32178700288, total allocated 2118123520, free 1928787856, used 189335664, increment 0
Deactivating (mask=-9999.0)
FeaturedSpace: max memory 32178700288, total allocated 2118123520, free 1928787856, used 189335664, increment 0
Sequential: max memory 32178700288, total allocated 2118123520, free 1928787856, used 189335664, increment 0
Initial loss: 9.226804098006848
Time since start: 3.632
500: time = 0.907000 loss = 5.669114
Resulting gain: 3.557690258085862
Projecting...
Writing file /volumes/output/heuchera_rfolk_sdm/tolmiea_menziesii/Tolmiea_menziesii.asc
Time since start: 8.169
Writing /volumes/output/heuchera_rfolk_sdm/tolmiea_menziesii/plots/Tolmiea_menziesii.png
Ending
