Thu Dec 22 15:38:48 CST 2022
MaxEnt version 3.4.4
Checking header of /volumes/env/na_2.5min/BIOCLIM_1.asc
Checking header of /volumes/env/na_2.5min/BIOCLIM_12.asc
Checking header of /volumes/env/na_2.5min/BIOCLIM_17.asc
Checking header of /volumes/env/na_2.5min/BIOCLIM_7.asc
Checking header of /volumes/env/na_2.5min/GTOPO30_ELEVATION.asc
Checking header of /volumes/env/na_2.5min/GTOPO30_SLOPE_reduced.asc
Checking header of /volumes/env/na_2.5min/ISRICSOILGRIDS_new_average_coarsefragmentpercent_reduced.asc
Checking header of /volumes/env/na_2.5min/ISRICSOILGRIDS_new_average_phx10percent_reduced.asc
Checking header of /volumes/env/na_2.5min/ISRICSOILGRIDS_new_average_sandpercent_reduced.asc
Checking header of /volumes/env/na_2.5min/ISRICSOILGRIDS_new_average_soilorganiccarboncontent_reduced.asc
Checking header of /volumes/env/na_2.5min/LandCover_1_Needleleaf.asc
Checking header of /volumes/env/na_2.5min/LandCover_6_Herbaceous.asc
Checking header of /volumes/env/na_2.5min/mask.asc
Reading samples from Heuchera_longipetala.csv
Read samples: max memory 12612272128, total allocated 792723456, free 773115904, used 19607552, increment 19607552
Extractor: max memory 12612272128, total allocated 792723456, free 765312408, used 27411048, increment 7803496
Extracting random background and sample data
Time since start: 5.998
16141 points with values for all grids
Adding samples to background in feature space
Command line used:  samplesfile=/volumes/output/heuchera_rfolk_na/heuchera_longipetala/Heuchera_longipetala.csv -e /volumes/env/na_2.5min -o /volumes/output/heuchera_rfolk_na/heuchera_longipetala nowarnings nocache autorun -z togglelayertype=mask
Command line to repeat: java density.MaxEnt nowarnings noprefixes outputdirectory=/volumes/output/heuchera_rfolk_na/heuchera_longipetala samplesfile=/volumes/output/heuchera_rfolk_na/heuchera_longipetala/Heuchera_longipetala.csv environmentallayers=/volumes/env/na_2.5min nowarnings autorun novisible nocache -t mask
Species: Heuchera_longipetala
Layers: BIOCLIM_1 BIOCLIM_12 BIOCLIM_17 BIOCLIM_7 GTOPO30_ELEVATION GTOPO30_SLOPE_reduced ISRICSOILGRIDS_new_average_coarsefragmentpercent_reduced ISRICSOILGRIDS_new_average_phx10percent_reduced ISRICSOILGRIDS_new_average_sandpercent_reduced ISRICSOILGRIDS_new_average_soilorganiccarboncontent_reduced LandCover_1_Needleleaf LandCover_6_Herbaceous mask
Layertypes: Continuous Continuous Continuous Continuous Continuous Continuous Continuous Continuous Continuous Continuous Continuous Continuous Categorical
outputdirectory: /volumes/output/heuchera_rfolk_na/heuchera_longipetala
samplesfile: /volumes/output/heuchera_rfolk_na/heuchera_longipetala/Heuchera_longipetala.csv
environmentallayers: /volumes/env/na_2.5min
warnings: false
autorun: true
visible: false
cache: false

getSamples: max memory 12612272128, total allocated 952107008, free 840594528, used 111512480, increment 84101432
Making features
makeFeatures: max memory 12612272128, total allocated 952107008, free 833174256, used 118932752, increment 7420272
Heuchera_longipetala: 
Regularization values: linear/quadratic/product: 0.186, categorical: 0.250, threshold: 1.190, hinge: 0.500
81 samples
Density: max memory 12612272128, total allocated 952107008, free 821720160, used 130386848, increment 11454096
linearPredictor: max memory 12612272128, total allocated 952107008, free 821720160, used 130386848, increment 0
FeaturedSpace: max memory 12612272128, total allocated 952107008, free 821720160, used 130386848, increment 0
Sequential: max memory 12612272128, total allocated 952107008, free 821720160, used 130386848, increment 0
Initial loss: 9.213136459278184
Time since start: 9.583
500: time = 2.972000 loss = 8.026763
Resulting gain: 1.186373854478731
Projecting...
Writing file /volumes/output/heuchera_rfolk_na/heuchera_longipetala/Heuchera_longipetala.asc
Time since start: 16.724
Writing /volumes/output/heuchera_rfolk_na/heuchera_longipetala/plots/Heuchera_longipetala.png
Time since start: 18.381
Ending
